<?xml version="1.0" encoding="UTF-8"?>
<testsuite xmlns:xsi="http://www.w3.org/2001/XMLSchema-instance" xsi:noNamespaceSchemaLocation="https://maven.apache.org/surefire/maven-failsafe-plugin/xsd/failsafe-test-report-3.0.xsd" version="3.0" name="starter.CucumberTestSuite" time="13.194" tests="13" errors="0" skipped="0" failures="0">
  <properties>
    <property name="java.specification.version" value="19"/>
    <property name="sun.cpu.isalist" value="amd64"/>
    <property name="sun.jnu.encoding" value="Cp1252"/>
    <property name="java.class.path" value="C:\Users\Admin\IdeaProjects\miniproject-api\target\test-classes;C:\Users\Admin\.m2\repository\com\googlecode\json-simple\json-simple\1.1\json-simple-1.1.jar;C:\Users\Admin\.m2\repository\net\serenity-bdd\serenity-rest-assured\3.6.22\serenity-rest-assured-3.6.22.jar;C:\Users\Admin\.m2\repository\org\apache\httpcomponents\httpclient\4.5.13\httpclient-4.5.13.jar;C:\Users\Admin\.m2\repository\org\apache\httpcomponents\httpcore\4.4.13\httpcore-4.4.13.jar;C:\Users\Admin\.m2\repository\commons-logging\commons-logging\1.2\commons-logging-1.2.jar;C:\Users\Admin\.m2\repository\io\rest-assured\rest-assured\5.3.0\rest-assured-5.3.0.jar;C:\Users\Admin\.m2\repository\org\apache\httpcomponents\httpmime\4.5.13\httpmime-4.5.13.jar;C:\Users\Admin\.m2\repository\org\ccil\cowan\tagsoup\tagsoup\1.2.1\tagsoup-1.2.1.jar;C:\Users\Admin\.m2\repository\io\rest-assured\json-path\5.3.0\json-path-5.3.0.jar;C:\Users\Admin\.m2\repository\io\rest-assured\rest-assured-common\5.3.0\rest-assured-common-5.3.0.jar;C:\Users\Admin\.m2\repository\io\rest-assured\xml-path\5.3.0\xml-path-5.3.0.jar;C:\Users\Admin\.m2\repository\org\apache\groovy\groovy-json\4.0.10\groovy-json-4.0.10.jar;C:\Users\Admin\.m2\repository\org\apache\groovy\groovy-xml\4.0.10\groovy-xml-4.0.10.jar;C:\Users\Admin\.m2\repository\org\apache\groovy\groovy\4.0.10\groovy-4.0.10.jar;C:\Users\Admin\.m2\repository\org\opentest4j\opentest4j\1.2.0\opentest4j-1.2.0.jar;C:\Users\Admin\.m2\repository\net\serenity-bdd\serenity-core\3.6.21\serenity-core-3.6.21.jar;C:\Users\Admin\.m2\repository\net\serenity-bdd\serenity-model\3.6.21\serenity-model-3.6.21.jar;C:\Users\Admin\.m2\repository\org\apache\commons\commons-text\1.10.0\commons-text-1.10.0.jar;C:\Users\Admin\.m2\repository\commons-net\commons-net\3.9.0\commons-net-3.9.0.jar;C:\Users\Admin\.m2\repository\com\google\guava\guava\31.1-jre\guava-31.1-jre.jar;C:\Users\Admin\.m2\repository\com\google\guava\failureaccess\1.0.1\failureaccess-1.0.1.jar;C:\Users\Admin\.m2\repository\com\google\guava\listenablefuture\9999.0-empty-to-avoid-conflict-with-guava\listenablefuture-9999.0-empty-to-avoid-conflict-with-guava.jar;C:\Users\Admin\.m2\repository\com\google\code\findbugs\jsr305\3.0.2\jsr305-3.0.2.jar;C:\Users\Admin\.m2\repository\org\checkerframework\checker-qual\3.12.0\checker-qual-3.12.0.jar;C:\Users\Admin\.m2\repository\com\google\errorprone\error_prone_annotations\2.11.0\error_prone_annotations-2.11.0.jar;C:\Users\Admin\.m2\repository\com\google\j2objc\j2objc-annotations\1.3\j2objc-annotations-1.3.jar;C:\Users\Admin\.m2\repository\com\google\inject\guice\5.1.0\guice-5.1.0.jar;C:\Users\Admin\.m2\repository\javax\inject\javax.inject\1\javax.inject-1.jar;C:\Users\Admin\.m2\repository\aopalliance\aopalliance\1.0\aopalliance-1.0.jar;C:\Users\Admin\.m2\repository\org\jsoup\jsoup\1.14.3\jsoup-1.14.3.jar;C:\Users\Admin\.m2\repository\com\thoughtworks\xstream\xstream\1.4.20\xstream-1.4.20.jar;C:\Users\Admin\.m2\repository\io\github\x-stream\mxparser\1.2.2\mxparser-1.2.2.jar;C:\Users\Admin\.m2\repository\xmlpull\xmlpull\1.1.3.1\xmlpull-1.1.3.1.jar;C:\Users\Admin\.m2\repository\com\typesafe\config\1.4.2\config-1.4.2.jar;C:\Users\Admin\.m2\repository\org\imgscalr\imgscalr-lib\4.2\imgscalr-lib-4.2.jar;C:\Users\Admin\.m2\repository\org\awaitility\awaitility\4.2.0\awaitility-4.2.0.jar;C:\Users\Admin\.m2\repository\org\freemarker\freemarker\2.3.31\freemarker-2.3.31.jar;C:\Users\Admin\.m2\repository\io\github\classgraph\classgraph\4.8.138\classgraph-4.8.138.jar;C:\Users\Admin\.m2\repository\net\sourceforge\jexcelapi\jxl\2.6.12\jxl-2.6.12.jar;C:\Users\Admin\.m2\repository\net\bytebuddy\byte-buddy-agent\1.14.2\byte-buddy-agent-1.14.2.jar;C:\Users\Admin\.m2\repository\org\objenesis\objenesis\3.3\objenesis-3.3.jar;C:\Users\Admin\.m2\repository\net\serenity-bdd\serenity-reports\3.6.21\serenity-reports-3.6.21.jar;C:\Users\Admin\.m2\repository\net\serenity-bdd\serenity-stats\3.6.21\serenity-stats-3.6.21.jar;C:\Users\Admin\.m2\repository\net\serenity-bdd\serenity-reports-configuration\3.6.21\serenity-reports-configuration-3.6.21.jar;C:\Users\Admin\.m2\repository\com\vladsch\flexmark\flexmark-all\0.62.2\flexmark-all-0.62.2.jar;C:\Users\Admin\.m2\repository\com\vladsch\flexmark\flexmark\0.62.2\flexmark-0.62.2.jar;C:\Users\Admin\.m2\repository\com\vladsch\flexmark\flexmark-ext-abbreviation\0.62.2\flexmark-ext-abbreviation-0.62.2.jar;C:\Users\Admin\.m2\repository\com\vladsch\flexmark\flexmark-util\0.62.2\flexmark-util-0.62.2.jar;C:\Users\Admin\.m2\repository\com\vladsch\flexmark\flexmark-ext-admonition\0.62.2\flexmark-ext-admonition-0.62.2.jar;C:\Users\Admin\.m2\repository\com\vladsch\flexmark\flexmark-ext-anchorlink\0.62.2\flexmark-ext-anchorlink-0.62.2.jar;C:\Users\Admin\.m2\repository\com\vladsch\flexmark\flexmark-ext-aside\0.62.2\flexmark-ext-aside-0.62.2.jar;C:\Users\Admin\.m2\repository\com\vladsch\flexmark\flexmark-ext-attributes\0.62.2\flexmark-ext-attributes-0.62.2.jar;C:\Users\Admin\.m2\repository\com\vladsch\flexmark\flexmark-ext-autolink\0.62.2\flexmark-ext-autolink-0.62.2.jar;C:\Users\Admin\.m2\repository\org\nibor\autolink\autolink\0.6.0\autolink-0.6.0.jar;C:\Users\Admin\.m2\repository\com\vladsch\flexmark\flexmark-ext-definition\0.62.2\flexmark-ext-definition-0.62.2.jar;C:\Users\Admin\.m2\repository\com\vladsch\flexmark\flexmark-ext-emoji\0.62.2\flexmark-ext-emoji-0.62.2.jar;C:\Users\Admin\.m2\repository\com\vladsch\flexmark\flexmark-ext-enumerated-reference\0.62.2\flexmark-ext-enumerated-reference-0.62.2.jar;C:\Users\Admin\.m2\repository\com\vladsch\flexmark\flexmark-ext-escaped-character\0.62.2\flexmark-ext-escaped-character-0.62.2.jar;C:\Users\Admin\.m2\repository\com\vladsch\flexmark\flexmark-ext-footnotes\0.62.2\flexmark-ext-footnotes-0.62.2.jar;C:\Users\Admin\.m2\repository\com\vladsch\flexmark\flexmark-ext-gfm-issues\0.62.2\flexmark-ext-gfm-issues-0.62.2.jar;C:\Users\Admin\.m2\repository\com\vladsch\flexmark\flexmark-ext-gfm-strikethrough\0.62.2\flexmark-ext-gfm-strikethrough-0.62.2.jar;C:\Users\Admin\.m2\repository\com\vladsch\flexmark\flexmark-ext-gfm-tasklist\0.62.2\flexmark-ext-gfm-tasklist-0.62.2.jar;C:\Users\Admin\.m2\repository\com\vladsch\flexmark\flexmark-ext-gfm-users\0.62.2\flexmark-ext-gfm-users-0.62.2.jar;C:\Users\Admin\.m2\repository\com\vladsch\flexmark\flexmark-ext-gitlab\0.62.2\flexmark-ext-gitlab-0.62.2.jar;C:\Users\Admin\.m2\repository\com\vladsch\flexmark\flexmark-ext-jekyll-front-matter\0.62.2\flexmark-ext-jekyll-front-matter-0.62.2.jar;C:\Users\Admin\.m2\repository\com\vladsch\flexmark\flexmark-ext-jekyll-tag\0.62.2\flexmark-ext-jekyll-tag-0.62.2.jar;C:\Users\Admin\.m2\repository\com\vladsch\flexmark\flexmark-ext-media-tags\0.62.2\flexmark-ext-media-tags-0.62.2.jar;C:\Users\Admin\.m2\repository\com\vladsch\flexmark\flexmark-ext-macros\0.62.2\flexmark-ext-macros-0.62.2.jar;C:\Users\Admin\.m2\repository\com\vladsch\flexmark\flexmark-ext-ins\0.62.2\flexmark-ext-ins-0.62.2.jar;C:\Users\Admin\.m2\repository\com\vladsch\flexmark\flexmark-ext-xwiki-macros\0.62.2\flexmark-ext-xwiki-macros-0.62.2.jar;C:\Users\Admin\.m2\repository\com\vladsch\flexmark\flexmark-ext-superscript\0.62.2\flexmark-ext-superscript-0.62.2.jar;C:\Users\Admin\.m2\repository\com\vladsch\flexmark\flexmark-ext-tables\0.62.2\flexmark-ext-tables-0.62.2.jar;C:\Users\Admin\.m2\repository\com\vladsch\flexmark\flexmark-ext-toc\0.62.2\flexmark-ext-toc-0.62.2.jar;C:\Users\Admin\.m2\repository\com\vladsch\flexmark\flexmark-ext-typographic\0.62.2\flexmark-ext-typographic-0.62.2.jar;C:\Users\Admin\.m2\repository\com\vladsch\flexmark\flexmark-ext-wikilink\0.62.2\flexmark-ext-wikilink-0.62.2.jar;C:\Users\Admin\.m2\repository\com\vladsch\flexmark\flexmark-ext-yaml-front-matter\0.62.2\flexmark-ext-yaml-front-matter-0.62.2.jar;C:\Users\Admin\.m2\repository\com\vladsch\flexmark\flexmark-ext-youtube-embedded\0.62.2\flexmark-ext-youtube-embedded-0.62.2.jar;C:\Users\Admin\.m2\repository\com\vladsch\flexmark\flexmark-html2md-converter\0.62.2\flexmark-html2md-converter-0.62.2.jar;C:\Users\Admin\.m2\repository\com\vladsch\flexmark\flexmark-jira-converter\0.62.2\flexmark-jira-converter-0.62.2.jar;C:\Users\Admin\.m2\repository\com\vladsch\flexmark\flexmark-pdf-converter\0.62.2\flexmark-pdf-converter-0.62.2.jar;C:\Users\Admin\.m2\repository\com\openhtmltopdf\openhtmltopdf-core\1.0.0\openhtmltopdf-core-1.0.0.jar;C:\Users\Admin\.m2\repository\com\openhtmltopdf\openhtmltopdf-pdfbox\1.0.0\openhtmltopdf-pdfbox-1.0.0.jar;C:\Users\Admin\.m2\repository\org\apache\pdfbox\pdfbox\2.0.16\pdfbox-2.0.16.jar;C:\Users\Admin\.m2\repository\org\apache\pdfbox\fontbox\2.0.16\fontbox-2.0.16.jar;C:\Users\Admin\.m2\repository\org\apache\pdfbox\xmpbox\2.0.16\xmpbox-2.0.16.jar;C:\Users\Admin\.m2\repository\de\rototor\pdfbox\graphics2d\0.24\graphics2d-0.24.jar;C:\Users\Admin\.m2\repository\com\openhtmltopdf\openhtmltopdf-rtl-support\1.0.0\openhtmltopdf-rtl-support-1.0.0.jar;C:\Users\Admin\.m2\repository\com\openhtmltopdf\openhtmltopdf-jsoup-dom-converter\1.0.0\openhtmltopdf-jsoup-dom-converter-1.0.0.jar;C:\Users\Admin\.m2\repository\com\vladsch\flexmark\flexmark-profile-pegdown\0.62.2\flexmark-profile-pegdown-0.62.2.jar;C:\Users\Admin\.m2\repository\com\vladsch\flexmark\flexmark-util-ast\0.62.2\flexmark-util-ast-0.62.2.jar;C:\Users\Admin\.m2\repository\com\vladsch\flexmark\flexmark-util-builder\0.62.2\flexmark-util-builder-0.62.2.jar;C:\Users\Admin\.m2\repository\com\vladsch\flexmark\flexmark-util-collection\0.62.2\flexmark-util-collection-0.62.2.jar;C:\Users\Admin\.m2\repository\com\vladsch\flexmark\flexmark-util-data\0.62.2\flexmark-util-data-0.62.2.jar;C:\Users\Admin\.m2\repository\com\vladsch\flexmark\flexmark-util-dependency\0.62.2\flexmark-util-dependency-0.62.2.jar;C:\Users\Admin\.m2\repository\com\vladsch\flexmark\flexmark-util-format\0.62.2\flexmark-util-format-0.62.2.jar;C:\Users\Admin\.m2\repository\com\vladsch\flexmark\flexmark-util-html\0.62.2\flexmark-util-html-0.62.2.jar;C:\Users\Admin\.m2\repository\com\vladsch\flexmark\flexmark-util-misc\0.62.2\flexmark-util-misc-0.62.2.jar;C:\Users\Admin\.m2\repository\com\vladsch\flexmark\flexmark-util-options\0.62.2\flexmark-util-options-0.62.2.jar;C:\Users\Admin\.m2\repository\com\vladsch\flexmark\flexmark-util-sequence\0.62.2\flexmark-util-sequence-0.62.2.jar;C:\Users\Admin\.m2\repository\com\vladsch\flexmark\flexmark-util-visitor\0.62.2\flexmark-util-visitor-0.62.2.jar;C:\Users\Admin\.m2\repository\com\vladsch\flexmark\flexmark-youtrack-converter\0.62.2\flexmark-youtrack-converter-0.62.2.jar;C:\Users\Admin\.m2\repository\com\ibm\icu\icu4j\72.1\icu4j-72.1.jar;C:\Users\Admin\.m2\repository\es\nitaur\markdown\txtmark\0.16\txtmark-0.16.jar;C:\Users\Admin\.m2\repository\net\serenity-bdd\serenity-report-resources\3.6.21\serenity-report-resources-3.6.21.jar;C:\Users\Admin\.m2\repository\com\google\code\gson\gson\2.10.1\gson-2.10.1.jar;C:\Users\Admin\.m2\repository\com\fasterxml\jackson\core\jackson-core\2.15.0-rc1\jackson-core-2.15.0-rc1.jar;C:\Users\Admin\.m2\repository\com\fasterxml\jackson\core\jackson-databind\2.15.0-rc1\jackson-databind-2.15.0-rc1.jar;C:\Users\Admin\.m2\repository\com\fasterxml\jackson\core\jackson-annotations\2.15.0-rc1\jackson-annotations-2.15.0-rc1.jar;C:\Users\Admin\.m2\repository\commons-codec\commons-codec\1.15\commons-codec-1.15.jar;C:\Users\Admin\.m2\repository\commons-io\commons-io\2.11.0\commons-io-2.11.0.jar;C:\Users\Admin\.m2\repository\org\seleniumhq\selenium\selenium-java\4.8.1\selenium-java-4.8.1.jar;C:\Users\Admin\.m2\repository\org\seleniumhq\selenium\selenium-devtools-v108\4.8.1\selenium-devtools-v108-4.8.1.jar;C:\Users\Admin\.m2\repository\org\seleniumhq\selenium\selenium-devtools-v109\4.8.1\selenium-devtools-v109-4.8.1.jar;C:\Users\Admin\.m2\repository\org\seleniumhq\selenium\selenium-devtools-v110\4.8.1\selenium-devtools-v110-4.8.1.jar;C:\Users\Admin\.m2\repository\org\seleniumhq\selenium\selenium-devtools-v85\4.8.1\selenium-devtools-v85-4.8.1.jar;C:\Users\Admin\.m2\repository\org\seleniumhq\selenium\selenium-remote-driver\4.8.1\selenium-remote-driver-4.8.1.jar;C:\Users\Admin\.m2\repository\com\beust\jcommander\1.82\jcommander-1.82.jar;C:\Users\Admin\.m2\repository\io\netty\netty-buffer\4.1.87.Final\netty-buffer-4.1.87.Final.jar;C:\Users\Admin\.m2\repository\io\netty\netty-codec-http\4.1.87.Final\netty-codec-http-4.1.87.Final.jar;C:\Users\Admin\.m2\repository\io\netty\netty-codec\4.1.87.Final\netty-codec-4.1.87.Final.jar;C:\Users\Admin\.m2\repository\io\netty\netty-handler\4.1.87.Final\netty-handler-4.1.87.Final.jar;C:\Users\Admin\.m2\repository\io\netty\netty-common\4.1.87.Final\netty-common-4.1.87.Final.jar;C:\Users\Admin\.m2\repository\io\netty\netty-transport-classes-epoll\4.1.87.Final\netty-transport-classes-epoll-4.1.87.Final.jar;C:\Users\Admin\.m2\repository\io\netty\netty-transport-classes-kqueue\4.1.87.Final\netty-transport-classes-kqueue-4.1.87.Final.jar;C:\Users\Admin\.m2\repository\io\netty\netty-transport-native-epoll\4.1.87.Final\netty-transport-native-epoll-4.1.87.Final.jar;C:\Users\Admin\.m2\repository\io\netty\netty-transport-native-kqueue\4.1.87.Final\netty-transport-native-kqueue-4.1.87.Final.jar;C:\Users\Admin\.m2\repository\io\netty\netty-transport-native-unix-common\4.1.87.Final\netty-transport-native-unix-common-4.1.87.Final.jar;C:\Users\Admin\.m2\repository\io\netty\netty-transport\4.1.87.Final\netty-transport-4.1.87.Final.jar;C:\Users\Admin\.m2\repository\io\netty\netty-resolver\4.1.87.Final\netty-resolver-4.1.87.Final.jar;C:\Users\Admin\.m2\repository\io\opentelemetry\opentelemetry-api\1.22.0\opentelemetry-api-1.22.0.jar;C:\Users\Admin\.m2\repository\io\opentelemetry\opentelemetry-context\1.22.0\opentelemetry-context-1.22.0.jar;C:\Users\Admin\.m2\repository\io\opentelemetry\opentelemetry-exporter-logging\1.22.0\opentelemetry-exporter-logging-1.22.0.jar;C:\Users\Admin\.m2\repository\io\opentelemetry\opentelemetry-sdk-metrics\1.22.0\opentelemetry-sdk-metrics-1.22.0.jar;C:\Users\Admin\.m2\repository\io\opentelemetry\opentelemetry-sdk-logs\1.22.0-alpha\opentelemetry-sdk-logs-1.22.0-alpha.jar;C:\Users\Admin\.m2\repository\io\opentelemetry\opentelemetry-api-logs\1.22.0-alpha\opentelemetry-api-logs-1.22.0-alpha.jar;C:\Users\Admin\.m2\repository\io\opentelemetry\opentelemetry-sdk-common\1.22.0\opentelemetry-sdk-common-1.22.0.jar;C:\Users\Admin\.m2\repository\io\opentelemetry\opentelemetry-sdk-extension-autoconfigure-spi\1.22.0\opentelemetry-sdk-extension-autoconfigure-spi-1.22.0.jar;C:\Users\Admin\.m2\repository\io\opentelemetry\opentelemetry-sdk-extension-autoconfigure\1.22.0-alpha\opentelemetry-sdk-extension-autoconfigure-1.22.0-alpha.jar;C:\Users\Admin\.m2\repository\io\opentelemetry\opentelemetry-sdk-trace\1.22.0\opentelemetry-sdk-trace-1.22.0.jar;C:\Users\Admin\.m2\repository\io\opentelemetry\opentelemetry-sdk\1.22.0\opentelemetry-sdk-1.22.0.jar;C:\Users\Admin\.m2\repository\io\opentelemetry\opentelemetry-semconv\1.22.0-alpha\opentelemetry-semconv-1.22.0-alpha.jar;C:\Users\Admin\.m2\repository\io\ous\jtoml\2.0.0\jtoml-2.0.0.jar;C:\Users\Admin\.m2\repository\org\apache\commons\commons-exec\1.3\commons-exec-1.3.jar;C:\Users\Admin\.m2\repository\org\asynchttpclient\async-http-client\2.12.3\async-http-client-2.12.3.jar;C:\Users\Admin\.m2\repository\org\asynchttpclient\async-http-client-netty-utils\2.12.3\async-http-client-netty-utils-2.12.3.jar;C:\Users\Admin\.m2\repository\io\netty\netty-codec-socks\4.1.60.Final\netty-codec-socks-4.1.60.Final.jar;C:\Users\Admin\.m2\repository\io\netty\netty-handler-proxy\4.1.60.Final\netty-handler-proxy-4.1.60.Final.jar;C:\Users\Admin\.m2\repository\io\netty\netty-transport-native-epoll\4.1.60.Final\netty-transport-native-epoll-4.1.60.Final-linux-x86_64.jar;C:\Users\Admin\.m2\repository\io\netty\netty-transport-native-kqueue\4.1.60.Final\netty-transport-native-kqueue-4.1.60.Final-osx-x86_64.jar;C:\Users\Admin\.m2\repository\org\reactivestreams\reactive-streams\1.0.3\reactive-streams-1.0.3.jar;C:\Users\Admin\.m2\repository\com\typesafe\netty\netty-reactive-streams\2.0.4\netty-reactive-streams-2.0.4.jar;C:\Users\Admin\.m2\repository\org\seleniumhq\selenium\selenium-manager\4.8.1\selenium-manager-4.8.1.jar;C:\Users\Admin\.m2\repository\org\seleniumhq\selenium\selenium-safari-driver\4.8.1\selenium-safari-driver-4.8.1.jar;C:\Users\Admin\.m2\repository\org\seleniumhq\selenium\selenium-api\4.8.1\selenium-api-4.8.1.jar;C:\Users\Admin\.m2\repository\org\seleniumhq\selenium\selenium-support\4.8.1\selenium-support-4.8.1.jar;C:\Users\Admin\.m2\repository\com\google\auto\service\auto-service-annotations\1.0.1\auto-service-annotations-1.0.1.jar;C:\Users\Admin\.m2\repository\com\google\auto\service\auto-service\1.0.1\auto-service-1.0.1.jar;C:\Users\Admin\.m2\repository\com\google\auto\auto-common\1.2\auto-common-1.2.jar;C:\Users\Admin\.m2\repository\org\seleniumhq\selenium\selenium-json\4.8.1\selenium-json-4.8.1.jar;C:\Users\Admin\.m2\repository\org\seleniumhq\selenium\selenium-chrome-driver\4.8.1\selenium-chrome-driver-4.8.1.jar;C:\Users\Admin\.m2\repository\org\seleniumhq\selenium\selenium-chromium-driver\4.8.1\selenium-chromium-driver-4.8.1.jar;C:\Users\Admin\.m2\repository\org\seleniumhq\selenium\selenium-firefox-driver\4.8.1\selenium-firefox-driver-4.8.1.jar;C:\Users\Admin\.m2\repository\org\seleniumhq\selenium\selenium-http\4.8.1\selenium-http-4.8.1.jar;C:\Users\Admin\.m2\repository\dev\failsafe\failsafe\3.3.0\failsafe-3.3.0.jar;C:\Users\Admin\.m2\repository\org\seleniumhq\selenium\selenium-edge-driver\4.8.1\selenium-edge-driver-4.8.1.jar;C:\Users\Admin\.m2\repository\org\seleniumhq\selenium\selenium-ie-driver\4.8.1\selenium-ie-driver-4.8.1.jar;C:\Users\Admin\.m2\repository\org\projectlombok\lombok\1.18.20\lombok-1.18.20.jar;C:\Users\Admin\.m2\repository\io\appium\java-client\8.3.0\java-client-8.3.0.jar;C:\Users\Admin\.m2\repository\commons-validator\commons-validator\1.7\commons-validator-1.7.jar;C:\Users\Admin\.m2\repository\commons-digester\commons-digester\2.1\commons-digester-2.1.jar;C:\Users\Admin\.m2\repository\net\sf\opencsv\opencsv\2.0\opencsv-2.0.jar;C:\Users\Admin\.m2\repository\commons-beanutils\commons-beanutils\1.9.4\commons-beanutils-1.9.4.jar;C:\Users\Admin\.m2\repository\org\apache\commons\commons-lang3\3.12.0\commons-lang3-3.12.0.jar;C:\Users\Admin\.m2\repository\commons-collections\commons-collections\3.2.2\commons-collections-3.2.2.jar;C:\Users\Admin\.m2\repository\org\fluentlenium\fluentlenium-core\0.10.2\fluentlenium-core-0.10.2.jar;C:\Users\Admin\.m2\repository\io\github\bonigarcia\webdrivermanager\5.3.0\webdrivermanager-5.3.0.jar;C:\Users\Admin\.m2\repository\com\github\docker-java\docker-java\3.2.13\docker-java-3.2.13.jar;C:\Users\Admin\.m2\repository\com\github\docker-java\docker-java-core\3.2.13\docker-java-core-3.2.13.jar;C:\Users\Admin\.m2\repository\com\github\docker-java\docker-java-api\3.2.13\docker-java-api-3.2.13.jar;C:\Users\Admin\.m2\repository\org\apache\commons\commons-compress\1.21\commons-compress-1.21.jar;C:\Users\Admin\.m2\repository\org\bouncycastle\bcpkix-jdk15on\1.64\bcpkix-jdk15on-1.64.jar;C:\Users\Admin\.m2\repository\org\bouncycastle\bcprov-jdk15on\1.64\bcprov-jdk15on-1.64.jar;C:\Users\Admin\.m2\repository\org\slf4j\jcl-over-slf4j\1.7.30\jcl-over-slf4j-1.7.30.jar;C:\Users\Admin\.m2\repository\com\github\docker-java\docker-java-transport-httpclient5\3.2.13\docker-java-transport-httpclient5-3.2.13.jar;C:\Users\Admin\.m2\repository\com\github\docker-java\docker-java-transport\3.2.13\docker-java-transport-3.2.13.jar;C:\Users\Admin\.m2\repository\net\java\dev\jna\jna\5.8.0\jna-5.8.0.jar;C:\Users\Admin\.m2\repository\org\brotli\dec\0.1.2\dec-0.1.2.jar;C:\Users\Admin\.m2\repository\org\apache\httpcomponents\client5\httpclient5\5.1.3\httpclient5-5.1.3.jar;C:\Users\Admin\.m2\repository\org\apache\httpcomponents\core5\httpcore5\5.1.3\httpcore5-5.1.3.jar;C:\Users\Admin\.m2\repository\org\apache\httpcomponents\core5\httpcore5-h2\5.1.3\httpcore5-h2-5.1.3.jar;C:\Users\Admin\.m2\repository\com\jhlabs\filters\2.0.235\filters-2.0.235.jar;C:\Users\Admin\.m2\repository\com\paulhammant\ngwebdriver\1.1.6\ngwebdriver-1.1.6.jar;C:\Users\Admin\.m2\repository\joda-time\joda-time\2.12.2\joda-time-2.12.2.jar;C:\Users\Admin\.m2\repository\org\hamcrest\hamcrest\2.2\hamcrest-2.2.jar;C:\Users\Admin\.m2\repository\com\google\jimfs\jimfs\1.2\jimfs-1.2.jar;C:\Users\Admin\.m2\repository\org\mockito\mockito-core\3.3.3\mockito-core-3.3.3.jar;C:\Users\Admin\.m2\repository\javax\xml\bind\jaxb-api\2.3.1\jaxb-api-2.3.1.jar;C:\Users\Admin\.m2\repository\javax\activation\javax.activation-api\1.2.0\javax.activation-api-1.2.0.jar;C:\Users\Admin\.m2\repository\com\sun\xml\bind\jaxb-core\2.3.0.1\jaxb-core-2.3.0.1.jar;C:\Users\Admin\.m2\repository\com\sun\xml\bind\jaxb-impl\2.3.3\jaxb-impl-2.3.3.jar;C:\Users\Admin\.m2\repository\jakarta\xml\bind\jakarta.xml.bind-api\2.3.3\jakarta.xml.bind-api-2.3.3.jar;C:\Users\Admin\.m2\repository\com\sun\activation\jakarta.activation\1.2.2\jakarta.activation-1.2.2.jar;C:\Users\Admin\.m2\repository\javax\activation\activation\1.1.1\activation-1.1.1.jar;C:\Users\Admin\.m2\repository\com\github\javafaker\javafaker\1.0.2\javafaker-1.0.2.jar;C:\Users\Admin\.m2\repository\org\yaml\snakeyaml\1.23\snakeyaml-1.23-android.jar;C:\Users\Admin\.m2\repository\com\github\mifmif\generex\1.0.2\generex-1.0.2.jar;C:\Users\Admin\.m2\repository\dk\brics\automaton\automaton\1.11-8\automaton-1.11-8.jar;C:\Users\Admin\.m2\repository\net\serenity-bdd\serenity-cucumber\3.6.21\serenity-cucumber-3.6.21.jar;C:\Users\Admin\.m2\repository\io\cucumber\cucumber-core\7.11.0\cucumber-core-7.11.0.jar;C:\Users\Admin\.m2\repository\io\cucumber\cucumber-gherkin\7.11.0\cucumber-gherkin-7.11.0.jar;C:\Users\Admin\.m2\repository\io\cucumber\cucumber-gherkin-messages\7.11.0\cucumber-gherkin-messages-7.11.0.jar;C:\Users\Admin\.m2\repository\io\cucumber\gherkin\26.0.3\gherkin-26.0.3.jar;C:\Users\Admin\.m2\repository\io\cucumber\messages\21.0.1\messages-21.0.1.jar;C:\Users\Admin\.m2\repository\io\cucumber\tag-expressions\5.0.1\tag-expressions-5.0.1.jar;C:\Users\Admin\.m2\repository\io\cucumber\cucumber-expressions\16.1.1\cucumber-expressions-16.1.1.jar;C:\Users\Admin\.m2\repository\io\cucumber\datatable\7.11.0\datatable-7.11.0.jar;C:\Users\Admin\.m2\repository\io\cucumber\cucumber-plugin\7.11.0\cucumber-plugin-7.11.0.jar;C:\Users\Admin\.m2\repository\io\cucumber\docstring\7.11.0\docstring-7.11.0.jar;C:\Users\Admin\.m2\repository\io\cucumber\html-formatter\20.2.1\html-formatter-20.2.1.jar;C:\Users\Admin\.m2\repository\io\cucumber\junit-xml-formatter\0.1.0\junit-xml-formatter-0.1.0.jar;C:\Users\Admin\.m2\repository\io\cucumber\ci-environment\9.1.0\ci-environment-9.1.0.jar;C:\Users\Admin\.m2\repository\io\cucumber\cucumber-java\7.11.0\cucumber-java-7.11.0.jar;C:\Users\Admin\.m2\repository\io\cucumber\cucumber-junit\7.11.0\cucumber-junit-7.11.0.jar;C:\Users\Admin\.m2\repository\org\apache\commons\commons-csv\1.5\commons-csv-1.5.jar;C:\Users\Admin\.m2\repository\net\serenity-bdd\serenity-screenplay\3.6.21\serenity-screenplay-3.6.21.jar;C:\Users\Admin\.m2\repository\net\serenity-bdd\serenity-screenplay-webdriver\3.6.21\serenity-screenplay-webdriver-3.6.21.jar;C:\Users\Admin\.m2\repository\net\serenity-bdd\serenity-ensure\3.6.21\serenity-ensure-3.6.21.jar;C:\Users\Admin\.m2\repository\net\serenity-bdd\serenity-junit\3.6.21\serenity-junit-3.6.21.jar;C:\Users\Admin\.m2\repository\org\jetbrains\kotlin\kotlin-stdlib\1.8.10\kotlin-stdlib-1.8.10.jar;C:\Users\Admin\.m2\repository\org\jetbrains\kotlin\kotlin-stdlib-common\1.8.10\kotlin-stdlib-common-1.8.10.jar;C:\Users\Admin\.m2\repository\org\jetbrains\annotations\13.0\annotations-13.0.jar;C:\Users\Admin\.m2\repository\org\junit\platform\junit-platform-launcher\1.9.2\junit-platform-launcher-1.9.2.jar;C:\Users\Admin\.m2\repository\org\junit\platform\junit-platform-engine\1.9.2\junit-platform-engine-1.9.2.jar;C:\Users\Admin\.m2\repository\org\junit\platform\junit-platform-commons\1.9.2\junit-platform-commons-1.9.2.jar;C:\Users\Admin\.m2\repository\org\apiguardian\apiguardian-api\1.1.2\apiguardian-api-1.1.2.jar;C:\Users\Admin\.m2\repository\org\junit\jupiter\junit-jupiter-engine\5.9.2\junit-jupiter-engine-5.9.2.jar;C:\Users\Admin\.m2\repository\org\junit\jupiter\junit-jupiter-api\5.9.2\junit-jupiter-api-5.9.2.jar;C:\Users\Admin\.m2\repository\org\junit\vintage\junit-vintage-engine\5.9.2\junit-vintage-engine-5.9.2.jar;C:\Users\Admin\.m2\repository\junit\junit\4.13.2\junit-4.13.2.jar;C:\Users\Admin\.m2\repository\org\hamcrest\hamcrest-core\1.3\hamcrest-core-1.3.jar;C:\Users\Admin\.m2\repository\ch\qos\logback\logback-classic\1.4.6\logback-classic-1.4.6.jar;C:\Users\Admin\.m2\repository\ch\qos\logback\logback-core\1.4.6\logback-core-1.4.6.jar;C:\Users\Admin\.m2\repository\org\slf4j\slf4j-api\2.0.4\slf4j-api-2.0.4.jar;C:\Users\Admin\.m2\repository\org\assertj\assertj-core\3.24.2\assertj-core-3.24.2.jar;C:\Users\Admin\.m2\repository\net\bytebuddy\byte-buddy\1.12.21\byte-buddy-1.12.21.jar;"/>
    <property name="java.vm.vendor" value="Oracle Corporation"/>
    <property name="sun.arch.data.model" value="64"/>
    <property name="user.variant" value=""/>
    <property name="java.vendor.url" value="https://java.oracle.com/"/>
    <property name="user.timezone" value="Asia/Jakarta"/>
    <property name="os.name" value="Windows 11"/>
    <property name="java.vm.specification.version" value="19"/>
    <property name="sun.java.launcher" value="SUN_STANDARD"/>
    <property name="user.country" value="US"/>
    <property name="sun.boot.library.path" value="C:\Program Files\Java\jdk-19\bin"/>
    <property name="sun.java.command" value="org.apache.maven.surefire.booter.ForkedBooter C:\Users\Admin\AppData\Local\Temp\surefire15336964299808022803 2023-05-03T19-46-17_281-jvmRun1 surefire16580817042518158809tmp surefire_014310131418178778551tmp"/>
    <property name="jdk.debug" value="release"/>
    <property name="surefire.test.class.path" value="C:\Users\Admin\IdeaProjects\miniproject-api\target\test-classes;C:\Users\Admin\.m2\repository\com\googlecode\json-simple\json-simple\1.1\json-simple-1.1.jar;C:\Users\Admin\.m2\repository\net\serenity-bdd\serenity-rest-assured\3.6.22\serenity-rest-assured-3.6.22.jar;C:\Users\Admin\.m2\repository\org\apache\httpcomponents\httpclient\4.5.13\httpclient-4.5.13.jar;C:\Users\Admin\.m2\repository\org\apache\httpcomponents\httpcore\4.4.13\httpcore-4.4.13.jar;C:\Users\Admin\.m2\repository\commons-logging\commons-logging\1.2\commons-logging-1.2.jar;C:\Users\Admin\.m2\repository\io\rest-assured\rest-assured\5.3.0\rest-assured-5.3.0.jar;C:\Users\Admin\.m2\repository\org\apache\httpcomponents\httpmime\4.5.13\httpmime-4.5.13.jar;C:\Users\Admin\.m2\repository\org\ccil\cowan\tagsoup\tagsoup\1.2.1\tagsoup-1.2.1.jar;C:\Users\Admin\.m2\repository\io\rest-assured\json-path\5.3.0\json-path-5.3.0.jar;C:\Users\Admin\.m2\repository\io\rest-assured\rest-assured-common\5.3.0\rest-assured-common-5.3.0.jar;C:\Users\Admin\.m2\repository\io\rest-assured\xml-path\5.3.0\xml-path-5.3.0.jar;C:\Users\Admin\.m2\repository\org\apache\groovy\groovy-json\4.0.10\groovy-json-4.0.10.jar;C:\Users\Admin\.m2\repository\org\apache\groovy\groovy-xml\4.0.10\groovy-xml-4.0.10.jar;C:\Users\Admin\.m2\repository\org\apache\groovy\groovy\4.0.10\groovy-4.0.10.jar;C:\Users\Admin\.m2\repository\org\opentest4j\opentest4j\1.2.0\opentest4j-1.2.0.jar;C:\Users\Admin\.m2\repository\net\serenity-bdd\serenity-core\3.6.21\serenity-core-3.6.21.jar;C:\Users\Admin\.m2\repository\net\serenity-bdd\serenity-model\3.6.21\serenity-model-3.6.21.jar;C:\Users\Admin\.m2\repository\org\apache\commons\commons-text\1.10.0\commons-text-1.10.0.jar;C:\Users\Admin\.m2\repository\commons-net\commons-net\3.9.0\commons-net-3.9.0.jar;C:\Users\Admin\.m2\repository\com\google\guava\guava\31.1-jre\guava-31.1-jre.jar;C:\Users\Admin\.m2\repository\com\google\guava\failureaccess\1.0.1\failureaccess-1.0.1.jar;C:\Users\Admin\.m2\repository\com\google\guava\listenablefuture\9999.0-empty-to-avoid-conflict-with-guava\listenablefuture-9999.0-empty-to-avoid-conflict-with-guava.jar;C:\Users\Admin\.m2\repository\com\google\code\findbugs\jsr305\3.0.2\jsr305-3.0.2.jar;C:\Users\Admin\.m2\repository\org\checkerframework\checker-qual\3.12.0\checker-qual-3.12.0.jar;C:\Users\Admin\.m2\repository\com\google\errorprone\error_prone_annotations\2.11.0\error_prone_annotations-2.11.0.jar;C:\Users\Admin\.m2\repository\com\google\j2objc\j2objc-annotations\1.3\j2objc-annotations-1.3.jar;C:\Users\Admin\.m2\repository\com\google\inject\guice\5.1.0\guice-5.1.0.jar;C:\Users\Admin\.m2\repository\javax\inject\javax.inject\1\javax.inject-1.jar;C:\Users\Admin\.m2\repository\aopalliance\aopalliance\1.0\aopalliance-1.0.jar;C:\Users\Admin\.m2\repository\org\jsoup\jsoup\1.14.3\jsoup-1.14.3.jar;C:\Users\Admin\.m2\repository\com\thoughtworks\xstream\xstream\1.4.20\xstream-1.4.20.jar;C:\Users\Admin\.m2\repository\io\github\x-stream\mxparser\1.2.2\mxparser-1.2.2.jar;C:\Users\Admin\.m2\repository\xmlpull\xmlpull\1.1.3.1\xmlpull-1.1.3.1.jar;C:\Users\Admin\.m2\repository\com\typesafe\config\1.4.2\config-1.4.2.jar;C:\Users\Admin\.m2\repository\org\imgscalr\imgscalr-lib\4.2\imgscalr-lib-4.2.jar;C:\Users\Admin\.m2\repository\org\awaitility\awaitility\4.2.0\awaitility-4.2.0.jar;C:\Users\Admin\.m2\repository\org\freemarker\freemarker\2.3.31\freemarker-2.3.31.jar;C:\Users\Admin\.m2\repository\io\github\classgraph\classgraph\4.8.138\classgraph-4.8.138.jar;C:\Users\Admin\.m2\repository\net\sourceforge\jexcelapi\jxl\2.6.12\jxl-2.6.12.jar;C:\Users\Admin\.m2\repository\net\bytebuddy\byte-buddy-agent\1.14.2\byte-buddy-agent-1.14.2.jar;C:\Users\Admin\.m2\repository\org\objenesis\objenesis\3.3\objenesis-3.3.jar;C:\Users\Admin\.m2\repository\net\serenity-bdd\serenity-reports\3.6.21\serenity-reports-3.6.21.jar;C:\Users\Admin\.m2\repository\net\serenity-bdd\serenity-stats\3.6.21\serenity-stats-3.6.21.jar;C:\Users\Admin\.m2\repository\net\serenity-bdd\serenity-reports-configuration\3.6.21\serenity-reports-configuration-3.6.21.jar;C:\Users\Admin\.m2\repository\com\vladsch\flexmark\flexmark-all\0.62.2\flexmark-all-0.62.2.jar;C:\Users\Admin\.m2\repository\com\vladsch\flexmark\flexmark\0.62.2\flexmark-0.62.2.jar;C:\Users\Admin\.m2\repository\com\vladsch\flexmark\flexmark-ext-abbreviation\0.62.2\flexmark-ext-abbreviation-0.62.2.jar;C:\Users\Admin\.m2\repository\com\vladsch\flexmark\flexmark-util\0.62.2\flexmark-util-0.62.2.jar;C:\Users\Admin\.m2\repository\com\vladsch\flexmark\flexmark-ext-admonition\0.62.2\flexmark-ext-admonition-0.62.2.jar;C:\Users\Admin\.m2\repository\com\vladsch\flexmark\flexmark-ext-anchorlink\0.62.2\flexmark-ext-anchorlink-0.62.2.jar;C:\Users\Admin\.m2\repository\com\vladsch\flexmark\flexmark-ext-aside\0.62.2\flexmark-ext-aside-0.62.2.jar;C:\Users\Admin\.m2\repository\com\vladsch\flexmark\flexmark-ext-attributes\0.62.2\flexmark-ext-attributes-0.62.2.jar;C:\Users\Admin\.m2\repository\com\vladsch\flexmark\flexmark-ext-autolink\0.62.2\flexmark-ext-autolink-0.62.2.jar;C:\Users\Admin\.m2\repository\org\nibor\autolink\autolink\0.6.0\autolink-0.6.0.jar;C:\Users\Admin\.m2\repository\com\vladsch\flexmark\flexmark-ext-definition\0.62.2\flexmark-ext-definition-0.62.2.jar;C:\Users\Admin\.m2\repository\com\vladsch\flexmark\flexmark-ext-emoji\0.62.2\flexmark-ext-emoji-0.62.2.jar;C:\Users\Admin\.m2\repository\com\vladsch\flexmark\flexmark-ext-enumerated-reference\0.62.2\flexmark-ext-enumerated-reference-0.62.2.jar;C:\Users\Admin\.m2\repository\com\vladsch\flexmark\flexmark-ext-escaped-character\0.62.2\flexmark-ext-escaped-character-0.62.2.jar;C:\Users\Admin\.m2\repository\com\vladsch\flexmark\flexmark-ext-footnotes\0.62.2\flexmark-ext-footnotes-0.62.2.jar;C:\Users\Admin\.m2\repository\com\vladsch\flexmark\flexmark-ext-gfm-issues\0.62.2\flexmark-ext-gfm-issues-0.62.2.jar;C:\Users\Admin\.m2\repository\com\vladsch\flexmark\flexmark-ext-gfm-strikethrough\0.62.2\flexmark-ext-gfm-strikethrough-0.62.2.jar;C:\Users\Admin\.m2\repository\com\vladsch\flexmark\flexmark-ext-gfm-tasklist\0.62.2\flexmark-ext-gfm-tasklist-0.62.2.jar;C:\Users\Admin\.m2\repository\com\vladsch\flexmark\flexmark-ext-gfm-users\0.62.2\flexmark-ext-gfm-users-0.62.2.jar;C:\Users\Admin\.m2\repository\com\vladsch\flexmark\flexmark-ext-gitlab\0.62.2\flexmark-ext-gitlab-0.62.2.jar;C:\Users\Admin\.m2\repository\com\vladsch\flexmark\flexmark-ext-jekyll-front-matter\0.62.2\flexmark-ext-jekyll-front-matter-0.62.2.jar;C:\Users\Admin\.m2\repository\com\vladsch\flexmark\flexmark-ext-jekyll-tag\0.62.2\flexmark-ext-jekyll-tag-0.62.2.jar;C:\Users\Admin\.m2\repository\com\vladsch\flexmark\flexmark-ext-media-tags\0.62.2\flexmark-ext-media-tags-0.62.2.jar;C:\Users\Admin\.m2\repository\com\vladsch\flexmark\flexmark-ext-macros\0.62.2\flexmark-ext-macros-0.62.2.jar;C:\Users\Admin\.m2\repository\com\vladsch\flexmark\flexmark-ext-ins\0.62.2\flexmark-ext-ins-0.62.2.jar;C:\Users\Admin\.m2\repository\com\vladsch\flexmark\flexmark-ext-xwiki-macros\0.62.2\flexmark-ext-xwiki-macros-0.62.2.jar;C:\Users\Admin\.m2\repository\com\vladsch\flexmark\flexmark-ext-superscript\0.62.2\flexmark-ext-superscript-0.62.2.jar;C:\Users\Admin\.m2\repository\com\vladsch\flexmark\flexmark-ext-tables\0.62.2\flexmark-ext-tables-0.62.2.jar;C:\Users\Admin\.m2\repository\com\vladsch\flexmark\flexmark-ext-toc\0.62.2\flexmark-ext-toc-0.62.2.jar;C:\Users\Admin\.m2\repository\com\vladsch\flexmark\flexmark-ext-typographic\0.62.2\flexmark-ext-typographic-0.62.2.jar;C:\Users\Admin\.m2\repository\com\vladsch\flexmark\flexmark-ext-wikilink\0.62.2\flexmark-ext-wikilink-0.62.2.jar;C:\Users\Admin\.m2\repository\com\vladsch\flexmark\flexmark-ext-yaml-front-matter\0.62.2\flexmark-ext-yaml-front-matter-0.62.2.jar;C:\Users\Admin\.m2\repository\com\vladsch\flexmark\flexmark-ext-youtube-embedded\0.62.2\flexmark-ext-youtube-embedded-0.62.2.jar;C:\Users\Admin\.m2\repository\com\vladsch\flexmark\flexmark-html2md-converter\0.62.2\flexmark-html2md-converter-0.62.2.jar;C:\Users\Admin\.m2\repository\com\vladsch\flexmark\flexmark-jira-converter\0.62.2\flexmark-jira-converter-0.62.2.jar;C:\Users\Admin\.m2\repository\com\vladsch\flexmark\flexmark-pdf-converter\0.62.2\flexmark-pdf-converter-0.62.2.jar;C:\Users\Admin\.m2\repository\com\openhtmltopdf\openhtmltopdf-core\1.0.0\openhtmltopdf-core-1.0.0.jar;C:\Users\Admin\.m2\repository\com\openhtmltopdf\openhtmltopdf-pdfbox\1.0.0\openhtmltopdf-pdfbox-1.0.0.jar;C:\Users\Admin\.m2\repository\org\apache\pdfbox\pdfbox\2.0.16\pdfbox-2.0.16.jar;C:\Users\Admin\.m2\repository\org\apache\pdfbox\fontbox\2.0.16\fontbox-2.0.16.jar;C:\Users\Admin\.m2\repository\org\apache\pdfbox\xmpbox\2.0.16\xmpbox-2.0.16.jar;C:\Users\Admin\.m2\repository\de\rototor\pdfbox\graphics2d\0.24\graphics2d-0.24.jar;C:\Users\Admin\.m2\repository\com\openhtmltopdf\openhtmltopdf-rtl-support\1.0.0\openhtmltopdf-rtl-support-1.0.0.jar;C:\Users\Admin\.m2\repository\com\openhtmltopdf\openhtmltopdf-jsoup-dom-converter\1.0.0\openhtmltopdf-jsoup-dom-converter-1.0.0.jar;C:\Users\Admin\.m2\repository\com\vladsch\flexmark\flexmark-profile-pegdown\0.62.2\flexmark-profile-pegdown-0.62.2.jar;C:\Users\Admin\.m2\repository\com\vladsch\flexmark\flexmark-util-ast\0.62.2\flexmark-util-ast-0.62.2.jar;C:\Users\Admin\.m2\repository\com\vladsch\flexmark\flexmark-util-builder\0.62.2\flexmark-util-builder-0.62.2.jar;C:\Users\Admin\.m2\repository\com\vladsch\flexmark\flexmark-util-collection\0.62.2\flexmark-util-collection-0.62.2.jar;C:\Users\Admin\.m2\repository\com\vladsch\flexmark\flexmark-util-data\0.62.2\flexmark-util-data-0.62.2.jar;C:\Users\Admin\.m2\repository\com\vladsch\flexmark\flexmark-util-dependency\0.62.2\flexmark-util-dependency-0.62.2.jar;C:\Users\Admin\.m2\repository\com\vladsch\flexmark\flexmark-util-format\0.62.2\flexmark-util-format-0.62.2.jar;C:\Users\Admin\.m2\repository\com\vladsch\flexmark\flexmark-util-html\0.62.2\flexmark-util-html-0.62.2.jar;C:\Users\Admin\.m2\repository\com\vladsch\flexmark\flexmark-util-misc\0.62.2\flexmark-util-misc-0.62.2.jar;C:\Users\Admin\.m2\repository\com\vladsch\flexmark\flexmark-util-options\0.62.2\flexmark-util-options-0.62.2.jar;C:\Users\Admin\.m2\repository\com\vladsch\flexmark\flexmark-util-sequence\0.62.2\flexmark-util-sequence-0.62.2.jar;C:\Users\Admin\.m2\repository\com\vladsch\flexmark\flexmark-util-visitor\0.62.2\flexmark-util-visitor-0.62.2.jar;C:\Users\Admin\.m2\repository\com\vladsch\flexmark\flexmark-youtrack-converter\0.62.2\flexmark-youtrack-converter-0.62.2.jar;C:\Users\Admin\.m2\repository\com\ibm\icu\icu4j\72.1\icu4j-72.1.jar;C:\Users\Admin\.m2\repository\es\nitaur\markdown\txtmark\0.16\txtmark-0.16.jar;C:\Users\Admin\.m2\repository\net\serenity-bdd\serenity-report-resources\3.6.21\serenity-report-resources-3.6.21.jar;C:\Users\Admin\.m2\repository\com\google\code\gson\gson\2.10.1\gson-2.10.1.jar;C:\Users\Admin\.m2\repository\com\fasterxml\jackson\core\jackson-core\2.15.0-rc1\jackson-core-2.15.0-rc1.jar;C:\Users\Admin\.m2\repository\com\fasterxml\jackson\core\jackson-databind\2.15.0-rc1\jackson-databind-2.15.0-rc1.jar;C:\Users\Admin\.m2\repository\com\fasterxml\jackson\core\jackson-annotations\2.15.0-rc1\jackson-annotations-2.15.0-rc1.jar;C:\Users\Admin\.m2\repository\commons-codec\commons-codec\1.15\commons-codec-1.15.jar;C:\Users\Admin\.m2\repository\commons-io\commons-io\2.11.0\commons-io-2.11.0.jar;C:\Users\Admin\.m2\repository\org\seleniumhq\selenium\selenium-java\4.8.1\selenium-java-4.8.1.jar;C:\Users\Admin\.m2\repository\org\seleniumhq\selenium\selenium-devtools-v108\4.8.1\selenium-devtools-v108-4.8.1.jar;C:\Users\Admin\.m2\repository\org\seleniumhq\selenium\selenium-devtools-v109\4.8.1\selenium-devtools-v109-4.8.1.jar;C:\Users\Admin\.m2\repository\org\seleniumhq\selenium\selenium-devtools-v110\4.8.1\selenium-devtools-v110-4.8.1.jar;C:\Users\Admin\.m2\repository\org\seleniumhq\selenium\selenium-devtools-v85\4.8.1\selenium-devtools-v85-4.8.1.jar;C:\Users\Admin\.m2\repository\org\seleniumhq\selenium\selenium-remote-driver\4.8.1\selenium-remote-driver-4.8.1.jar;C:\Users\Admin\.m2\repository\com\beust\jcommander\1.82\jcommander-1.82.jar;C:\Users\Admin\.m2\repository\io\netty\netty-buffer\4.1.87.Final\netty-buffer-4.1.87.Final.jar;C:\Users\Admin\.m2\repository\io\netty\netty-codec-http\4.1.87.Final\netty-codec-http-4.1.87.Final.jar;C:\Users\Admin\.m2\repository\io\netty\netty-codec\4.1.87.Final\netty-codec-4.1.87.Final.jar;C:\Users\Admin\.m2\repository\io\netty\netty-handler\4.1.87.Final\netty-handler-4.1.87.Final.jar;C:\Users\Admin\.m2\repository\io\netty\netty-common\4.1.87.Final\netty-common-4.1.87.Final.jar;C:\Users\Admin\.m2\repository\io\netty\netty-transport-classes-epoll\4.1.87.Final\netty-transport-classes-epoll-4.1.87.Final.jar;C:\Users\Admin\.m2\repository\io\netty\netty-transport-classes-kqueue\4.1.87.Final\netty-transport-classes-kqueue-4.1.87.Final.jar;C:\Users\Admin\.m2\repository\io\netty\netty-transport-native-epoll\4.1.87.Final\netty-transport-native-epoll-4.1.87.Final.jar;C:\Users\Admin\.m2\repository\io\netty\netty-transport-native-kqueue\4.1.87.Final\netty-transport-native-kqueue-4.1.87.Final.jar;C:\Users\Admin\.m2\repository\io\netty\netty-transport-native-unix-common\4.1.87.Final\netty-transport-native-unix-common-4.1.87.Final.jar;C:\Users\Admin\.m2\repository\io\netty\netty-transport\4.1.87.Final\netty-transport-4.1.87.Final.jar;C:\Users\Admin\.m2\repository\io\netty\netty-resolver\4.1.87.Final\netty-resolver-4.1.87.Final.jar;C:\Users\Admin\.m2\repository\io\opentelemetry\opentelemetry-api\1.22.0\opentelemetry-api-1.22.0.jar;C:\Users\Admin\.m2\repository\io\opentelemetry\opentelemetry-context\1.22.0\opentelemetry-context-1.22.0.jar;C:\Users\Admin\.m2\repository\io\opentelemetry\opentelemetry-exporter-logging\1.22.0\opentelemetry-exporter-logging-1.22.0.jar;C:\Users\Admin\.m2\repository\io\opentelemetry\opentelemetry-sdk-metrics\1.22.0\opentelemetry-sdk-metrics-1.22.0.jar;C:\Users\Admin\.m2\repository\io\opentelemetry\opentelemetry-sdk-logs\1.22.0-alpha\opentelemetry-sdk-logs-1.22.0-alpha.jar;C:\Users\Admin\.m2\repository\io\opentelemetry\opentelemetry-api-logs\1.22.0-alpha\opentelemetry-api-logs-1.22.0-alpha.jar;C:\Users\Admin\.m2\repository\io\opentelemetry\opentelemetry-sdk-common\1.22.0\opentelemetry-sdk-common-1.22.0.jar;C:\Users\Admin\.m2\repository\io\opentelemetry\opentelemetry-sdk-extension-autoconfigure-spi\1.22.0\opentelemetry-sdk-extension-autoconfigure-spi-1.22.0.jar;C:\Users\Admin\.m2\repository\io\opentelemetry\opentelemetry-sdk-extension-autoconfigure\1.22.0-alpha\opentelemetry-sdk-extension-autoconfigure-1.22.0-alpha.jar;C:\Users\Admin\.m2\repository\io\opentelemetry\opentelemetry-sdk-trace\1.22.0\opentelemetry-sdk-trace-1.22.0.jar;C:\Users\Admin\.m2\repository\io\opentelemetry\opentelemetry-sdk\1.22.0\opentelemetry-sdk-1.22.0.jar;C:\Users\Admin\.m2\repository\io\opentelemetry\opentelemetry-semconv\1.22.0-alpha\opentelemetry-semconv-1.22.0-alpha.jar;C:\Users\Admin\.m2\repository\io\ous\jtoml\2.0.0\jtoml-2.0.0.jar;C:\Users\Admin\.m2\repository\org\apache\commons\commons-exec\1.3\commons-exec-1.3.jar;C:\Users\Admin\.m2\repository\org\asynchttpclient\async-http-client\2.12.3\async-http-client-2.12.3.jar;C:\Users\Admin\.m2\repository\org\asynchttpclient\async-http-client-netty-utils\2.12.3\async-http-client-netty-utils-2.12.3.jar;C:\Users\Admin\.m2\repository\io\netty\netty-codec-socks\4.1.60.Final\netty-codec-socks-4.1.60.Final.jar;C:\Users\Admin\.m2\repository\io\netty\netty-handler-proxy\4.1.60.Final\netty-handler-proxy-4.1.60.Final.jar;C:\Users\Admin\.m2\repository\io\netty\netty-transport-native-epoll\4.1.60.Final\netty-transport-native-epoll-4.1.60.Final-linux-x86_64.jar;C:\Users\Admin\.m2\repository\io\netty\netty-transport-native-kqueue\4.1.60.Final\netty-transport-native-kqueue-4.1.60.Final-osx-x86_64.jar;C:\Users\Admin\.m2\repository\org\reactivestreams\reactive-streams\1.0.3\reactive-streams-1.0.3.jar;C:\Users\Admin\.m2\repository\com\typesafe\netty\netty-reactive-streams\2.0.4\netty-reactive-streams-2.0.4.jar;C:\Users\Admin\.m2\repository\org\seleniumhq\selenium\selenium-manager\4.8.1\selenium-manager-4.8.1.jar;C:\Users\Admin\.m2\repository\org\seleniumhq\selenium\selenium-safari-driver\4.8.1\selenium-safari-driver-4.8.1.jar;C:\Users\Admin\.m2\repository\org\seleniumhq\selenium\selenium-api\4.8.1\selenium-api-4.8.1.jar;C:\Users\Admin\.m2\repository\org\seleniumhq\selenium\selenium-support\4.8.1\selenium-support-4.8.1.jar;C:\Users\Admin\.m2\repository\com\google\auto\service\auto-service-annotations\1.0.1\auto-service-annotations-1.0.1.jar;C:\Users\Admin\.m2\repository\com\google\auto\service\auto-service\1.0.1\auto-service-1.0.1.jar;C:\Users\Admin\.m2\repository\com\google\auto\auto-common\1.2\auto-common-1.2.jar;C:\Users\Admin\.m2\repository\org\seleniumhq\selenium\selenium-json\4.8.1\selenium-json-4.8.1.jar;C:\Users\Admin\.m2\repository\org\seleniumhq\selenium\selenium-chrome-driver\4.8.1\selenium-chrome-driver-4.8.1.jar;C:\Users\Admin\.m2\repository\org\seleniumhq\selenium\selenium-chromium-driver\4.8.1\selenium-chromium-driver-4.8.1.jar;C:\Users\Admin\.m2\repository\org\seleniumhq\selenium\selenium-firefox-driver\4.8.1\selenium-firefox-driver-4.8.1.jar;C:\Users\Admin\.m2\repository\org\seleniumhq\selenium\selenium-http\4.8.1\selenium-http-4.8.1.jar;C:\Users\Admin\.m2\repository\dev\failsafe\failsafe\3.3.0\failsafe-3.3.0.jar;C:\Users\Admin\.m2\repository\org\seleniumhq\selenium\selenium-edge-driver\4.8.1\selenium-edge-driver-4.8.1.jar;C:\Users\Admin\.m2\repository\org\seleniumhq\selenium\selenium-ie-driver\4.8.1\selenium-ie-driver-4.8.1.jar;C:\Users\Admin\.m2\repository\org\projectlombok\lombok\1.18.20\lombok-1.18.20.jar;C:\Users\Admin\.m2\repository\io\appium\java-client\8.3.0\java-client-8.3.0.jar;C:\Users\Admin\.m2\repository\commons-validator\commons-validator\1.7\commons-validator-1.7.jar;C:\Users\Admin\.m2\repository\commons-digester\commons-digester\2.1\commons-digester-2.1.jar;C:\Users\Admin\.m2\repository\net\sf\opencsv\opencsv\2.0\opencsv-2.0.jar;C:\Users\Admin\.m2\repository\commons-beanutils\commons-beanutils\1.9.4\commons-beanutils-1.9.4.jar;C:\Users\Admin\.m2\repository\org\apache\commons\commons-lang3\3.12.0\commons-lang3-3.12.0.jar;C:\Users\Admin\.m2\repository\commons-collections\commons-collections\3.2.2\commons-collections-3.2.2.jar;C:\Users\Admin\.m2\repository\org\fluentlenium\fluentlenium-core\0.10.2\fluentlenium-core-0.10.2.jar;C:\Users\Admin\.m2\repository\io\github\bonigarcia\webdrivermanager\5.3.0\webdrivermanager-5.3.0.jar;C:\Users\Admin\.m2\repository\com\github\docker-java\docker-java\3.2.13\docker-java-3.2.13.jar;C:\Users\Admin\.m2\repository\com\github\docker-java\docker-java-core\3.2.13\docker-java-core-3.2.13.jar;C:\Users\Admin\.m2\repository\com\github\docker-java\docker-java-api\3.2.13\docker-java-api-3.2.13.jar;C:\Users\Admin\.m2\repository\org\apache\commons\commons-compress\1.21\commons-compress-1.21.jar;C:\Users\Admin\.m2\repository\org\bouncycastle\bcpkix-jdk15on\1.64\bcpkix-jdk15on-1.64.jar;C:\Users\Admin\.m2\repository\org\bouncycastle\bcprov-jdk15on\1.64\bcprov-jdk15on-1.64.jar;C:\Users\Admin\.m2\repository\org\slf4j\jcl-over-slf4j\1.7.30\jcl-over-slf4j-1.7.30.jar;C:\Users\Admin\.m2\repository\com\github\docker-java\docker-java-transport-httpclient5\3.2.13\docker-java-transport-httpclient5-3.2.13.jar;C:\Users\Admin\.m2\repository\com\github\docker-java\docker-java-transport\3.2.13\docker-java-transport-3.2.13.jar;C:\Users\Admin\.m2\repository\net\java\dev\jna\jna\5.8.0\jna-5.8.0.jar;C:\Users\Admin\.m2\repository\org\brotli\dec\0.1.2\dec-0.1.2.jar;C:\Users\Admin\.m2\repository\org\apache\httpcomponents\client5\httpclient5\5.1.3\httpclient5-5.1.3.jar;C:\Users\Admin\.m2\repository\org\apache\httpcomponents\core5\httpcore5\5.1.3\httpcore5-5.1.3.jar;C:\Users\Admin\.m2\repository\org\apache\httpcomponents\core5\httpcore5-h2\5.1.3\httpcore5-h2-5.1.3.jar;C:\Users\Admin\.m2\repository\com\jhlabs\filters\2.0.235\filters-2.0.235.jar;C:\Users\Admin\.m2\repository\com\paulhammant\ngwebdriver\1.1.6\ngwebdriver-1.1.6.jar;C:\Users\Admin\.m2\repository\joda-time\joda-time\2.12.2\joda-time-2.12.2.jar;C:\Users\Admin\.m2\repository\org\hamcrest\hamcrest\2.2\hamcrest-2.2.jar;C:\Users\Admin\.m2\repository\com\google\jimfs\jimfs\1.2\jimfs-1.2.jar;C:\Users\Admin\.m2\repository\org\mockito\mockito-core\3.3.3\mockito-core-3.3.3.jar;C:\Users\Admin\.m2\repository\javax\xml\bind\jaxb-api\2.3.1\jaxb-api-2.3.1.jar;C:\Users\Admin\.m2\repository\javax\activation\javax.activation-api\1.2.0\javax.activation-api-1.2.0.jar;C:\Users\Admin\.m2\repository\com\sun\xml\bind\jaxb-core\2.3.0.1\jaxb-core-2.3.0.1.jar;C:\Users\Admin\.m2\repository\com\sun\xml\bind\jaxb-impl\2.3.3\jaxb-impl-2.3.3.jar;C:\Users\Admin\.m2\repository\jakarta\xml\bind\jakarta.xml.bind-api\2.3.3\jakarta.xml.bind-api-2.3.3.jar;C:\Users\Admin\.m2\repository\com\sun\activation\jakarta.activation\1.2.2\jakarta.activation-1.2.2.jar;C:\Users\Admin\.m2\repository\javax\activation\activation\1.1.1\activation-1.1.1.jar;C:\Users\Admin\.m2\repository\com\github\javafaker\javafaker\1.0.2\javafaker-1.0.2.jar;C:\Users\Admin\.m2\repository\org\yaml\snakeyaml\1.23\snakeyaml-1.23-android.jar;C:\Users\Admin\.m2\repository\com\github\mifmif\generex\1.0.2\generex-1.0.2.jar;C:\Users\Admin\.m2\repository\dk\brics\automaton\automaton\1.11-8\automaton-1.11-8.jar;C:\Users\Admin\.m2\repository\net\serenity-bdd\serenity-cucumber\3.6.21\serenity-cucumber-3.6.21.jar;C:\Users\Admin\.m2\repository\io\cucumber\cucumber-core\7.11.0\cucumber-core-7.11.0.jar;C:\Users\Admin\.m2\repository\io\cucumber\cucumber-gherkin\7.11.0\cucumber-gherkin-7.11.0.jar;C:\Users\Admin\.m2\repository\io\cucumber\cucumber-gherkin-messages\7.11.0\cucumber-gherkin-messages-7.11.0.jar;C:\Users\Admin\.m2\repository\io\cucumber\gherkin\26.0.3\gherkin-26.0.3.jar;C:\Users\Admin\.m2\repository\io\cucumber\messages\21.0.1\messages-21.0.1.jar;C:\Users\Admin\.m2\repository\io\cucumber\tag-expressions\5.0.1\tag-expressions-5.0.1.jar;C:\Users\Admin\.m2\repository\io\cucumber\cucumber-expressions\16.1.1\cucumber-expressions-16.1.1.jar;C:\Users\Admin\.m2\repository\io\cucumber\datatable\7.11.0\datatable-7.11.0.jar;C:\Users\Admin\.m2\repository\io\cucumber\cucumber-plugin\7.11.0\cucumber-plugin-7.11.0.jar;C:\Users\Admin\.m2\repository\io\cucumber\docstring\7.11.0\docstring-7.11.0.jar;C:\Users\Admin\.m2\repository\io\cucumber\html-formatter\20.2.1\html-formatter-20.2.1.jar;C:\Users\Admin\.m2\repository\io\cucumber\junit-xml-formatter\0.1.0\junit-xml-formatter-0.1.0.jar;C:\Users\Admin\.m2\repository\io\cucumber\ci-environment\9.1.0\ci-environment-9.1.0.jar;C:\Users\Admin\.m2\repository\io\cucumber\cucumber-java\7.11.0\cucumber-java-7.11.0.jar;C:\Users\Admin\.m2\repository\io\cucumber\cucumber-junit\7.11.0\cucumber-junit-7.11.0.jar;C:\Users\Admin\.m2\repository\org\apache\commons\commons-csv\1.5\commons-csv-1.5.jar;C:\Users\Admin\.m2\repository\net\serenity-bdd\serenity-screenplay\3.6.21\serenity-screenplay-3.6.21.jar;C:\Users\Admin\.m2\repository\net\serenity-bdd\serenity-screenplay-webdriver\3.6.21\serenity-screenplay-webdriver-3.6.21.jar;C:\Users\Admin\.m2\repository\net\serenity-bdd\serenity-ensure\3.6.21\serenity-ensure-3.6.21.jar;C:\Users\Admin\.m2\repository\net\serenity-bdd\serenity-junit\3.6.21\serenity-junit-3.6.21.jar;C:\Users\Admin\.m2\repository\org\jetbrains\kotlin\kotlin-stdlib\1.8.10\kotlin-stdlib-1.8.10.jar;C:\Users\Admin\.m2\repository\org\jetbrains\kotlin\kotlin-stdlib-common\1.8.10\kotlin-stdlib-common-1.8.10.jar;C:\Users\Admin\.m2\repository\org\jetbrains\annotations\13.0\annotations-13.0.jar;C:\Users\Admin\.m2\repository\org\junit\platform\junit-platform-launcher\1.9.2\junit-platform-launcher-1.9.2.jar;C:\Users\Admin\.m2\repository\org\junit\platform\junit-platform-engine\1.9.2\junit-platform-engine-1.9.2.jar;C:\Users\Admin\.m2\repository\org\junit\platform\junit-platform-commons\1.9.2\junit-platform-commons-1.9.2.jar;C:\Users\Admin\.m2\repository\org\apiguardian\apiguardian-api\1.1.2\apiguardian-api-1.1.2.jar;C:\Users\Admin\.m2\repository\org\junit\jupiter\junit-jupiter-engine\5.9.2\junit-jupiter-engine-5.9.2.jar;C:\Users\Admin\.m2\repository\org\junit\jupiter\junit-jupiter-api\5.9.2\junit-jupiter-api-5.9.2.jar;C:\Users\Admin\.m2\repository\org\junit\vintage\junit-vintage-engine\5.9.2\junit-vintage-engine-5.9.2.jar;C:\Users\Admin\.m2\repository\junit\junit\4.13.2\junit-4.13.2.jar;C:\Users\Admin\.m2\repository\org\hamcrest\hamcrest-core\1.3\hamcrest-core-1.3.jar;C:\Users\Admin\.m2\repository\ch\qos\logback\logback-classic\1.4.6\logback-classic-1.4.6.jar;C:\Users\Admin\.m2\repository\ch\qos\logback\logback-core\1.4.6\logback-core-1.4.6.jar;C:\Users\Admin\.m2\repository\org\slf4j\slf4j-api\2.0.4\slf4j-api-2.0.4.jar;C:\Users\Admin\.m2\repository\org\assertj\assertj-core\3.24.2\assertj-core-3.24.2.jar;C:\Users\Admin\.m2\repository\net\bytebuddy\byte-buddy\1.12.21\byte-buddy-1.12.21.jar;"/>
    <property name="sun.cpu.endian" value="little"/>
    <property name="user.home" value="C:\Users\Admin"/>
    <property name="user.language" value="en"/>
    <property name="java.specification.vendor" value="Oracle Corporation"/>
    <property name="jdk.module.path" value="C:\Users\Admin\IdeaProjects\miniproject-api\target\miniproject-api-1.0-SNAPSHOT.jar"/>
    <property name="java.version.date" value="2023-01-17"/>
    <property name="java.home" value="C:\Program Files\Java\jdk-19"/>
    <property name="file.separator" value="\"/>
    <property name="basedir" value="C:\Users\Admin\IdeaProjects\miniproject-api"/>
    <property name="java.vm.compressedOopsMode" value="Zero based"/>
    <property name="line.separator" value="&#10;"/>
    <property name="java.vm.specification.vendor" value="Oracle Corporation"/>
    <property name="java.specification.name" value="Java Platform API Specification"/>
    <property name="surefire.real.class.path" value="C:\Users\Admin\.m2\repository\org\apache\maven\surefire\surefire-booter\3.0.0-M5\surefire-booter-3.0.0-M5.jar;C:\Users\Admin\.m2\repository\org\apache\maven\surefire\surefire-api\3.0.0-M5\surefire-api-3.0.0-M5.jar;C:\Users\Admin\.m2\repository\org\apache\maven\surefire\surefire-logger-api\3.0.0-M5\surefire-logger-api-3.0.0-M5.jar;C:\Users\Admin\.m2\repository\org\apache\maven\surefire\surefire-shared-utils\3.0.0-M4\surefire-shared-utils-3.0.0-M4.jar;C:\Users\Admin\.m2\repository\org\apache\maven\surefire\surefire-extensions-spi\3.0.0-M5\surefire-extensions-spi-3.0.0-M5.jar;C:\Users\Admin\IdeaProjects\miniproject-api\target\test-classes;C:\Users\Admin\.m2\repository\com\googlecode\json-simple\json-simple\1.1\json-simple-1.1.jar;C:\Users\Admin\.m2\repository\net\serenity-bdd\serenity-rest-assured\3.6.22\serenity-rest-assured-3.6.22.jar;C:\Users\Admin\.m2\repository\org\apache\httpcomponents\httpclient\4.5.13\httpclient-4.5.13.jar;C:\Users\Admin\.m2\repository\org\apache\httpcomponents\httpcore\4.4.13\httpcore-4.4.13.jar;C:\Users\Admin\.m2\repository\commons-logging\commons-logging\1.2\commons-logging-1.2.jar;C:\Users\Admin\.m2\repository\io\rest-assured\rest-assured\5.3.0\rest-assured-5.3.0.jar;C:\Users\Admin\.m2\repository\org\apache\httpcomponents\httpmime\4.5.13\httpmime-4.5.13.jar;C:\Users\Admin\.m2\repository\org\ccil\cowan\tagsoup\tagsoup\1.2.1\tagsoup-1.2.1.jar;C:\Users\Admin\.m2\repository\io\rest-assured\json-path\5.3.0\json-path-5.3.0.jar;C:\Users\Admin\.m2\repository\io\rest-assured\rest-assured-common\5.3.0\rest-assured-common-5.3.0.jar;C:\Users\Admin\.m2\repository\io\rest-assured\xml-path\5.3.0\xml-path-5.3.0.jar;C:\Users\Admin\.m2\repository\org\apache\groovy\groovy-json\4.0.10\groovy-json-4.0.10.jar;C:\Users\Admin\.m2\repository\org\apache\groovy\groovy-xml\4.0.10\groovy-xml-4.0.10.jar;C:\Users\Admin\.m2\repository\org\apache\groovy\groovy\4.0.10\groovy-4.0.10.jar;C:\Users\Admin\.m2\repository\org\opentest4j\opentest4j\1.2.0\opentest4j-1.2.0.jar;C:\Users\Admin\.m2\repository\net\serenity-bdd\serenity-core\3.6.21\serenity-core-3.6.21.jar;C:\Users\Admin\.m2\repository\net\serenity-bdd\serenity-model\3.6.21\serenity-model-3.6.21.jar;C:\Users\Admin\.m2\repository\org\apache\commons\commons-text\1.10.0\commons-text-1.10.0.jar;C:\Users\Admin\.m2\repository\commons-net\commons-net\3.9.0\commons-net-3.9.0.jar;C:\Users\Admin\.m2\repository\com\google\guava\guava\31.1-jre\guava-31.1-jre.jar;C:\Users\Admin\.m2\repository\com\google\guava\failureaccess\1.0.1\failureaccess-1.0.1.jar;C:\Users\Admin\.m2\repository\com\google\guava\listenablefuture\9999.0-empty-to-avoid-conflict-with-guava\listenablefuture-9999.0-empty-to-avoid-conflict-with-guava.jar;C:\Users\Admin\.m2\repository\com\google\code\findbugs\jsr305\3.0.2\jsr305-3.0.2.jar;C:\Users\Admin\.m2\repository\org\checkerframework\checker-qual\3.12.0\checker-qual-3.12.0.jar;C:\Users\Admin\.m2\repository\com\google\errorprone\error_prone_annotations\2.11.0\error_prone_annotations-2.11.0.jar;C:\Users\Admin\.m2\repository\com\google\j2objc\j2objc-annotations\1.3\j2objc-annotations-1.3.jar;C:\Users\Admin\.m2\repository\com\google\inject\guice\5.1.0\guice-5.1.0.jar;C:\Users\Admin\.m2\repository\javax\inject\javax.inject\1\javax.inject-1.jar;C:\Users\Admin\.m2\repository\aopalliance\aopalliance\1.0\aopalliance-1.0.jar;C:\Users\Admin\.m2\repository\org\jsoup\jsoup\1.14.3\jsoup-1.14.3.jar;C:\Users\Admin\.m2\repository\com\thoughtworks\xstream\xstream\1.4.20\xstream-1.4.20.jar;C:\Users\Admin\.m2\repository\io\github\x-stream\mxparser\1.2.2\mxparser-1.2.2.jar;C:\Users\Admin\.m2\repository\xmlpull\xmlpull\1.1.3.1\xmlpull-1.1.3.1.jar;C:\Users\Admin\.m2\repository\com\typesafe\config\1.4.2\config-1.4.2.jar;C:\Users\Admin\.m2\repository\org\imgscalr\imgscalr-lib\4.2\imgscalr-lib-4.2.jar;C:\Users\Admin\.m2\repository\org\awaitility\awaitility\4.2.0\awaitility-4.2.0.jar;C:\Users\Admin\.m2\repository\org\freemarker\freemarker\2.3.31\freemarker-2.3.31.jar;C:\Users\Admin\.m2\repository\io\github\classgraph\classgraph\4.8.138\classgraph-4.8.138.jar;C:\Users\Admin\.m2\repository\net\sourceforge\jexcelapi\jxl\2.6.12\jxl-2.6.12.jar;C:\Users\Admin\.m2\repository\net\bytebuddy\byte-buddy-agent\1.14.2\byte-buddy-agent-1.14.2.jar;C:\Users\Admin\.m2\repository\org\objenesis\objenesis\3.3\objenesis-3.3.jar;C:\Users\Admin\.m2\repository\net\serenity-bdd\serenity-reports\3.6.21\serenity-reports-3.6.21.jar;C:\Users\Admin\.m2\repository\net\serenity-bdd\serenity-stats\3.6.21\serenity-stats-3.6.21.jar;C:\Users\Admin\.m2\repository\net\serenity-bdd\serenity-reports-configuration\3.6.21\serenity-reports-configuration-3.6.21.jar;C:\Users\Admin\.m2\repository\com\vladsch\flexmark\flexmark-all\0.62.2\flexmark-all-0.62.2.jar;C:\Users\Admin\.m2\repository\com\vladsch\flexmark\flexmark\0.62.2\flexmark-0.62.2.jar;C:\Users\Admin\.m2\repository\com\vladsch\flexmark\flexmark-ext-abbreviation\0.62.2\flexmark-ext-abbreviation-0.62.2.jar;C:\Users\Admin\.m2\repository\com\vladsch\flexmark\flexmark-util\0.62.2\flexmark-util-0.62.2.jar;C:\Users\Admin\.m2\repository\com\vladsch\flexmark\flexmark-ext-admonition\0.62.2\flexmark-ext-admonition-0.62.2.jar;C:\Users\Admin\.m2\repository\com\vladsch\flexmark\flexmark-ext-anchorlink\0.62.2\flexmark-ext-anchorlink-0.62.2.jar;C:\Users\Admin\.m2\repository\com\vladsch\flexmark\flexmark-ext-aside\0.62.2\flexmark-ext-aside-0.62.2.jar;C:\Users\Admin\.m2\repository\com\vladsch\flexmark\flexmark-ext-attributes\0.62.2\flexmark-ext-attributes-0.62.2.jar;C:\Users\Admin\.m2\repository\com\vladsch\flexmark\flexmark-ext-autolink\0.62.2\flexmark-ext-autolink-0.62.2.jar;C:\Users\Admin\.m2\repository\org\nibor\autolink\autolink\0.6.0\autolink-0.6.0.jar;C:\Users\Admin\.m2\repository\com\vladsch\flexmark\flexmark-ext-definition\0.62.2\flexmark-ext-definition-0.62.2.jar;C:\Users\Admin\.m2\repository\com\vladsch\flexmark\flexmark-ext-emoji\0.62.2\flexmark-ext-emoji-0.62.2.jar;C:\Users\Admin\.m2\repository\com\vladsch\flexmark\flexmark-ext-enumerated-reference\0.62.2\flexmark-ext-enumerated-reference-0.62.2.jar;C:\Users\Admin\.m2\repository\com\vladsch\flexmark\flexmark-ext-escaped-character\0.62.2\flexmark-ext-escaped-character-0.62.2.jar;C:\Users\Admin\.m2\repository\com\vladsch\flexmark\flexmark-ext-footnotes\0.62.2\flexmark-ext-footnotes-0.62.2.jar;C:\Users\Admin\.m2\repository\com\vladsch\flexmark\flexmark-ext-gfm-issues\0.62.2\flexmark-ext-gfm-issues-0.62.2.jar;C:\Users\Admin\.m2\repository\com\vladsch\flexmark\flexmark-ext-gfm-strikethrough\0.62.2\flexmark-ext-gfm-strikethrough-0.62.2.jar;C:\Users\Admin\.m2\repository\com\vladsch\flexmark\flexmark-ext-gfm-tasklist\0.62.2\flexmark-ext-gfm-tasklist-0.62.2.jar;C:\Users\Admin\.m2\repository\com\vladsch\flexmark\flexmark-ext-gfm-users\0.62.2\flexmark-ext-gfm-users-0.62.2.jar;C:\Users\Admin\.m2\repository\com\vladsch\flexmark\flexmark-ext-gitlab\0.62.2\flexmark-ext-gitlab-0.62.2.jar;C:\Users\Admin\.m2\repository\com\vladsch\flexmark\flexmark-ext-jekyll-front-matter\0.62.2\flexmark-ext-jekyll-front-matter-0.62.2.jar;C:\Users\Admin\.m2\repository\com\vladsch\flexmark\flexmark-ext-jekyll-tag\0.62.2\flexmark-ext-jekyll-tag-0.62.2.jar;C:\Users\Admin\.m2\repository\com\vladsch\flexmark\flexmark-ext-media-tags\0.62.2\flexmark-ext-media-tags-0.62.2.jar;C:\Users\Admin\.m2\repository\com\vladsch\flexmark\flexmark-ext-macros\0.62.2\flexmark-ext-macros-0.62.2.jar;C:\Users\Admin\.m2\repository\com\vladsch\flexmark\flexmark-ext-ins\0.62.2\flexmark-ext-ins-0.62.2.jar;C:\Users\Admin\.m2\repository\com\vladsch\flexmark\flexmark-ext-xwiki-macros\0.62.2\flexmark-ext-xwiki-macros-0.62.2.jar;C:\Users\Admin\.m2\repository\com\vladsch\flexmark\flexmark-ext-superscript\0.62.2\flexmark-ext-superscript-0.62.2.jar;C:\Users\Admin\.m2\repository\com\vladsch\flexmark\flexmark-ext-tables\0.62.2\flexmark-ext-tables-0.62.2.jar;C:\Users\Admin\.m2\repository\com\vladsch\flexmark\flexmark-ext-toc\0.62.2\flexmark-ext-toc-0.62.2.jar;C:\Users\Admin\.m2\repository\com\vladsch\flexmark\flexmark-ext-typographic\0.62.2\flexmark-ext-typographic-0.62.2.jar;C:\Users\Admin\.m2\repository\com\vladsch\flexmark\flexmark-ext-wikilink\0.62.2\flexmark-ext-wikilink-0.62.2.jar;C:\Users\Admin\.m2\repository\com\vladsch\flexmark\flexmark-ext-yaml-front-matter\0.62.2\flexmark-ext-yaml-front-matter-0.62.2.jar;C:\Users\Admin\.m2\repository\com\vladsch\flexmark\flexmark-ext-youtube-embedded\0.62.2\flexmark-ext-youtube-embedded-0.62.2.jar;C:\Users\Admin\.m2\repository\com\vladsch\flexmark\flexmark-html2md-converter\0.62.2\flexmark-html2md-converter-0.62.2.jar;C:\Users\Admin\.m2\repository\com\vladsch\flexmark\flexmark-jira-converter\0.62.2\flexmark-jira-converter-0.62.2.jar;C:\Users\Admin\.m2\repository\com\vladsch\flexmark\flexmark-pdf-converter\0.62.2\flexmark-pdf-converter-0.62.2.jar;C:\Users\Admin\.m2\repository\com\openhtmltopdf\openhtmltopdf-core\1.0.0\openhtmltopdf-core-1.0.0.jar;C:\Users\Admin\.m2\repository\com\openhtmltopdf\openhtmltopdf-pdfbox\1.0.0\openhtmltopdf-pdfbox-1.0.0.jar;C:\Users\Admin\.m2\repository\org\apache\pdfbox\pdfbox\2.0.16\pdfbox-2.0.16.jar;C:\Users\Admin\.m2\repository\org\apache\pdfbox\fontbox\2.0.16\fontbox-2.0.16.jar;C:\Users\Admin\.m2\repository\org\apache\pdfbox\xmpbox\2.0.16\xmpbox-2.0.16.jar;C:\Users\Admin\.m2\repository\de\rototor\pdfbox\graphics2d\0.24\graphics2d-0.24.jar;C:\Users\Admin\.m2\repository\com\openhtmltopdf\openhtmltopdf-rtl-support\1.0.0\openhtmltopdf-rtl-support-1.0.0.jar;C:\Users\Admin\.m2\repository\com\openhtmltopdf\openhtmltopdf-jsoup-dom-converter\1.0.0\openhtmltopdf-jsoup-dom-converter-1.0.0.jar;C:\Users\Admin\.m2\repository\com\vladsch\flexmark\flexmark-profile-pegdown\0.62.2\flexmark-profile-pegdown-0.62.2.jar;C:\Users\Admin\.m2\repository\com\vladsch\flexmark\flexmark-util-ast\0.62.2\flexmark-util-ast-0.62.2.jar;C:\Users\Admin\.m2\repository\com\vladsch\flexmark\flexmark-util-builder\0.62.2\flexmark-util-builder-0.62.2.jar;C:\Users\Admin\.m2\repository\com\vladsch\flexmark\flexmark-util-collection\0.62.2\flexmark-util-collection-0.62.2.jar;C:\Users\Admin\.m2\repository\com\vladsch\flexmark\flexmark-util-data\0.62.2\flexmark-util-data-0.62.2.jar;C:\Users\Admin\.m2\repository\com\vladsch\flexmark\flexmark-util-dependency\0.62.2\flexmark-util-dependency-0.62.2.jar;C:\Users\Admin\.m2\repository\com\vladsch\flexmark\flexmark-util-format\0.62.2\flexmark-util-format-0.62.2.jar;C:\Users\Admin\.m2\repository\com\vladsch\flexmark\flexmark-util-html\0.62.2\flexmark-util-html-0.62.2.jar;C:\Users\Admin\.m2\repository\com\vladsch\flexmark\flexmark-util-misc\0.62.2\flexmark-util-misc-0.62.2.jar;C:\Users\Admin\.m2\repository\com\vladsch\flexmark\flexmark-util-options\0.62.2\flexmark-util-options-0.62.2.jar;C:\Users\Admin\.m2\repository\com\vladsch\flexmark\flexmark-util-sequence\0.62.2\flexmark-util-sequence-0.62.2.jar;C:\Users\Admin\.m2\repository\com\vladsch\flexmark\flexmark-util-visitor\0.62.2\flexmark-util-visitor-0.62.2.jar;C:\Users\Admin\.m2\repository\com\vladsch\flexmark\flexmark-youtrack-converter\0.62.2\flexmark-youtrack-converter-0.62.2.jar;C:\Users\Admin\.m2\repository\com\ibm\icu\icu4j\72.1\icu4j-72.1.jar;C:\Users\Admin\.m2\repository\es\nitaur\markdown\txtmark\0.16\txtmark-0.16.jar;C:\Users\Admin\.m2\repository\net\serenity-bdd\serenity-report-resources\3.6.21\serenity-report-resources-3.6.21.jar;C:\Users\Admin\.m2\repository\com\google\code\gson\gson\2.10.1\gson-2.10.1.jar;C:\Users\Admin\.m2\repository\com\fasterxml\jackson\core\jackson-core\2.15.0-rc1\jackson-core-2.15.0-rc1.jar;C:\Users\Admin\.m2\repository\com\fasterxml\jackson\core\jackson-databind\2.15.0-rc1\jackson-databind-2.15.0-rc1.jar;C:\Users\Admin\.m2\repository\com\fasterxml\jackson\core\jackson-annotations\2.15.0-rc1\jackson-annotations-2.15.0-rc1.jar;C:\Users\Admin\.m2\repository\commons-codec\commons-codec\1.15\commons-codec-1.15.jar;C:\Users\Admin\.m2\repository\commons-io\commons-io\2.11.0\commons-io-2.11.0.jar;C:\Users\Admin\.m2\repository\org\seleniumhq\selenium\selenium-java\4.8.1\selenium-java-4.8.1.jar;C:\Users\Admin\.m2\repository\org\seleniumhq\selenium\selenium-devtools-v108\4.8.1\selenium-devtools-v108-4.8.1.jar;C:\Users\Admin\.m2\repository\org\seleniumhq\selenium\selenium-devtools-v109\4.8.1\selenium-devtools-v109-4.8.1.jar;C:\Users\Admin\.m2\repository\org\seleniumhq\selenium\selenium-devtools-v110\4.8.1\selenium-devtools-v110-4.8.1.jar;C:\Users\Admin\.m2\repository\org\seleniumhq\selenium\selenium-devtools-v85\4.8.1\selenium-devtools-v85-4.8.1.jar;C:\Users\Admin\.m2\repository\org\seleniumhq\selenium\selenium-remote-driver\4.8.1\selenium-remote-driver-4.8.1.jar;C:\Users\Admin\.m2\repository\com\beust\jcommander\1.82\jcommander-1.82.jar;C:\Users\Admin\.m2\repository\io\netty\netty-buffer\4.1.87.Final\netty-buffer-4.1.87.Final.jar;C:\Users\Admin\.m2\repository\io\netty\netty-codec-http\4.1.87.Final\netty-codec-http-4.1.87.Final.jar;C:\Users\Admin\.m2\repository\io\netty\netty-codec\4.1.87.Final\netty-codec-4.1.87.Final.jar;C:\Users\Admin\.m2\repository\io\netty\netty-handler\4.1.87.Final\netty-handler-4.1.87.Final.jar;C:\Users\Admin\.m2\repository\io\netty\netty-common\4.1.87.Final\netty-common-4.1.87.Final.jar;C:\Users\Admin\.m2\repository\io\netty\netty-transport-classes-epoll\4.1.87.Final\netty-transport-classes-epoll-4.1.87.Final.jar;C:\Users\Admin\.m2\repository\io\netty\netty-transport-classes-kqueue\4.1.87.Final\netty-transport-classes-kqueue-4.1.87.Final.jar;C:\Users\Admin\.m2\repository\io\netty\netty-transport-native-epoll\4.1.87.Final\netty-transport-native-epoll-4.1.87.Final.jar;C:\Users\Admin\.m2\repository\io\netty\netty-transport-native-kqueue\4.1.87.Final\netty-transport-native-kqueue-4.1.87.Final.jar;C:\Users\Admin\.m2\repository\io\netty\netty-transport-native-unix-common\4.1.87.Final\netty-transport-native-unix-common-4.1.87.Final.jar;C:\Users\Admin\.m2\repository\io\netty\netty-transport\4.1.87.Final\netty-transport-4.1.87.Final.jar;C:\Users\Admin\.m2\repository\io\netty\netty-resolver\4.1.87.Final\netty-resolver-4.1.87.Final.jar;C:\Users\Admin\.m2\repository\io\opentelemetry\opentelemetry-api\1.22.0\opentelemetry-api-1.22.0.jar;C:\Users\Admin\.m2\repository\io\opentelemetry\opentelemetry-context\1.22.0\opentelemetry-context-1.22.0.jar;C:\Users\Admin\.m2\repository\io\opentelemetry\opentelemetry-exporter-logging\1.22.0\opentelemetry-exporter-logging-1.22.0.jar;C:\Users\Admin\.m2\repository\io\opentelemetry\opentelemetry-sdk-metrics\1.22.0\opentelemetry-sdk-metrics-1.22.0.jar;C:\Users\Admin\.m2\repository\io\opentelemetry\opentelemetry-sdk-logs\1.22.0-alpha\opentelemetry-sdk-logs-1.22.0-alpha.jar;C:\Users\Admin\.m2\repository\io\opentelemetry\opentelemetry-api-logs\1.22.0-alpha\opentelemetry-api-logs-1.22.0-alpha.jar;C:\Users\Admin\.m2\repository\io\opentelemetry\opentelemetry-sdk-common\1.22.0\opentelemetry-sdk-common-1.22.0.jar;C:\Users\Admin\.m2\repository\io\opentelemetry\opentelemetry-sdk-extension-autoconfigure-spi\1.22.0\opentelemetry-sdk-extension-autoconfigure-spi-1.22.0.jar;C:\Users\Admin\.m2\repository\io\opentelemetry\opentelemetry-sdk-extension-autoconfigure\1.22.0-alpha\opentelemetry-sdk-extension-autoconfigure-1.22.0-alpha.jar;C:\Users\Admin\.m2\repository\io\opentelemetry\opentelemetry-sdk-trace\1.22.0\opentelemetry-sdk-trace-1.22.0.jar;C:\Users\Admin\.m2\repository\io\opentelemetry\opentelemetry-sdk\1.22.0\opentelemetry-sdk-1.22.0.jar;C:\Users\Admin\.m2\repository\io\opentelemetry\opentelemetry-semconv\1.22.0-alpha\opentelemetry-semconv-1.22.0-alpha.jar;C:\Users\Admin\.m2\repository\io\ous\jtoml\2.0.0\jtoml-2.0.0.jar;C:\Users\Admin\.m2\repository\org\apache\commons\commons-exec\1.3\commons-exec-1.3.jar;C:\Users\Admin\.m2\repository\org\asynchttpclient\async-http-client\2.12.3\async-http-client-2.12.3.jar;C:\Users\Admin\.m2\repository\org\asynchttpclient\async-http-client-netty-utils\2.12.3\async-http-client-netty-utils-2.12.3.jar;C:\Users\Admin\.m2\repository\io\netty\netty-codec-socks\4.1.60.Final\netty-codec-socks-4.1.60.Final.jar;C:\Users\Admin\.m2\repository\io\netty\netty-handler-proxy\4.1.60.Final\netty-handler-proxy-4.1.60.Final.jar;C:\Users\Admin\.m2\repository\io\netty\netty-transport-native-epoll\4.1.60.Final\netty-transport-native-epoll-4.1.60.Final-linux-x86_64.jar;C:\Users\Admin\.m2\repository\io\netty\netty-transport-native-kqueue\4.1.60.Final\netty-transport-native-kqueue-4.1.60.Final-osx-x86_64.jar;C:\Users\Admin\.m2\repository\org\reactivestreams\reactive-streams\1.0.3\reactive-streams-1.0.3.jar;C:\Users\Admin\.m2\repository\com\typesafe\netty\netty-reactive-streams\2.0.4\netty-reactive-streams-2.0.4.jar;C:\Users\Admin\.m2\repository\org\seleniumhq\selenium\selenium-manager\4.8.1\selenium-manager-4.8.1.jar;C:\Users\Admin\.m2\repository\org\seleniumhq\selenium\selenium-safari-driver\4.8.1\selenium-safari-driver-4.8.1.jar;C:\Users\Admin\.m2\repository\org\seleniumhq\selenium\selenium-api\4.8.1\selenium-api-4.8.1.jar;C:\Users\Admin\.m2\repository\org\seleniumhq\selenium\selenium-support\4.8.1\selenium-support-4.8.1.jar;C:\Users\Admin\.m2\repository\com\google\auto\service\auto-service-annotations\1.0.1\auto-service-annotations-1.0.1.jar;C:\Users\Admin\.m2\repository\com\google\auto\service\auto-service\1.0.1\auto-service-1.0.1.jar;C:\Users\Admin\.m2\repository\com\google\auto\auto-common\1.2\auto-common-1.2.jar;C:\Users\Admin\.m2\repository\org\seleniumhq\selenium\selenium-json\4.8.1\selenium-json-4.8.1.jar;C:\Users\Admin\.m2\repository\org\seleniumhq\selenium\selenium-chrome-driver\4.8.1\selenium-chrome-driver-4.8.1.jar;C:\Users\Admin\.m2\repository\org\seleniumhq\selenium\selenium-chromium-driver\4.8.1\selenium-chromium-driver-4.8.1.jar;C:\Users\Admin\.m2\repository\org\seleniumhq\selenium\selenium-firefox-driver\4.8.1\selenium-firefox-driver-4.8.1.jar;C:\Users\Admin\.m2\repository\org\seleniumhq\selenium\selenium-http\4.8.1\selenium-http-4.8.1.jar;C:\Users\Admin\.m2\repository\dev\failsafe\failsafe\3.3.0\failsafe-3.3.0.jar;C:\Users\Admin\.m2\repository\org\seleniumhq\selenium\selenium-edge-driver\4.8.1\selenium-edge-driver-4.8.1.jar;C:\Users\Admin\.m2\repository\org\seleniumhq\selenium\selenium-ie-driver\4.8.1\selenium-ie-driver-4.8.1.jar;C:\Users\Admin\.m2\repository\org\projectlombok\lombok\1.18.20\lombok-1.18.20.jar;C:\Users\Admin\.m2\repository\io\appium\java-client\8.3.0\java-client-8.3.0.jar;C:\Users\Admin\.m2\repository\commons-validator\commons-validator\1.7\commons-validator-1.7.jar;C:\Users\Admin\.m2\repository\commons-digester\commons-digester\2.1\commons-digester-2.1.jar;C:\Users\Admin\.m2\repository\net\sf\opencsv\opencsv\2.0\opencsv-2.0.jar;C:\Users\Admin\.m2\repository\commons-beanutils\commons-beanutils\1.9.4\commons-beanutils-1.9.4.jar;C:\Users\Admin\.m2\repository\org\apache\commons\commons-lang3\3.12.0\commons-lang3-3.12.0.jar;C:\Users\Admin\.m2\repository\commons-collections\commons-collections\3.2.2\commons-collections-3.2.2.jar;C:\Users\Admin\.m2\repository\org\fluentlenium\fluentlenium-core\0.10.2\fluentlenium-core-0.10.2.jar;C:\Users\Admin\.m2\repository\io\github\bonigarcia\webdrivermanager\5.3.0\webdrivermanager-5.3.0.jar;C:\Users\Admin\.m2\repository\com\github\docker-java\docker-java\3.2.13\docker-java-3.2.13.jar;C:\Users\Admin\.m2\repository\com\github\docker-java\docker-java-core\3.2.13\docker-java-core-3.2.13.jar;C:\Users\Admin\.m2\repository\com\github\docker-java\docker-java-api\3.2.13\docker-java-api-3.2.13.jar;C:\Users\Admin\.m2\repository\org\apache\commons\commons-compress\1.21\commons-compress-1.21.jar;C:\Users\Admin\.m2\repository\org\bouncycastle\bcpkix-jdk15on\1.64\bcpkix-jdk15on-1.64.jar;C:\Users\Admin\.m2\repository\org\bouncycastle\bcprov-jdk15on\1.64\bcprov-jdk15on-1.64.jar;C:\Users\Admin\.m2\repository\org\slf4j\jcl-over-slf4j\1.7.30\jcl-over-slf4j-1.7.30.jar;C:\Users\Admin\.m2\repository\com\github\docker-java\docker-java-transport-httpclient5\3.2.13\docker-java-transport-httpclient5-3.2.13.jar;C:\Users\Admin\.m2\repository\com\github\docker-java\docker-java-transport\3.2.13\docker-java-transport-3.2.13.jar;C:\Users\Admin\.m2\repository\net\java\dev\jna\jna\5.8.0\jna-5.8.0.jar;C:\Users\Admin\.m2\repository\org\brotli\dec\0.1.2\dec-0.1.2.jar;C:\Users\Admin\.m2\repository\org\apache\httpcomponents\client5\httpclient5\5.1.3\httpclient5-5.1.3.jar;C:\Users\Admin\.m2\repository\org\apache\httpcomponents\core5\httpcore5\5.1.3\httpcore5-5.1.3.jar;C:\Users\Admin\.m2\repository\org\apache\httpcomponents\core5\httpcore5-h2\5.1.3\httpcore5-h2-5.1.3.jar;C:\Users\Admin\.m2\repository\com\jhlabs\filters\2.0.235\filters-2.0.235.jar;C:\Users\Admin\.m2\repository\com\paulhammant\ngwebdriver\1.1.6\ngwebdriver-1.1.6.jar;C:\Users\Admin\.m2\repository\joda-time\joda-time\2.12.2\joda-time-2.12.2.jar;C:\Users\Admin\.m2\repository\org\hamcrest\hamcrest\2.2\hamcrest-2.2.jar;C:\Users\Admin\.m2\repository\com\google\jimfs\jimfs\1.2\jimfs-1.2.jar;C:\Users\Admin\.m2\repository\org\mockito\mockito-core\3.3.3\mockito-core-3.3.3.jar;C:\Users\Admin\.m2\repository\javax\xml\bind\jaxb-api\2.3.1\jaxb-api-2.3.1.jar;C:\Users\Admin\.m2\repository\javax\activation\javax.activation-api\1.2.0\javax.activation-api-1.2.0.jar;C:\Users\Admin\.m2\repository\com\sun\xml\bind\jaxb-core\2.3.0.1\jaxb-core-2.3.0.1.jar;C:\Users\Admin\.m2\repository\com\sun\xml\bind\jaxb-impl\2.3.3\jaxb-impl-2.3.3.jar;C:\Users\Admin\.m2\repository\jakarta\xml\bind\jakarta.xml.bind-api\2.3.3\jakarta.xml.bind-api-2.3.3.jar;C:\Users\Admin\.m2\repository\com\sun\activation\jakarta.activation\1.2.2\jakarta.activation-1.2.2.jar;C:\Users\Admin\.m2\repository\javax\activation\activation\1.1.1\activation-1.1.1.jar;C:\Users\Admin\.m2\repository\com\github\javafaker\javafaker\1.0.2\javafaker-1.0.2.jar;C:\Users\Admin\.m2\repository\org\yaml\snakeyaml\1.23\snakeyaml-1.23-android.jar;C:\Users\Admin\.m2\repository\com\github\mifmif\generex\1.0.2\generex-1.0.2.jar;C:\Users\Admin\.m2\repository\dk\brics\automaton\automaton\1.11-8\automaton-1.11-8.jar;C:\Users\Admin\.m2\repository\net\serenity-bdd\serenity-cucumber\3.6.21\serenity-cucumber-3.6.21.jar;C:\Users\Admin\.m2\repository\io\cucumber\cucumber-core\7.11.0\cucumber-core-7.11.0.jar;C:\Users\Admin\.m2\repository\io\cucumber\cucumber-gherkin\7.11.0\cucumber-gherkin-7.11.0.jar;C:\Users\Admin\.m2\repository\io\cucumber\cucumber-gherkin-messages\7.11.0\cucumber-gherkin-messages-7.11.0.jar;C:\Users\Admin\.m2\repository\io\cucumber\gherkin\26.0.3\gherkin-26.0.3.jar;C:\Users\Admin\.m2\repository\io\cucumber\messages\21.0.1\messages-21.0.1.jar;C:\Users\Admin\.m2\repository\io\cucumber\tag-expressions\5.0.1\tag-expressions-5.0.1.jar;C:\Users\Admin\.m2\repository\io\cucumber\cucumber-expressions\16.1.1\cucumber-expressions-16.1.1.jar;C:\Users\Admin\.m2\repository\io\cucumber\datatable\7.11.0\datatable-7.11.0.jar;C:\Users\Admin\.m2\repository\io\cucumber\cucumber-plugin\7.11.0\cucumber-plugin-7.11.0.jar;C:\Users\Admin\.m2\repository\io\cucumber\docstring\7.11.0\docstring-7.11.0.jar;C:\Users\Admin\.m2\repository\io\cucumber\html-formatter\20.2.1\html-formatter-20.2.1.jar;C:\Users\Admin\.m2\repository\io\cucumber\junit-xml-formatter\0.1.0\junit-xml-formatter-0.1.0.jar;C:\Users\Admin\.m2\repository\io\cucumber\ci-environment\9.1.0\ci-environment-9.1.0.jar;C:\Users\Admin\.m2\repository\io\cucumber\cucumber-java\7.11.0\cucumber-java-7.11.0.jar;C:\Users\Admin\.m2\repository\io\cucumber\cucumber-junit\7.11.0\cucumber-junit-7.11.0.jar;C:\Users\Admin\.m2\repository\org\apache\commons\commons-csv\1.5\commons-csv-1.5.jar;C:\Users\Admin\.m2\repository\net\serenity-bdd\serenity-screenplay\3.6.21\serenity-screenplay-3.6.21.jar;C:\Users\Admin\.m2\repository\net\serenity-bdd\serenity-screenplay-webdriver\3.6.21\serenity-screenplay-webdriver-3.6.21.jar;C:\Users\Admin\.m2\repository\net\serenity-bdd\serenity-ensure\3.6.21\serenity-ensure-3.6.21.jar;C:\Users\Admin\.m2\repository\net\serenity-bdd\serenity-junit\3.6.21\serenity-junit-3.6.21.jar;C:\Users\Admin\.m2\repository\org\jetbrains\kotlin\kotlin-stdlib\1.8.10\kotlin-stdlib-1.8.10.jar;C:\Users\Admin\.m2\repository\org\jetbrains\kotlin\kotlin-stdlib-common\1.8.10\kotlin-stdlib-common-1.8.10.jar;C:\Users\Admin\.m2\repository\org\jetbrains\annotations\13.0\annotations-13.0.jar;C:\Users\Admin\.m2\repository\org\junit\platform\junit-platform-launcher\1.9.2\junit-platform-launcher-1.9.2.jar;C:\Users\Admin\.m2\repository\org\junit\platform\junit-platform-engine\1.9.2\junit-platform-engine-1.9.2.jar;C:\Users\Admin\.m2\repository\org\junit\platform\junit-platform-commons\1.9.2\junit-platform-commons-1.9.2.jar;C:\Users\Admin\.m2\repository\org\apiguardian\apiguardian-api\1.1.2\apiguardian-api-1.1.2.jar;C:\Users\Admin\.m2\repository\org\junit\jupiter\junit-jupiter-engine\5.9.2\junit-jupiter-engine-5.9.2.jar;C:\Users\Admin\.m2\repository\org\junit\jupiter\junit-jupiter-api\5.9.2\junit-jupiter-api-5.9.2.jar;C:\Users\Admin\.m2\repository\org\junit\vintage\junit-vintage-engine\5.9.2\junit-vintage-engine-5.9.2.jar;C:\Users\Admin\.m2\repository\junit\junit\4.13.2\junit-4.13.2.jar;C:\Users\Admin\.m2\repository\org\hamcrest\hamcrest-core\1.3\hamcrest-core-1.3.jar;C:\Users\Admin\.m2\repository\ch\qos\logback\logback-classic\1.4.6\logback-classic-1.4.6.jar;C:\Users\Admin\.m2\repository\ch\qos\logback\logback-core\1.4.6\logback-core-1.4.6.jar;C:\Users\Admin\.m2\repository\org\slf4j\slf4j-api\2.0.4\slf4j-api-2.0.4.jar;C:\Users\Admin\.m2\repository\org\assertj\assertj-core\3.24.2\assertj-core-3.24.2.jar;C:\Users\Admin\.m2\repository\net\bytebuddy\byte-buddy\1.12.21\byte-buddy-1.12.21.jar;C:\Users\Admin\.m2\repository\org\apache\maven\surefire\surefire-junit-platform\3.0.0-M5\surefire-junit-platform-3.0.0-M5.jar;C:\Users\Admin\.m2\repository\org\apache\maven\surefire\common-java5\3.0.0-M5\common-java5-3.0.0-M5.jar"/>
    <property name="user.script" value=""/>
    <property name="sun.management.compiler" value="HotSpot 64-Bit Tiered Compilers"/>
    <property name="java.runtime.version" value="19.0.2+7-44"/>
    <property name="user.name" value="Admin"/>
    <property name="stdout.encoding" value="Cp1252"/>
    <property name="path.separator" value=";"/>
    <property name="os.version" value="10.0"/>
    <property name="java.runtime.name" value="Java(TM) SE Runtime Environment"/>
    <property name="file.encoding" value="UTF-8"/>
    <property name="java.vm.name" value="Java HotSpot(TM) 64-Bit Server VM"/>
    <property name="localRepository" value="C:\Users\Admin\.m2\repository"/>
    <property name="java.vendor.url.bug" value="https://bugreport.java.com/bugreport/"/>
    <property name="java.io.tmpdir" value="C:\Users\Admin\AppData\Local\Temp\"/>
    <property name="java.version" value="19.0.2"/>
    <property name="user.dir" value="C:\Users\Admin\IdeaProjects\miniproject-api"/>
    <property name="os.arch" value="amd64"/>
    <property name="java.vm.specification.name" value="Java Virtual Machine Specification"/>
    <property name="sun.os.patch.level" value=""/>
    <property name="native.encoding" value="Cp1252"/>
    <property name="java.library.path" value="C:\Program Files\Java\jdk-19\bin;C:\Windows\Sun\Java\bin;C:\Windows\system32;C:\Windows;C:\Program Files\Common Files\Oracle\Java\javapath;C:\Program Files (x86)\Common Files\Oracle\Java\javapath;C:\Windows\system32;C:\Windows;C:\Windows\System32\Wbem;C:\Windows\System32\WindowsPowerShell\v1.0\;C:\Windows\System32\OpenSSH\;C:\Program Files\Git\cmd;C:\Program Files\apache-maven-3.9.1\bin;C:\Program Files\Java\jdk-19\bin;C:\Program Files\nodejs\;C:\platform-tools;C:\Users\Admin\Documents\xray_windows_amd64.exe;C:\Users\Admin\AppData\Local\Programs\Python\Python311\;C:\Users\Admin\AppData\Local\Microsoft\WindowsApps;C:\Users\Admin\AppData\Local\GitHubDesktop\bin;C:\Users\Admin\AppData\Local\Programs\Microsoft VS Code\bin;C:\Users\Admin\AppData\Roaming\npm;."/>
    <property name="java.vm.info" value="mixed mode"/>
    <property name="stderr.encoding" value="Cp1252"/>
    <property name="java.vendor" value="Oracle Corporation"/>
    <property name="java.vm.version" value="19.0.2+7-44"/>
    <property name="sun.io.unicode.encoding" value="UnicodeLittle"/>
    <property name="java.class.version" value="63.0"/>
  </properties>
  <testcase name="GET - As a user I want to test hello page" classname="As user i want to test page hello" time="3.778">
    <system-out><![CDATA[19:46:20.441 [main] DEBUG net.thucydides.core.guice.Injectors -- Created injector for module net.thucydides.core.guice.ThucydidesModule
19:46:20.761 [main] DEBUG io.cucumber.core.plugin.SerenityReporter -- Running feature from file:///C:/Users/Admin/IdeaProjects/miniproject-api/src/test/resources/features/hello.feature
19:46:20.886 [main] DEBUG net.thucydides.core.guice.Injectors -- Created injector for module net.thucydides.core.guice.webdriver.WebDriverModule
19:46:20.899 [main] INFO  -- 

-------------------------------------------------------------------------------------
     _______. _______ .______       _______ .__   __.  __  .___________.____    ____ 
    /       ||   ____||   _  \     |   ____||  \ |  | |  | |           |\   \  /   / 
   |   (----`|  |__   |  |_)  |    |  |__   |   \|  | |  | `---|  |----` \   \/   /  
    \   \    |   __|  |      /     |   __|  |  . `  | |  |     |  |       \_    _/   
.----)   |   |  |____ |  |\  \----.|  |____ |  |\   | |  |     |  |         |  |     
|_______/    |_______|| _| `._____||_______||__| \__| |__|     |__|         |__|    
                                                                                     
 News and tutorials at http://www.serenity-bdd.info                                  
 Documentation at https://wakaleo.gitbooks.io/the-serenity-book/content/             
 Join the Serenity Community on Gitter: https://gitter.im/serenity-bdd/serenity-core 
 Serenity BDD Support and Training at http://serenity-bdd.info/#/trainingandsupport  
-------------------------------------------------------------------------------------

19:46:20.901 [main] DEBUG net.thucydides.core.steps.StepEventBus -- Test suite started for story net.thucydides.core.model.Story@9f502beb
19:46:20.902 [main] INFO  -- Test Suite Started: As user i want to test page hello
19:46:20.912 [main] DEBUG io.cucumber.core.plugin.SerenityReporter -- Running feature from file:///C:/Users/Admin/IdeaProjects/miniproject-api/src/test/resources/features/login.feature
19:46:20.916 [main] DEBUG net.thucydides.core.steps.StepEventBus -- Test suite started for story net.thucydides.core.model.Story@583a69a9
19:46:20.922 [main] INFO  -- Test Suite Started: As user I want to see home page So that i can buy product
19:46:20.922 [main] DEBUG io.cucumber.core.plugin.SerenityReporter -- Running feature from file:///C:/Users/Admin/IdeaProjects/miniproject-api/src/test/resources/features/orders.feature
19:46:20.928 [main] DEBUG net.thucydides.core.steps.StepEventBus -- Test suite started for story net.thucydides.core.model.Story@15d4afc6
19:46:20.928 [main] INFO  -- Test Suite Started: As user i want to test order on website
19:46:20.929 [main] DEBUG io.cucumber.core.plugin.SerenityReporter -- Running feature from file:///C:/Users/Admin/IdeaProjects/miniproject-api/src/test/resources/features/produk.feature
19:46:20.932 [main] DEBUG net.thucydides.core.steps.StepEventBus -- Test suite started for story net.thucydides.core.model.Story@2f62ef95
19:46:20.933 [main] INFO  -- Test Suite Started: As user i want to see product, create new product, see product by id, delete a product, see product comments
19:46:20.933 [main] DEBUG io.cucumber.core.plugin.SerenityReporter -- Running feature from file:///C:/Users/Admin/IdeaProjects/miniproject-api/src/test/resources/features/produkkategori.feature
19:46:20.935 [main] DEBUG net.thucydides.core.steps.StepEventBus -- Test suite started for story net.thucydides.core.model.Story@e07bf919
19:46:20.936 [main] INFO  -- Test Suite Started: As user i want to see categories and add new categories
19:46:20.936 [main] DEBUG io.cucumber.core.plugin.SerenityReporter -- Running feature from file:///C:/Users/Admin/IdeaProjects/miniproject-api/src/test/resources/features/register.feature
19:46:20.939 [main] DEBUG net.thucydides.core.steps.StepEventBus -- Test suite started for story net.thucydides.core.model.Story@c1050949
19:46:20.939 [main] INFO  -- Test Suite Started: As user i want to create account So that i can login and see home page
19:46:20.939 [main] DEBUG io.cucumber.core.plugin.SerenityReporter -- Running feature from file:///C:/Users/Admin/IdeaProjects/miniproject-api/src/test/resources/features/hello.feature
19:46:20.941 [main] DEBUG net.thucydides.core.steps.StepEventBus -- Test suite started for story net.thucydides.core.model.Story@9f502beb
19:46:20.942 [main] INFO  -- Test Suite Started: As user i want to test page hello

@Hello
Scenario: GET - As a user I want to test hello page &amp#27;[90m# src/test/resources/features/hello.feature:4&amp#27;[0m
19:46:21.025 [main] DEBUG io.cucumber.core.plugin.SerenityReporter -- Running feature from file:///C:/Users/Admin/IdeaProjects/miniproject-api/src/test/resources/features/hello.feature
19:46:21.140 [main] INFO  -- 
  _____   ___   ___   _____     ___   _____     _     ___   _____   ___   ___  
 |_   _| | __| / __| |_   _|   / __| |_   _|   /_\   | _ \ |_   _| | __| |   \ 
   | |   | _|  \__ \   | |     \__ \   | |    / _ \  |   /   | |   | _|  | |) |
   |_|   |___| |___/   |_|     |___/   |_|   /_/ \_\ |_|_\   |_|   |___| |___/ 

GET - As a user I want to test hello page(as-user-i-want-to-test-page-hello;get---as-a-user-i-want-to-test-hello-page)
--------------------------------------------------------------------------------
19:46:21.216 [main] DEBUG net.thucydides.core.requirements.model.cucumber.CucumberParser -- Loading feature C:\Users\Admin\IdeaProjects\miniproject-api\src\test\resources\features\hello.feature
19:46:21.233 [main] DEBUG net.thucydides.core.requirements.model.cucumber.CucumberParser -- Loading feature C:\Users\Admin\IdeaProjects\miniproject-api\src\test\resources\features\login.feature
19:46:21.238 [main] DEBUG net.thucydides.core.requirements.model.cucumber.CucumberParser -- Loading feature C:\Users\Admin\IdeaProjects\miniproject-api\src\test\resources\features\orders.feature
19:46:21.243 [main] DEBUG net.thucydides.core.requirements.model.cucumber.CucumberParser -- Loading feature C:\Users\Admin\IdeaProjects\miniproject-api\src\test\resources\features\produk.feature
19:46:21.249 [main] DEBUG net.thucydides.core.requirements.model.cucumber.CucumberParser -- Loading feature C:\Users\Admin\IdeaProjects\miniproject-api\src\test\resources\features\produkkategori.feature
19:46:21.254 [main] DEBUG net.thucydides.core.requirements.model.cucumber.CucumberParser -- Loading feature C:\Users\Admin\IdeaProjects\miniproject-api\src\test\resources\features\register.feature
19:46:21.738 [main] DEBUG net.thucydides.core.steps.StepInterceptor -- STARTING STEP: UserSteps.userSetEndpointForHello - user set endpoint for hello
19:46:21.739 [main] DEBUG net.thucydides.core.steps.StepInterceptor -- STEP DONE: user set endpoint for hello
  &amp#27;[32mGiven &amp#27;[0m&amp#27;[32muser set endpoint for hello&amp#27;[0m                 &amp#27;[90m# starter.stepdefinitions.UserSteps.userSetEndpointForHello()&amp#27;[0m
19:46:21.746 [main] DEBUG net.thucydides.core.steps.StepInterceptor -- STARTING STEP: UserSteps.userSendRequestToEndpoint - user send request to endpoint
19:46:23.582 [main] DEBUG net.thucydides.core.steps.StepInterceptor -- STARTING STEP: Hello_Hello.userSendRequestToEndpoint - user set endpoint for hello
19:46:23.582 [main] DEBUG net.thucydides.core.steps.StepInterceptor -- STEP DONE: user set endpoint for hello
19:46:24.308 [main] DEBUG org.apache.http.impl.conn.BasicClientConnectionManager -- Get connection for route {s}->https://altashop-api.fly.dev:443
19:46:24.407 [main] DEBUG org.apache.http.impl.conn.DefaultClientConnectionOperator -- Connecting to altashop-api.fly.dev:443
19:46:24.573 [main] DEBUG org.apache.http.client.protocol.RequestAddCookies -- CookieSpec selected: ignoreCookies
19:46:24.574 [main] DEBUG org.apache.http.client.protocol.RequestAuthCache -- Auth cache not set in the context
19:46:24.574 [main] DEBUG org.apache.http.client.protocol.RequestTargetAuthentication -- Target auth state: UNCHALLENGED
19:46:24.574 [main] DEBUG org.apache.http.client.protocol.RequestProxyAuthentication -- Proxy auth state: UNCHALLENGED
19:46:24.575 [main] DEBUG org.apache.http.impl.client.DefaultHttpClient -- Attempt 1 to execute request
19:46:24.575 [main] DEBUG org.apache.http.impl.conn.DefaultClientConnection -- Sending request: GET /api/hello HTTP/1.1
19:46:24.575 [main] DEBUG org.apache.http.wire --  >> "GET /api/hello HTTP/1.1[\r][\n]"
19:46:24.575 [main] DEBUG org.apache.http.wire --  >> "Accept: */*[\r][\n]"
19:46:24.575 [main] DEBUG org.apache.http.wire --  >> "Host: altashop-api.fly.dev[\r][\n]"
19:46:24.575 [main] DEBUG org.apache.http.wire --  >> "Connection: Keep-Alive[\r][\n]"
19:46:24.575 [main] DEBUG org.apache.http.wire --  >> "User-Agent: Apache-HttpClient/4.5.13 (Java/19.0.2)[\r][\n]"
19:46:24.575 [main] DEBUG org.apache.http.wire --  >> "Accept-Encoding: gzip,deflate[\r][\n]"
19:46:24.575 [main] DEBUG org.apache.http.wire --  >> "[\r][\n]"
19:46:24.576 [main] DEBUG org.apache.http.headers -- >> GET /api/hello HTTP/1.1
19:46:24.576 [main] DEBUG org.apache.http.headers -- >> Accept: */*
19:46:24.576 [main] DEBUG org.apache.http.headers -- >> Host: altashop-api.fly.dev
19:46:24.576 [main] DEBUG org.apache.http.headers -- >> Connection: Keep-Alive
19:46:24.576 [main] DEBUG org.apache.http.headers -- >> User-Agent: Apache-HttpClient/4.5.13 (Java/19.0.2)
19:46:24.576 [main] DEBUG org.apache.http.headers -- >> Accept-Encoding: gzip,deflate
19:46:24.597 [main] DEBUG org.apache.http.wire --  << "HTTP/1.1 200 OK[\r][\n]"
19:46:24.598 [main] DEBUG org.apache.http.wire --  << "content-type: application/json[\r][\n]"
19:46:24.598 [main] DEBUG org.apache.http.wire --  << "date: Wed, 03 May 2023 12:46:52 GMT[\r][\n]"
19:46:24.598 [main] DEBUG org.apache.http.wire --  << "content-encoding: gzip[\r][\n]"
19:46:24.598 [main] DEBUG org.apache.http.wire --  << "transfer-encoding: chunked[\r][\n]"
19:46:24.598 [main] DEBUG org.apache.http.wire --  << "server: Fly/199ec4d3 (2023-04-25)[\r][\n]"
19:46:24.598 [main] DEBUG org.apache.http.wire --  << "via: 1.1 fly.io[\r][\n]"
19:46:24.598 [main] DEBUG org.apache.http.wire --  << "fly-request-id: 01GZGTDEG0NXWCBTNXZN8M8295-sin[\r][\n]"
19:46:24.598 [main] DEBUG org.apache.http.wire --  << "[\r][\n]"
19:46:24.599 [main] DEBUG org.apache.http.impl.conn.DefaultClientConnection -- Receiving response: HTTP/1.1 200 OK
19:46:24.599 [main] DEBUG org.apache.http.headers -- << HTTP/1.1 200 OK
19:46:24.599 [main] DEBUG org.apache.http.headers -- << content-type: application/json
19:46:24.599 [main] DEBUG org.apache.http.headers -- << date: Wed, 03 May 2023 12:46:52 GMT
19:46:24.599 [main] DEBUG org.apache.http.headers -- << content-encoding: gzip
19:46:24.599 [main] DEBUG org.apache.http.headers -- << transfer-encoding: chunked
19:46:24.599 [main] DEBUG org.apache.http.headers -- << server: Fly/199ec4d3 (2023-04-25)
19:46:24.599 [main] DEBUG org.apache.http.headers -- << via: 1.1 fly.io
19:46:24.599 [main] DEBUG org.apache.http.headers -- << fly-request-id: 01GZGTDEG0NXWCBTNXZN8M8295-sin
19:46:24.602 [main] DEBUG org.apache.http.impl.client.DefaultHttpClient -- Connection can be kept alive indefinitely
19:46:24.604 [main] DEBUG io.restassured.internal.RestAssuredHttpBuilder -- Parsing response as: application/json
19:46:24.605 [main] DEBUG org.apache.http.wire --  << "25[\r][\n]"
19:46:24.605 [main] DEBUG org.apache.http.wire --  << "[0x1f][0x8b][0x8][0x0][0x0][0x0][0x0][0x0][0x4][0xff][0xab]VJI,IT[0xb2]R[0xca]H[0xcd][0xc9][0xc9]W[0xaa][0xe5][0x2][0x0][0xfd][0x95][0xfe]N[0x11][0x0][0x0][0x0]"
19:46:24.605 [main] DEBUG org.apache.http.wire --  << "[\r][\n]"
19:46:24.605 [main] DEBUG org.apache.http.wire --  << "0[\r][\n]"
19:46:24.605 [main] DEBUG org.apache.http.wire --  << "[\r][\n]"
19:46:24.606 [main] DEBUG io.restassured.internal.RestAssuredHttpBuilder -- Parsed data to instance of: class org.apache.http.conn.EofSensorInputStream
19:46:24.651 [main] DEBUG org.apache.http.impl.conn.BasicClientConnectionManager -- Releasing connection org.apache.http.impl.conn.ManagedClientConnectionImpl@7805478c
19:46:24.651 [main] DEBUG org.apache.http.impl.conn.BasicClientConnectionManager -- Connection can be kept alive indefinitely
19:46:24.671 [main] DEBUG net.thucydides.core.steps.StepInterceptor -- STEP DONE: user send request to endpoint
  &amp#27;[32mWhen &amp#27;[0m&amp#27;[32muser send request to endpoint&amp#27;[0m                &amp#27;[90m# starter.stepdefinitions.UserSteps.userSendRequestToEndpoint()&amp#27;[0m
19:46:24.676 [main] DEBUG net.thucydides.core.steps.StepInterceptor -- STARTING STEP: UserSteps.userSeeStatusCode - user see status code 200
19:46:24.703 [main] DEBUG net.thucydides.core.steps.StepInterceptor -- STEP DONE: user see status code 200
  &amp#27;[32mAnd &amp#27;[0m&amp#27;[32muser see status code 200&amp#27;[0m                      &amp#27;[90m# starter.stepdefinitions.UserSteps.userSeeStatusCode()&amp#27;[0m
19:46:24.706 [main] DEBUG net.thucydides.core.steps.StepInterceptor -- STARTING STEP: UserSteps.userShowHelloMessage - user show hello message
19:46:24.706 [main] DEBUG net.thucydides.core.steps.StepInterceptor -- STEP DONE: user show hello message
  &amp#27;[32mThen &amp#27;[0m&amp#27;[32muser show hello message&amp#27;[0m                      &amp#27;[90m# starter.stepdefinitions.UserSteps.userShowHelloMessage()&amp#27;[0m
19:46:24.713 [main] INFO  -- 
  _____   ___   ___   _____     ___     _     ___   ___   ___   ___  
 |_   _| | __| / __| |_   _|   | _ \   /_\   / __| / __| | __| |   \ 
   | |   | _|  \__ \   | |     |  _/  / _ \  \__ \ \__ \ | _|  | |) |
   |_|   |___| |___/   |_|     |_|   /_/ \_\ |___/ |___/ |___| |___/ 

GET - As a user I want to test hello page
----------------------------------------------------------------------
]]></system-out>
  </testcase>
  <testcase name="POST - As a user I success to login with valid data" classname="As user I want to see home page So that i can buy product" time="0.317">
    <system-out><![CDATA[19:46:24.723 [main] DEBUG io.cucumber.core.plugin.SerenityReporter -- Running feature from file:///C:/Users/Admin/IdeaProjects/miniproject-api/src/test/resources/features/login.feature
19:46:24.732 [main] DEBUG net.thucydides.core.steps.StepEventBus -- Test suite started for story net.thucydides.core.model.Story@583a69a9
19:46:24.732 [main] INFO  -- Test Suite Started: As user I want to see home page So that i can buy product

@Login
Scenario: POST - As a user I success to login with valid data &amp#27;[90m# src/test/resources/features/login.feature:4&amp#27;[0m
19:46:24.739 [main] DEBUG io.cucumber.core.plugin.SerenityReporter -- Running feature from file:///C:/Users/Admin/IdeaProjects/miniproject-api/src/test/resources/features/login.feature
19:46:24.742 [main] INFO  -- 
  _____   ___   ___   _____     ___   _____     _     ___   _____   ___   ___  
 |_   _| | __| / __| |_   _|   / __| |_   _|   /_\   | _ \ |_   _| | __| |   \ 
   | |   | _|  \__ \   | |     \__ \   | |    / _ \  |   /   | |   | _|  | |) |
   |_|   |___| |___/   |_|     |___/   |_|   /_/ \_\ |_|_\   |_|   |___| |___/ 

POST - As a user I success to login with valid data(as-user-i-want-to-see-home-page-so-that-i-can-buy-product;post---as-a-user-i-success-to-login-with-valid-data)
--------------------------------------------------------------------------------
19:46:24.789 [main] DEBUG net.thucydides.core.steps.StepInterceptor -- STARTING STEP: UserSteps.userSetEndpointForLogin - user set endpoint for login
19:46:24.790 [main] DEBUG net.thucydides.core.steps.StepInterceptor -- STEP DONE: user set endpoint for login
  &amp#27;[32mGiven &amp#27;[0m&amp#27;[32muser set endpoint for login&amp#27;[0m                           &amp#27;[90m# starter.stepdefinitions.UserSteps.userSetEndpointForLogin()&amp#27;[0m
19:46:24.793 [main] DEBUG net.thucydides.core.steps.StepInterceptor -- STARTING STEP: UserSteps.userSendPOSTHTTPRequestWithValidData - user send POST HTTP request with valid data
19:46:24.799 [main] DEBUG net.thucydides.core.steps.StepInterceptor -- STARTING STEP: Authentication_Login_Post.userSendPOSTHTTPRequestWithValidData - user set endpoint for login
19:46:24.799 [main] DEBUG net.thucydides.core.steps.StepInterceptor -- STEP DONE: user set endpoint for login
19:46:24.833 [main] DEBUG org.apache.http.impl.conn.BasicClientConnectionManager -- Get connection for route {s}->https://altashop-api.fly.dev:443
19:46:24.833 [main] DEBUG org.apache.http.impl.conn.DefaultClientConnectionOperator -- Connecting to altashop-api.fly.dev:443
19:46:24.880 [main] DEBUG org.apache.http.client.protocol.RequestAddCookies -- CookieSpec selected: ignoreCookies
19:46:24.880 [main] DEBUG org.apache.http.client.protocol.RequestAuthCache -- Auth cache not set in the context
19:46:24.880 [main] DEBUG org.apache.http.client.protocol.RequestTargetAuthentication -- Target auth state: UNCHALLENGED
19:46:24.880 [main] DEBUG org.apache.http.client.protocol.RequestProxyAuthentication -- Proxy auth state: UNCHALLENGED
19:46:24.880 [main] DEBUG org.apache.http.impl.client.DefaultHttpClient -- Attempt 1 to execute request
19:46:24.880 [main] DEBUG org.apache.http.impl.conn.DefaultClientConnection -- Sending request: POST /api/auth/login HTTP/1.1
19:46:24.880 [main] DEBUG org.apache.http.wire --  >> "POST /api/auth/login HTTP/1.1[\r][\n]"
19:46:24.880 [main] DEBUG org.apache.http.wire --  >> "Accept: */*[\r][\n]"
19:46:24.881 [main] DEBUG org.apache.http.wire --  >> "Content-Type: application/json[\r][\n]"
19:46:24.881 [main] DEBUG org.apache.http.wire --  >> "Content-Length: 48[\r][\n]"
19:46:24.881 [main] DEBUG org.apache.http.wire --  >> "Host: altashop-api.fly.dev[\r][\n]"
19:46:24.881 [main] DEBUG org.apache.http.wire --  >> "Connection: Keep-Alive[\r][\n]"
19:46:24.881 [main] DEBUG org.apache.http.wire --  >> "User-Agent: Apache-HttpClient/4.5.13 (Java/19.0.2)[\r][\n]"
19:46:24.881 [main] DEBUG org.apache.http.wire --  >> "Accept-Encoding: gzip,deflate[\r][\n]"
19:46:24.881 [main] DEBUG org.apache.http.wire --  >> "[\r][\n]"
19:46:24.881 [main] DEBUG org.apache.http.headers -- >> POST /api/auth/login HTTP/1.1
19:46:24.881 [main] DEBUG org.apache.http.headers -- >> Accept: */*
19:46:24.881 [main] DEBUG org.apache.http.headers -- >> Content-Type: application/json
19:46:24.881 [main] DEBUG org.apache.http.headers -- >> Content-Length: 48
19:46:24.881 [main] DEBUG org.apache.http.headers -- >> Host: altashop-api.fly.dev
19:46:24.881 [main] DEBUG org.apache.http.headers -- >> Connection: Keep-Alive
19:46:24.881 [main] DEBUG org.apache.http.headers -- >> User-Agent: Apache-HttpClient/4.5.13 (Java/19.0.2)
19:46:24.881 [main] DEBUG org.apache.http.headers -- >> Accept-Encoding: gzip,deflate
19:46:24.881 [main] DEBUG org.apache.http.wire --  >> "{"password":"123123","email":"someone@mail.com"}"
19:46:24.905 [main] DEBUG org.apache.http.wire --  << "HTTP/1.1 200 OK[\r][\n]"
19:46:24.905 [main] DEBUG org.apache.http.wire --  << "content-type: application/json[\r][\n]"
19:46:24.905 [main] DEBUG org.apache.http.wire --  << "date: Wed, 03 May 2023 12:46:53 GMT[\r][\n]"
19:46:24.905 [main] DEBUG org.apache.http.wire --  << "content-encoding: gzip[\r][\n]"
19:46:24.905 [main] DEBUG org.apache.http.wire --  << "transfer-encoding: chunked[\r][\n]"
19:46:24.905 [main] DEBUG org.apache.http.wire --  << "server: Fly/199ec4d3 (2023-04-25)[\r][\n]"
19:46:24.905 [main] DEBUG org.apache.http.wire --  << "via: 1.1 fly.io[\r][\n]"
19:46:24.905 [main] DEBUG org.apache.http.wire --  << "fly-request-id: 01GZGTDESJJNXXA1HRR2GS1538-sin[\r][\n]"
19:46:24.905 [main] DEBUG org.apache.http.wire --  << "[\r][\n]"
19:46:24.905 [main] DEBUG org.apache.http.impl.conn.DefaultClientConnection -- Receiving response: HTTP/1.1 200 OK
19:46:24.905 [main] DEBUG org.apache.http.headers -- << HTTP/1.1 200 OK
19:46:24.905 [main] DEBUG org.apache.http.headers -- << content-type: application/json
19:46:24.905 [main] DEBUG org.apache.http.headers -- << date: Wed, 03 May 2023 12:46:53 GMT
19:46:24.905 [main] DEBUG org.apache.http.headers -- << content-encoding: gzip
19:46:24.905 [main] DEBUG org.apache.http.headers -- << transfer-encoding: chunked
19:46:24.905 [main] DEBUG org.apache.http.headers -- << server: Fly/199ec4d3 (2023-04-25)
19:46:24.905 [main] DEBUG org.apache.http.headers -- << via: 1.1 fly.io
19:46:24.905 [main] DEBUG org.apache.http.headers -- << fly-request-id: 01GZGTDESJJNXXA1HRR2GS1538-sin
19:46:24.905 [main] DEBUG org.apache.http.impl.client.DefaultHttpClient -- Connection can be kept alive indefinitely
19:46:24.905 [main] DEBUG io.restassured.internal.RestAssuredHttpBuilder -- Parsing response as: application/json
19:46:24.905 [main] DEBUG org.apache.http.wire --  << "B1[\r][\n]"
19:46:24.905 [main] DEBUG org.apache.http.wire --  << "[0x1f][0x8b][0x8][0x0][0x0][0x0][0x0][0x0][0x4][0xff][0xab]VJI,IT[0xb2]RJ[0xad][0xf4][0xca]HrO[0xce][0xf4][0xcf][0xf4][0xf2][0xc][0xad][0xf2]4[0xf4][0xcb][0xf4],[0xf6][0xcc][0xb]2Mv[0xf6]4[0xf3][0xcc].[0x88][0x8]s[0xf6][0xb2][0xd4]K[0xad][0xf4]rO[0x9][0xaf](N[0xca]u+[0x89][\n]"
19:46:24.906 [main] DEBUG org.apache.http.wire --  << "[0x6]ID[0x15]$[0xe7][0xf9][0x19]@[0xf8]N[0xbe][0x91][0x11]0[0xb6]g[0xb1]gvXIdxN[0xb1]gV~f[0xb2][0x91]eIT[0xb8]eiT[0xa8][0x13]X[0xcc]'[0xd7][0xaf],)[0xd8][0xcb]R/[0xc9][0xbd] [0xca][0xcf]%[0xdd],[0xd2][0xa3][0xc4];'[0xc4][0xad][0xdc]<[0xbe][0xb2][0xb4]2[0xcf]8[0xd8][0xd1][0xd3]97[0xad],[0xc5]3[0xcc][0xb0]2[0xc2]<[0xd7][0xd3][0xbb]([0xa4]\[0xa9][0x96][0xb][0x0]H[0xcf][0xad]/[0xad][0x0][0x0][0x0]"
19:46:24.906 [main] DEBUG org.apache.http.wire --  << "[\r][\n]"
19:46:24.906 [main] DEBUG org.apache.http.wire --  << "0[\r][\n]"
19:46:24.906 [main] DEBUG org.apache.http.wire --  << "[\r][\n]"
19:46:24.906 [main] DEBUG io.restassured.internal.RestAssuredHttpBuilder -- Parsed data to instance of: class org.apache.http.conn.EofSensorInputStream
19:46:24.908 [main] DEBUG org.apache.http.impl.conn.BasicClientConnectionManager -- Releasing connection org.apache.http.impl.conn.ManagedClientConnectionImpl@71418a4a
19:46:24.908 [main] DEBUG org.apache.http.impl.conn.BasicClientConnectionManager -- Connection can be kept alive indefinitely
19:46:24.908 [main] DEBUG net.thucydides.core.steps.StepInterceptor -- STEP DONE: user send POST HTTP request with valid data
  &amp#27;[32mWhen &amp#27;[0m&amp#27;[32muser send POST HTTP request with valid data&amp#27;[0m            &amp#27;[90m# starter.stepdefinitions.UserSteps.userSendPOSTHTTPRequestWithValidData()&amp#27;[0m
19:46:24.911 [main] DEBUG net.thucydides.core.steps.StepInterceptor -- STARTING STEP: UserSteps.userSeeStatusCode - user see status code 200
19:46:24.912 [main] DEBUG net.thucydides.core.steps.StepInterceptor -- STEP DONE: user see status code 200
  &amp#27;[32mThen &amp#27;[0m&amp#27;[32muser see status code 200&amp#27;[0m                               &amp#27;[90m# starter.stepdefinitions.UserSteps.userSeeStatusCode()&amp#27;[0m
19:46:24.917 [main] DEBUG net.thucydides.core.steps.StepInterceptor -- STARTING STEP: UserSteps.getValidData - get valid data
19:46:25.043 [main] DEBUG net.thucydides.core.steps.StepInterceptor -- STEP DONE: get valid data
  &amp#27;[32mAnd &amp#27;[0m&amp#27;[32mget valid data&amp#27;[0m                                          &amp#27;[90m# starter.stepdefinitions.UserSteps.getValidData()&amp#27;[0m
19:46:25.046 [main] INFO  -- 
  _____   ___   ___   _____     ___     _     ___   ___   ___   ___  
 |_   _| | __| / __| |_   _|   | _ \   /_\   / __| / __| | __| |   \ 
   | |   | _|  \__ \   | |     |  _/  / _ \  \__ \ \__ \ | _|  | |) |
   |_|   |___| |___/   |_|     |_|   /_/ \_\ |___/ |___/ |___| |___/ 

POST - As a user I success to login with valid data
----------------------------------------------------------------------
]]></system-out>
  </testcase>
  <testcase name="POST - As a user i want to login with invalid data" classname="As user I want to see home page So that i can buy product" time="0.701">
    <system-out><![CDATA[
@Login
Scenario: POST - As a user i want to login with invalid data &amp#27;[90m# src/test/resources/features/login.feature:10&amp#27;[0m
19:46:25.062 [main] DEBUG io.cucumber.core.plugin.SerenityReporter -- Running feature from file:///C:/Users/Admin/IdeaProjects/miniproject-api/src/test/resources/features/login.feature
19:46:25.066 [main] INFO  -- 
  _____   ___   ___   _____     ___   _____     _     ___   _____   ___   ___  
 |_   _| | __| / __| |_   _|   / __| |_   _|   /_\   | _ \ |_   _| | __| |   \ 
   | |   | _|  \__ \   | |     \__ \   | |    / _ \  |   /   | |   | _|  | |) |
   |_|   |___| |___/   |_|     |___/   |_|   /_/ \_\ |_|_\   |_|   |___| |___/ 

POST - As a user i want to login with invalid data(as-user-i-want-to-see-home-page-so-that-i-can-buy-product;post---as-a-user-i-want-to-login-with-invalid-data)
--------------------------------------------------------------------------------
19:46:25.104 [main] DEBUG net.thucydides.core.steps.StepInterceptor -- STARTING STEP: UserSteps.userSetEndpointForLogin - user set endpoint for login
19:46:25.104 [main] DEBUG net.thucydides.core.steps.StepInterceptor -- STEP DONE: user set endpoint for login
  &amp#27;[32mGiven &amp#27;[0m&amp#27;[32muser set endpoint for login&amp#27;[0m                          &amp#27;[90m# starter.stepdefinitions.UserSteps.userSetEndpointForLogin()&amp#27;[0m
19:46:25.108 [main] DEBUG net.thucydides.core.steps.StepInterceptor -- STARTING STEP: UserSteps.userSendPOSTHTTPRequestWithInvalidData - user send POST HTTP request with invalid data
19:46:25.112 [main] DEBUG net.thucydides.core.steps.StepInterceptor -- STARTING STEP: Authentication_Login_Post.userSendPOSTHTTPRequestWithInvalidData - user set endpoint for login
19:46:25.112 [main] DEBUG net.thucydides.core.steps.StepInterceptor -- STEP DONE: user set endpoint for login
19:46:25.192 [main] DEBUG org.apache.http.impl.conn.BasicClientConnectionManager -- Get connection for route {s}->https://altashop-api.fly.dev:443
19:46:25.192 [main] DEBUG org.apache.http.impl.conn.DefaultClientConnectionOperator -- Connecting to altashop-api.fly.dev:443
19:46:25.238 [main] DEBUG org.apache.http.client.protocol.RequestAddCookies -- CookieSpec selected: ignoreCookies
19:46:25.238 [main] DEBUG org.apache.http.client.protocol.RequestAuthCache -- Auth cache not set in the context
19:46:25.238 [main] DEBUG org.apache.http.client.protocol.RequestTargetAuthentication -- Target auth state: UNCHALLENGED
19:46:25.239 [main] DEBUG org.apache.http.client.protocol.RequestProxyAuthentication -- Proxy auth state: UNCHALLENGED
19:46:25.239 [main] DEBUG org.apache.http.impl.client.DefaultHttpClient -- Attempt 1 to execute request
19:46:25.239 [main] DEBUG org.apache.http.impl.conn.DefaultClientConnection -- Sending request: POST /api/auth/login HTTP/1.1
19:46:25.239 [main] DEBUG org.apache.http.wire --  >> "POST /api/auth/login HTTP/1.1[\r][\n]"
19:46:25.239 [main] DEBUG org.apache.http.wire --  >> "Accept: */*[\r][\n]"
19:46:25.239 [main] DEBUG org.apache.http.wire --  >> "Content-Type: application/json[\r][\n]"
19:46:25.239 [main] DEBUG org.apache.http.wire --  >> "Content-Length: 55[\r][\n]"
19:46:25.239 [main] DEBUG org.apache.http.wire --  >> "Host: altashop-api.fly.dev[\r][\n]"
19:46:25.239 [main] DEBUG org.apache.http.wire --  >> "Connection: Keep-Alive[\r][\n]"
19:46:25.239 [main] DEBUG org.apache.http.wire --  >> "User-Agent: Apache-HttpClient/4.5.13 (Java/19.0.2)[\r][\n]"
19:46:25.239 [main] DEBUG org.apache.http.wire --  >> "Accept-Encoding: gzip,deflate[\r][\n]"
19:46:25.239 [main] DEBUG org.apache.http.wire --  >> "[\r][\n]"
19:46:25.239 [main] DEBUG org.apache.http.headers -- >> POST /api/auth/login HTTP/1.1
19:46:25.239 [main] DEBUG org.apache.http.headers -- >> Accept: */*
19:46:25.239 [main] DEBUG org.apache.http.headers -- >> Content-Type: application/json
19:46:25.239 [main] DEBUG org.apache.http.headers -- >> Content-Length: 55
19:46:25.239 [main] DEBUG org.apache.http.headers -- >> Host: altashop-api.fly.dev
19:46:25.239 [main] DEBUG org.apache.http.headers -- >> Connection: Keep-Alive
19:46:25.239 [main] DEBUG org.apache.http.headers -- >> User-Agent: Apache-HttpClient/4.5.13 (Java/19.0.2)
19:46:25.239 [main] DEBUG org.apache.http.headers -- >> Accept-Encoding: gzip,deflate
19:46:25.239 [main] DEBUG org.apache.http.wire --  >> "{"password":"passwordSalah","email":"someone@mail.com"}"
19:46:25.262 [main] DEBUG org.apache.http.wire --  << "HTTP/1.1 400 Bad Request[\r][\n]"
19:46:25.262 [main] DEBUG org.apache.http.wire --  << "content-type: application/json[\r][\n]"
19:46:25.262 [main] DEBUG org.apache.http.wire --  << "date: Wed, 03 May 2023 12:46:53 GMT[\r][\n]"
19:46:25.262 [main] DEBUG org.apache.http.wire --  << "content-encoding: gzip[\r][\n]"
19:46:25.262 [main] DEBUG org.apache.http.wire --  << "transfer-encoding: chunked[\r][\n]"
19:46:25.262 [main] DEBUG org.apache.http.wire --  << "server: Fly/199ec4d3 (2023-04-25)[\r][\n]"
19:46:25.262 [main] DEBUG org.apache.http.wire --  << "via: 1.1 fly.io[\r][\n]"
19:46:25.262 [main] DEBUG org.apache.http.wire --  << "fly-request-id: 01GZGTDF4QTW843Y9T0888R446-sin[\r][\n]"
19:46:25.262 [main] DEBUG org.apache.http.wire --  << "[\r][\n]"
19:46:25.262 [main] DEBUG org.apache.http.impl.conn.DefaultClientConnection -- Receiving response: HTTP/1.1 400 Bad Request
19:46:25.262 [main] DEBUG org.apache.http.headers -- << HTTP/1.1 400 Bad Request
19:46:25.262 [main] DEBUG org.apache.http.headers -- << content-type: application/json
19:46:25.262 [main] DEBUG org.apache.http.headers -- << date: Wed, 03 May 2023 12:46:53 GMT
19:46:25.262 [main] DEBUG org.apache.http.headers -- << content-encoding: gzip
19:46:25.262 [main] DEBUG org.apache.http.headers -- << transfer-encoding: chunked
19:46:25.262 [main] DEBUG org.apache.http.headers -- << server: Fly/199ec4d3 (2023-04-25)
19:46:25.262 [main] DEBUG org.apache.http.headers -- << via: 1.1 fly.io
19:46:25.262 [main] DEBUG org.apache.http.headers -- << fly-request-id: 01GZGTDF4QTW843Y9T0888R446-sin
19:46:25.262 [main] DEBUG org.apache.http.impl.client.DefaultHttpClient -- Connection can be kept alive indefinitely
19:46:25.262 [main] DEBUG io.restassured.internal.RestAssuredHttpBuilder -- Parsing response as: application/json
19:46:25.263 [main] DEBUG org.apache.http.wire --  << "3D[\r][\n]"
19:46:25.263 [main] DEBUG org.apache.http.wire --  << "[0x1f][0x8b][0x8][0x0][0x0][0x0][0x0][0x0][0x4][0xff][0xab]VJ-*[0xca]/R[0xb2]RJ[0xcd]M[0xcc][0xcc]Q[0xc8]/R(H,..[0xcf]/JQ[0xc8],V[0xc8][0xcc]+K[0xcc][0xc9]LQ[0xaa][0xe5][0x2][0x0][0xc0][0xad][0xff][0xb])[0x0][0x0][0x0]"
19:46:25.263 [main] DEBUG org.apache.http.wire --  << "[\r][\n]"
19:46:25.263 [main] DEBUG org.apache.http.wire --  << "0[\r][\n]"
19:46:25.263 [main] DEBUG org.apache.http.wire --  << "[\r][\n]"
19:46:25.263 [main] DEBUG io.restassured.internal.RestAssuredHttpBuilder -- Parsed data to instance of: class org.apache.http.conn.EofSensorInputStream
19:46:25.264 [main] DEBUG org.apache.http.impl.conn.BasicClientConnectionManager -- Releasing connection org.apache.http.impl.conn.ManagedClientConnectionImpl@37d81587
19:46:25.264 [main] DEBUG org.apache.http.impl.conn.BasicClientConnectionManager -- Connection can be kept alive indefinitely
19:46:25.265 [main] DEBUG net.thucydides.core.steps.StepInterceptor -- STEP DONE: user send POST HTTP request with invalid data
  &amp#27;[32mWhen &amp#27;[0m&amp#27;[32muser send POST HTTP request with invalid data&amp#27;[0m         &amp#27;[90m# starter.stepdefinitions.UserSteps.userSendPOSTHTTPRequestWithInvalidData()&amp#27;[0m
19:46:25.268 [main] DEBUG net.thucydides.core.steps.StepInterceptor -- STARTING STEP: UserSteps.userSeeStatusCode400 - user see status code 400
19:46:25.269 [main] DEBUG net.thucydides.core.steps.StepInterceptor -- STEP DONE: user see status code 400
  &amp#27;[32mThen &amp#27;[0m&amp#27;[32muser see status code 400&amp#27;[0m                              &amp#27;[90m# starter.stepdefinitions.UserSteps.userSeeStatusCode400()&amp#27;[0m
19:46:25.272 [main] DEBUG net.thucydides.core.steps.StepInterceptor -- STARTING STEP: UserSteps.userGetErrorMessage - user get error message
19:46:25.746 [main] DEBUG net.thucydides.core.steps.StepInterceptor -- STEP DONE: user get error message
  &amp#27;[32mAnd &amp#27;[0m&amp#27;[32muser get error message&amp#27;[0m                                 &amp#27;[90m# starter.stepdefinitions.UserSteps.userGetErrorMessage()&amp#27;[0m
19:46:25.751 [main] INFO  -- 
  _____   ___   ___   _____     ___     _     ___   ___   ___   ___  
 |_   _| | __| / __| |_   _|   | _ \   /_\   / __| / __| | __| |   \ 
   | |   | _|  \__ \   | |     |  _/  / _ \  \__ \ \__ \ | _|  | |) |
   |_|   |___| |___/   |_|     |_|   /_/ \_\ |___/ |___/ |___| |___/ 

POST - As a user i want to login with invalid data
----------------------------------------------------------------------
]]></system-out>
  </testcase>
  <testcase name="POST - As a user I want to create a new order" classname="As user i want to test order on website" time="0.296">
    <system-out><![CDATA[19:46:25.753 [main] DEBUG io.cucumber.core.plugin.SerenityReporter -- Running feature from file:///C:/Users/Admin/IdeaProjects/miniproject-api/src/test/resources/features/orders.feature
19:46:25.760 [main] DEBUG net.thucydides.core.steps.StepEventBus -- Test suite started for story net.thucydides.core.model.Story@15d4afc6
19:46:25.761 [main] INFO  -- Test Suite Started: As user i want to test order on website

@Orders
Scenario: POST - As a user I want to create a new order &amp#27;[90m# src/test/resources/features/orders.feature:4&amp#27;[0m
19:46:25.775 [main] DEBUG io.cucumber.core.plugin.SerenityReporter -- Running feature from file:///C:/Users/Admin/IdeaProjects/miniproject-api/src/test/resources/features/orders.feature
19:46:25.778 [main] INFO  -- 
  _____   ___   ___   _____     ___   _____     _     ___   _____   ___   ___  
 |_   _| | __| / __| |_   _|   / __| |_   _|   /_\   | _ \ |_   _| | __| |   \ 
   | |   | _|  \__ \   | |     \__ \   | |    / _ \  |   /   | |   | _|  | |) |
   |_|   |___| |___/   |_|     |___/   |_|   /_/ \_\ |_|_\   |_|   |___| |___/ 

POST - As a user I want to create a new order(as-user-i-want-to-test-order-on-website;post---as-a-user-i-want-to-create-a-new-order)
--------------------------------------------------------------------------------
19:46:25.813 [main] DEBUG net.thucydides.core.steps.StepInterceptor -- STARTING STEP: UserSteps.userSetEndpointForOrder - user set endpoint for order
19:46:25.813 [main] DEBUG net.thucydides.core.steps.StepInterceptor -- STEP DONE: user set endpoint for order
  &amp#27;[32mGiven &amp#27;[0m&amp#27;[32muser set endpoint for order&amp#27;[0m                     &amp#27;[90m# starter.stepdefinitions.UserSteps.userSetEndpointForOrder()&amp#27;[0m
19:46:25.819 [main] DEBUG net.thucydides.core.steps.StepInterceptor -- STARTING STEP: UserSteps.userSuccessLoginWithValidAccount - user success login with valid account
19:46:25.843 [main] DEBUG org.apache.http.impl.conn.BasicClientConnectionManager -- Get connection for route {s}->https://altashop-api.fly.dev:443
19:46:25.844 [main] DEBUG org.apache.http.impl.conn.DefaultClientConnectionOperator -- Connecting to altashop-api.fly.dev:443
19:46:25.889 [main] DEBUG org.apache.http.client.protocol.RequestAddCookies -- CookieSpec selected: ignoreCookies
19:46:25.889 [main] DEBUG org.apache.http.client.protocol.RequestAuthCache -- Auth cache not set in the context
19:46:25.889 [main] DEBUG org.apache.http.client.protocol.RequestTargetAuthentication -- Target auth state: UNCHALLENGED
19:46:25.889 [main] DEBUG org.apache.http.client.protocol.RequestProxyAuthentication -- Proxy auth state: UNCHALLENGED
19:46:25.889 [main] DEBUG org.apache.http.impl.client.DefaultHttpClient -- Attempt 1 to execute request
19:46:25.889 [main] DEBUG org.apache.http.impl.conn.DefaultClientConnection -- Sending request: POST /api/auth/login HTTP/1.1
19:46:25.889 [main] DEBUG org.apache.http.wire --  >> "POST /api/auth/login HTTP/1.1[\r][\n]"
19:46:25.889 [main] DEBUG org.apache.http.wire --  >> "Accept: */*[\r][\n]"
19:46:25.889 [main] DEBUG org.apache.http.wire --  >> "Content-Type: application/json[\r][\n]"
19:46:25.889 [main] DEBUG org.apache.http.wire --  >> "Content-Length: 48[\r][\n]"
19:46:25.889 [main] DEBUG org.apache.http.wire --  >> "Host: altashop-api.fly.dev[\r][\n]"
19:46:25.889 [main] DEBUG org.apache.http.wire --  >> "Connection: Keep-Alive[\r][\n]"
19:46:25.889 [main] DEBUG org.apache.http.wire --  >> "User-Agent: Apache-HttpClient/4.5.13 (Java/19.0.2)[\r][\n]"
19:46:25.889 [main] DEBUG org.apache.http.wire --  >> "Accept-Encoding: gzip,deflate[\r][\n]"
19:46:25.889 [main] DEBUG org.apache.http.wire --  >> "[\r][\n]"
19:46:25.889 [main] DEBUG org.apache.http.headers -- >> POST /api/auth/login HTTP/1.1
19:46:25.889 [main] DEBUG org.apache.http.headers -- >> Accept: */*
19:46:25.889 [main] DEBUG org.apache.http.headers -- >> Content-Type: application/json
19:46:25.889 [main] DEBUG org.apache.http.headers -- >> Content-Length: 48
19:46:25.890 [main] DEBUG org.apache.http.headers -- >> Host: altashop-api.fly.dev
19:46:25.890 [main] DEBUG org.apache.http.headers -- >> Connection: Keep-Alive
19:46:25.890 [main] DEBUG org.apache.http.headers -- >> User-Agent: Apache-HttpClient/4.5.13 (Java/19.0.2)
19:46:25.890 [main] DEBUG org.apache.http.headers -- >> Accept-Encoding: gzip,deflate
19:46:25.890 [main] DEBUG org.apache.http.wire --  >> "{"password":"123123","email":"someone@mail.com"}"
19:46:25.911 [main] DEBUG org.apache.http.wire --  << "HTTP/1.1 200 OK[\r][\n]"
19:46:25.911 [main] DEBUG org.apache.http.wire --  << "content-type: application/json[\r][\n]"
19:46:25.911 [main] DEBUG org.apache.http.wire --  << "date: Wed, 03 May 2023 12:46:54 GMT[\r][\n]"
19:46:25.911 [main] DEBUG org.apache.http.wire --  << "content-encoding: gzip[\r][\n]"
19:46:25.911 [main] DEBUG org.apache.http.wire --  << "transfer-encoding: chunked[\r][\n]"
19:46:25.911 [main] DEBUG org.apache.http.wire --  << "server: Fly/199ec4d3 (2023-04-25)[\r][\n]"
19:46:25.911 [main] DEBUG org.apache.http.wire --  << "via: 1.1 fly.io[\r][\n]"
19:46:25.911 [main] DEBUG org.apache.http.wire --  << "fly-request-id: 01GZGTDFS1E82W5TB2C6Q0FCHH-sin[\r][\n]"
19:46:25.911 [main] DEBUG org.apache.http.wire --  << "[\r][\n]"
19:46:25.911 [main] DEBUG org.apache.http.impl.conn.DefaultClientConnection -- Receiving response: HTTP/1.1 200 OK
19:46:25.911 [main] DEBUG org.apache.http.headers -- << HTTP/1.1 200 OK
19:46:25.911 [main] DEBUG org.apache.http.headers -- << content-type: application/json
19:46:25.911 [main] DEBUG org.apache.http.headers -- << date: Wed, 03 May 2023 12:46:54 GMT
19:46:25.911 [main] DEBUG org.apache.http.headers -- << content-encoding: gzip
19:46:25.911 [main] DEBUG org.apache.http.headers -- << transfer-encoding: chunked
19:46:25.911 [main] DEBUG org.apache.http.headers -- << server: Fly/199ec4d3 (2023-04-25)
19:46:25.911 [main] DEBUG org.apache.http.headers -- << via: 1.1 fly.io
19:46:25.911 [main] DEBUG org.apache.http.headers -- << fly-request-id: 01GZGTDFS1E82W5TB2C6Q0FCHH-sin
19:46:25.911 [main] DEBUG org.apache.http.impl.client.DefaultHttpClient -- Connection can be kept alive indefinitely
19:46:25.911 [main] DEBUG io.restassured.internal.RestAssuredHttpBuilder -- Parsing response as: application/json
19:46:25.911 [main] DEBUG org.apache.http.wire --  << "B1[\r][\n]"
19:46:25.911 [main] DEBUG org.apache.http.wire --  << "[0x1f][0x8b][0x8][0x0][0x0][0x0][0x0][0x0][0x4][0xff][0xab]VJI,IT[0xb2]RJ[0xad][0xf4][0xca]HrO[0xce][0xf4][0xcf][0xf4][0xf2][0xc][0xad][0xf2]4[0xf4][0xcb][0xf4],[0xf6][0xcc][0xb]2Mv[0xf6]4[0xf3][0xcc].[0x88][0x8]s[0xf6][0xb2][0xd4]K[0xad][0xf4]rO[0x9][0xaf](N[0xca]u+[0x89][\n]"
19:46:25.911 [main] DEBUG org.apache.http.wire --  << "[0x6]ID[0x15]$[0xe7][0xf9][0x19]@[0xf8]N[0xbe][0x91][0x11]0[0xb6]g[0xb1]gvXIdxN[0xb1]gV~f[0xb2][0x91]eIT[0xb8]eiT[0xa8][0x13]X[0xcc]'[0xd7][0xaf],)[0xd8][0xcb]R/[0xc9][0xbd] [0xca][0xcf]%[0xdd],[0xd2][0xa3][0xc4];'[0xc4][0xad][0xdc]<[0xbe][0xb2][0xb4]2[0xcf]8[0xd8][0xd1][0xd3]97[0xad],[0xc5]3[0xcc][0xb0]2[0xc2]<[0xd7][0xd3][0xbb]([0xa4]\[0xa9][0x96][0xb][0x0]H[0xcf][0xad]/[0xad][0x0][0x0][0x0]"
19:46:25.911 [main] DEBUG org.apache.http.wire --  << "[\r][\n]"
19:46:25.911 [main] DEBUG org.apache.http.wire --  << "0[\r][\n]"
19:46:25.911 [main] DEBUG org.apache.http.wire --  << "[\r][\n]"
19:46:25.912 [main] DEBUG io.restassured.internal.RestAssuredHttpBuilder -- Parsed data to instance of: class org.apache.http.conn.EofSensorInputStream
19:46:25.913 [main] DEBUG org.apache.http.impl.conn.BasicClientConnectionManager -- Releasing connection org.apache.http.impl.conn.ManagedClientConnectionImpl@1f7557fe
19:46:25.913 [main] DEBUG org.apache.http.impl.conn.BasicClientConnectionManager -- Connection can be kept alive indefinitely
19:46:25.940 [main] DEBUG net.thucydides.core.steps.StepInterceptor -- STEP DONE: user success login with valid account
  &amp#27;[32mAnd &amp#27;[0m&amp#27;[32muser success login with valid account&amp#27;[0m             &amp#27;[90m# starter.stepdefinitions.UserSteps.userSuccessLoginWithValidAccount()&amp#27;[0m
19:46:25.943 [main] DEBUG net.thucydides.core.steps.StepInterceptor -- STARTING STEP: UserSteps.userInputTokenInAuthorization - user input token in authorization
19:46:25.945 [main] DEBUG net.thucydides.core.steps.StepInterceptor -- STARTING STEP: Orders.userInputTokenInAuthorization - user set endpoint for order
19:46:25.945 [main] DEBUG net.thucydides.core.steps.StepInterceptor -- STEP DONE: user set endpoint for order
19:46:25.973 [main] DEBUG org.apache.http.impl.conn.BasicClientConnectionManager -- Get connection for route {s}->https://altashop-api.fly.dev:443
19:46:25.973 [main] DEBUG org.apache.http.impl.conn.DefaultClientConnectionOperator -- Connecting to altashop-api.fly.dev:443
19:46:26.015 [main] DEBUG org.apache.http.client.protocol.RequestAddCookies -- CookieSpec selected: ignoreCookies
19:46:26.015 [main] DEBUG org.apache.http.client.protocol.RequestAuthCache -- Auth cache not set in the context
19:46:26.015 [main] DEBUG org.apache.http.client.protocol.RequestProxyAuthentication -- Proxy auth state: UNCHALLENGED
19:46:26.015 [main] DEBUG org.apache.http.impl.client.DefaultHttpClient -- Attempt 1 to execute request
19:46:26.015 [main] DEBUG org.apache.http.impl.conn.DefaultClientConnection -- Sending request: POST /api/orders HTTP/1.1
19:46:26.015 [main] DEBUG org.apache.http.wire --  >> "POST /api/orders HTTP/1.1[\r][\n]"
19:46:26.015 [main] DEBUG org.apache.http.wire --  >> "Authorization: Bearer eyJhbGciOiJIUzI1NiIsInR5cCI6IkpXVCJ9.eyJGdWxsbmFtZSI6IkZpcnN0bmFtZSBMYXN0bmFtZSIsIkVtYWlsIjoic29tZW9uZUBtYWlsLmNvbSJ9.bGpZNDg6YHtKlTFw7_yuyn3SAICmfvdIV1yX7mIKrTw[\r][\n]"
19:46:26.015 [main] DEBUG org.apache.http.wire --  >> "Accept: */*[\r][\n]"
19:46:26.016 [main] DEBUG org.apache.http.wire --  >> "Content-Type: text/plain; charset=ISO-8859-1[\r][\n]"
19:46:26.016 [main] DEBUG org.apache.http.wire --  >> "Content-Length: 31[\r][\n]"
19:46:26.016 [main] DEBUG org.apache.http.wire --  >> "Host: altashop-api.fly.dev[\r][\n]"
19:46:26.016 [main] DEBUG org.apache.http.wire --  >> "Connection: Keep-Alive[\r][\n]"
19:46:26.016 [main] DEBUG org.apache.http.wire --  >> "User-Agent: Apache-HttpClient/4.5.13 (Java/19.0.2)[\r][\n]"
19:46:26.016 [main] DEBUG org.apache.http.wire --  >> "Accept-Encoding: gzip,deflate[\r][\n]"
19:46:26.016 [main] DEBUG org.apache.http.wire --  >> "[\r][\n]"
19:46:26.016 [main] DEBUG org.apache.http.headers -- >> POST /api/orders HTTP/1.1
19:46:26.016 [main] DEBUG org.apache.http.headers -- >> Authorization: Bearer eyJhbGciOiJIUzI1NiIsInR5cCI6IkpXVCJ9.eyJGdWxsbmFtZSI6IkZpcnN0bmFtZSBMYXN0bmFtZSIsIkVtYWlsIjoic29tZW9uZUBtYWlsLmNvbSJ9.bGpZNDg6YHtKlTFw7_yuyn3SAICmfvdIV1yX7mIKrTw
19:46:26.016 [main] DEBUG org.apache.http.headers -- >> Accept: */*
19:46:26.016 [main] DEBUG org.apache.http.headers -- >> Content-Type: text/plain; charset=ISO-8859-1
19:46:26.016 [main] DEBUG org.apache.http.headers -- >> Content-Length: 31
19:46:26.016 [main] DEBUG org.apache.http.headers -- >> Host: altashop-api.fly.dev
19:46:26.016 [main] DEBUG org.apache.http.headers -- >> Connection: Keep-Alive
19:46:26.016 [main] DEBUG org.apache.http.headers -- >> User-Agent: Apache-HttpClient/4.5.13 (Java/19.0.2)
19:46:26.016 [main] DEBUG org.apache.http.headers -- >> Accept-Encoding: gzip,deflate
19:46:26.017 [main] DEBUG org.apache.http.wire --  >> "[{"quantity":3,"product_id":1}]"
19:46:26.040 [main] DEBUG org.apache.http.wire --  << "HTTP/1.1 200 OK[\r][\n]"
19:46:26.040 [main] DEBUG org.apache.http.wire --  << "content-type: application/json[\r][\n]"
19:46:26.040 [main] DEBUG org.apache.http.wire --  << "date: Wed, 03 May 2023 12:46:54 GMT[\r][\n]"
19:46:26.041 [main] DEBUG org.apache.http.wire --  << "content-encoding: gzip[\r][\n]"
19:46:26.041 [main] DEBUG org.apache.http.wire --  << "transfer-encoding: chunked[\r][\n]"
19:46:26.041 [main] DEBUG org.apache.http.wire --  << "server: Fly/199ec4d3 (2023-04-25)[\r][\n]"
19:46:26.041 [main] DEBUG org.apache.http.wire --  << "via: 1.1 fly.io[\r][\n]"
19:46:26.041 [main] DEBUG org.apache.http.wire --  << "fly-request-id: 01GZGTDFX1MY6E80TM7W7TY26H-sin[\r][\n]"
19:46:26.041 [main] DEBUG org.apache.http.wire --  << "[\r][\n]"
19:46:26.041 [main] DEBUG org.apache.http.impl.conn.DefaultClientConnection -- Receiving response: HTTP/1.1 200 OK
19:46:26.041 [main] DEBUG org.apache.http.headers -- << HTTP/1.1 200 OK
19:46:26.041 [main] DEBUG org.apache.http.headers -- << content-type: application/json
19:46:26.041 [main] DEBUG org.apache.http.headers -- << date: Wed, 03 May 2023 12:46:54 GMT
19:46:26.041 [main] DEBUG org.apache.http.headers -- << content-encoding: gzip
19:46:26.041 [main] DEBUG org.apache.http.headers -- << transfer-encoding: chunked
19:46:26.041 [main] DEBUG org.apache.http.headers -- << server: Fly/199ec4d3 (2023-04-25)
19:46:26.041 [main] DEBUG org.apache.http.headers -- << via: 1.1 fly.io
19:46:26.041 [main] DEBUG org.apache.http.headers -- << fly-request-id: 01GZGTDFX1MY6E80TM7W7TY26H-sin
19:46:26.041 [main] DEBUG org.apache.http.impl.client.DefaultHttpClient -- Connection can be kept alive indefinitely
19:46:26.041 [main] DEBUG io.restassured.internal.RestAssuredHttpBuilder -- Parsing response as: application/json
19:46:26.041 [main] DEBUG org.apache.http.wire --  << "9D[\r][\n]"
19:46:26.041 [main] DEBUG org.apache.http.wire --  << "[0x1f][0x8b][0x8][0x0][0x0][0x0][0x0][0x0][0x4][0xff][0xab]VJI,IT[0xb2][0x8a][0xae]V[0xf2]tQ[0xb2]2400[0xb3][0xd0]Q[\n]"
19:46:26.041 [main] DEBUG org.apache.http.wire --  << "-N-R[0xb2][0x82][0x8][0x99][0x1b][0x1b][0x9a][0xe9]([0xb9][0x95][0xe6][0xe4][0xe4]%[0xe6][0xa6]*Y)[0xb9]e[0x16][0x15][0x97][0x80][0xd8][\n]"
19:46:26.041 [main] DEBUG org.apache.http.wire --  << ">[0x89][0x10][0x86][0x92][0x8e][0x92]knbf[0x8e][0x92][0x95]Rq~nj~^[0xaa][0x3][0x88][0xab][0x97][0x9c][0x9f][0xab][0xa4][0xa3][0x14][0x90]X\\[0x9e]_[0x94][0xa2]d[0xa5]dhdlhd[0xac]T[0xab][0xa3][0x14]P[0x94][0x9f]R[0x9a]\[0xa2]d[0x95]W[0x9a][0x93][0xa3][0xa3][0x14]X[0x9a][0x98]W[0x92]YR[0xa9]de\[0x1b][[0xcb][0x5][0x0][0xd5][0xc3][0x8b][0x9a][0x96][0x0][0x0][0x0]"
19:46:26.041 [main] DEBUG org.apache.http.wire --  << "[\r][\n]"
19:46:26.041 [main] DEBUG org.apache.http.wire --  << "0[\r][\n]"
19:46:26.041 [main] DEBUG org.apache.http.wire --  << "[\r][\n]"
19:46:26.041 [main] DEBUG io.restassured.internal.RestAssuredHttpBuilder -- Parsed data to instance of: class org.apache.http.conn.EofSensorInputStream
19:46:26.043 [main] DEBUG org.apache.http.impl.conn.BasicClientConnectionManager -- Releasing connection org.apache.http.impl.conn.ManagedClientConnectionImpl@6bfdaed7
19:46:26.043 [main] DEBUG org.apache.http.impl.conn.BasicClientConnectionManager -- Connection can be kept alive indefinitely
19:46:26.043 [main] DEBUG net.thucydides.core.steps.StepInterceptor -- STEP DONE: user input token in authorization
  &amp#27;[32mWhen &amp#27;[0m&amp#27;[32muser input token in authorization&amp#27;[0m                &amp#27;[90m# starter.stepdefinitions.UserSteps.userInputTokenInAuthorization()&amp#27;[0m
19:46:26.046 [main] DEBUG net.thucydides.core.steps.StepInterceptor -- STARTING STEP: UserSteps.userSeeStatusCode - user see status code 200
19:46:26.048 [main] DEBUG net.thucydides.core.steps.StepInterceptor -- STEP DONE: user see status code 200
  &amp#27;[32mThen &amp#27;[0m&amp#27;[32muser see status code 200&amp#27;[0m                         &amp#27;[90m# starter.stepdefinitions.UserSteps.userSeeStatusCode()&amp#27;[0m
19:46:26.052 [main] DEBUG net.thucydides.core.steps.StepInterceptor -- STARTING STEP: UserSteps.userSeeNewOrderResponse - user see new order response
19:46:26.054 [main] DEBUG net.thucydides.core.steps.StepInterceptor -- STEP DONE: user see new order response
  &amp#27;[32mAnd &amp#27;[0m&amp#27;[32muser see new order response&amp#27;[0m                       &amp#27;[90m# starter.stepdefinitions.UserSteps.userSeeNewOrderResponse()&amp#27;[0m
19:46:26.056 [main] INFO  -- 
  _____   ___   ___   _____     ___     _     ___   ___   ___   ___  
 |_   _| | __| / __| |_   _|   | _ \   /_\   / __| / __| | __| |   \ 
   | |   | _|  \__ \   | |     |  _/  / _ \  \__ \ \__ \ | _|  | |) |
   |_|   |___| |___/   |_|     |_|   /_/ \_\ |___/ |___/ |___| |___/ 

POST - As a user I want to create a new order
----------------------------------------------------------------------
]]></system-out>
  </testcase>
  <testcase name="GET - As a user I want to list all my order" classname="As user i want to test order on website" time="0.714">
    <system-out><![CDATA[
@Orders
Scenario: GET - As a user I want to list all my order &amp#27;[90m# src/test/resources/features/orders.feature:11&amp#27;[0m
19:46:26.066 [main] DEBUG io.cucumber.core.plugin.SerenityReporter -- Running feature from file:///C:/Users/Admin/IdeaProjects/miniproject-api/src/test/resources/features/orders.feature
19:46:26.071 [main] INFO  -- 
  _____   ___   ___   _____     ___   _____     _     ___   _____   ___   ___  
 |_   _| | __| / __| |_   _|   / __| |_   _|   /_\   | _ \ |_   _| | __| |   \ 
   | |   | _|  \__ \   | |     \__ \   | |    / _ \  |   /   | |   | _|  | |) |
   |_|   |___| |___/   |_|     |___/   |_|   /_/ \_\ |_|_\   |_|   |___| |___/ 

GET - As a user I want to list all my order(as-user-i-want-to-test-order-on-website;get---as-a-user-i-want-to-list-all-my-order)
--------------------------------------------------------------------------------
19:46:26.095 [main] DEBUG net.thucydides.core.steps.StepInterceptor -- STARTING STEP: UserSteps.userSetEndpointForOrder - user set endpoint for order
19:46:26.095 [main] DEBUG net.thucydides.core.steps.StepInterceptor -- STEP DONE: user set endpoint for order
  &amp#27;[32mGiven &amp#27;[0m&amp#27;[32muser set endpoint for order&amp#27;[0m                   &amp#27;[90m# starter.stepdefinitions.UserSteps.userSetEndpointForOrder()&amp#27;[0m
19:46:26.100 [main] DEBUG net.thucydides.core.steps.StepInterceptor -- STARTING STEP: UserSteps.userSendRequestToEndpointOrder - user send request to endpoint order
19:46:26.102 [main] DEBUG net.thucydides.core.steps.StepInterceptor -- STARTING STEP: Orders.userSendRequestToEndpointOrder - user set endpoint for order
19:46:26.102 [main] DEBUG net.thucydides.core.steps.StepInterceptor -- STEP DONE: user set endpoint for order
19:46:26.121 [main] DEBUG org.apache.http.impl.conn.BasicClientConnectionManager -- Get connection for route {s}->https://altashop-api.fly.dev:443
19:46:26.122 [main] DEBUG org.apache.http.impl.conn.DefaultClientConnectionOperator -- Connecting to altashop-api.fly.dev:443
19:46:26.169 [main] DEBUG org.apache.http.client.protocol.RequestAddCookies -- CookieSpec selected: ignoreCookies
19:46:26.169 [main] DEBUG org.apache.http.client.protocol.RequestAuthCache -- Auth cache not set in the context
19:46:26.169 [main] DEBUG org.apache.http.client.protocol.RequestProxyAuthentication -- Proxy auth state: UNCHALLENGED
19:46:26.169 [main] DEBUG org.apache.http.impl.client.DefaultHttpClient -- Attempt 1 to execute request
19:46:26.169 [main] DEBUG org.apache.http.impl.conn.DefaultClientConnection -- Sending request: GET /api/orders HTTP/1.1
19:46:26.169 [main] DEBUG org.apache.http.wire --  >> "GET /api/orders HTTP/1.1[\r][\n]"
19:46:26.169 [main] DEBUG org.apache.http.wire --  >> "Authorization: Bearer eyJhbGciOiJIUzI1NiIsInR5cCI6IkpXVCJ9.eyJGdWxsbmFtZSI6IkZpcnN0bmFtZSBMYXN0bmFtZSIsIkVtYWlsIjoic29tZW9uZUBtYWlsLmNvbSJ9.bGpZNDg6YHtKlTFw7_yuyn3SAICmfvdIV1yX7mIKrTw[\r][\n]"
19:46:26.169 [main] DEBUG org.apache.http.wire --  >> "Accept: */*[\r][\n]"
19:46:26.169 [main] DEBUG org.apache.http.wire --  >> "Host: altashop-api.fly.dev[\r][\n]"
19:46:26.169 [main] DEBUG org.apache.http.wire --  >> "Connection: Keep-Alive[\r][\n]"
19:46:26.169 [main] DEBUG org.apache.http.wire --  >> "User-Agent: Apache-HttpClient/4.5.13 (Java/19.0.2)[\r][\n]"
19:46:26.169 [main] DEBUG org.apache.http.wire --  >> "Accept-Encoding: gzip,deflate[\r][\n]"
19:46:26.169 [main] DEBUG org.apache.http.wire --  >> "[\r][\n]"
19:46:26.169 [main] DEBUG org.apache.http.headers -- >> GET /api/orders HTTP/1.1
19:46:26.169 [main] DEBUG org.apache.http.headers -- >> Authorization: Bearer eyJhbGciOiJIUzI1NiIsInR5cCI6IkpXVCJ9.eyJGdWxsbmFtZSI6IkZpcnN0bmFtZSBMYXN0bmFtZSIsIkVtYWlsIjoic29tZW9uZUBtYWlsLmNvbSJ9.bGpZNDg6YHtKlTFw7_yuyn3SAICmfvdIV1yX7mIKrTw
19:46:26.169 [main] DEBUG org.apache.http.headers -- >> Accept: */*
19:46:26.169 [main] DEBUG org.apache.http.headers -- >> Host: altashop-api.fly.dev
19:46:26.169 [main] DEBUG org.apache.http.headers -- >> Connection: Keep-Alive
19:46:26.169 [main] DEBUG org.apache.http.headers -- >> User-Agent: Apache-HttpClient/4.5.13 (Java/19.0.2)
19:46:26.169 [main] DEBUG org.apache.http.headers -- >> Accept-Encoding: gzip,deflate
19:46:26.662 [main] DEBUG org.apache.http.wire --  << "HTTP/1.1 200 OK[\r][\n]"
19:46:26.662 [main] DEBUG org.apache.http.wire --  << "content-type: application/json[\r][\n]"
19:46:26.662 [main] DEBUG org.apache.http.wire --  << "date: Wed, 03 May 2023 12:46:54 GMT[\r][\n]"
19:46:26.662 [main] DEBUG org.apache.http.wire --  << "content-encoding: gzip[\r][\n]"
19:46:26.662 [main] DEBUG org.apache.http.wire --  << "transfer-encoding: chunked[\r][\n]"
19:46:26.662 [main] DEBUG org.apache.http.wire --  << "server: Fly/199ec4d3 (2023-04-25)[\r][\n]"
19:46:26.662 [main] DEBUG org.apache.http.wire --  << "via: 1.1 fly.io[\r][\n]"
19:46:26.662 [main] DEBUG org.apache.http.wire --  << "fly-request-id: 01GZGTDG1TT3TE6Q9H7KE482AG-sin[\r][\n]"
19:46:26.662 [main] DEBUG org.apache.http.wire --  << "[\r][\n]"
19:46:26.662 [main] DEBUG org.apache.http.impl.conn.DefaultClientConnection -- Receiving response: HTTP/1.1 200 OK
19:46:26.662 [main] DEBUG org.apache.http.headers -- << HTTP/1.1 200 OK
19:46:26.662 [main] DEBUG org.apache.http.headers -- << content-type: application/json
19:46:26.662 [main] DEBUG org.apache.http.headers -- << date: Wed, 03 May 2023 12:46:54 GMT
19:46:26.662 [main] DEBUG org.apache.http.headers -- << content-encoding: gzip
19:46:26.662 [main] DEBUG org.apache.http.headers -- << transfer-encoding: chunked
19:46:26.662 [main] DEBUG org.apache.http.headers -- << server: Fly/199ec4d3 (2023-04-25)
19:46:26.662 [main] DEBUG org.apache.http.headers -- << via: 1.1 fly.io
19:46:26.662 [main] DEBUG org.apache.http.headers -- << fly-request-id: 01GZGTDG1TT3TE6Q9H7KE482AG-sin
19:46:26.662 [main] DEBUG org.apache.http.impl.client.DefaultHttpClient -- Connection can be kept alive indefinitely
19:46:26.663 [main] DEBUG io.restassured.internal.RestAssuredHttpBuilder -- Parsing response as: application/json
19:46:26.663 [main] DEBUG org.apache.http.wire --  << "1BD[\r][\n]"
19:46:26.663 [main] DEBUG org.apache.http.wire --  << "[0x1f][0x8b][0x8][0x0][0x0][0x0][0x0][0x0][0x4][0xff][0xaa]VJI,IT[0xb2][0x8a][0xae]V[\n]"
19:46:26.663 [main] DEBUG org.apache.http.wire --  << "([0xca]O)M.Q[0xb2]Rr[0xac]L[0xcc]UpO-(J[0xcd]V[0xd2]Q[\n]"
19:46:26.663 [main] DEBUG org.apache.http.wire --  << "([0xca]LNU[0xb2]22500[0xd0]Q[\n]"
19:46:26.663 [main] DEBUG org.apache.http.wire --  << ",M[0xcc]+[0xc9],[0xa9]T[0xb2]2[0xd4]Q[\n]"
19:46:26.663 [main] DEBUG org.apache.http.wire --  << ".M*[0xc9]/I[0xcc][0x81][0xca][0xd6][0xea] [0x9b][0x12][0x9c][0x98][\[0x9a][0x97][0xae][0xe0][0x9e][0x98][0x93]XQ[0xa9][0xe0]hl[0x80]d[0x98][0xa5]%n[0xa3],-[0xd1][0xc][0xca][0xcf][0xab]T[0x8][0x8]6%S[0xbb][iQ^fIiQ[0xaa]BH~[0x1][0xc2][0xc]C[0x13][0xdc]N04AsBzfNb^:B[0xb3][0x99][0xa5][0x19]n[0xdd] IT[0x1f]P[0xc3][0x9][0x1e][0xa9][0x89]e[0x95][\n]"
19:46:26.663 [main] DEBUG org.apache.http.wire --  << ".[0xa5]%[0x95][\n]"
19:46:26.663 [main] DEBUG org.apache.http.wire --  << "[0xee]E[0x89]y[0x99]%[0xa9][\n]"
19:46:26.663 [main] DEBUG org.apache.http.wire --  << "[0xce][0xf9][0xb9][0x5][0xa5]%[0xa9]E[0x8]w[0x19][0xe2][0x89]"C[0x3][0x3]TW[0x5][0xe7]&[0xe6][0xe4][0xc0][\r]s[0xcf][0xc9]/K-F[0x18]e[0x8c];[0xb2][0x8d][0xd1][0xc][0xca]M[0xcd]KN,[0xca]TH[0xce][0xcc]+IT(N[0xcd]J,[0xc9]D[0x18][0x84][0xdb][0x1c]4c[0xa8][0x93][0xec][0x6][0x93])[0xae][0xc5][\n]"
19:46:26.663 [main] DEBUG org.apache.http.wire --  << "![0xa9][0x19][\n]"
19:46:26.663 [main] DEBUG org.apache.http.wire --  << "[0xbe][0x89]y[0x99]H![0x8b]7#[0x81]$Q[0xa3][0xc9][0xb3] #?/U![0x2][0x11][0xa2][0x86]F[0x6]`[0x80]3[0xb][0xc1][0x14][0xa0][0x1a]D[0x8d]T[0x18][0x92]X[0x8a]p[0x87][0x11])[0xb9]x[0xd0][0xe9]45E.[0xc0]L[0xcc][0x8c]MLQ[0xc3][0xb][0xaf][0x8b][0x8d][0x91]5[0x1b][X[0x98][0x93][0xa0][0x97][0xa6]6[0x13][0x97][0xfe][0x8d][0x90][0x9d][0xf]Jsd[0xe5]E[0xc0][0xe8]c[0x8a]k^~Qn~i[0xb1]BpIjj[0x8e][0x82]s~b[0x9]"[\r]Z[0x9a][0x9b][0x9a]#[0xe7][0x3][0x14]'[0x19]Z[0x9a][0x1a][0x9a][0xa0]F[0x8c]OfzFIy*[0x88]T[0x8]H,H-R[0x8][0xce][0xc8]G.[0xf7]LL,Lp[0x1a]haifQ[0x1b][[0xcb][0x5][0x0]PC[\r][0xba]7[0x7][0x0][0x0]"
19:46:26.663 [main] DEBUG org.apache.http.wire --  << "[\r][\n]"
19:46:26.663 [main] DEBUG org.apache.http.wire --  << "0[\r][\n]"
19:46:26.663 [main] DEBUG org.apache.http.wire --  << "[\r][\n]"
19:46:26.663 [main] DEBUG io.restassured.internal.RestAssuredHttpBuilder -- Parsed data to instance of: class org.apache.http.conn.EofSensorInputStream
19:46:26.664 [main] DEBUG org.apache.http.impl.conn.BasicClientConnectionManager -- Releasing connection org.apache.http.impl.conn.ManagedClientConnectionImpl@6be1f37f
19:46:26.664 [main] DEBUG org.apache.http.impl.conn.BasicClientConnectionManager -- Connection can be kept alive indefinitely
19:46:26.669 [main] DEBUG net.thucydides.core.steps.StepInterceptor -- STEP DONE: user send request to endpoint order
  &amp#27;[32mWhen &amp#27;[0m&amp#27;[32muser send request to endpoint order&amp#27;[0m            &amp#27;[90m# starter.stepdefinitions.UserSteps.userSendRequestToEndpointOrder()&amp#27;[0m
19:46:26.672 [main] DEBUG net.thucydides.core.steps.StepInterceptor -- STARTING STEP: UserSteps.userInputTokenInAuthorization - user input token in authorization
19:46:26.673 [main] DEBUG net.thucydides.core.steps.StepInterceptor -- STARTING STEP: Orders.userInputTokenInAuthorization - user set endpoint for order
19:46:26.673 [main] DEBUG net.thucydides.core.steps.StepInterceptor -- STEP DONE: user set endpoint for order
19:46:26.686 [main] DEBUG org.apache.http.impl.conn.BasicClientConnectionManager -- Get connection for route {s}->https://altashop-api.fly.dev:443
19:46:26.687 [main] DEBUG org.apache.http.impl.conn.DefaultClientConnectionOperator -- Connecting to altashop-api.fly.dev:443
19:46:26.732 [main] DEBUG org.apache.http.client.protocol.RequestAddCookies -- CookieSpec selected: ignoreCookies
19:46:26.732 [main] DEBUG org.apache.http.client.protocol.RequestAuthCache -- Auth cache not set in the context
19:46:26.732 [main] DEBUG org.apache.http.client.protocol.RequestProxyAuthentication -- Proxy auth state: UNCHALLENGED
19:46:26.732 [main] DEBUG org.apache.http.impl.client.DefaultHttpClient -- Attempt 1 to execute request
19:46:26.733 [main] DEBUG org.apache.http.impl.conn.DefaultClientConnection -- Sending request: POST /api/orders HTTP/1.1
19:46:26.733 [main] DEBUG org.apache.http.wire --  >> "POST /api/orders HTTP/1.1[\r][\n]"
19:46:26.733 [main] DEBUG org.apache.http.wire --  >> "Authorization: Bearer eyJhbGciOiJIUzI1NiIsInR5cCI6IkpXVCJ9.eyJGdWxsbmFtZSI6IkZpcnN0bmFtZSBMYXN0bmFtZSIsIkVtYWlsIjoic29tZW9uZUBtYWlsLmNvbSJ9.bGpZNDg6YHtKlTFw7_yuyn3SAICmfvdIV1yX7mIKrTw[\r][\n]"
19:46:26.733 [main] DEBUG org.apache.http.wire --  >> "Accept: */*[\r][\n]"
19:46:26.733 [main] DEBUG org.apache.http.wire --  >> "Content-Type: text/plain; charset=ISO-8859-1[\r][\n]"
19:46:26.733 [main] DEBUG org.apache.http.wire --  >> "Content-Length: 31[\r][\n]"
19:46:26.733 [main] DEBUG org.apache.http.wire --  >> "Host: altashop-api.fly.dev[\r][\n]"
19:46:26.733 [main] DEBUG org.apache.http.wire --  >> "Connection: Keep-Alive[\r][\n]"
19:46:26.733 [main] DEBUG org.apache.http.wire --  >> "User-Agent: Apache-HttpClient/4.5.13 (Java/19.0.2)[\r][\n]"
19:46:26.733 [main] DEBUG org.apache.http.wire --  >> "Accept-Encoding: gzip,deflate[\r][\n]"
19:46:26.733 [main] DEBUG org.apache.http.wire --  >> "[\r][\n]"
19:46:26.733 [main] DEBUG org.apache.http.headers -- >> POST /api/orders HTTP/1.1
19:46:26.733 [main] DEBUG org.apache.http.headers -- >> Authorization: Bearer eyJhbGciOiJIUzI1NiIsInR5cCI6IkpXVCJ9.eyJGdWxsbmFtZSI6IkZpcnN0bmFtZSBMYXN0bmFtZSIsIkVtYWlsIjoic29tZW9uZUBtYWlsLmNvbSJ9.bGpZNDg6YHtKlTFw7_yuyn3SAICmfvdIV1yX7mIKrTw
19:46:26.733 [main] DEBUG org.apache.http.headers -- >> Accept: */*
19:46:26.733 [main] DEBUG org.apache.http.headers -- >> Content-Type: text/plain; charset=ISO-8859-1
19:46:26.733 [main] DEBUG org.apache.http.headers -- >> Content-Length: 31
19:46:26.733 [main] DEBUG org.apache.http.headers -- >> Host: altashop-api.fly.dev
19:46:26.733 [main] DEBUG org.apache.http.headers -- >> Connection: Keep-Alive
19:46:26.733 [main] DEBUG org.apache.http.headers -- >> User-Agent: Apache-HttpClient/4.5.13 (Java/19.0.2)
19:46:26.733 [main] DEBUG org.apache.http.headers -- >> Accept-Encoding: gzip,deflate
19:46:26.733 [main] DEBUG org.apache.http.wire --  >> "[{"quantity":3,"product_id":1}]"
19:46:26.758 [main] DEBUG org.apache.http.wire --  << "HTTP/1.1 200 OK[\r][\n]"
19:46:26.758 [main] DEBUG org.apache.http.wire --  << "content-type: application/json[\r][\n]"
19:46:26.758 [main] DEBUG org.apache.http.wire --  << "date: Wed, 03 May 2023 12:46:55 GMT[\r][\n]"
19:46:26.758 [main] DEBUG org.apache.http.wire --  << "content-encoding: gzip[\r][\n]"
19:46:26.758 [main] DEBUG org.apache.http.wire --  << "transfer-encoding: chunked[\r][\n]"
19:46:26.758 [main] DEBUG org.apache.http.wire --  << "server: Fly/199ec4d3 (2023-04-25)[\r][\n]"
19:46:26.758 [main] DEBUG org.apache.http.wire --  << "via: 1.1 fly.io[\r][\n]"
19:46:26.758 [main] DEBUG org.apache.http.wire --  << "fly-request-id: 01GZGTDGKDM5SH62841E89WD4F-sin[\r][\n]"
19:46:26.758 [main] DEBUG org.apache.http.wire --  << "[\r][\n]"
19:46:26.758 [main] DEBUG org.apache.http.impl.conn.DefaultClientConnection -- Receiving response: HTTP/1.1 200 OK
19:46:26.758 [main] DEBUG org.apache.http.headers -- << HTTP/1.1 200 OK
19:46:26.758 [main] DEBUG org.apache.http.headers -- << content-type: application/json
19:46:26.758 [main] DEBUG org.apache.http.headers -- << date: Wed, 03 May 2023 12:46:55 GMT
19:46:26.758 [main] DEBUG org.apache.http.headers -- << content-encoding: gzip
19:46:26.758 [main] DEBUG org.apache.http.headers -- << transfer-encoding: chunked
19:46:26.758 [main] DEBUG org.apache.http.headers -- << server: Fly/199ec4d3 (2023-04-25)
19:46:26.758 [main] DEBUG org.apache.http.headers -- << via: 1.1 fly.io
19:46:26.758 [main] DEBUG org.apache.http.headers -- << fly-request-id: 01GZGTDGKDM5SH62841E89WD4F-sin
19:46:26.758 [main] DEBUG org.apache.http.impl.client.DefaultHttpClient -- Connection can be kept alive indefinitely
19:46:26.759 [main] DEBUG io.restassured.internal.RestAssuredHttpBuilder -- Parsing response as: application/json
19:46:26.759 [main] DEBUG org.apache.http.wire --  << "9D[\r][\n]"
19:46:26.759 [main] DEBUG org.apache.http.wire --  << "[0x1f][0x8b][0x8][0x0][0x0][0x0][0x0][0x0][0x4][0xff][0xab]VJI,IT[0xb2][0x8a][0xae]V[0xf2]tQ[0xb2]2400[0xb3][0xd4]Q[\n]"
19:46:26.759 [main] DEBUG org.apache.http.wire --  << "-N-R[0xb2][0x82][0x8][0x99][0x1b][0x1b][0x9a][0xe9]([0xb9][0x95][0xe6][0xe4][0xe4]%[0xe6][0xa6]*Y)[0xb9]e[0x16][0x15][0x97][0x80][0xd8][\n]"
19:46:26.759 [main] DEBUG org.apache.http.wire --  << ">[0x89][0x10][0x86][0x92][0x8e][0x92]knbf[0x8e][0x92][0x95]Rq~nj~^[0xaa][0x3][0x88][0xab][0x97][0x9c][0x9f][0xab][0xa4][0xa3][0x14][0x90]X\\[0x9e]_[0x94][0xa2]d[0xa5]dhdlhd[0xac]T[0xab][0xa3][0x14]P[0x94][0x9f]R[0x9a]\[0xa2]d[0x95]W[0x9a][0x93][0xa3][0xa3][0x14]X[0x9a][0x98]W[0x92]YR[0xa9]de\[0x1b][[0xcb][0x5][0x0]Zbo[0xf8][0x96][0x0][0x0][0x0]"
19:46:26.759 [main] DEBUG org.apache.http.wire --  << "[\r][\n]"
19:46:26.759 [main] DEBUG org.apache.http.wire --  << "0[\r][\n]"
19:46:26.759 [main] DEBUG org.apache.http.wire --  << "[\r][\n]"
19:46:26.759 [main] DEBUG io.restassured.internal.RestAssuredHttpBuilder -- Parsed data to instance of: class org.apache.http.conn.EofSensorInputStream
19:46:26.760 [main] DEBUG org.apache.http.impl.conn.BasicClientConnectionManager -- Releasing connection org.apache.http.impl.conn.ManagedClientConnectionImpl@4d2950ed
19:46:26.760 [main] DEBUG org.apache.http.impl.conn.BasicClientConnectionManager -- Connection can be kept alive indefinitely
19:46:26.761 [main] DEBUG net.thucydides.core.steps.StepInterceptor -- STEP DONE: user input token in authorization
  &amp#27;[32mWhen &amp#27;[0m&amp#27;[32muser input token in authorization&amp#27;[0m              &amp#27;[90m# starter.stepdefinitions.UserSteps.userInputTokenInAuthorization()&amp#27;[0m
19:46:26.763 [main] DEBUG net.thucydides.core.steps.StepInterceptor -- STARTING STEP: UserSteps.userSeeStatusCode - user see status code 200
19:46:26.764 [main] DEBUG net.thucydides.core.steps.StepInterceptor -- STEP DONE: user see status code 200
  &amp#27;[32mAnd &amp#27;[0m&amp#27;[32muser see status code 200&amp#27;[0m                        &amp#27;[90m# starter.stepdefinitions.UserSteps.userSeeStatusCode()&amp#27;[0m
19:46:26.766 [main] DEBUG net.thucydides.core.steps.StepInterceptor -- STARTING STEP: UserSteps.userShowListOfTheOrder - user show list of the order
19:46:26.769 [main] DEBUG net.thucydides.core.steps.StepInterceptor -- STEP DONE: user show list of the order
  &amp#27;[32mThen &amp#27;[0m&amp#27;[32muser show list of the order&amp#27;[0m                    &amp#27;[90m# starter.stepdefinitions.UserSteps.userShowListOfTheOrder()&amp#27;[0m
19:46:26.771 [main] INFO  -- 
  _____   ___   ___   _____     ___     _     ___   ___   ___   ___  
 |_   _| | __| / __| |_   _|   | _ \   /_\   / __| / __| | __| |   \ 
   | |   | _|  \__ \   | |     |  _/  / _ \  \__ \ \__ \ | _|  | |) |
   |_|   |___| |___/   |_|     |_|   /_/ \_\ |___/ |___/ |___| |___/ 

GET - As a user I want to list all my order
----------------------------------------------------------------------
]]></system-out>
  </testcase>
  <testcase name="POST - As a user I want to create a new product" classname="As user i want to see product, create new product, see product by id, delete a product, see product comments" time="0.19">
    <system-out><![CDATA[19:46:26.772 [main] DEBUG io.cucumber.core.plugin.SerenityReporter -- Running feature from file:///C:/Users/Admin/IdeaProjects/miniproject-api/src/test/resources/features/produk.feature
19:46:26.774 [main] DEBUG net.thucydides.core.steps.StepEventBus -- Test suite started for story net.thucydides.core.model.Story@2f62ef95
19:46:26.775 [main] INFO  -- Test Suite Started: As user i want to see product, create new product, see product by id, delete a product, see product comments

@Produk
Scenario: POST - As a user I want to create a new product  &amp#27;[90m# src/test/resources/features/produk.feature:4&amp#27;[0m
19:46:26.778 [main] DEBUG io.cucumber.core.plugin.SerenityReporter -- Running feature from file:///C:/Users/Admin/IdeaProjects/miniproject-api/src/test/resources/features/produk.feature
19:46:26.780 [main] INFO  -- 
  _____   ___   ___   _____     ___   _____     _     ___   _____   ___   ___  
 |_   _| | __| / __| |_   _|   / __| |_   _|   /_\   | _ \ |_   _| | __| |   \ 
   | |   | _|  \__ \   | |     \__ \   | |    / _ \  |   /   | |   | _|  | |) |
   |_|   |___| |___/   |_|     |___/   |_|   /_/ \_\ |_|_\   |_|   |___| |___/ 

POST - As a user I want to create a new product(as-user-i-want-to-see-product--create-new-product--see-product-by-id--delete-a-product--see-product-comments;post---as-a-user-i-want-to-create-a-new-product)
--------------------------------------------------------------------------------
19:46:26.805 [main] DEBUG net.thucydides.core.steps.StepInterceptor -- STARTING STEP: UserSteps.userSetEndpointForProduct - user set endpoint for product
19:46:26.806 [main] DEBUG net.thucydides.core.steps.StepInterceptor -- STEP DONE: user set endpoint for product
  &amp#27;[32mGiven &amp#27;[0m&amp#27;[32muser set endpoint for product&amp#27;[0m                      &amp#27;[90m# starter.stepdefinitions.UserSteps.userSetEndpointForProduct()&amp#27;[0m
19:46:26.812 [main] DEBUG net.thucydides.core.steps.StepInterceptor -- STARTING STEP: UserSteps.userSendPOSTHTTPRequestWithValidDataProduct - user send POST HTTP request with valid data product
19:46:26.814 [main] DEBUG net.thucydides.core.steps.StepInterceptor -- STARTING STEP: Produk.userSendPOSTHTTPRequestWithValidDataProduct - user set endpoint for product
19:46:26.814 [main] DEBUG net.thucydides.core.steps.StepInterceptor -- STEP DONE: user set endpoint for product
19:46:26.876 [main] DEBUG org.apache.http.impl.conn.BasicClientConnectionManager -- Get connection for route {s}->https://altashop-api.fly.dev:443
19:46:26.878 [main] DEBUG org.apache.http.impl.conn.DefaultClientConnectionOperator -- Connecting to altashop-api.fly.dev:443
19:46:26.923 [main] DEBUG org.apache.http.client.protocol.RequestAddCookies -- CookieSpec selected: ignoreCookies
19:46:26.923 [main] DEBUG org.apache.http.client.protocol.RequestAuthCache -- Auth cache not set in the context
19:46:26.923 [main] DEBUG org.apache.http.client.protocol.RequestProxyAuthentication -- Proxy auth state: UNCHALLENGED
19:46:26.923 [main] DEBUG org.apache.http.impl.client.DefaultHttpClient -- Attempt 1 to execute request
19:46:26.923 [main] DEBUG org.apache.http.impl.conn.DefaultClientConnection -- Sending request: POST /api/products HTTP/1.1
19:46:26.923 [main] DEBUG org.apache.http.wire --  >> "POST /api/products HTTP/1.1[\r][\n]"
19:46:26.923 [main] DEBUG org.apache.http.wire --  >> "Authorization: Bearer eyJhbGciOiJIUzI1NiIsInR5cCI6IkpXVCJ9.eyJGdWxsbmFtZSI6IkZpcnN0bmFtZSBMYXN0bmFtZSIsIkVtYWlsIjoic29tZW9uZUBtYWlsLmNvbSJ9.bGpZNDg6YHtKlTFw7_yuyn3SAICmfvdIV1yX7mIKrTw[\r][\n]"
19:46:26.923 [main] DEBUG org.apache.http.wire --  >> "Accept: */*[\r][\n]"
19:46:26.923 [main] DEBUG org.apache.http.wire --  >> "Content-Type: text/plain; charset=ISO-8859-1[\r][\n]"
19:46:26.923 [main] DEBUG org.apache.http.wire --  >> "Content-Length: 52[\r][\n]"
19:46:26.923 [main] DEBUG org.apache.http.wire --  >> "Host: altashop-api.fly.dev[\r][\n]"
19:46:26.923 [main] DEBUG org.apache.http.wire --  >> "Connection: Keep-Alive[\r][\n]"
19:46:26.923 [main] DEBUG org.apache.http.wire --  >> "User-Agent: Apache-HttpClient/4.5.13 (Java/19.0.2)[\r][\n]"
19:46:26.923 [main] DEBUG org.apache.http.wire --  >> "Accept-Encoding: gzip,deflate[\r][\n]"
19:46:26.923 [main] DEBUG org.apache.http.wire --  >> "[\r][\n]"
19:46:26.923 [main] DEBUG org.apache.http.headers -- >> POST /api/products HTTP/1.1
19:46:26.923 [main] DEBUG org.apache.http.headers -- >> Authorization: Bearer eyJhbGciOiJIUzI1NiIsInR5cCI6IkpXVCJ9.eyJGdWxsbmFtZSI6IkZpcnN0bmFtZSBMYXN0bmFtZSIsIkVtYWlsIjoic29tZW9uZUBtYWlsLmNvbSJ9.bGpZNDg6YHtKlTFw7_yuyn3SAICmfvdIV1yX7mIKrTw
19:46:26.923 [main] DEBUG org.apache.http.headers -- >> Accept: */*
19:46:26.923 [main] DEBUG org.apache.http.headers -- >> Content-Type: text/plain; charset=ISO-8859-1
19:46:26.923 [main] DEBUG org.apache.http.headers -- >> Content-Length: 52
19:46:26.923 [main] DEBUG org.apache.http.headers -- >> Host: altashop-api.fly.dev
19:46:26.923 [main] DEBUG org.apache.http.headers -- >> Connection: Keep-Alive
19:46:26.923 [main] DEBUG org.apache.http.headers -- >> User-Agent: Apache-HttpClient/4.5.13 (Java/19.0.2)
19:46:26.923 [main] DEBUG org.apache.http.headers -- >> Accept-Encoding: gzip,deflate
19:46:26.923 [main] DEBUG org.apache.http.wire --  >> "{"price":3000,"name":"PS4","description":"ps4 baru"}"
19:46:26.952 [main] DEBUG org.apache.http.wire --  << "HTTP/1.1 200 OK[\r][\n]"
19:46:26.953 [main] DEBUG org.apache.http.wire --  << "content-type: application/json[\r][\n]"
19:46:26.953 [main] DEBUG org.apache.http.wire --  << "date: Wed, 03 May 2023 12:46:55 GMT[\r][\n]"
19:46:26.953 [main] DEBUG org.apache.http.wire --  << "content-encoding: gzip[\r][\n]"
19:46:26.953 [main] DEBUG org.apache.http.wire --  << "transfer-encoding: chunked[\r][\n]"
19:46:26.953 [main] DEBUG org.apache.http.wire --  << "server: Fly/199ec4d3 (2023-04-25)[\r][\n]"
19:46:26.953 [main] DEBUG org.apache.http.wire --  << "via: 1.1 fly.io[\r][\n]"
19:46:26.953 [main] DEBUG org.apache.http.wire --  << "fly-request-id: 01GZGTDGSBJMNR87XABK9MPQWZ-sin[\r][\n]"
19:46:26.953 [main] DEBUG org.apache.http.wire --  << "[\r][\n]"
19:46:26.953 [main] DEBUG org.apache.http.impl.conn.DefaultClientConnection -- Receiving response: HTTP/1.1 200 OK
19:46:26.953 [main] DEBUG org.apache.http.headers -- << HTTP/1.1 200 OK
19:46:26.953 [main] DEBUG org.apache.http.headers -- << content-type: application/json
19:46:26.953 [main] DEBUG org.apache.http.headers -- << date: Wed, 03 May 2023 12:46:55 GMT
19:46:26.953 [main] DEBUG org.apache.http.headers -- << content-encoding: gzip
19:46:26.953 [main] DEBUG org.apache.http.headers -- << transfer-encoding: chunked
19:46:26.953 [main] DEBUG org.apache.http.headers -- << server: Fly/199ec4d3 (2023-04-25)
19:46:26.953 [main] DEBUG org.apache.http.headers -- << via: 1.1 fly.io
19:46:26.953 [main] DEBUG org.apache.http.headers -- << fly-request-id: 01GZGTDGSBJMNR87XABK9MPQWZ-sin
19:46:26.953 [main] DEBUG org.apache.http.impl.client.DefaultHttpClient -- Connection can be kept alive indefinitely
19:46:26.953 [main] DEBUG io.restassured.internal.RestAssuredHttpBuilder -- Parsing response as: application/json
19:46:26.953 [main] DEBUG org.apache.http.wire --  << "79[\r][\n]"
19:46:26.953 [main] DEBUG org.apache.http.wire --  << "[0x1f][0x8b][0x8][0x0][0x0][0x0][0x0][0x0][0x4][0xff][0xab]VJI,IT[0xb2][0xaa]V[0xf2]tQ[0xb2]24[0xb2]04[0xd6]Q[0xf2]K[0xcc]MU[0xb2]R[\n]"
19:46:26.953 [main] DEBUG org.apache.http.wire --  << "[0x8]6Q[0xd2]QrI-N.[0xca],([0xc9][0xcc][0xcf]S[0xb2]R*(6QHJ,*U[0xd2]Q[\n]"
19:46:26.953 [main] DEBUG org.apache.http.wire --  << "([0xca]LNU[0xb2]2600[0xd0]Q[\n]"
19:46:26.953 [main] DEBUG org.apache.http.wire --  << "J,[0xc9][0xcc]K/V[0xb2]2[0xd0]QrN,IM[0xcf]/[0xca]L-V[0xb2][0x8a][0x8e][0xad][0xad][0xe5][0x2][0x0]d[0xbc][0xee][0xd5]e[0x0][0x0][0x0]"
19:46:26.953 [main] DEBUG org.apache.http.wire --  << "[\r][\n]"
19:46:26.953 [main] DEBUG org.apache.http.wire --  << "0[\r][\n]"
19:46:26.953 [main] DEBUG org.apache.http.wire --  << "[\r][\n]"
19:46:26.953 [main] DEBUG io.restassured.internal.RestAssuredHttpBuilder -- Parsed data to instance of: class org.apache.http.conn.EofSensorInputStream
19:46:26.954 [main] DEBUG org.apache.http.impl.conn.BasicClientConnectionManager -- Releasing connection org.apache.http.impl.conn.ManagedClientConnectionImpl@22e95960
19:46:26.954 [main] DEBUG org.apache.http.impl.conn.BasicClientConnectionManager -- Connection can be kept alive indefinitely
19:46:26.955 [main] DEBUG net.thucydides.core.steps.StepInterceptor -- STEP DONE: user send POST HTTP request with valid data product
  &amp#27;[32mWhen &amp#27;[0m&amp#27;[32muser send POST HTTP request with valid data product&amp#27;[0m &amp#27;[90m# starter.stepdefinitions.UserSteps.userSendPOSTHTTPRequestWithValidDataProduct()&amp#27;[0m
19:46:26.957 [main] DEBUG net.thucydides.core.steps.StepInterceptor -- STARTING STEP: UserSteps.userSeeStatusCode - user see status code 200
19:46:26.957 [main] DEBUG net.thucydides.core.steps.StepInterceptor -- STEP DONE: user see status code 200
  &amp#27;[32mThen &amp#27;[0m&amp#27;[32muser see status code 200&amp#27;[0m                            &amp#27;[90m# starter.stepdefinitions.UserSteps.userSeeStatusCode()&amp#27;[0m
19:46:26.960 [main] DEBUG net.thucydides.core.steps.StepInterceptor -- STARTING STEP: UserSteps.userSeeNewDetailProduct - user see new detail product
19:46:26.962 [main] DEBUG net.thucydides.core.steps.StepInterceptor -- STEP DONE: user see new detail product
  &amp#27;[32mAnd &amp#27;[0m&amp#27;[32muser see new detail product&amp#27;[0m                          &amp#27;[90m# starter.stepdefinitions.UserSteps.userSeeNewDetailProduct()&amp#27;[0m
19:46:26.964 [main] INFO  -- 
  _____   ___   ___   _____     ___     _     ___   ___   ___   ___  
 |_   _| | __| / __| |_   _|   | _ \   /_\   / __| / __| | __| |   \ 
   | |   | _|  \__ \   | |     |  _/  / _ \  \__ \ \__ \ | _|  | |) |
   |_|   |___| |___/   |_|     |_|   /_/ \_\ |___/ |___/ |___| |___/ 

POST - As a user I want to create a new product
----------------------------------------------------------------------
]]></system-out>
  </testcase>
  <testcase name="GET - As a user I want to get all product" classname="As user i want to see product, create new product, see product by id, delete a product, see product comments" time="0.902">
    <system-out><![CDATA[
@Produk
Scenario: GET - As a user I want to get all product &amp#27;[90m# src/test/resources/features/produk.feature:10&amp#27;[0m
19:46:26.969 [main] DEBUG io.cucumber.core.plugin.SerenityReporter -- Running feature from file:///C:/Users/Admin/IdeaProjects/miniproject-api/src/test/resources/features/produk.feature
19:46:26.971 [main] INFO  -- 
  _____   ___   ___   _____     ___   _____     _     ___   _____   ___   ___  
 |_   _| | __| / __| |_   _|   / __| |_   _|   /_\   | _ \ |_   _| | __| |   \ 
   | |   | _|  \__ \   | |     \__ \   | |    / _ \  |   /   | |   | _|  | |) |
   |_|   |___| |___/   |_|     |___/   |_|   /_/ \_\ |_|_\   |_|   |___| |___/ 

GET - As a user I want to get all product(as-user-i-want-to-see-product--create-new-product--see-product-by-id--delete-a-product--see-product-comments;get---as-a-user-i-want-to-get-all-product)
--------------------------------------------------------------------------------
19:46:26.991 [main] DEBUG net.thucydides.core.steps.StepInterceptor -- STARTING STEP: UserSteps.userSetEndpointForProduct - user set endpoint for product
19:46:26.991 [main] DEBUG net.thucydides.core.steps.StepInterceptor -- STEP DONE: user set endpoint for product
  &amp#27;[32mGiven &amp#27;[0m&amp#27;[32muser set endpoint for product&amp#27;[0m               &amp#27;[90m# starter.stepdefinitions.UserSteps.userSetEndpointForProduct()&amp#27;[0m
19:46:26.994 [main] DEBUG net.thucydides.core.steps.StepInterceptor -- STARTING STEP: UserSteps.userSendRequest - user send request
19:46:26.996 [main] DEBUG net.thucydides.core.steps.StepInterceptor -- STARTING STEP: Produk.userSendRequest - user set endpoint for product
19:46:26.996 [main] DEBUG net.thucydides.core.steps.StepInterceptor -- STEP DONE: user set endpoint for product
19:46:27.011 [main] DEBUG org.apache.http.impl.conn.BasicClientConnectionManager -- Get connection for route {s}->https://altashop-api.fly.dev:443
19:46:27.011 [main] DEBUG org.apache.http.impl.conn.DefaultClientConnectionOperator -- Connecting to altashop-api.fly.dev:443
19:46:27.065 [Finalizer] DEBUG org.apache.http.impl.conn.DefaultClientConnection -- Connection 0.0.0.0:58034<->149.248.193.56:443 closed
19:46:27.065 [Finalizer] DEBUG org.apache.http.impl.conn.DefaultClientConnection -- Connection 0.0.0.0:58033<->149.248.193.56:443 closed
19:46:27.066 [Finalizer] DEBUG org.apache.http.impl.conn.DefaultClientConnection -- Connection 0.0.0.0:58032<->149.248.193.56:443 closed
19:46:27.066 [Finalizer] DEBUG org.apache.http.impl.conn.DefaultClientConnection -- Connection 0.0.0.0:58038<->149.248.193.56:443 closed
19:46:27.066 [Finalizer] DEBUG org.apache.http.impl.conn.DefaultClientConnection -- Connection 0.0.0.0:58037<->149.248.193.56:443 closed
19:46:27.066 [Finalizer] DEBUG org.apache.http.impl.conn.DefaultClientConnection -- Connection 0.0.0.0:58036<->149.248.193.56:443 closed
19:46:27.066 [Finalizer] DEBUG org.apache.http.impl.conn.DefaultClientConnection -- Connection 0.0.0.0:58035<->149.248.193.56:443 closed
19:46:27.069 [main] DEBUG org.apache.http.client.protocol.RequestAddCookies -- CookieSpec selected: ignoreCookies
19:46:27.069 [main] DEBUG org.apache.http.client.protocol.RequestAuthCache -- Auth cache not set in the context
19:46:27.069 [main] DEBUG org.apache.http.client.protocol.RequestProxyAuthentication -- Proxy auth state: UNCHALLENGED
19:46:27.069 [main] DEBUG org.apache.http.impl.client.DefaultHttpClient -- Attempt 1 to execute request
19:46:27.069 [main] DEBUG org.apache.http.impl.conn.DefaultClientConnection -- Sending request: GET /api/products HTTP/1.1
19:46:27.069 [main] DEBUG org.apache.http.wire --  >> "GET /api/products HTTP/1.1[\r][\n]"
19:46:27.069 [main] DEBUG org.apache.http.wire --  >> "Authorization: Bearer eyJhbGciOiJIUzI1NiIsInR5cCI6IkpXVCJ9.eyJGdWxsbmFtZSI6IkZpcnN0bmFtZSBMYXN0bmFtZSIsIkVtYWlsIjoic29tZW9uZUBtYWlsLmNvbSJ9.bGpZNDg6YHtKlTFw7_yuyn3SAICmfvdIV1yX7mIKrTw[\r][\n]"
19:46:27.069 [main] DEBUG org.apache.http.wire --  >> "Accept: */*[\r][\n]"
19:46:27.069 [main] DEBUG org.apache.http.wire --  >> "Host: altashop-api.fly.dev[\r][\n]"
19:46:27.069 [main] DEBUG org.apache.http.wire --  >> "Connection: Keep-Alive[\r][\n]"
19:46:27.069 [main] DEBUG org.apache.http.wire --  >> "User-Agent: Apache-HttpClient/4.5.13 (Java/19.0.2)[\r][\n]"
19:46:27.069 [main] DEBUG org.apache.http.wire --  >> "Accept-Encoding: gzip,deflate[\r][\n]"
19:46:27.069 [main] DEBUG org.apache.http.wire --  >> "[\r][\n]"
19:46:27.069 [main] DEBUG org.apache.http.headers -- >> GET /api/products HTTP/1.1
19:46:27.069 [main] DEBUG org.apache.http.headers -- >> Authorization: Bearer eyJhbGciOiJIUzI1NiIsInR5cCI6IkpXVCJ9.eyJGdWxsbmFtZSI6IkZpcnN0bmFtZSBMYXN0bmFtZSIsIkVtYWlsIjoic29tZW9uZUBtYWlsLmNvbSJ9.bGpZNDg6YHtKlTFw7_yuyn3SAICmfvdIV1yX7mIKrTw
19:46:27.069 [main] DEBUG org.apache.http.headers -- >> Accept: */*
19:46:27.069 [main] DEBUG org.apache.http.headers -- >> Host: altashop-api.fly.dev
19:46:27.069 [main] DEBUG org.apache.http.headers -- >> Connection: Keep-Alive
19:46:27.069 [main] DEBUG org.apache.http.headers -- >> User-Agent: Apache-HttpClient/4.5.13 (Java/19.0.2)
19:46:27.069 [main] DEBUG org.apache.http.headers -- >> Accept-Encoding: gzip,deflate
19:46:27.483 [main] DEBUG org.apache.http.wire --  << "HTTP/1.1 200 OK[\r][\n]"
19:46:27.483 [main] DEBUG org.apache.http.wire --  << "content-type: application/json[\r][\n]"
19:46:27.483 [main] DEBUG org.apache.http.wire --  << "date: Wed, 03 May 2023 12:46:55 GMT[\r][\n]"
19:46:27.483 [main] DEBUG org.apache.http.wire --  << "transfer-encoding: chunked[\r][\n]"
19:46:27.483 [main] DEBUG org.apache.http.wire --  << "content-encoding: gzip[\r][\n]"
19:46:27.483 [main] DEBUG org.apache.http.wire --  << "server: Fly/199ec4d3 (2023-04-25)[\r][\n]"
19:46:27.483 [main] DEBUG org.apache.http.wire --  << "via: 1.1 fly.io[\r][\n]"
19:46:27.483 [main] DEBUG org.apache.http.wire --  << "fly-request-id: 01GZGTDGXXRZ0F82N8445YJBJK-sin[\r][\n]"
19:46:27.483 [main] DEBUG org.apache.http.wire --  << "[\r][\n]"
19:46:27.483 [main] DEBUG org.apache.http.impl.conn.DefaultClientConnection -- Receiving response: HTTP/1.1 200 OK
19:46:27.483 [main] DEBUG org.apache.http.headers -- << HTTP/1.1 200 OK
19:46:27.483 [main] DEBUG org.apache.http.headers -- << content-type: application/json
19:46:27.483 [main] DEBUG org.apache.http.headers -- << date: Wed, 03 May 2023 12:46:55 GMT
19:46:27.483 [main] DEBUG org.apache.http.headers -- << transfer-encoding: chunked
19:46:27.483 [main] DEBUG org.apache.http.headers -- << content-encoding: gzip
19:46:27.483 [main] DEBUG org.apache.http.headers -- << server: Fly/199ec4d3 (2023-04-25)
19:46:27.483 [main] DEBUG org.apache.http.headers -- << via: 1.1 fly.io
19:46:27.483 [main] DEBUG org.apache.http.headers -- << fly-request-id: 01GZGTDGXXRZ0F82N8445YJBJK-sin
19:46:27.483 [main] DEBUG org.apache.http.impl.client.DefaultHttpClient -- Connection can be kept alive indefinitely
19:46:27.483 [main] DEBUG io.restassured.internal.RestAssuredHttpBuilder -- Parsing response as: application/json
19:46:27.483 [main] DEBUG org.apache.http.wire --  << "FE[\r][\n]"
19:46:27.483 [main] DEBUG org.apache.http.wire --  << "[0x1f][0x8b][0x8][0x0][0x0][0x0][0x0][0x0][0x4][0xff][0xaa]VJI,IT[0xb2][0x8a][0xae]V[0xf2]tQ[0xb2]24464[0xd0]Q[0xf2]K[0xcc]MU[0xb2]Rr+-[0xca][0xcb],)-JU[0x8][0xc9]/P[0xd2]QrI-N.[0xca],([0xc9][0xcc][0xcf]C[0x91]MI,[0xca]T[0xf0]J-H,JT[0xd2]Q[\n]"
19:46:27.483 [main] DEBUG org.apache.http.wire --  << "([0xca]LNU[0xb2]24[0xb1][0xd4]Q[\n]"
19:46:27.483 [main] DEBUG org.apache.http.wire --  << "J,[0xc9][0xcc]K/V[0xb2]2[0xd2]QrN,IM[0xcf]/[0xca]L-V[0xb2][0x8a][0x8e][0xad][0xd5]A[0xd8]hLw[0x1b]Mha[0xa3][0x1]>?[0x9a][0xd2][0xc2]F[0x13]|6[0x9a][0xd3][0xc2]F[0xbc][0xf1]hA[0xb][0x1b][0x8d][0xf1][0xf8][0xd1][0x88]&i[0xd5][0x14][0x9f][0x8d][0x86][0xb4][0xf0]#[0xbe][0x94]cdD[0xb][0x1b][0xf1][0xa5][0x1c]#[0x9a][0xe4]G[0xbc]6[0xd2]=?[0x1a][0xd1]$?[0xe2][0x8d]G3Z[0xc4]#^[0x1b]iR[0x2][0xe0][0x8d]G[0x9a][0x94][0x0]x[0xfd]hI[0xef]P5[0xa6]I[0x99][0x83][0xcf][0x8f][0xc6]t/s[0x8c]iR[0xe6][0xe0][0xf5]#M[0xca][0x1c][0xbc]6[0xd2][0xbd][0xcc]1[0xa6]{[0x99]cL[0x9b]2[0x7][0x0][0x0][0x0][0xff][0xff]"
19:46:27.483 [main] DEBUG org.apache.http.wire --  << "[\r][\n]"
19:46:27.483 [main] DEBUG org.apache.http.wire --  << "200[\r][\n]"
19:46:27.483 [main] DEBUG org.apache.http.wire --  << "[0xc2]S?[0x1a][0xd3][0xa4][0xcc][0xc1]k#[0xdd][0xcb][0x1c]c[0xba][0x97]9&t/sL[0xe8]^[0xe6][0x98][0xd0][0xbd][0x4]0[0xa1]{[0x9]`B[0xf7][0x12][0xc0][0x84][0xee]%[0x80][0x9][0xdd]K[0x0][0x13][0xba][0x97][0x0][0xa0][0xae]-[0xf5][0xfb][0xc8][0xf8]J9S[0x9a][0x94][0x0][0xf8][0xda]r[0xa6]t/[0x1]L[0x11][0xb9]#8?[0xaf]R! [0xd8][0x14]c[0xd0][0xa1] '[0xb1]R!#[0xb1]X!/_!'37[0xb3][0xa4][0x18]1[0xe2]`d[0x89]<[0xe2][0x80]74[0x11][0xb9][0x82][0xd6]6!r[0x3][0xad]mB[0xe4][0x2]Z[0xdb][0x84][0xa8][0xff]hl[0x93][0x19]"[0xd5][0xd3][0xda]&Dj[0xa7][0xb5]M[0x88][0xb6]5[0xad]mB[0xd4][0xa8][0xb4][0xb6][0x9]Q[0x93][0xd2][0xda]&[0xba][0xe5]\3[0xba][0xe5]\3[0xa4][0x9c][0x9b][0x98][\[0x9a][0x97][0xae][0xe0][0x9e][0x98][0x93]XQ[0xa9][0xe0]hl@[0xa3][0x12][0xd0][0xc])[0xf][0xd3][0xcb]Ns[0xa4][0xdc]LM;[0xf1][0x8d]I[0x9a]#[0xe5]kj[0xda][0x89][0xaf]v1[0xa7][[0xe]7[0xa7][[0xe]7[0xa7][[0xbe]3[0xa7][[0xbe]3G[0xca]w[0xb4]mo[0x98]#[0xe5]6[0xda][0xda]d[0x81][0x94][0xc7]hl[0x13]R[0xce][0xa2][0xb1]Mt[0xcb]O[0x16]t[0xcb]O[0x16]t[0xab]1-[0xe8][0xd6][0xaa][0xb6][0xa0][[0x19]a[0x81](#[0x1c]+[0x13]s[0x15][0xdc]S[0xb][0x8a]R[0xb3]1[0xaa]J$9[0x85][0x94][0xc4]<[0x5][0xbf][0xc4][0xe2]L[0xa4][0xee][0x82][0xa9][0x81][0x81][0x1][0xd2][0x14]%[0xbe]i[0x1f][0xb][0xba][0x15][0x15][0x16]t+*,[0xe9]VTX[0xd2][0xad][0xa8][0xb0][0xa4][QaI[0xb7][0xa2][0xc2][0x92]nE[0x85]%[0xdd][0x8a][\n]"
19:46:27.483 [main] DEBUG org.apache.http.wire --  << "KD[0x6][0xa6]q[0x87][0xc1][0x92]n9[0x17]4[0xfa][0x0][0x1d][0x14][0xa2][0xad][0x9f]L@[0xc5][0x16][0x9d]l[0xa2]W*71[0xa0]W[0xb9]g[0x82][0xb4][0xc0][0x85][0xc6][0xf1]dH[0xaf]r[0xcf][0xc4][0x90]^[0xe5][0x9e][0x89]![0xdd]R[0x84]![0xbd][0xca]=[0x13]Cz[0x95]{&[0x86][0xf4]j"[0x99][0x18][0xd2][0xab][0xdc]31[0xa2][*GZ[\n]"
19:46:27.483 [main] DEBUG org.apache.http.wire --  << "C[0xe3][0x9c][0x8b][0xb4][0x4][0x6]j[0x93]!F[0xeb][0x92]*C[0xd1]&F[0x18][0xa9][0x9c]f6a[0xa4]r[0x1a][\r].[0x99][0x18]a[0xa4]rL[0x9b][0x10][0xed]p[0xe4]68[0x9e]a[0x15][0x13]#[0x8c]6[0x83]%F[0x9c][0x90]a*F>[0xa1]Y[0xf8][0xd3][0xad][0x86]CZ0[0x2]M[0xbd][0xd4][0x9d]H[0x1][0x0][0x0][0x0][0xff][0xff]"
19:46:27.483 [main] DEBUG org.apache.http.wire --  << "[\r][\n]"
19:46:27.484 [main] DEBUG org.apache.http.wire --  << "595[\r][\n]"
19:46:27.484 [main] DEBUG org.apache.http.wire --  << "[0x82]/[0xdd]4AZ(Bk[0x9b]0[0xf2][0x9][0xcd][0xfc][0x84][0xc8]'%[0xa9]E[0xa0][0xe]#[0xea][0xba][0xd7][0xa4][0xc4][0x8c][0xc4]<[0x85][0xe2][0xc4][0xdc][0xa4][0xc4][0x1c]Dz3[0x4]5[0xca][0xe0][0xcb]][0xf1][0xa5]c[0xa4]E[0x19][0xae]y[0xf9]E[0xb9][0xf9][0xa5][0xc5][\n]"
19:46:27.484 [main] DEBUG org.apache.http.wire --  << "[0xce][0xf9]%%[0xf9]y[\n]"
19:46:27.484 [main] DEBUG org.apache.http.wire --  << "[0xe1][0x89]99[0xa9]%[0x18][0xa9]:8373'[0xb3][0xb0]4U![0xb5]D[0xa1][0xb0]4[0xb3]X!'1)[0xbf](3[0xbf]81W[0x8f],'`d%s[0xc]K[0x11][0xe6][0x12][0x9b]A[0x8d]1[0xb2][0x12][0xcd][0xa2][0x8][0x91][0x95]<R[0x13][0xcb]*[0x15]\JK*[0x15]|[0x13][0x8b][0x92]rR[0x15][0x9c][0xf3][0x13]1[0x83]0[0xb0]4[0xb1]X![0xb3][0xa0]81W[0xa1],?[0xa7][0xb4][0xa0]$[0xb1]X!?--393Q!%3[0xb9]$Q![0xb3][0xb4][0xb8]$[0x9f][0xac][0xd0]DZ[0x9d]A[0xe3]L[0x80][0xb4]*[0x3]j[0x13]f[0xbc]Q[0xa7]Z2A4([0x9d][0xf3][0x93][0x12][0x15]RJsJ1[0x92]Hf^[0xa6]BFb^e[0xa2]BAjQr~Rbb[0x9e]BA~1([0xf4][0xa1][0x8b][0xc0]M--A[0xdd]"[0xa2][0xf2][0x5][0xd2]r[0xc][0xa8][0xe7]h[0x95]|[0x90][0x96]a[0xd0][0xda]&DM[0x98][0x9b][0x9a][0x97][0xc]Z'[0x9f][0x9c][0x99]W[0x92][0xa8]P[0x9c][0x9a][0x95]X[0x82][0xa5]lI-[0xca]M[0xcc]KKL,Q([0xcd]+)[0xcd]V[0x0][0xad][0xa9]W[0xc8][0xca][0xcf]M[0xca][0xc9]'=C"-[0xc5][0xa0][0xb5]?[0xe9][0x96][0xf5][0x91][0x96]^ e}[0xf7][0xa2][0xc4][0xbc][0xcc][0x12]P[0xde][0xcf]-(-I-[0xc2]H[0xaa][0xce][0xa5][0xb9][\n]"
19:46:27.484 [main] DEBUG org.apache.http.wire --  << "%[0xa9][0xb9][0x5][0xf9]E[0x89][0xe0][0x12][0xb4][0xb0]41W!9?77?%S!%?'[0xbf][0xa8][0x94][0xbc][0xa2][0x14]ia[0x6][0x8d][0xc3][0x18]iA[0x6][0x15]l[0xc2]3ifb[0x8a][0xc8][0xfc]T[0xb0][0x9]_]h[0x8a][0xd4][0x9b][0xcc]M[0xcc][0xc9]Q[0x80]E[0xa4]{N~Y*hm[0x7]j[0xdd][0xeb][0x9f][0x9b][0x97]Y[0xc][0x8a]@hd[0x82]k[0xc4][0xd4][0xbc][0xcc]\[0x85][0x9c][0xcc][0xa4][0xd4]"[0xe4][0xf2][0x1b][0xb4]N[0x97][0xa8]r[0xc7][0x14][0xd1][0xb2][0x18][0x80]<[0x8a][0xb4][0xe8]e lG[0x94]O[0xc1][0xd0][0xe9][0xd1]`#c[0x85][0xd0][0x9c][0x12][0xf0]V[0x1e][0xd4][0xc0][0x87]LJ#[0x8a]!C3[0xd0][0xa0][\r]qa[0x8c][0xd4][0xe0][0xa0][0xa9]=t+[0x87][0x90][0x96][0xa6][0xd0][0xab][0x82]4Ct[0xb4]]R[0x8b][0x8a]*[0x15][0x92]2[0x8b]A[0x1b][0xae]Pc[0x9]"U[0x90]X\[0x92][0x9]S[0x0][0xad][0x8c][0xcd],A[0xb3][0xfe]D[0xc5][0x97][0x19][0xa2][0x4](I-N[0xc1],O[0xc1][0xa2]P[0xfb][0xc9]0[0x1e][0x91][0xed][0xc1][0x6][0xe1]1[0x1f][0xe4]A2,@[0xe4]i[0xba][0xc5][0xe][0xa2][0xdb]@[0xe3]B[0xd3][0xc][0x91]i[0xc1][0xa1][0x87][0xd9]a[0x5][0xb][0x83]b[0x7]$EF[0xe8]![0xe5]V[0x9a]N[0xed][0x9a] -}[0x1][0xbb][0xd9][0x8][0xa3][0xe2][0x6][0xb][0x83][0xbc][0x2][0x92]"[0xdd]+HkN[0xc0]&[0x81]LA[0xcd]/`a[\n]"
19:46:27.484 [main] DEBUG org.apache.http.wire --  << ",@dJ[0xb0]I[0xd4][0xb7][0x0]-+R[0xdf][0x2]DfL[0xcf][0xcc]I[0xcc]K[0xc7][0x1d][0x7][0xe4]%'sDf[0xa4][0x91][0x5][0x88][0xac]G[0xa3]8@[0xe4]8*[0xe4]m<[0x13][0xcd]&[0xe8][0xab]_[\n]"
19:46:27.484 [main] DEBUG org.apache.http.wire --  << "[0xcc][0xcc]0[0xa2][0xa3][0xa0][0x14][0xd4][0xe5][0xca]+[0x5]MxCs[0x84]%[0xca][0xe8][0x83]![0xee][\r][0x1a]&H[0x8b]^h[0x14]V[0x88][0xbe][0xb9]gAF~^[0xaa]B[0x4][0x86][0xf][0x12][0x15][0xf2]R[0xcb][0x15]RS2[0xc1][[0x89][0x11][[0x86][0x8d][0xc][0xc0][0x0]iR[0x1e]_[0xe3][0x11]i[0xad][0xb][0xad]mBdr[0xb2][0xe2][0x9f][0xd8][0x11][0x14][0xa4][0xb5][0x1a]T[0xf0][0x11][0x9e][0xd5][0xdd]&Hk5 [0xc9][0x80][0xea][0xc5][\n]"
19:46:27.484 [main] DEBUG org.apache.http.wire --  << "[0xd2][0x1a][\r]Z[0xd9][0x80]Hi4[0xb2][0x1]i[0x89][0x4][0xad]l@[0xa4],Z[0xd9][0x80]^P=[0xa6][0x91][0x96]B[0xd0][0xca][0xf][0x88][0x1a][0x84]V6[0xa0]W![0xd4][0xf]%D[0x1d]B+?[0xd0][0xad][0xd9]F[0xb7]E[0x15]&[0xa0][0xd1]C[0xe8]R[0x7][0xda][0x84][0x9a])[0xa8][0xe6][0xa4][0xb1][\r][0xb4][0xce][0xe3][0xa6][0x6][0xb4][0xce][0xe3][0xa6][0x6][0x88]F"[0xad][0xe2][0x81][0xd6]y[0xdc][0xd4][0x80][0xd6]y[0xdc][0xd4][0x80][0xd6]y[0xdc][0xd4][0x0][0x91][0xc7][0xe9]?\d[\n]"
19:46:27.484 [main] DEBUG org.apache.http.wire --  << "[0x1a][0xef][0xa1]m^AZ[0x9c]C[0xa3]t[0x86][0xb4]([0x87]&[0xbd][0x11]S[0xa4][0xb5]8[0xb4][0xf2][0x2][0xcd]3#[0xd2][0xda][0x1b]Z[0xf9][0x81][0xe6][0x99][0x11]i[0xad][\r][0xad][0xfc][0x80][0xc8][0x8c][0xb4][0xb2][0x1]1[0x9e]I#[0x1b][0x90][0x8e][0xd0][0xa1][0x95][\r]4[0xaf][0xfe][0x90][0xd6][0x5][0xd1][0xca][0xf]4[0xcf]qH[0xeb][0x80]h[0xe5][0x7][0x9a][0xe7]8[0xa4]u?[0xb4][0xf2][0x3][0xcd]s[0x9c][0x11][0xed]s[0x1c][0xad][0xbb][0xad][0xa6][0xa0][0xa9]/[0xda]V[0xd3]H+[0x8c]h[0x14][0xd3]H+[0x8b]he[0x3]U[0xf2]4[0x9e][0xe3][0xc9]L[0x8d]i[0xde][0xa4]E:R[0x86]V[0xa1]D[0xf3]&-[0xd2][0x91]1[0xb4][0xf2][0x3][0xcd][0xf3]4[0xd2][0x91]0[0xae][0xc5][\n]"
19:46:27.484 [main] DEBUG org.apache.http.wire --  << "![0xa9][0x19][\n]"
19:46:27.484 [main] DEBUG org.apache.http.wire --  << "[0xbe][0x89]y[0x99][0x98][0xf3][0xd7]h[0x92][0xd0][0xd1][[0xb4][0x8d]Hx[0xc6]<M[0x91][0xd6][0x1a][0xd1]([0xb0][0x90][0xd6][0x18][0xd1][0xca][0x6][0x9a][0xf7]V[0x91][0xce][0x92][0xa1][0x95][0x1f]h[0x9e][0xb5][0x91][0x16])[0xd1][0xca][0xf]T[0xc9][0xda]xf3L[0x91][0x16] [0xd1][0xca][0xf]4[0xcf][0xda]H[0xb][0x8e]h[0xe4][0x7][0xa4]%D[0xb4][0xb2][0x81][0xe6]Mp[0xa4]%C[0xb4][0xf2][0x3][0xa2][0xba]&k[0xe][0x86][0xe8][0xd3]aL[0x91][0x16][0x4][0xd1][0xda]&D[0x93][0x9c][0xd6]6![0xf2]:[0xad]mB4[0xd1]im[0x13]"[0xef][0xd3][0xda]&D[0x93][0x9d][0xc6]6!-+[0xa2][0xb5]M[0x88]2[0x81][0xd6]6![0xea]{Z[0xdb]D[0xb7]2[0xc2][0xc]Q[0xff][0xd3][0xda]Ot+#[0x90][0xd6][0x15][0xd1][0xda]Ot+#[0x90][0x16][0x18][0xd1][0xda]Ot+#[0x90][0xd6]4[0xd1][0xd8]O[0xc8][0xa7][0xe7][0xd0]t![0x98])[0xdd][0xce][0xcc]1[0xa5][0xdb][0x99]9[0xa6]H[0xeb][0x9e]h[0x1d]Ot+#[0xe8]v[0xe][0x90])[0xdd][0xce]b1[0xb5][0xa0][Y[0x8e][0xb4][0xbe][0x87][0xc6])[0x2]i}[0xf][0xad]m[0xa2][YN[0xb7]CXL[0xe9]v[0x8c][0x88])[0xd2][0xda][0x19][0x1a][0xc7][0x13][0xdd][0x8e][0x11]1[0xa5][0xdb]1"[0xa6][0x96]t[0xeb][0xd5][0xd0][0xed][0xc0][0x12]S[0xba][0xad][0xad]1EZ[C[0xdb][0xb4]g[0x86][0xb4][0xc6][0x86][0xd6]6[0xd1][0xab]Wc[0x86][0xb4][0xe6][0x86][0xd6]~[0xa2]W[0xaf][0xc6][0xcc][0x80]^5[0xa1][0x19][0xd2]Z[0x1c]Z[0x87][0x1e][0xbd][0xca][0x8]3[0xa4][0xb5]9[0xb4][0xf6][0x13][0xbd]F>[0xc0];[0xbc][0xa0]S[0x89][0x8]?[0x1][0x0][0x0][0x0][0xff][0xff]"
19:46:27.484 [main] DEBUG org.apache.http.wire --  << "[\r][\n]"
19:46:27.484 [main] DEBUG org.apache.http.wire --  << "37D[\r][\n]"
19:46:27.484 [main] DEBUG org.apache.http.wire --  << "B[0xbb][0x8][0x8a]*;[0x8e][0xcd][0x90]V[0xfe][0xd0][0xda]&[0xba][0x95][0x11]HK[0x81]h[0xed]'[0xba][0xa5]rCz[0xb5][0xf7][0xcc][0xc][0xe9][0xd5][0xa3]6[0xc3]<[0xee][0x85]V[0xa9][0x1c]i[0x99][0x7][0x8d]S[0x4][0xd2][\r]G[0xb4][0xb6][0x89]ni[0xf][0xf3][0x8][0x18][0x9a][0xc5][0x13][0xdd]JX#[0xba][0xa5]r[0xa4]e!4N[0x11]H[0x8b]7hk[0x93])[0xfa]~)[0x9a][0xdd][0x19]`[0x8a][0xb4]q[0x8a][0xd6]~[0xa2]W[0x8a]0E[0xda]AEc?Y[0xd0][0xab][0xce]5[0xb5][0xa0][0xdb]l[0x3][0xdd][0x8e]j5[0xa5][0xdb][0x1][0xaa]ft;[0xde][0xcf][0xc]i[0x89]1m[0xd3][0x9e][0x19][0xdd][0x8e][0xf7]3CZLKc?[0xd1][0xed][0xd0]=3[0xa4][0xc5][0xb5]4[0xf6][0x13][0xd2]r9Z[0xdb]D[0xb7][0x16][0xb][0xdd][0xce][0xc4]2CZ[0x19]F[0xe3][0xd0]C:[0x1b][0x8a][0xd6]6[0xd1]m<[0x2][0xe9][0x9e],Z[0xfb][0x9][0xd1][0xb2][0xc]*-.[0xc9]LV[0x8][0xcf][0xcf]OI[0xcd]Sp[0xce][0xc7]qv[0x91]crriqb^Ifi[0xae]B^*[0xe8][0x18][0xb8]D[0xd0]ip[0x89][0xb9][\n]"
19:46:27.484 [main] DEBUG org.apache.http.wire --  << "[0xc5][0xa9])[0x88][0xe3][0xcc][0x12][0xf3]2s3[0x15][\n]"
19:46:27.484 [main] DEBUG org.apache.http.wire --  << "K[0x13][0x8b]3[0x91][0x8e]1[0x3]-[0xcc]![0xe6][0xc8][0xf]3[0xa4]uN4[0xe][0x1][0xa4][0xf5]N[0xb4][0xb6][0x89]^[0xad][0xe]3P0[0xd3]g[0x9c][0x4][0xf9][0xc8]$[0x9a][0xce][0xc9][0x9a][0xd1]m[0x1d][0x94][0x19][0xd2]!H[0xb4]N[0x11]H%?[0xf4] "[0xc8][0xb1]F[0xb4][0xbb]k[0xc7][0xcc][0x14]i[0xc4][0x84]nv"J[0x19]*[0x84]([0x9e][0xc3][0xc2][0xcc]L[0xa9][0xda][[0xc1][0xb3][0x9a][0xd4][0xc]im[0x94]S[0x90][0xae][0xb1][0xa9][0x81]#[0xc6]P[0xa4][0xb9]Yn[0xae][0x82][0x8f][0xae][0xa1][0xa1]B[0x88][0xae][0xb1][0x89][0x82][0x86][0xa1][0xa5][0x89][0x81]&[0xe2][0xc4]*[0xf0]f_[0x9c][0xa5]![0xec]Bz[0x13][0xa4]m[0x9c][0xe6]f[\n]"
19:46:27.484 [main] DEBUG org.apache.http.wire --  << "[0xb9][0xb9][\n]"
19:46:27.484 [main] DEBUG org.apache.http.wire --  << "[0xc1][0x19][0xa9]9[0xa0][0xb3]>QO[0x8e][0x9][0xc9][0xc8],V[0xc8],VH[0xcc][0xcd]-[0xcd][0x3][0x1f]e[0xa1][0x90][0x96]_[0xa4][0x10][0x1e]n[0xa4][0x10][0x92][0x98][0x97]][0xac]T[0x8b]tT[0xaa][0x19][0xd2][0xe9]M[0xbe]fF8[0x8c][0x4][0xbb][0xdf][0xd7]P[0xc1]91//?[0xf][0xa4][0x8]t[0x1e][0xa0][0x82][0xb9][0x99][0x82]O~^[0xba][0x82]SbQQ*[0xc8]![0x88][0x85][0xe3]Hge[0xa0][0x1f][0xfb]Ac[0xff] [0xfa]Y[0xbe]f[0x86] [0xa7]b[0x9]"[0xb0][0x1c][0x3][0x14][0x82][0xf2]K[0xf3]R[0x14][0x86][0x88][0xc7][0x10][0xd3]-t:;[0xca][0x8c]n[0xab][0xc9][0xcc][0xcc][0xd0]V[0x8a][0x98][0x19][0x18]`[0x9e][0xcd][0x8c]o@[0x1f]<k[0x8][0xcf]B[0xf8][0xb2]+[0xd2][0xe2][0xa1][0xbc][0xc4][0xdc]T[0x8c][0xbc][0x9a][0x92]Z[0x9c]\[0x94]Y[0x80]v[0x4][0xc]h[0xaa][0x10]n<[0x9e][0x13]L[0xcc][0xa8][0xbb]b[0x8][0xaf]MHu[0x6][0xe5]5.^[0x9b][0x90]j[\n]"
19:46:27.484 [main] DEBUG org.apache.http.wire --  << "[0xca]m[0xc2][0xb3][0x8f][0xc4][0xc]i[0x94][0xc4]9[0x11]T[0xd4][0xb8][0x4][0xfb][0x4])[0x80]6[0xa2]`[0xc4][0x93][0x87][0xb][0xe4]<@[0x85][0x80][0x8c][0xfc][0x12][0xa4]SH[0xcd][0x89]=M[0xce][0xc]i[0x81][\r][0xe8][\n]"
19:46:27.484 [main] DEBUG org.apache.http.wire --  << "[0x1e][0x5][0x97][0xc4][0xd2]<[0x5][0xaf][0xd4]"[0xf0][0x9]F[0xa8]e*X[0xbe]<5/1;[[0xa1]$5/1O![0xb7][0xb4]([0x17]|[0xa0]'[0xb4][0xcc]32![0xb2][0x14]G[0x9a]|q[0xcb]s[0xc2][0xf0][0x16]j[0xe9]L[0xb7][0xf5]2fH[0xe7][0xe2]@[0xcf][0xf8]14T03QHO[0xc2]p"[0xbe]|H[0xf4]rv3[0xba]-[0x9b]1[0xc3][0x1c][0x10]3$[0xad]p![0xde]SH'[0xf3]8[0x15]%&[0xa7]b;6[0xdb]71%U!?M!#3=[0x3][0xd4]/[0xca][0xc9],[0xa9]T(HM,[0xca][0x1]m[0xcc][0x82]%'[0xd0][0x98][\r][0xbc][0xc0][0xc1][0x97]e[0x90][0x6][0xe1][0xa8]i%[0xbe][0xf2][0x0]iuP@[0x95];[0xe6])[0x89][0x16][0x16][0xb9][0xb9][\n]"
19:46:27.484 [main] DEBUG org.apache.http.wire --  << "![0x99][0xe9][0xa9]E[\n]"
19:46:27.484 [main] DEBUG org.apache.http.wire --  << "[0x1e]Hg[0xb3][0xe1][0xf]F[0xda]6[0xb][0x90][0x96][0x19][0xd1][0xab][0xf6]DZ1C[0xff]31[0xcc][0xd0]W[0xd1][0x90]ub[0x1b][0x9e]tgn[0x80][0xd6][0x89][0xa5][0xbe][0x5][0x88][0x96][0x1c][0xb8][0xaf]@}[0xb][0xa0]-*[0x0][0x0][0x0][0x0][0xff][0xff]"
19:46:27.484 [main] DEBUG org.apache.http.wire --  << "[\r][\n]"
19:46:27.484 [main] DEBUG org.apache.http.wire --  << "3BA[\r][\n]"
19:46:27.484 [main] DEBUG org.apache.http.wire --  << "R[0xb2]R[0xa2][0x91][0x5]h[0xe3]D[0xd4][0xf7][0x1][0xa2][0xd9]D[0xff]$f[0x8e][0xd4][0x1f][0x1][0x87][0x1f][0xcd]&[0xb9][0xcc][0xe9][0xb6][0x84][0xc5][0xdc][0x80][0xaa][0x1d]T[0xbc][0xf9][0x7][0xd1]A[\r]H[0xcc]I[0xf4][0xc9][0xf7][0x1][0x9d])[0x8b][0xda][0xec][0x80][0xd7][0xb4]X[0xee][0x14]76F[0xea]c[0xe1][0xb3][0x8]i[0x5][0xcb][0x0]$[0x12][0xa4]smh[0x9c]H[0x90][0x1a]V4[0xe]PD[0xb9]Ac[0x8b][0x10][0xe5][0x7][0x8d]-B[0x94]#[0xb4][0x8e]$D[0xa7][0x85][0xc6]^B[0xf4]Y[0x6]"[0xd5]#[0x8a][0x11]:57[0xcc][0xe9][0xb6],[0xc9][0x9c]n[0x93]|[0xe6]H[0x93]|[0xf4][\n]"
19:46:27.484 [main] DEBUG org.apache.http.wire --  << "F[0xba][0xad][0xb9]2G_sE[0xf5][0xd6][0x1][0xd2]R+[0xba][0x85][0x1e]"{[0xd3][0xb8] [0xa1][0xdb][0x9a]+s[0xa4][0xa3]wh[0xed]'D[0x93][0x80][0xc6]6![0xad][0xb9][0xa2]f[0xa7][0x11]_3[0x4][0xe9]l[0x1e]Z{[0xe][0xad][0xe3]@[0xbb]v)[0xa8][\r][0x6][0x9d]^[0xa3][0"[0xda][0x4]t[0xb3][0x12][0xd1]:[0xa0][0x9b][0x95][0x88]r[0x84]nV"[0x1a][0xc][0xb4]N[0x9f][0x88][0xc6][0x1][0xad]mB[0x14]([0xf4][\n]"
19:46:27.484 [main] DEBUG org.apache.http.wire --  << "F[0xa4][0xf5][0x1e]t[0xb3][0x12]1[0x12]A7+[0x11]E[0xc][0xdd][0xac]D[0xf4]:[0xe8]f%[0xfd][0xcb][0x1a][0xa4][0xe3][0x85][0xe8][0xe6]K[0xfa][0x97]5H[0x7][0x10][0xd1][0xcd][0x97][0x88]B[0x87]nV[0xd2][0xbf][0xf4]AZ[0xc3]C[0xaf]&/u[0xef]?[0xc3][0xd7][0x82][0xa2][0xdb]b[0x1e]s[0xba]-[0xe6]1[0xa7][0xdb]b[0x1e]s[0xba]-[0xe6]17E[0x14](4[0xae][0xdf][0x91][0x96][0xf0][0xd0]-[0xb9]#[0xca][0x11][0xba]Y[0x89](G[0xe8]e%[0xd2][0x9a][0x1e][0xba]Y[0x89]h[0xc5][0xd0]8[0xd5] [0xdd][0xa2]F7[0xcf]![0x1a]/t[0xb3][0x12][0xd1]x[0xa1][0x9b][0x95][0x88][0x8e][0x12][0xdd][0xac]D[0x94]5[0xf4][0xaa][0xd6][0xcd][0x10][0x1d]%[0xba]Y[0x89](t[0xe8]f%[0xa2][0xd0][0xa1]qv[0xa4][0xdb][0xb9]I[0xe6][0xd4]][0x9b][0x84][0xaf][0xa9]B[0xb7]3[0x86][0xcc][0xe9]v[0xf2][0x8f]9[0xdd]v[0xda][0x99][0x9b]#[0xd2][0x1e]mN[0xad]4G[0xda]aG+[0x1b][0x10][0xd5][0x19][0xad]l@[0xf4][0xc1]i[0x9c]C[0x91][0x16][0x8a])[0xd0]f5[0x94]9[0xd2][0x11]L[0xb4][\n]"
19:46:27.484 [main] DEBUG org.apache.http.wire --  << ".DMA[0xeb][0xe0]BT[0x10][0xb4][0xb6][0x9]Q/[0xd0][0xda]&D[0x96][0xa4][0xb1]MHK[0xc8]hm[0x13]"[0x8b][0xd2][0xda]&[0xba]eU[0xa4][0xa5]iI[0x89][0xc5][0xa9])Ei[0x99][0x15][0x18]Y[0x16],[0x93][0x9a][0x96]X[0x9a]S[0x2][0xbe]C[0x18][0xba][0xe6][0xe][0xed]"b<G[0xe8][0x9b]#-'[0xa3]u[0xd0]!2[0x13][0xbd][0x9a]>H[0xb][0xd7]h[0xeb]9[0xb][0xa4]5dtj0[ [0x9d][0x8f]D[0xa7][0xf0][0xb4][0xa0][0xf9]%e[0x16]H[0x7]$[0xd1][0xa6][0xf6][0xb0][0xa0][0xdb][0xc1]H[0x16][0x94][0xae][0xc0]"[0xf2]RS[0xb][0x9a]_[0x1a]f[0x81][0xb4][0xf0][0x8a]F[0xb1][0x82][0xb4][0xb8][0x8a]V6 Jnze[0x17][0xa4][0xbd][0xfe][0xb4][0xf2][0x14]bh[0x80]V6 F[0x2][0xe8][0x16]l[0x88][0xf6][0x1d][0xad]<[0x85][0xa8][0x8a]he[0x3][0xa2]=G+[0x1b][0xe8][0xd5][0x8e][0xb3]@Z[0xbb]D[0xe3]Z[0x14]i[0x9d][0xf][0xad]m[0xa2]y[0xfc][0xd0][0xed][0xd8]![0xb][0xba][0xad]G[0xb1]@:v[0x88]F[0xa9][0x9a][0xfe][0xeb]P,[0xe8]v*[0x86][0x85]1[0xa2]`[0xa3]q[0xf2]F[0xba][0xf2][0x89]^[0xa5]6[0xdd][0xe][0xe2][0xb0]@Z[0x98]A[0xe3]`D[0xba][0xaa][0x89][0xd6]6!*rZ[0xdb]D[0xff][\n]"
19:46:27.484 [main] DEBUG org.apache.http.wire --  << "[0x1d][0xe9][0xec][0xf][0x1a][0x15][0x1b][0xf4]_[0x86]`a[0x82][0xa8]Ah[0x1c]cH[0xf3][0xf2][0xf4][0xca][0xcc]t[0x9b][0xa0][0xb7]@[0x9a][0xa0][0xa7][0x9b][0xe7][0xe8][0x96][0xd7][0xe8]6n[0x81]4N[0xeb][0xd4]H[0xb7]v[0xa7][0x19]b[0xaa][0x95][0xc6]~[0xa2][0xdb]%&[0x16]t;[0x88][0xc0][0x82]nSd[0x16][0xe6][0x88][0x1a][0x85][0xc6][0xf1]D[0xb7][0x89]+[0xb][0xa4][0xed][0xfb]4[0xf6][0x13][0xdd][0xae][0xe1][0xb0][0xa0][0xdb][0x16]|[0xb]JG[0xfe][0x89][0x1d][0xf9]B[0xda]1N[0xe3]XB[0x1e]&[0x87][0x1e]1[0x14]ld[0xc]9[0xb7][0x1]cT[0x1e]r[0xe0][0x11][0xe2]T[0x1c][0xa2][0xbd]C[0xb7][0x8c][0x84][0xbe][0xa7][0x9a]f[0x1b][0xb],A[0xc7][0x8d]@7[0x16][0xd0]6[0x8a],[0x91][0x6][0xa7]im[0x13][0xbd][0xfa]q[0x96]H[0x3][0xaf][0xc1][0x90]d[0x87][0x91][0xd8][0x10][0xc9][0xc][0xff][0xa9][0x4]HG%Y"[0x8d][0xb6]B[0x8d]U[0xc0][0x9d][0x9a][0x11][0x16][0x18][0x82]O[0xab]'[0xe6],[0x7]K[0xa4]-[0xac]4[0x8e][0xc]C[0xba]E[0x6][0xe8] [0xb][0xfa]$eZm[0xdd][0x3][0x0][0x0][0x0][0xff][0xff]"
19:46:27.484 [main] DEBUG org.apache.http.wire --  << "[\r][\n]"
19:46:27.485 [main] DEBUG org.apache.http.wire --  << "3B7[\r][\n]"
19:46:27.485 [main] DEBUG org.apache.http.wire --  << "[0xca]L-V[0xb2][0x8a]FN[0x9]t[0xdb]|fI[0xb7]Q*K[0xa4];[0xbb]i[0x9c][0xf6][0xe8]6[0xe6]aI[0xb7][0x91][0x8]K[0x13]z[0xf5][0x8e],[0x91]:[0xed]4[0x8e]'[0xa4][0x1e]4[0xad]m[0xa2]W[0x9f][0xc5][0x92]n[0xeb][0xcd]-M[0xe9]5[0xd2]a[0x89]t[0x84][0x1f][0x8d][0xe3][0x89]n[0xfd]0K[0xa4]E[0xa6]4[0xf6][0x13][0xdd][0x96]_Z[0xd2][0xed][0x8a]GK[0xba]-[0x8a][0xb4]DZ[0xaa]H[0xe3]x[0xa2][[0xdf][0xd2][0x12]i-[0x1e][0xad][0xfd]D[0xb7]2[0x82]n}>Kz]Igd@[0xaf]N[0x92][0x91][0x1][0xbd]:IF[0x6]Hg*[0xd1]g`[0xd7][0xc8][0x0][0xe9]p%[0xba]Y[0x89]H[0xf7][0xb4]<[0x5][0xc6][0xc8][0x0]i[0x91][0xf]m-B[0xea][0x1b][0xd2]+[0x10][0x91]:[0x8b]4[0xf6][0x1b][0xa2]uFc[0x8b][0x10][0x8d]h[0xba][0x5]""%[0x82][0xcf][0xf8][0x1c]tg[0x80][0x1a][0x19] [0x1d][0xec]C[0xaf]PA[0xea][0xb3][0xd3][0xcd]J[0xc4]B[0xb3][0xc1][0x1a][0x11]H[0xe3][0xb][0x9e]y%[0xa9]99[0x99][0xe9][0xa9]y%[\n]"
19:46:27.485 [main] DEBUG org.apache.http.wire --  << "[0x8e]9[0xa5][0xb9][0x99]y[0xa5][0xb9][\n]"
19:46:27.485 [main] DEBUG org.apache.http.wire --  << "[0xe1][0x89]%[0xc9][0x19][0x18]#MNE[0xf9]yU[0xa0]c[0x86][0xa1][0xab][0x8c][0x8d]LA[0xb5][0x9][0x11][0xc3]AF[0x6]H'[0x4]9[0xa6][0x16][0xe5][0xa7]T[0xe6]%[0xe6]f&+[0x4]$[0x16][0xa4][0x16])8[0xe7]'[0x96]`X[0xe6]^[0x94][0x98][0x97]Y[0x82]d[0x9b][0x89][0x9]hT[0x99]8[0xdb][0x10]CB[0x86]F[0xc6][0x18]F[0x83]c[0x85][0xee]G[0xe0][0x1a][0x19] [0x1d][0xbf][0xe3]X[0x9e]Z[0x9c][0x9f][0x9b][0xaa][0xe0][0x9c]_R[0x92][0x9f][0x87]#[0xbc][0xc1][0xa1][0x83][0x18]}[0xb3]0[0x0]u[0xf9][0x88][\n]"
19:46:27.485 [main] DEBUG org.apache.http.wire --  << "[0x0][0xa4]Cq[0x10]6[0xe5]%[0x17][0xa5][0x96][0xa4]*8%[0xa6]c[0x84]HPiR[0x12][0xf2][0x11][0xc0]ff [0xb7][0x12]g[0x15]"[0xb5][0xbb]%[0xe6][0x95]$[0x82]/[0xdc][0x8][0xc8][0x81][0xd0]8o[0xdc][0xf0]M,J[0xca]A[0x8a]\#C[0xd0]"3[0xe2],D[0x14][0xad][0x1]E[0x89][0xc9]%[0x99][0xc9][0x89]9[\n]"
19:46:27.485 [main] DEBUG org.apache.http.wire --  << "[0xc1][0x99]9[0xd9][\n]"
19:46:27.485 [main] DEBUG org.apache.http.wire --  << "[0xce][0x89][0x98][0x7][0xb8]b$#s[0x3][0xd0][0xba]i[0xe2]lB[0x1a][0x8e][0xcf]M[0xcc][0xc9]Q[0x80][0x4][0x93][0x82]Sj[0x1e][0x96][0xdc][0x1][0xb9]d[0x4][0x11]][0x96][0xe0][\r]][0xc4]Y[0x84]H[0xaf][0xee][0xf9]E[0xe9][0xa9][0xf9][0xa5][0xc5][0xa0];Kr[0x14][0x2][0x12][0xf3]J@G[0xe9][0xa2][0x9e][0xa5][0x18][0x9e][0x9f][0x8f]tD[0xbd][0xb9][0x11][0xd1][0xf9][0x2]y[0xb8][\n]"
19:46:27.485 [main] DEBUG org.apache.http.wire --  << "[0xec]!h[0xe8](x[0xa7]V&[0xe5]'[0x16][0xa5]`$[0x8c][0xe0][0x92]T[0x94][0xe3][0xf0]M@[0xd3][0xf5]D[0xf9][0x9]i[0x91][0xe]r[0x11][0xe3][0x93][0x9a]X[0x92][0x1][0xca][0xf3][0x19][0x89][0x99][0x98][0xb1][0x85][0x9e],,[0x8c]@[0xa7]h[0x10]g[0x1f]"[0x1d][0xd2][0xb6]j7[0xa1]W[0x1b][0x2]i [0x8e][0xc6]>B[0xa4]s[0x1a][[0x84]H[0xe7]4[0xb6][0x8][0xb1][0xbe][0x97][0xc6][0x16]![0x1a]]4[0xb6][0x8][0xb1][0xea][0x82][0xb6][0x16]![0x9d];Bc[0x8b][0x10]{[0xb6]hl[0x11][0xbd]2,[0xa8]z[0x86][0xce][0xf][0xd1][0xd8]G[0xf4][0xca][0xb0]H[0xeb][0x97]h[0xec]#zeX[0xa4][0xb1]l[0x1a][0xfb][0x88]^[0x19][0x16][0xe9][0x80][0xf][0xda][0xfa][0x8]ip[0x9e][0xc6][0x16][0xd1][0xab]*GZ`Fc[0x1f]![0xb5]YixB[0xb6][0x91][0x1][0xd2][0xed]34[0xf6][0x11][0xbd][0xaa]r[0xa4][0xe9][0x13][0xca]}[0x84][0xfb]*[0x8]#[0x3][0xa4]5[0x80][0x94][[0x84][0xfb]D[0x9]#[0x3][0xd0][0xad].T[0xab]&[0xf0][0xf9][0x8]i>[0x88][0xb6]>B[0xba][0x88][0x88]r[0x8b][0xf0][0xfa][0x88]^%[0x3][0xd2][0x4][0x17][0x8d]}D[0xaf][0x92][0x1]i[0x91]&[0x8d]}[0x84]([0x19]h0[0xe7][0x4][0xbb][[0xc5][0xdc][0xc]aMzbnf^[0xba]Obz&F[0xff][0x15]t][0x1c]DZ[0xa1][0xa0][0xb4][0xa8] [0xbf]8[0x15][0xe5][0xd2]8#[0x3]z]ond[0x80]tP[0x9][\r][0xc2][0x5][0xb1][0xa6][0xc7][0xc8][0x80]^+J[0x8d][0xc][0xe8][0xb5][0xa2][0xd4][0xc8][0x0][0xf3][0xe6]#S[0x8c][0xc8][0x86][0xdf]1[0x91][0x97][0xaf][0x80][0xe5][0x9a][0x9][0xa2].[0x99]02[0xb0]D[0x94]14[0x8e]'KD3[0x9e][0xd6]6![0xba][0xa9][0xb4][0xb5][0xc9][0x10][0xe9][0x1c][0x4]Z[0xdb][0x84](9im[0x13][0xa2]sBc[0x9b][0x90][0x97]{[0xd2][0xf2]z:#C[0xa4][0xad][0xe9][0xb4][0xf6][0x13][0xa2][0xa0][0xa6][0xb5]M[0x88].[0x17][0x8d]m[0x2][\r]VC[0x9b]p[0xb4][0xb6][0x89]^e[0x84]!h[0xc4][0x9f]N~";[0x9e][0x0][0x0][0x0][0x0][0xff][0xff]"
19:46:27.485 [main] DEBUG org.apache.http.wire --  << "[\r][\n]"
19:46:27.485 [main] DEBUG org.apache.http.wire --  << "527[\r][\n]"
19:46:27.485 [main] DEBUG org.apache.http.wire --  << "*[0xca]LNU[0xb2]"v[0x9d][0xb3][0x91]![0xd2]~e[0x1a][0xc7][0x13][0xbd][0xd6][0x9c][0x1a][0x19]"[0xf][0xe2][0xd3][0xb6][0x8c][0xa0][0xd7][0x9a]S#C[0xa4][0xa1]n[0x1a][0xc7][0x13][0xbd][0xd6][0x9c][0x1a][0x19]"[\r][0xa4][0xd2][0xd8]O[0xa0]9[0x19][0xfa][0xe4]\[0xa4][0xf1]@Z[0xfb][0x9]QF[0xd0][0xe7]<%#C[0xa4][0x81]4[0x1a]{[0xe]i[0xdc][0x89][0xd6]6[0xd1][0xad][0xf2]E[0x1a][0xd5][0xa0]W[0x84]![0x8d]o[0x4][0x95][0x82][0xe7][0x9d]}2[0xf3]R[0xf3]p[0xcc][0xcf]B&o[0x11][0xf3][0xb3][0xa6][0xc6][0xa0]=[0xb3][0xc4][0xcc]-[0x1a][0xd2]k+[0xa5][0x91]!R/[0x9d][0xc6])[0x83]^[)[0x8d][0xc][0xe9][0xb5][0xb0][0xd6][0xc8][0x90]^[0xb]k[0x8d][0xc][0xe9][0xb5][0xb0][0xd6][0xc8][0x90]^[0x97][0xb][0x1b][0x19][0xd2]ka[0xad][0x91]![0xf2]fJ[0xda]6a[0xe8][0xb6][0x84][0xd7][0x88]nKx[0x8d]@[0x8b][0xae][0xe8]R[0xdd][0x1b]![0x1d][0xc6]G[0xdb][0xd2][0xc8][0x88]^[0x87][0xf2][0x19][0x19]!-K[0xa6][0xb5][0x9f][0xe8]5l`D[0xe9]A[0x83]Dw[0xa8][0x8c][0x90][0x16][0x7][0xd3]8[0xf4][0xc][0xe9]5[0xbc]cdH[0xb7]xBZ[0x8c]J[0xe3][0xd0][0xa3][0xd7][0xc5][0x96]FFH+;i[0xed]'[0xba][0xc5][0x13][0xd2][0xf2]I[0x1a][0xfb][0x9][0xe9][0xb8]3Z[0xdb]D[0xb7][0xfc][0x84]t[0xf6][0x18]|5#x[0x1d][0xa1]B@N"xE/[0xea]rF[0xc8][0x1a]XD[0xc3][0xdc][0xdc][0x2]4[0xf0][0x0]o[0x98][0xe3][0x99][0xf]42F[0xf4][0x12]i[0x1c]|&[0xf4][0x9a][0x15][0x0][0xaf]x[0xa4]O[0xf5]N[0xaf][0x13][0xac][0x8c][0x8c][0xe8][0xb5][0xff][0xd6][0xc8][0x8]i[\r][0x16][0x8d]S[0x4][0xa8][0xf7]H[0x9f]x[0xa2][0xdb][0xc0][0x84][0x11][0xdd][0x6]&[0x8c][0x90][0xa6]oi[0x1c]OH[0x3][0x13]4[0xb6][0x89]n[0xc3][0x4]FH[0xcb][0x13]h[0xed]'[0xba]U[0x1b]t[0x9b][0x89]7[0xa2][0xdb]L[0xbc][0x11][0xdd]f[0xe2][0x8d][0xe8]6[0x13]oD[0xb7][0x99]x#[0xba][0xcd][0xc4][0x1b][0xd3][0xad][c[0x8c][0xb4][0xd5][0x91][0xb6]9[0xd7][0xd8][0x90]^3[0x87][0xc6][0xf4]:[0x81][0xc7][0xc8][0x98]n]5cCz[0xad][0x98]0F[0xda][0x14]I[0xe3][0x14]A[0xb7][0xee][0xa7]1[0xdd][0xba][0x9f][0xc6]H3[0xf1]t[0xda][0xdf]i[0x8c][0xb4]y[0x92]nV[0xd2][0xab][0x16]6F:[0xf][0x8a]^[0x9e]C[0xea]/[0xd2][0xcd]J[0xba][0xe5]n[0xa4]~#[0x9d][0xa6][0xc5][0x8c][0x91]6[0xa8][0xd1][0xc9]J#[0xa4][0xbb][0x8a]h[[0x86][0x19][0xd1]m[0xcd][0x9c][0x91]%[0xbd][0xa6]N[0x8d][0xe8]uK[0x91][0x11]x[0x9c][0x97].}Vc[0xba][0xad][0x3]4[0x6]m[0xe7][0xa5][0x93][0x9f][0xe8]V[\n]"
19:46:27.485 [main] DEBUG org.apache.http.wire --  << "[0xd3]m:[0xc4][0x18][0xe9][0xc8][0x14][0xda][0xe6]\c[0xba]MR[0x18][0xd3]m[0x15][0xa5]1[0xd2][0x9a]9zU]H[0xd7][0x8a][0xd0][0xcb]J[0xa4][0xe1]pjZi[0xa4][0xa3][0xe4][0x9c]X[0x92][0x8a][0xe5]XJ#c[0xa4][0xc3]"[0xa9]i%[0x9e]m9[0xc6]Hk[0x5][0xe9]f%bg*[0x8d]3[0x1f][0xd2][0xcd]#[0xf4][0xf2][0x1c]h[0x10][0x1f]Z.[0xd3][0xcd]JD[0x1]M[0xa7][0x96][0x8f]1[0xe8]|[0x2][0xa8]/i[0x1c][0x85]t[0x1b][0xad]7[0xa6][0xdb]h[0xbd]1[0xdd]F[0xeb][0x8d][0x91][0xf6][0xfd][0xd2]+5[0x9a]"&[0xa7][0xe8]e%[0xd2]L[0x1][0xdd][0xac]Dl[0xe3][0xa7][0x9b][0x95][0x88][0xb9]8[0x9f][0xd4][0xbc][0xfc][0xb2]|[0x85][0xcc][0x94][0xd4][0xc4][0x82][0xc4][0x14][0x5][0xcc]=A9[0x89][0x5]%[0xf9][0x5][\n]"
19:46:27.485 [main] DEBUG org.apache.http.wire --  << "[0x90]=`Hs[0x8c][0xa0][0x3][0xd0][0xe1]S[0x8c][0xf8][0xaa][0x5][0xa4][0xfd][0xa7]4[0xce][0xe0][0xc8][0x1b]P[0xe1][0x7][0xdb]8[0xe7][0x17][0x80][0x8e]H[\n]"
19:46:27.485 [main] DEBUG org.apache.http.wire --  << "[0xce][0xc8],[0xc2]<#[0x9]z[0xcc][0xe][0xc2][[0xa6][0x86][0xa0][0xc5]AD[0xf9][0xb]i[0xf1]$|[0x96][0xd6][0xb3](?O[0xc1][0x19][0xeb][0xc9],hg[0x11][0x99][0x81][0xf]Y&[0xce]"Dl[0xb9][0xe6][0xe5][0x17][0xe5][0x82][0xe][0xb7][0x81][0x9c]$[0x85][0xfd][0xe0]'[0xd0]Q>[0x8][0x1f][0x99][0x81][0x17][0xf5][0x11]g[0x11][0xa2][0xf4][0xf7][0xc9]L[0xcf]()O[0x5][0x91][\n]"
19:46:27.485 [main] DEBUG org.apache.http.wire --  << "[0xb0]3n[0x9c][0xf2]KJ[0xc0]G[0xe][0xa1][0xce]>[0x83][0x97][0x8c]"[0xec][0xb3][0x0][0xdf]_M[0x9c]}[0x88][0xe][0xa2]KiQbRN[0xaa][0x2][0xe4][0xfc][0x1a][0x5][0xf],[0xe7]Y9[0xe7]C[0xce]_BXeb[\n]"
19:46:27.485 [main] DEBUG org.apache.http.wire --  << "[0xea]b[0xc2][0xad]2[0xc5][0xd3][0x1c]BZB[0x89][0xec]5[0xa8]u[0xc4]M[0xab][0x1b][0x81]O8[0x85][[0x87]/[0xcd][0xd3]m[0x1d][0xa5]1[0xdd]&H[0x8c]-[0x10][0xa9][0x83][0xc6][0xf9][0x98]nkC[0x8d][0xe9]6[0xe9]clA[0xaf][0xb5]7[0xc6]t[[0xef]jL[0xb7][0x89],c[0xd0][0x1]][0xf4]i$[0xd2]m[\r][0xaf]1[0xfd]&[0xe7][0xe8]6[0xb8]hL[0xb7]u[0xc9][0xc6]t[0x1b][0xc6]4[0x6][0xd5]1tJ{t+#[0xe8]6`j[0xc]j&[0xd2]%[0xf4]L[0xe8][0xb6]~[0xdc][0x84]nC[0xb3]&t[0x1b][0x9a]5[0x1]5{[0xe9][0x14]O[0xf4]jG[0x98][0xd0]m[0x10][0xd8][0x84]nk[0xe2]M[0xe8]6[0xdc]lB[0xb7][0xe1]f[0x13][0xa4][0x93][0xb9]i[0xdb][0xb2]4[0xa1][0xdb][0xc0][0xb6][0x9][0xd2][0x82][0x18][0x8c][0x3]d[0xb1]w[0x10]![0x1d]UD[0xef][0xc6][0xd4][0x10][0xd4]:%[0xa6][0xbb]a[0x82][0xb4][0xd4][0x1f][0xde]C[0x84][0x18][0x87][0xa3]3[\n]"
19:46:27.485 [main] DEBUG org.apache.http.wire --  << "=D[0x14]a[0x99][0x85][0x19]h[0x1c][0x8e]8[0xcb][0x10][0xb5][0x14][0xe2][0xf8]X[0xc8][0x12]d"[0xd7]'[0x1b][0x1b][0x1b][0x99][0x11]w[0x96][0x88][0x9][0xd2][0x8a][0xb][0xef][0xd2][0x9c][0xec][0xc4]b[0x85][0x80][0xfc][0x9c][0xca][0x12]P7[0xdb]H[0xa1] 3[0xaf][0xa4][0x14][0xe3][0x10][0x13][0x88]:[0x84][0xd7][0x8c]MM[0xf1]X[0x6]=[0xe][0xc7][0xc8][0x10][0xe9][0x12][0xeb][0xd4][0x9c][0xd4]d[0x90][0x15][0x99][0xc9][0x98]G[0xc7][0x82][0xce][0xc3]A[0x92][0xc7]~([0x8e][0x9][0xdd][0x96]o[0x98] -[0xdf][0xa0]q[0xde]AZ[0xb5]Ak[0x9b][0xe8]VC[0x18][0xd1]k[0x89][0x97][0x9]([0xc5][0xd3][0xa7]~EZ[0x80]B[0xe3]x[0xa2][0xd1][0xb4][0x16][0x9e][0x81][0x15][0x13][0xa4]i-*x[0xe][0xcf][0xce][0x8][0x13][0xa4][0xd9],[0xb7][0xd2][0xa2][0xbc][0xcc][0x92][0xd2][0xa2]T[0x85][0x90][0xfc][0x2][0x8c][0xf2][0x6]![0x9b][0x92]X[0x94][0xa9][0xe0][0x95]Z[0x90]X[0x94][0x88](~[0xc]M,[0xf1][0x14]?H[0xa7]N[0x99] meA[0x98]I[[0x1b][0x11][0xc9][0x9f]^6"[0x86][0xfc][0xe8]e#b[0xa5][0x12][0xbd]lDL[[0xc0]m[0x4][0x0][0x0][0x0][0xff][0xff]"
19:46:27.485 [main] DEBUG org.apache.http.wire --  << "[\r][\n]"
19:46:27.485 [main] DEBUG org.apache.http.wire --  << "431[\r][\n]"
19:46:27.485 [main] DEBUG org.apache.http.wire --  << "[0xa2]m[0xca]A[0x9a])[0xa4][0x97][0x8d][0x88]1i*[0xda][0x88]g[0x4][0xd7][0x4]iQ[0x96]_~v&([0x87][0xa1][0x8e]C;[0xe7][0xe7][0xe5][0xa5][0x96]d[0xe6][0xa5]+[0x4][0xa4][0xe6][0x17][0x80][0x7][0xaa][0xa1][0xc7][0xdd][0x18][0x82]:[0xa1]D[0xb5]mL[0xe8][0x9e]<[0x91]&%[0xa9][0x18][0x90][0xf8][0x8a]PPs[0x8]Z[0x13][0xd1]i[0xbe][0xc9][0x84][0xfe]s[0x87]&Hs[0x87][0xb4]K.H[0xb3][0x85]T[0xa8][0x8d][0xf0]E[0x1a][0xd2][0xd1][0xc1][0xb4][0xb6][0x9][0x91][0xb3][0xe1]s~[0xa8][0x19][\r][0xd4][0x4][0x86]H!Z[0xbf][0xa4][0x1f]-e[0x82]t[0xd2].[0xc4]4[0x8c][0x9a][0x95]Z[0x16]!2u@0[0x96][0x19][0xce][0xf4][0xc4][0xdc]T[0x5]S[0x85][0xe2][0x12][0xf0][0xed][0x17][0xd0]2[0xc3][0x84][0xe8]2[0x3]i~[0x93][0xb6][0xfe]@[0x9a]p[0xa4]W[0xc6]E:[0x97][0x96]nV"[0xd2][0x1f]-[0xad][0x84][0xf7][0xfb][0x90][0x1a][0xe6][0x8e][0xc9][0xc9][0xa9][0xc5][0xc5][0x90]K~u[0x94]P[0x13]}I[0xbe]Bj^Fb^r[0xaa]BbAAjb[0x11][0x88][0xa9]T[0x8b][0xdc]~3[0xa7][[0xb7][0x5][0xe9][0x90][0x9b][0xa1][0x16]F[0x88][0xb6][0x11][0x8d][0xcb]1[0xba]MW[0x9a][0xd0]m[0xba][0xd2][0x4]4 [0x4][0xad][0xba]i[0x1c]zt[0x9b][0x6]3[0xa1]x[0x1a][0xcc][0x8][0xb2]*[0x9b][0xa8][0xf6][0x1d][0xdd]f[0xc2]L[0x90]f[0x8d][0x86]V[0x16]5E[0x9a]s@^*[0x1][~[0xa1][0xe0][0x93][0x98][0x8b][0xd9][0x9][0x86][0xae][0x11]At{M-@c+[0xc4]D[0x8a])[0xdd][0x86][0xe9]M[0x91][0x86][0xe9][0x87]Z[0xa4] [0x6]][0x87][0x9a][0xcb][0x11][0xfd][0xef][0xa1][0xe6]rD]5[0xc4]\[0x8e]4[0xcd]1[0xd4]\>T[[0xa6]H[0xe7]A[0xf][0xb5]0G[0xb4][[0x87][0x9a][0xcb][0x87]l[0xe][0xa5][0xdb][0x4][0x91])[0xdd][0xa6]mL[0xe9]6[0xf1]`[0x8a]4RN[0xdb]v[0xb0])[0xd2][0xac] mm2A:[0xc1][0x99]^[0x3][0x81][0x6]:J[0xd0][0xde][0x4]-[0xf3]=r[0x17][0x19]ic[0x4]-[0xad][0xa4]A[0xe7][0xde][0x94]>[0x15][0x13]r`QzF[0x8d][0x1][0x91][0xf3]N[0xe6][0x88][0xf1]1[0x1a][0xa7]q[0xa4]#si;TF[0xb7]U[0xd1]&t[[0x3]k[0x82][0xb4][0xe2]1=[0x13]|[0xa7],[0xea][0x8][0x15][0xa2][0xef]El[0xc4]#[0x9d][0xed]J-[0x13][0x11][0x8d]}j[0x99][0x88][0xa8][0xe2]i[0x9b]8M[0xe9][0xb6]~[0xd0][0x94]n[0xeb][0x7]M[0x91]V![\r][0xad][0xf2][0xd6][0x14][0xe9][0xf0][0x9d][0xa1][0xe6]rDqJ[0x83][0xe9][0x6]S[0xa4][0x13]|[0x86]Z[0xc0] [\n]"
19:46:27.485 [main] DEBUG org.apache.http.wire --  << "[0x87]![0xe6]r[0xa4]Uh4.[0x84][0xe8][0xb6][0x9c][0xcb][0x94]n[0xc7][0xce][0x9a]"[0xed][0xf1][0xa7]u[0xe8][0xd1][0xad][0xb2][0xa0][0xdb]m5[0xa6]H[0x1b][0xcf]i[0x1c]zH[0xc7][0x8][0xd1][0xda]&DI@k[0x9b][0xe8][0x96]"L[0x10][0xbd])[0x1a][0xfb][0x9]i[0xb5][0xf][0xad]mBtzhm[0x13][0xbd][0xe]r0E[0xea]g[0xd3][0xda]O[0x88][0xd5]u[0xb4][0xb6][0x9][0xd1][0xe4][0xa0]i[0xbf][0xca][0x14][0xe9][0xf2]'[0x1a][D[0xb7][0x12][0x2][0xb4]<[0x13]:[\n]"
19:46:27.485 [main] DEBUG org.apache.http.wire --  << "B[/!]gEc[0x8b][0x10][0x7][\n]"
19:46:27.485 [main] DEBUG org.apache.http.wire --  << "[0xd0]8[0xdd]![\r][0x8a][0xd0][0xda]&[0xc4][0x18]5M/[0xdf]5EZ[0x1d]G[0xe3]XB[0xcc][0xe8][0xd1][0xd8]G[0x88][0xac]Dc[0x1f][0xd1][0xad][0xae]EZwG[/!-[0xbb][0xa3][0xb1]E[0x88][0xfa][0x8f][0xb6][0xa9][0x1]i[0xd5][0x1d][0x8d]-[0xa2]W[0x9d][0x84][0xb4][0xfe][0x8e][0xc6][0x85][0x10][0xd2][0xf9]"4N[\r][0x88][0x9c]D[[0x8b][0x90][0x96][0x14][0xd2][0xd8]"D[0x9d]Dc[0x8b][0x10]MV[0x1a][[0x84][0xc8][0xb1]4[0xb6][0x8]Q[0xf5][0xd1][0xd8]"[0xba][0xb5]W[0xe9]6[0xe3]`J[0xb7]3[0xf1]M[0x91][0xe6]6h\[0xc]![0x9d]eCc[0x9b][0xe8]v[0xce][0xbf][0xa9][0x5][0xbd][0xca][0x7][0xa4][0x93]yh[0x9b][0x9b][0x90][0xa6][0xa0]hl[0x11][0xa2]|[0xa0]ur[0xa0][[0x1]A[0xb7][0x85][0xae][0xa6]t;[0x97][0xc7][0x94]n[0xe7][0xf2][0x98][0xd2]mN[0xd2][0x94]n[0xe7][0xf2][0x98][0xd2]mA[0xb2])[0xc5][0xb][0x92][0x89][0xdd]9bJ[0xb7][0xd5][0xc8][0xa6]t;[0x97][0xc7][0x14]i[0x96][0x9a][0xc6][0xa5][0x11][0xd2][\n]"
19:46:27.485 [main] DEBUG org.apache.http.wire --  << "kZ[0xdb][0x84][0xe8][0xaa][0xd3][0xda]&D_[0x9d][0xd6]6![0xba][0x18][0xb4][0xb5][0xc9][0x8c]n[0xf3][0xea]ft[0x9b]W7CZ#O[0xeb][0xd0][0xa3]S7[0xc3][0xc][0xe9][0xaa]Z[0x9a][0xb6]W[0xcc][0x90][0x96][0xfb][0xd3][0xd8]":[0x8d]@[0x98]![0x9d][0xc9]Cc[0x1f]![0x8a][0x7][0x1a][[0x84]([0x1d]hk[0x11][0xd2]Ju[0x1a][D[0xa7][0xe][0x86][0x19][0xd2][0xfd]T4[0xf6][0x11][0xbd]J[0x6][0xa4][0xd3][0x85]h[0xec]#D[0xff][0x82][0xc6][0x16]!J[0x6][0x1a][0x17][0xdf]H[0xab]uhm[0x13][0xbd][0xca][0x6][0xa4][0xeb][0xb6]h[0x1b]Kt[uc[0x86][0xb6][0x1a][0x1f]c#zANb[0xa5][0x2]b}[0xa5]1[0xa8]IC[0xcc][0xd6]63[0xb4][0xe5]<T4[0x18][0x91][0xf9]A[0xe9][0x8a][0x8a][0x6]#F[0x13]@>F]bJ~8 r6[0xa6][0xa9] [0x91][0x80][0xa2][0xcc][0xe4]T%+[0x12]B[0x16][0x91][0x85][0xf1][0xa5]B[0x0][0x0][0x0][0x0][0xff][0xff]"
19:46:27.485 [main] DEBUG org.apache.http.wire --  << "[\r][\n]"
19:46:27.485 [main] DEBUG org.apache.http.wire --  << "14B[\r][\n]"
19:46:27.485 [main] DEBUG org.apache.http.wire --  << "J[0xcc][0x5][0x1d][0x8]RPZT[0x90]_[0x9c][\n]"
19:46:27.486 [main] DEBUG org.apache.http.wire --  << ":[0xcd][0xb]j[0x11][0xf8]"[0x1f][0xe2][0xa2][0x10][0x91][0xaf]@![0xad][0x10][0x10]l[0x8e][0x11][0xda][0x88][0xa4]A[0xe4][0xd2][3[0xa4]KH n[0xc4]0[0x93]:[0x87][0x1f][0x98]![0x9d][0xd1]Dc[0x8b][0x10][0x15],[\r][0x96]=[0x9a]![0x1d][0xc7]Dc r[0x16][0x8d]-B[0xe4]4[0x1a][[0x84][0xc8]|4[0xb6][0x8][0x91]'[0xa1]Y[0x5][0xf3]:[0x1]p[0x11][0x92][0x91]X[0xac][0x90][0x97][0xaf][0x90][0x93][0x99][0x9b]YBV[0xa6][0xa4][0xdb]R53c[0x8c][0xec]ojh[0x88][0x91]Y[0xa9][0xe4]+D[0xab][0x1b][0x14]~111J111[0xa5][0x6][0x6][0xc6][0xa9]P:[0x19]$F#[0xdb][0x91][0x16][0xb0][0xd1]6[0x99][0xa0][0xad]_[0x3]y[0x9][0xea]=[0xf2][0xbd]Il[0xb9][0x8b]t[0x9b] [0xd5][0x82][0x98]h[0xbb][0x11]%[0xb][0xc8]n[0x85][0x80]`Ze[0xf][0xa4]5n4[0x8e]Jz[0x15]-H[0x7]s[0xd1][0xd8]G[0xf4][0x1a][0xeb]3CZ[0xf]F[0xe3][0xe4][0x80][0xb4][0xeb][0x8e][0xd6]6!f[0xdf]im[0x13][0xdd]2[0x13][0xdd][0xae]X2CZ{F[0xeb][0xd0][0xa3][MmJ[0xbf][0xfc][0x84]YS[0xd3][0xa8][0xa6]D:[[0x8e][0xc6][0xf1][0x84][0xb4][0xd0][0x8d][0xd6]6![0x9a][0xef][0xb4][0xb6][0x89]ne[0x84][0x19][0xdd][0xca][0x8]3D[[0x9e][0xd6][0xa1][0x87][0xa8]qim[0x13][0xdd][0xca][0x8][0xa4][0x15]|[0x1][0xc1]&[0x98][0x99][0xb6][0xd8]D!)[0xb1][0x8]t[0xd2]7[0xb4][0xf7]nl@[0xf4][0x8][0xc]t[0xcd][0x1e][0x0][0x0][0x0][0xff][0xff]"
19:46:27.486 [main] DEBUG org.apache.http.wire --  << "[\r][\n]"
19:46:27.486 [main] DEBUG org.apache.http.wire --  << "1DC[\r][\n]"
19:46:27.486 [main] DEBUG org.apache.http.wire --  << "JU[0xb2]R[0xa2][0xbe][0xd9][0x88][0xf6]:[0xd5][0xcd]FZ[0x99]G}[0xb3][0x11]y[0x9d][0xfa]f#r7[0xf5][0xcd]F[0xe4]g[0xea][0x9b][0x8d][0xc8][0xc1][0xd4]7[0x1b][0x91]g[0xa9]o6"[0x97]R[0xdf]lD[0xdd]M}[0xb3][0x11][0xb5]5[0xf5][0xcd]F[0xe4][0xcb][0x90][0xc4][0xc]P[0xb9][0x81]e[0x18][0x93][0xe2]1[0x8][0xa4]%kXmA[0xc][\n]"
19:46:27.486 [main] DEBUG org.apache.http.wire --  << "[0x12]?[0xd8][0x88][0xb4]:[0x8d][0x80][0x99][0xc4]v:[0x91][0x96][0xa1]Q[0xcb]DDN[0x9][0xc9][0xcc]M[0xc2]<[0x88][0xb9]4[0xaf][0xa4]4[![0xaf][0xb2]49[0x13][0x11][0x6][0xf8][0xcf]`[0x86][0x1d][0xd8][0x81]|]P@jQbR~Ib[0x9e]BPinb[0x6]F[0xb5][0xe0][0x98][0x93]X[0xa2][0x90][0x92][0x98][0xa7]P[0x0]WX[0x4]R[0xa8]P[0x92][0x98][0x97][0x9e][0x9e][0x88]r6[0xa7][0x19][0xd2][0x19][0x8d]![0x89]4K[0x11][0x88][0xbc]HCK[0x10][0x99][0x92][0xc6][\r][0x0]J[0x17][0xac][0x11][0x9d]D[0x11][0xd9][0x15][0xa7][0x8f][0x10][0x9][0x89][0xf8][0xcc]D[0xb7]%cfHK[0xc6]h[0x17][0xf1]H[0xab][0xc5]hh[0x9]R[0xe6][0xc6][0x92]O[0xc8][0x8a][0x6]D[0xed][0x87][0xcd][0xdd][0x8]#[0x89]M/H[0xb][0xbf][0xa8]d "Ka3[0x90]:[0x83][0xbb]t[0xbb]r[0xcd][0xc][0xb4][0xfe][0x10][0xda][0xe4][0xa5][0x99]w[0xcc]A[\r]p[0xda][[0x82]h[0xa8][0xe2],[0x19][0xa8][0x12];[0xe6]H[0xb][0xba]H[\r]3C[0x3][0xc]@[0xdc][0xc1]K[0xe6]Hw[0xae][0xd1][0xd1]R[0xfc]9[0x1c]_pR[0xe0]SDk[0x8f][\n]"
19:46:27.486 [main] DEBUG org.apache.http.wire --  << "[0x11]i[0x88][0xfb][0xa2]_s[0xba][0xdd]%f[0x8e][0xb4][0x8e][0xcd]9?)Q![0xa5]4[0x7][0xb3]a[0x91][0x99][0x97][0xa9][0x90][0x91][0x98]W[0x99][0x8]j[0xa5]$[0xe7]'%[0x82][0xda]+[0xf9][0xc5][0xa0][0x9b][0xa8][0xa1]}YSKKP[0x86]%f.[0xda][0x1c]i[0xb5][0x14][0x15][0x82][0x11][0xcf]}[0x3][0xe6]H[0xab][0x98]hm[0x13][0xa2]SGk[0x9b][0x10])[0x9f][0xd6]6![0xaa]<Z[0xdb][0x84]hr[0xd2][0xda]&D%[0x9][0xb2][0x9][0xa3]9[0x8e][0xaf][0xe0] [0xba][0xcd]fnH[0xd5][0x82][0x2]o[\n]"
19:46:27.486 [main] DEBUG org.apache.http.wire --  << "'[0xa2][0xd5]I[0x1d]?[0xd1]m[0x1d][0x93]9Q[0xeb][0x98]([0xed][0xf8][0x9a]#-j[0x2]-[0xdd][0xa1]A[0xdf][0xda][0x9c]n[0x87][0x13][0x99][0x83]"
19:46:27.486 [main] DEBUG org.apache.http.wire --  << "[\r][\n]"
19:46:27.486 [main] DEBUG org.apache.http.wire --  << "BA[\r][\n]"
19:46:27.486 [main] DEBUG org.apache.http.wire --  << "N)[0x87][0xb6]c@[0xc9]Z! 8[0x11]sV[0x16][0xd1]F%>%#[0xdd]+[0x1]5[0x18][0xd3]\*[0xa5]/[0xd4][0x9c]I[0xbb]yes[0xba][0x9d][0xe4]d[0x8e][0xb4]>[0x8a][0xc6][0xa1][0x87][0xb4]@[\n]"
19:46:27.486 [main] DEBUG org.apache.http.wire --  << "j[0x13][0x8d][0x96]w[0x98]c[0xde]][0x87]i[0x13]"[0xa5][0x11][0xd9][0x1b]2GZ[0x18][0x5]u?[0xad][0xd2][0x19][0xdd]N[0xdd]5[0xa7][0xdb][0xa9][0xbb][0xe6]t;[0xc7][0xcb][0x9c]n[0xe7]x[0x99][0xd3]mq[0x94]9[0x96][0xc5]Q4j[0x17][0x18][0xd3][0xad][0xb6]FZ[0x6]E[0xe3][0xfc][0x84][0xb6][0xe][0x8a][0x86][0xe5]6[0xda][0xaa]'Z[0xda]D[0xb7][0xd6]<[0xd2][0x1a]'Z[0xc7][0x13][0xdd]Z[0xf3]H[0xab][0x9c]h[0xed]'[0xba][0xb5][0x19][0x90].8[0xa4][0xb5][0x9f][0xe8]VF[0xd0]m[0xe9][0x96]9[0xdd][0x96]n[0x99][0xd3][0xed],/sS[0xba][0x95][0x11]t[[0xba]eN[0xb7][0xa5]"
19:46:27.486 [main] DEBUG org.apache.http.wire --  << "[\r][\n]"
19:46:27.486 [main] DEBUG org.apache.http.wire --  << "2C3[\r][\n]"
19:46:27.486 [main] DEBUG org.apache.http.wire --  << "[[0xe6][0xa6]t[0xeb][0xf1][0xd3]m[0xe9][0x96]9[0xd2][0xfd][0xa0]4.#[0xe8][0xb6]t[0xcb][0x9c]nK[0xb7][0xcc][0x91][0xe])[0xa3]q[0xe8][0x99]![0x16]w[0xd0][0xda]&D[0x19]1[0xb4][0xce][0x8a]6[0xa7][0xdb]R0s[0xa4][0xa3][0xdc]h[0x1d][0x1b]t[0x1b][0x95]C[0xba]p[0x94][0xc6]~2[0xa7][Z[0xa6][0xf4][0x1e][0xf][0xe2][0xc7][0x9c][0xe8]v[0x3][0xa9]9[0xd2][\r][0xa4][0xb4][0x8e]'[0xba][0xd5]wt;+[0xcc][0x9c]ng[0x85][0x99]#-([0xa2][0xe9][0xbe][0x9]s[0xa4]uF4[0xb6][0x8]1[0x8b]Cc[0x8b][0x10][0xdd]>[0x1a][[0x84]H[0xe1]4[0xb6][0x88]n[0x9d]>J[0x97][0xe][0x11]_[0xe4]![0x9d]u[0xe5][0x9a][0x97]_[0x94][0x9b]_Z[0xac][0x10][0x90][0x93]X\[0x92][0x99][0xac][0xe0][0x9c][0x9f][PZ[0x92]Z[0x84]1&[0xe5][0x93][0x99][0x97][0x9a][0x87][0x18]j[0xb5]0[0x1][0x15]gD[0xcd][0xc0][0xd2][0xed][0xc0]+s[0xa4][0xd5]K[0xbe][0xa9])[0x99][0xf9][0xc9]E[0xa9][\n]"
19:46:27.486 [main] DEBUG org.apache.http.wire --  << "[0xe1][0xf9][0xf9]9[\n]"
19:46:27.486 [main] DEBUG org.apache.http.wire --  << "[0xee]9[0xf9]e[0xe0][0xad][0xcc][0xa8][0x13]/h~[0xb2][0xb4][0x0]5[0xdf][0x89][0xf3][0x13][0xdd]jB[0xa4]%L[0x9e]y%[0xa9]99[0x99][0xe9][0xa9]y%[\n]"
19:46:27.486 [main] DEBUG org.apache.http.wire --  << "[0xd0][0xcb]c[0x15][0x82]32[0x8b]@3[0xe3][0xa8][0x1e][0x3]y[0x1a][0x11]W[0xc4]/[0xfd]6[0xb7]D[0x94][0x14][0xc1][0x95]y[0xa9]E[0xe9][0x99][0xe0]T[0x11]\[0x92][0x9a][0x9a][0xa3][0xe0][0x91][0x88]i[0x13]Z[0x10][0x9a][0x1a][0x81]Z[0xd6][0xc4][0x5]![0xa2][0xac][0xf0]K,[0xce]TpI,[0xcd]S[0xf0]J-*[0xcd][0xc6]H{`[0xf9][0xf2][0xd4][0xbc][0xc4][0xec]l[0x85][0x92][0xd4][0xbc][0xc4]<[0x85][0xdc][0xd2][0xa2]\p"[0x85][0xae][0x8]0[0xb4]$zy[0xbb]9[0xd2]Z([0x1a][0xd7][0xc3]H[0x97]E[0x5][0x95][0x82][0x3][0xd2][0xa9](?[0xaf]*[0x15]G[0xac]9[0xe7][0x17][0x14] {[0xca][0xc2][0xc4][0xc0][0x82][0xc8]e1H+[0xa5]\[0x8b][0xd2][0xf3][0xf3][0xf2]s3[0x93][0x15]|[0x13][0x8b][0x92]rRAY[0xbb]$[0x15]#L[0xc1]Q[0x8a]H#F[0xe0]`!.[0xe2][0x10]cF[0x1e][0xa9][0x89]e[0x95][\n]"
19:46:27.486 [main] DEBUG org.apache.http.wire --  << ".[0xa5]%[0x95][\n]"
19:46:27.486 [main] DEBUG org.apache.http.wire --  << "[0xc1][0x99]9[0xd9]D[0xe6]3#K[0xd0]T[0x15]1vY -[0x99]rL-[0xca]O[0xa9][0xcc]K[0x4][0xf9][0xcc]'5[0xb1]$#[0xb5]H[0xc1])1[0x1d][0xc3]ca[0xa9]y[0x99][0x89][0xb9][\n]"
19:46:27.486 [main] DEBUG org.apache.http.wire --  << "[0xc5][0x89][0xa9][0x5][0xa9][\n]"
19:46:27.486 [main] DEBUG org.apache.http.wire --  << "[0xa9]e[0xa9]y[0x99][0xa9]%[\n]"
19:46:27.486 [main] DEBUG org.apache.http.wire --  << "[0x99][0xc5]%[0xa9][\n]"
19:46:27.486 [main] DEBUG org.apache.http.wire --  << "[0x99][0xb9][0x5][0xa9])[0x99]%[\n]"
19:46:27.486 [main] DEBUG org.apache.http.wire --  << "[0xa9][0x15][0xc9][0xa9][0x5]%[0xa5]E[0x99]zH[0xfe]7&.[0xa4]-[0x90][0xe][0xcc][0x82][0x17][0x9e][0xe0][0xb0]Tp[0xce][0xc7][0x92]?<[0x8b][0xf2][0x91]JMKsbK[0x18][0xb][0xa4][0xd5]U[0xb4]M[0xa5][0x16]HK[0xaa]hm[0x13]R[0xe9][0x92][0x9f]WI[0xbb]1u[0xb][0xa4][0x85]FP?[0x19]c$[0x14][0xaa][0xcc]$[ [0xdd][0x8f][\r][0xb5][0x89]Fs[0x89][0x16][0x6][0x88][0xa6][0x8][0xb5][0x97][0xff][[0x80][\n]"
19:46:27.486 [main] DEBUG org.apache.http.wire --  << "[0x1a][0xd4])}[0x9a][0xf9][0x2]Qz[0xc0][0xeb]h[0xf8]=[0xe9][0x1][0x89]y[0xe0][0xc3][\r]Pk3[0xe7][0xfc][0x92][0x12][0xe4]\da[0x4]Z(@T[0xf9]A[0xb7][0xd5]_[0x16]H[0xd7][0xc6]!_[0x1][0x1f][0x90]X[0x90]Z[0xa4][0x10][0x9c][0x91][0x8f][0xa5][0xf9][0x81][0xee]/[0x13][0x13][0xb][0x13]"K![0xa4][0x9b][0x93][0xa9][0x9e][0x16][0x90][0xd6][0xb1]Q[0xc9][0xec][0xd8]Z.[0x0][0x0][0x0][0x0][0xff][0xff]"
19:46:27.486 [main] DEBUG org.apache.http.wire --  << "[\r][\n]"
19:46:27.486 [main] DEBUG org.apache.http.wire --  << "A[\r][\n]"
19:46:27.486 [main] DEBUG org.apache.http.wire --  << "[0x3][0x0][0xf3]J[0xb4][0xe9][0x92][0xc6][0x1][0x0]"
19:46:27.486 [main] DEBUG org.apache.http.wire --  << "[\r][\n]"
19:46:27.486 [main] DEBUG org.apache.http.wire --  << "0[\r][\n]"
19:46:27.486 [main] DEBUG org.apache.http.wire --  << "[\r][\n]"
19:46:27.486 [main] DEBUG io.restassured.internal.RestAssuredHttpBuilder -- Parsed data to instance of: class org.apache.http.conn.EofSensorInputStream
19:46:27.488 [main] DEBUG org.apache.http.impl.conn.BasicClientConnectionManager -- Releasing connection org.apache.http.impl.conn.ManagedClientConnectionImpl@6f695077
19:46:27.488 [main] DEBUG org.apache.http.impl.conn.BasicClientConnectionManager -- Connection can be kept alive indefinitely
19:46:27.563 [main] DEBUG net.thucydides.core.steps.StepInterceptor -- STEP DONE: user send request
  &amp#27;[32mWhen &amp#27;[0m&amp#27;[32muser send request&amp#27;[0m                            &amp#27;[90m# starter.stepdefinitions.UserSteps.userSendRequest()&amp#27;[0m
19:46:27.575 [main] DEBUG net.thucydides.core.steps.StepInterceptor -- STARTING STEP: UserSteps.userSeeStatusCode - user see status code 200
19:46:27.576 [main] DEBUG net.thucydides.core.steps.StepInterceptor -- STEP DONE: user see status code 200
  &amp#27;[32mThen &amp#27;[0m&amp#27;[32muser see status code 200&amp#27;[0m                     &amp#27;[90m# starter.stepdefinitions.UserSteps.userSeeStatusCode()&amp#27;[0m
19:46:27.582 [main] DEBUG net.thucydides.core.steps.StepInterceptor -- STARTING STEP: UserSteps.userSeeProduct - user see product
19:46:27.863 [main] DEBUG net.thucydides.core.steps.StepInterceptor -- STEP DONE: user see product
  &amp#27;[32mAnd &amp#27;[0m&amp#27;[32muser see product&amp#27;[0m                              &amp#27;[90m# starter.stepdefinitions.UserSteps.userSeeProduct()&amp#27;[0m
19:46:27.866 [main] INFO  -- 
  _____   ___   ___   _____     ___     _     ___   ___   ___   ___  
 |_   _| | __| / __| |_   _|   | _ \   /_\   / __| / __| | __| |   \ 
   | |   | _|  \__ \   | |     |  _/  / _ \  \__ \ \__ \ | _|  | |) |
   |_|   |___| |___/   |_|     |_|   /_/ \_\ |___/ |___/ |___| |___/ 

GET - As a user I want to get all product
----------------------------------------------------------------------
]]></system-out>
  </testcase>
  <testcase name="DELETE - As a user I want to delete a product" classname="As user i want to see product, create new product, see product by id, delete a product, see product comments" time="0.136">
    <system-out><![CDATA[
@Produk
Scenario: DELETE - As a user I want to delete a product &amp#27;[90m# src/test/resources/features/produk.feature:16&amp#27;[0m
19:46:27.872 [main] DEBUG io.cucumber.core.plugin.SerenityReporter -- Running feature from file:///C:/Users/Admin/IdeaProjects/miniproject-api/src/test/resources/features/produk.feature
19:46:27.874 [main] INFO  -- 
  _____   ___   ___   _____     ___   _____     _     ___   _____   ___   ___  
 |_   _| | __| / __| |_   _|   / __| |_   _|   /_\   | _ \ |_   _| | __| |   \ 
   | |   | _|  \__ \   | |     \__ \   | |    / _ \  |   /   | |   | _|  | |) |
   |_|   |___| |___/   |_|     |___/   |_|   /_/ \_\ |_|_\   |_|   |___| |___/ 

DELETE - As a user I want to delete a product(as-user-i-want-to-see-product--create-new-product--see-product-by-id--delete-a-product--see-product-comments;delete---as-a-user-i-want-to-delete-a-product)
--------------------------------------------------------------------------------
19:46:27.906 [main] DEBUG net.thucydides.core.steps.StepInterceptor -- STARTING STEP: UserSteps.userSetEndpointForDeleteProduct - user set endpoint for delete product
19:46:27.906 [main] DEBUG net.thucydides.core.steps.StepInterceptor -- STEP DONE: user set endpoint for delete product
  &amp#27;[32mGiven &amp#27;[0m&amp#27;[32muser set endpoint for delete product&amp#27;[0m            &amp#27;[90m# starter.stepdefinitions.UserSteps.userSetEndpointForDeleteProduct()&amp#27;[0m
19:46:27.911 [main] DEBUG net.thucydides.core.steps.StepInterceptor -- STARTING STEP: UserSteps.userSendRequestForDeleteProduct - user send request for delete product
19:46:27.913 [main] DEBUG net.thucydides.core.steps.StepInterceptor -- STARTING STEP: Produk.userSendRequestForDeleteProduct - user set endpoint for delete product
19:46:27.913 [main] DEBUG net.thucydides.core.steps.StepInterceptor -- STEP DONE: user set endpoint for delete product
19:46:27.925 [main] DEBUG org.apache.http.impl.conn.BasicClientConnectionManager -- Get connection for route {s}->https://altashop-api.fly.dev:443
19:46:27.925 [main] DEBUG org.apache.http.impl.conn.DefaultClientConnectionOperator -- Connecting to altashop-api.fly.dev:443
19:46:27.968 [main] DEBUG org.apache.http.client.protocol.RequestAddCookies -- CookieSpec selected: ignoreCookies
19:46:27.969 [main] DEBUG org.apache.http.client.protocol.RequestAuthCache -- Auth cache not set in the context
19:46:27.969 [main] DEBUG org.apache.http.client.protocol.RequestProxyAuthentication -- Proxy auth state: UNCHALLENGED
19:46:27.969 [main] DEBUG org.apache.http.impl.client.DefaultHttpClient -- Attempt 1 to execute request
19:46:27.969 [main] DEBUG org.apache.http.impl.conn.DefaultClientConnection -- Sending request: DELETE /api/products/10002 HTTP/1.1
19:46:27.969 [main] DEBUG org.apache.http.wire --  >> "DELETE /api/products/10002 HTTP/1.1[\r][\n]"
19:46:27.969 [main] DEBUG org.apache.http.wire --  >> "Authorization: Bearer eyJhbGciOiJIUzI1NiIsInR5cCI6IkpXVCJ9.eyJGdWxsbmFtZSI6IkZpcnN0bmFtZSBMYXN0bmFtZSIsIkVtYWlsIjoic29tZW9uZUBtYWlsLmNvbSJ9.bGpZNDg6YHtKlTFw7_yuyn3SAICmfvdIV1yX7mIKrTw[\r][\n]"
19:46:27.969 [main] DEBUG org.apache.http.wire --  >> "Accept: */*[\r][\n]"
19:46:27.969 [main] DEBUG org.apache.http.wire --  >> "Host: altashop-api.fly.dev[\r][\n]"
19:46:27.969 [main] DEBUG org.apache.http.wire --  >> "Connection: Keep-Alive[\r][\n]"
19:46:27.969 [main] DEBUG org.apache.http.wire --  >> "User-Agent: Apache-HttpClient/4.5.13 (Java/19.0.2)[\r][\n]"
19:46:27.969 [main] DEBUG org.apache.http.wire --  >> "Accept-Encoding: gzip,deflate[\r][\n]"
19:46:27.969 [main] DEBUG org.apache.http.wire --  >> "[\r][\n]"
19:46:27.969 [main] DEBUG org.apache.http.headers -- >> DELETE /api/products/10002 HTTP/1.1
19:46:27.969 [main] DEBUG org.apache.http.headers -- >> Authorization: Bearer eyJhbGciOiJIUzI1NiIsInR5cCI6IkpXVCJ9.eyJGdWxsbmFtZSI6IkZpcnN0bmFtZSBMYXN0bmFtZSIsIkVtYWlsIjoic29tZW9uZUBtYWlsLmNvbSJ9.bGpZNDg6YHtKlTFw7_yuyn3SAICmfvdIV1yX7mIKrTw
19:46:27.969 [main] DEBUG org.apache.http.headers -- >> Accept: */*
19:46:27.969 [main] DEBUG org.apache.http.headers -- >> Host: altashop-api.fly.dev
19:46:27.969 [main] DEBUG org.apache.http.headers -- >> Connection: Keep-Alive
19:46:27.969 [main] DEBUG org.apache.http.headers -- >> User-Agent: Apache-HttpClient/4.5.13 (Java/19.0.2)
19:46:27.969 [main] DEBUG org.apache.http.headers -- >> Accept-Encoding: gzip,deflate
19:46:27.991 [main] DEBUG org.apache.http.wire --  << "HTTP/1.1 200 OK[\r][\n]"
19:46:27.991 [main] DEBUG org.apache.http.wire --  << "content-type: application/json[\r][\n]"
19:46:27.991 [main] DEBUG org.apache.http.wire --  << "date: Wed, 03 May 2023 12:46:56 GMT[\r][\n]"
19:46:27.991 [main] DEBUG org.apache.http.wire --  << "content-encoding: gzip[\r][\n]"
19:46:27.991 [main] DEBUG org.apache.http.wire --  << "transfer-encoding: chunked[\r][\n]"
19:46:27.991 [main] DEBUG org.apache.http.wire --  << "server: Fly/199ec4d3 (2023-04-25)[\r][\n]"
19:46:27.991 [main] DEBUG org.apache.http.wire --  << "via: 1.1 fly.io[\r][\n]"
19:46:27.991 [main] DEBUG org.apache.http.wire --  << "fly-request-id: 01GZGTDHT1H89WVGZTF35VHNPE-sin[\r][\n]"
19:46:27.992 [main] DEBUG org.apache.http.wire --  << "[\r][\n]"
19:46:27.992 [main] DEBUG org.apache.http.impl.conn.DefaultClientConnection -- Receiving response: HTTP/1.1 200 OK
19:46:27.992 [main] DEBUG org.apache.http.headers -- << HTTP/1.1 200 OK
19:46:27.992 [main] DEBUG org.apache.http.headers -- << content-type: application/json
19:46:27.992 [main] DEBUG org.apache.http.headers -- << date: Wed, 03 May 2023 12:46:56 GMT
19:46:27.992 [main] DEBUG org.apache.http.headers -- << content-encoding: gzip
19:46:27.992 [main] DEBUG org.apache.http.headers -- << transfer-encoding: chunked
19:46:27.992 [main] DEBUG org.apache.http.headers -- << server: Fly/199ec4d3 (2023-04-25)
19:46:27.992 [main] DEBUG org.apache.http.headers -- << via: 1.1 fly.io
19:46:27.992 [main] DEBUG org.apache.http.headers -- << fly-request-id: 01GZGTDHT1H89WVGZTF35VHNPE-sin
19:46:27.992 [main] DEBUG org.apache.http.impl.client.DefaultHttpClient -- Connection can be kept alive indefinitely
19:46:27.992 [main] DEBUG io.restassured.internal.RestAssuredHttpBuilder -- Parsing response as: application/json
19:46:27.992 [main] DEBUG org.apache.http.wire --  << "22[\r][\n]"
19:46:27.992 [main] DEBUG org.apache.http.wire --  << "[0x1f][0x8b][0x8][0x0][0x0][0x0][0x0][0x0][0x4][0xff][0xab]VJI,IT[0xb2][0xca]+[0xcd][0xc9][0xa9][0xe5][0x2][0x0][0xa3][0xab][0x8f]W[0xe][0x0][0x0][0x0]"
19:46:27.992 [main] DEBUG org.apache.http.wire --  << "[\r][\n]"
19:46:27.992 [main] DEBUG org.apache.http.wire --  << "0[\r][\n]"
19:46:27.992 [main] DEBUG org.apache.http.wire --  << "[\r][\n]"
19:46:27.992 [main] DEBUG io.restassured.internal.RestAssuredHttpBuilder -- Parsed data to instance of: class org.apache.http.conn.EofSensorInputStream
19:46:27.993 [main] DEBUG org.apache.http.impl.conn.BasicClientConnectionManager -- Releasing connection org.apache.http.impl.conn.ManagedClientConnectionImpl@3fdede3a
19:46:27.993 [main] DEBUG org.apache.http.impl.conn.BasicClientConnectionManager -- Connection can be kept alive indefinitely
19:46:27.994 [main] DEBUG net.thucydides.core.steps.StepInterceptor -- STEP DONE: user send request for delete product
  &amp#27;[32mWhen &amp#27;[0m&amp#27;[32muser send request for delete product&amp#27;[0m             &amp#27;[90m# starter.stepdefinitions.UserSteps.userSendRequestForDeleteProduct()&amp#27;[0m
19:46:27.996 [main] DEBUG net.thucydides.core.steps.StepInterceptor -- STARTING STEP: UserSteps.userSeeStatusCode - user see status code 200
19:46:27.996 [main] DEBUG net.thucydides.core.steps.StepInterceptor -- STEP DONE: user see status code 200
  &amp#27;[32mThen &amp#27;[0m&amp#27;[32muser see status code 200&amp#27;[0m                         &amp#27;[90m# starter.stepdefinitions.UserSteps.userSeeStatusCode()&amp#27;[0m
19:46:27.999 [main] DEBUG net.thucydides.core.steps.StepInterceptor -- STARTING STEP: UserSteps.userReceiveValidDataForDeletingProduct - user receive valid data for deleting product
19:46:28.001 [main] DEBUG net.thucydides.core.steps.StepInterceptor -- STEP DONE: user receive valid data for deleting product
  &amp#27;[32mAnd &amp#27;[0m&amp#27;[32muser receive valid data for deleting product&amp#27;[0m      &amp#27;[90m# starter.stepdefinitions.UserSteps.userReceiveValidDataForDeletingProduct()&amp#27;[0m
19:46:28.003 [main] INFO  -- 
  _____   ___   ___   _____     ___     _     ___   ___   ___   ___  
 |_   _| | __| / __| |_   _|   | _ \   /_\   / __| / __| | __| |   \ 
   | |   | _|  \__ \   | |     |  _/  / _ \  \__ \ \__ \ | _|  | |) |
   |_|   |___| |___/   |_|     |_|   /_/ \_\ |___/ |___/ |___| |___/ 

DELETE - As a user I want to delete a product
----------------------------------------------------------------------
]]></system-out>
  </testcase>
  <testcase name="GET - As a user I want to see product comments" classname="As user i want to see product, create new product, see product by id, delete a product, see product comments" time="0.151">
    <system-out><![CDATA[
@Produk
Scenario: GET - As a user I want to see product comments &amp#27;[90m# src/test/resources/features/produk.feature:22&amp#27;[0m
19:46:28.008 [main] DEBUG io.cucumber.core.plugin.SerenityReporter -- Running feature from file:///C:/Users/Admin/IdeaProjects/miniproject-api/src/test/resources/features/produk.feature
19:46:28.010 [main] INFO  -- 
  _____   ___   ___   _____     ___   _____     _     ___   _____   ___   ___  
 |_   _| | __| / __| |_   _|   / __| |_   _|   /_\   | _ \ |_   _| | __| |   \ 
   | |   | _|  \__ \   | |     \__ \   | |    / _ \  |   /   | |   | _|  | |) |
   |_|   |___| |___/   |_|     |___/   |_|   /_/ \_\ |_|_\   |_|   |___| |___/ 

GET - As a user I want to see product comments(as-user-i-want-to-see-product--create-new-product--see-product-by-id--delete-a-product--see-product-comments;get---as-a-user-i-want-to-see-product-comments)
--------------------------------------------------------------------------------
19:46:28.034 [main] DEBUG net.thucydides.core.steps.StepInterceptor -- STARTING STEP: UserSteps.userSetEndpointForProductComments - user set endpoint for product comments
19:46:28.034 [main] DEBUG net.thucydides.core.steps.StepInterceptor -- STEP DONE: user set endpoint for product comments
  &amp#27;[32mGiven &amp#27;[0m&amp#27;[32muser set endpoint for product comments&amp#27;[0m           &amp#27;[90m# starter.stepdefinitions.UserSteps.userSetEndpointForProductComments()&amp#27;[0m
19:46:28.039 [main] DEBUG net.thucydides.core.steps.StepInterceptor -- STARTING STEP: UserSteps.userSendRequestForProductComments - user send request for product comments
19:46:28.040 [main] DEBUG net.thucydides.core.steps.StepInterceptor -- STARTING STEP: Produk.userSendRequestForProductComments - user set endpoint for product comments
19:46:28.041 [main] DEBUG net.thucydides.core.steps.StepInterceptor -- STEP DONE: user set endpoint for product comments
19:46:28.059 [main] DEBUG org.apache.http.impl.conn.BasicClientConnectionManager -- Get connection for route {s}->https://altashop-api.fly.dev:443
19:46:28.059 [main] DEBUG org.apache.http.impl.conn.DefaultClientConnectionOperator -- Connecting to altashop-api.fly.dev:443
19:46:28.102 [main] DEBUG org.apache.http.client.protocol.RequestAddCookies -- CookieSpec selected: ignoreCookies
19:46:28.102 [main] DEBUG org.apache.http.client.protocol.RequestAuthCache -- Auth cache not set in the context
19:46:28.102 [main] DEBUG org.apache.http.client.protocol.RequestProxyAuthentication -- Proxy auth state: UNCHALLENGED
19:46:28.102 [main] DEBUG org.apache.http.impl.client.DefaultHttpClient -- Attempt 1 to execute request
19:46:28.102 [main] DEBUG org.apache.http.impl.conn.DefaultClientConnection -- Sending request: GET /api/products/2/comments HTTP/1.1
19:46:28.102 [main] DEBUG org.apache.http.wire --  >> "GET /api/products/2/comments HTTP/1.1[\r][\n]"
19:46:28.102 [main] DEBUG org.apache.http.wire --  >> "Authorization: Bearer eyJhbGciOiJIUzI1NiIsInR5cCI6IkpXVCJ9.eyJGdWxsbmFtZSI6IkZpcnN0bmFtZSBMYXN0bmFtZSIsIkVtYWlsIjoic29tZW9uZUBtYWlsLmNvbSJ9.bGpZNDg6YHtKlTFw7_yuyn3SAICmfvdIV1yX7mIKrTw[\r][\n]"
19:46:28.102 [main] DEBUG org.apache.http.wire --  >> "Accept: */*[\r][\n]"
19:46:28.102 [main] DEBUG org.apache.http.wire --  >> "Host: altashop-api.fly.dev[\r][\n]"
19:46:28.102 [main] DEBUG org.apache.http.wire --  >> "Connection: Keep-Alive[\r][\n]"
19:46:28.102 [main] DEBUG org.apache.http.wire --  >> "User-Agent: Apache-HttpClient/4.5.13 (Java/19.0.2)[\r][\n]"
19:46:28.102 [main] DEBUG org.apache.http.wire --  >> "Accept-Encoding: gzip,deflate[\r][\n]"
19:46:28.102 [main] DEBUG org.apache.http.wire --  >> "[\r][\n]"
19:46:28.102 [main] DEBUG org.apache.http.headers -- >> GET /api/products/2/comments HTTP/1.1
19:46:28.102 [main] DEBUG org.apache.http.headers -- >> Authorization: Bearer eyJhbGciOiJIUzI1NiIsInR5cCI6IkpXVCJ9.eyJGdWxsbmFtZSI6IkZpcnN0bmFtZSBMYXN0bmFtZSIsIkVtYWlsIjoic29tZW9uZUBtYWlsLmNvbSJ9.bGpZNDg6YHtKlTFw7_yuyn3SAICmfvdIV1yX7mIKrTw
19:46:28.102 [main] DEBUG org.apache.http.headers -- >> Accept: */*
19:46:28.102 [main] DEBUG org.apache.http.headers -- >> Host: altashop-api.fly.dev
19:46:28.102 [main] DEBUG org.apache.http.headers -- >> Connection: Keep-Alive
19:46:28.102 [main] DEBUG org.apache.http.headers -- >> User-Agent: Apache-HttpClient/4.5.13 (Java/19.0.2)
19:46:28.102 [main] DEBUG org.apache.http.headers -- >> Accept-Encoding: gzip,deflate
19:46:28.128 [main] DEBUG org.apache.http.wire --  << "HTTP/1.1 200 OK[\r][\n]"
19:46:28.128 [main] DEBUG org.apache.http.wire --  << "content-type: application/json[\r][\n]"
19:46:28.128 [main] DEBUG org.apache.http.wire --  << "date: Wed, 03 May 2023 12:46:56 GMT[\r][\n]"
19:46:28.128 [main] DEBUG org.apache.http.wire --  << "transfer-encoding: chunked[\r][\n]"
19:46:28.128 [main] DEBUG org.apache.http.wire --  << "content-encoding: gzip[\r][\n]"
19:46:28.128 [main] DEBUG org.apache.http.wire --  << "server: Fly/199ec4d3 (2023-04-25)[\r][\n]"
19:46:28.128 [main] DEBUG org.apache.http.wire --  << "via: 1.1 fly.io[\r][\n]"
19:46:28.128 [main] DEBUG org.apache.http.wire --  << "fly-request-id: 01GZGTDHY7XHKM48WWAQSVB4N6-sin[\r][\n]"
19:46:28.128 [main] DEBUG org.apache.http.wire --  << "[\r][\n]"
19:46:28.128 [main] DEBUG org.apache.http.impl.conn.DefaultClientConnection -- Receiving response: HTTP/1.1 200 OK
19:46:28.128 [main] DEBUG org.apache.http.headers -- << HTTP/1.1 200 OK
19:46:28.128 [main] DEBUG org.apache.http.headers -- << content-type: application/json
19:46:28.128 [main] DEBUG org.apache.http.headers -- << date: Wed, 03 May 2023 12:46:56 GMT
19:46:28.128 [main] DEBUG org.apache.http.headers -- << transfer-encoding: chunked
19:46:28.128 [main] DEBUG org.apache.http.headers -- << content-encoding: gzip
19:46:28.128 [main] DEBUG org.apache.http.headers -- << server: Fly/199ec4d3 (2023-04-25)
19:46:28.128 [main] DEBUG org.apache.http.headers -- << via: 1.1 fly.io
19:46:28.128 [main] DEBUG org.apache.http.headers -- << fly-request-id: 01GZGTDHY7XHKM48WWAQSVB4N6-sin
19:46:28.128 [main] DEBUG org.apache.http.impl.client.DefaultHttpClient -- Connection can be kept alive indefinitely
19:46:28.128 [main] DEBUG io.restassured.internal.RestAssuredHttpBuilder -- Parsing response as: application/json
19:46:28.128 [main] DEBUG org.apache.http.wire --  << "BF[\r][\n]"
19:46:28.128 [main] DEBUG org.apache.http.wire --  << "[0x1f][0x8b][0x8][0x0][0x0][0x0][0x0][0x0][0x4][0xff][0xaa]VJI,IT[0xb2][0x8a][0xae]V[0xf2]tQ[0xb2]2[0xb5][0xb4]0[0xd7]Qr[0xce][0xcf]+I[0xcd]+Q[0xb2]R*[0xc9]HUHO[0xcc]M-VH,JUH/JM,Q[0xc8][0xcc]K[0xce])M[0xc9][0xcc]KWp/J[0xcc]S[0x8])-[0xca],[0xce][0xcd]W0WH*-Q(NL[0xc9][0xa9]Tp[0xf]1Q[0xc8],V[0xc8]-M[0xce]PHJ-)I-R[0xd2]Q[\n]"
19:46:28.128 [main] DEBUG org.apache.http.wire --  << "-N-R[0xb2][0xca]+[0xcd][0xc9][0xd1]Q[\n]"
19:46:28.128 [main] DEBUG org.apache.http.wire --  << "([0xca]O)M.[0x81]q[0x9d][0xf3]ss[0xc1][0x16][0x82]dku n[0xb1]460[0x1b]Dn[0x19]L[0xe1]b1[0x88][0xc2][0xc5]r[0xf0][0xb8][0xc5][0xd0]`[0x10][0xb9][0xc5]p[0x10][0xb9][0xc5]h[0x10][0xb9][0xc5][0x98][0x8e]n[0x1][0x0][0x0][0x0][0xff][0xff]"
19:46:28.128 [main] DEBUG org.apache.http.wire --  << "[\r][\n]"
19:46:28.128 [main] DEBUG org.apache.http.wire --  << "181[\r][\n]"
19:46:28.128 [main] DEBUG org.apache.http.wire --  << ""P[0xbe][0x18][0x9a][0xc]"[0xb7][0xc][0xa2][0xb2][0xce]p[0x10][0x95]u[0x86][0x83][0xa8][0xac]3[0x1a]D[0xe9][0xc5][0xc8]t[0xf0][0xa4]][0xa3]A[0x94]v[0x8d][0x7]Q[0x1d]`<x[0xea][0x0][0xb3]A[0x94]v[0xcd][0x6]Q[0xda]5[0x1b]Di[0xd7][0xcc]h[0xf0][0x94][0xbb]fF[0x83][0xa7][0xdc]53[0x1a]<mL[0xb3]AT[0xbe][0x98][\r][0xa6][0xf2][0xc5]x[0xf0][0xb4]1[0xcd][0x8c][0x7]O[0x1b][0xd3][0xd2]|[0x10][0xb9][0xc5]b[0xd0][0xd4][0xd3][0x86][0x6][0x6][0xc6][0x83][0xa6][0xb0]3400[0x19]455[0xc8]1[0x83][0xa6]i[0x7]r[0xcc][0xa0][0x8a][0xa6]AS)[0x81]Bf[0xd0][0xd4]J[0x86][0x6][0x6][0xa6][0x83][0xa6][0xd9][0xb]r[0xcc]`[0xca]M[0xa6][0x83][0xa6]b[0x2][0x85][0xcc][0xa0][0xa9][\r]@[0x8e][0x19]4[0xdd]Y[0x90]c[0x6]S[0xa1]g:[0x98]*J[0xd3][0xc1]T[0x2][0x9b][0xe][0xa6]B[0xcf]l0[0x95]3f[0x83][0xa9][0x9c]1[0xa3]M9[0xa3]G[0xc6]4[0x8e][0xa1][0x81][0x81][0x19]JA[0xe3]V[0x9a][0x9e][0x99]X[0xa2][0x90][0x9a]_[0xac][0x90][0x92][0x9a][0x93][0x9a]\R[0x8a]`[0x90]k[0x1]m[\n]"
19:46:28.128 [main] DEBUG org.apache.http.wire --  << "[0xf]r][0x83]Rz[0xb8][0x96]([0xe4][0xa5][0x16][0x96][0xa6]*[0x14]g[0x96][0x90]k[0xe0]`*[0x1][0xcc][0x6]S[0x1b][0xcc][0x1c][0xa5][0x4]H[0xce]OJT(I-.QH)[0xcd])%/[0xad][0x9a][0xa3]dc[0xaa][0x98][0x88][0x92][0xfa]I[0x99]Q%[0xd3][0x7]([0x99][0x81][0x1a]>[0xb0]$[0xdb][0x7][0xd4][0x9e][0x13]640[0xb0]D[0xf1][0x1e])[0xc1]I[0xb][0xc7][0xc][0xa6][0x9c]i9[0x88][0xea]fC[0x83]A[0xd4]!14@[0xc9][0xd4][0x3][0x9b]f[0xc][\r][0x6]Qn24[0x18]D[0xb9][0xc9][0xd0]`[0x10]U-[0x86][0x6][0x83])7[\r][0x9e][0x95][\r][0x86][0x6][0x86][0x86]([0x95][0xee][0x0][0xe7]&C|-][0x0][0x0][0x0][0x0][0xff][0xff]"
19:46:28.128 [main] DEBUG org.apache.http.wire --  << "[\r][\n]"
19:46:28.129 [main] DEBUG org.apache.http.wire --  << "1B6[\r][\n]"
19:46:28.129 [main] DEBUG org.apache.http.wire --  << "[0xa2][0xeb]z%C[0x3]C[0xd4][0xc9][0x1]*T[0xbd][0x86]f[0x83][0xa8][0x82]14[0x1b]LY[0xc2]|0U0[0xe6][0x83][0xa9]L7[0x1f]D[0xd1]dd8[0x88]*[0x18][0xa3][0xc1][0xb3][0xb0][0xc5][0xd0][0xc0]h[0xf0][0xcc][0xde][0x81][0x1c]3[0x88][0xaa]^#[0x93]A[0x94][0xb5][0x8d][0x6][0xd3][0xd4][0x90][0x91][0xc9] [0xaa][0xed][0x8c]L[0x6]Q[0xdd]dd2[0x98][\n]"
19:46:28.129 [main] DEBUG org.apache.http.wire --  << "[0xbd][0xc1]4[0x16]h[0x84]:[0xfa]6[0xb0][0xcd]5[0xa3][0xc1]TQ[0x1a][0x99][0xa3][0xc][0xd4][\r]l[0xc8][0x18][0x1b][0xe][0xa2]>[0xaa][0xf1]`jU[0x1b][0xf][0xa6]&[0x84][0xf1]`jB[0x18][0xf][0x9e][0xc5][0xb1][0x86][0x6][0xc6][0x86][0x83][0xa8][0x4]66[0x1a]DM[0x8]c[0xa3][0xc1][0x94][0xb5][0x8d][0x6]Q[0x13][0xc2]x[0xf0][0xac]J540[0x1e]<[0xcb]RA[0x8e][0x19]D[0x8d]+[0xe3][0xc1][0xb3][0x0][0xd3][0xd0][0xc0]x0[0xf5][0x9b][0x8c][0x7][0xcf]RCP[0xc8][0xc][0xa2][0xbe][0xb6][0xf1]`Z[0xdf]gl<[0x98][0xea][0xa6][0xc1][0xd4][0xa3]4[0x1e]L=Jc[0x93]A4[0x8c]fl2[0x98]z[0x7]&[0x83]h|[0xc6]x0-646[0x1d]D[0xb3][0x11][0xc6][0xa6][0x83][0xa9]qe:[0x98][0xaa][0x83][0xc1][0xb4][0x8a][0xcd]x0[0xad]b3[0x1e]L[0xab][0xd8][0x8c][0x7][0xd3][0xc8][0x95][0xf1]`[0x1a][0xb9]26[0x1b]L[0xb9]i0M[0xb][0x1a][0xf][0xa6][0x15]a[0xc6][0x83]iZ[0xd0][0x18]uy[0xda][0x0][0xf]0[0xe][0x9e][0x9d]H[0x86][0x6][0xc6][0x83]i[0x1c][0xd8]xP[0x8d][0x3][0x9b][0xf][0xa6][0x8e][0xff]`[0x9a]J6[0xb6][0x18]L-=[0x8b][0xc1][0xd4]U[0xb1][0x18]L[0xdd][[0xcb][0xc1][0x14]M[0x96][0x83][0xa9]An9[0x88][0xb2][0xb6][0x9][0xf9][0xeb][0xdb][0xc8]Z[0x96]lB[0xfe][0x12]6[0xf2][0xec]3[0x18]L[0x81]=[0x98]z[0xcc]&[0x83][0xa9][0xc7]l2[0x98][0xb6][0xe7][0x99][0x98][0xe][0xa2]Q[0x16][0x93][0xc1][0xd4]I51[0x1b]D[0xf3]i&[0x83][0xa9][0xc7]l2[0x98]z[0xcc]&4[0xda][0xf7]E^[0x9]<[0x98][0xfa][0x85]&[0x83]i[0xed][0xaa][0x89][0xe5] [0x1a]Z6[0xb1][0x1c][0xf8]B/[0xb6][0x96][0xb][0x0][0x0][0x0][0xff][0xff]"
19:46:28.129 [main] DEBUG org.apache.http.wire --  << "[\r][\n]"
19:46:28.129 [main] DEBUG org.apache.http.wire --  << "A[\r][\n]"
19:46:28.129 [main] DEBUG org.apache.http.wire --  << "[0x3][0x0]W[0xb1][0xcc]g[0x89]R[0x0][0x0]"
19:46:28.129 [main] DEBUG org.apache.http.wire --  << "[\r][\n]"
19:46:28.129 [main] DEBUG org.apache.http.wire --  << "0[\r][\n]"
19:46:28.129 [main] DEBUG org.apache.http.wire --  << "[\r][\n]"
19:46:28.129 [main] DEBUG io.restassured.internal.RestAssuredHttpBuilder -- Parsed data to instance of: class org.apache.http.conn.EofSensorInputStream
19:46:28.130 [main] DEBUG org.apache.http.impl.conn.BasicClientConnectionManager -- Releasing connection org.apache.http.impl.conn.ManagedClientConnectionImpl@51097500
19:46:28.130 [main] DEBUG org.apache.http.impl.conn.BasicClientConnectionManager -- Connection can be kept alive indefinitely
19:46:28.135 [main] DEBUG net.thucydides.core.steps.StepInterceptor -- STEP DONE: user send request for product comments
  &amp#27;[32mWhen &amp#27;[0m&amp#27;[32muser send request for product comments&amp#27;[0m            &amp#27;[90m# starter.stepdefinitions.UserSteps.userSendRequestForProductComments()&amp#27;[0m
19:46:28.138 [main] DEBUG net.thucydides.core.steps.StepInterceptor -- STARTING STEP: UserSteps.userSeeStatusCode - user see status code 200
19:46:28.139 [main] DEBUG net.thucydides.core.steps.StepInterceptor -- STEP DONE: user see status code 200
  &amp#27;[32mThen &amp#27;[0m&amp#27;[32muser see status code 200&amp#27;[0m                          &amp#27;[90m# starter.stepdefinitions.UserSteps.userSeeStatusCode()&amp#27;[0m
19:46:28.141 [main] DEBUG net.thucydides.core.steps.StepInterceptor -- STARTING STEP: UserSteps.userReceiveValidDataForProductComments - user receive valid data for product comments
19:46:28.152 [main] DEBUG net.thucydides.core.steps.StepInterceptor -- STEP DONE: user receive valid data for product comments
  &amp#27;[32mAnd &amp#27;[0m&amp#27;[32muser receive valid data for product comments&amp#27;[0m       &amp#27;[90m# starter.stepdefinitions.UserSteps.userReceiveValidDataForProductComments()&amp#27;[0m
19:46:28.154 [main] INFO  -- 
  _____   ___   ___   _____     ___     _     ___   ___   ___   ___  
 |_   _| | __| / __| |_   _|   | _ \   /_\   / __| / __| | __| |   \ 
   | |   | _|  \__ \   | |     |  _/  / _ \  \__ \ \__ \ | _|  | |) |
   |_|   |___| |___/   |_|     |_|   /_/ \_\ |___/ |___/ |___| |___/ 

GET - As a user I want to see product comments
----------------------------------------------------------------------
]]></system-out>
  </testcase>
  <testcase name="POST - As a user I want to create a new kategori" classname="As user i want to see categories and add new categories" time="0.34">
    <system-out><![CDATA[19:46:28.155 [main] DEBUG io.cucumber.core.plugin.SerenityReporter -- Running feature from file:///C:/Users/Admin/IdeaProjects/miniproject-api/src/test/resources/features/produkkategori.feature
19:46:28.159 [main] DEBUG net.thucydides.core.steps.StepEventBus -- Test suite started for story net.thucydides.core.model.Story@e07bf919
19:46:28.159 [main] INFO  -- Test Suite Started: As user i want to see categories and add new categories

@ProdukKategori
Scenario: POST - As a user I want to create a new kategori &amp#27;[90m# src/test/resources/features/produkkategori.feature:4&amp#27;[0m
19:46:28.163 [main] DEBUG io.cucumber.core.plugin.SerenityReporter -- Running feature from file:///C:/Users/Admin/IdeaProjects/miniproject-api/src/test/resources/features/produkkategori.feature
19:46:28.165 [main] INFO  -- 
  _____   ___   ___   _____     ___   _____     _     ___   _____   ___   ___  
 |_   _| | __| / __| |_   _|   / __| |_   _|   /_\   | _ \ |_   _| | __| |   \ 
   | |   | _|  \__ \   | |     \__ \   | |    / _ \  |   /   | |   | _|  | |) |
   |_|   |___| |___/   |_|     |___/   |_|   /_/ \_\ |_|_\   |_|   |___| |___/ 

POST - As a user I want to create a new kategori(as-user-i-want-to-see-categories-and-add-new-categories;post---as-a-user-i-want-to-create-a-new-kategori)
--------------------------------------------------------------------------------
19:46:28.184 [main] DEBUG net.thucydides.core.steps.StepInterceptor -- STARTING STEP: UserSteps.userSetEndpointForKategori - user set endpoint for kategori
19:46:28.184 [main] DEBUG net.thucydides.core.steps.StepInterceptor -- STEP DONE: user set endpoint for kategori
  &amp#27;[32mGiven &amp#27;[0m&amp#27;[32muser set endpoint for kategori&amp#27;[0m                     &amp#27;[90m# starter.stepdefinitions.UserSteps.userSetEndpointForKategori()&amp#27;[0m
19:46:28.188 [main] DEBUG net.thucydides.core.steps.StepInterceptor -- STARTING STEP: UserSteps.userSuccessLoginWithValidAccount - user success login with valid account
19:46:28.238 [main] DEBUG org.apache.http.impl.conn.BasicClientConnectionManager -- Get connection for route {s}->https://altashop-api.fly.dev:443
19:46:28.238 [main] DEBUG org.apache.http.impl.conn.DefaultClientConnectionOperator -- Connecting to altashop-api.fly.dev:443
19:46:28.283 [main] DEBUG org.apache.http.client.protocol.RequestAddCookies -- CookieSpec selected: ignoreCookies
19:46:28.283 [main] DEBUG org.apache.http.client.protocol.RequestAuthCache -- Auth cache not set in the context
19:46:28.283 [main] DEBUG org.apache.http.client.protocol.RequestTargetAuthentication -- Target auth state: UNCHALLENGED
19:46:28.283 [main] DEBUG org.apache.http.client.protocol.RequestProxyAuthentication -- Proxy auth state: UNCHALLENGED
19:46:28.283 [main] DEBUG org.apache.http.impl.client.DefaultHttpClient -- Attempt 1 to execute request
19:46:28.283 [main] DEBUG org.apache.http.impl.conn.DefaultClientConnection -- Sending request: POST /api/auth/login HTTP/1.1
19:46:28.283 [main] DEBUG org.apache.http.wire --  >> "POST /api/auth/login HTTP/1.1[\r][\n]"
19:46:28.283 [main] DEBUG org.apache.http.wire --  >> "Accept: */*[\r][\n]"
19:46:28.283 [main] DEBUG org.apache.http.wire --  >> "Content-Type: application/json[\r][\n]"
19:46:28.283 [main] DEBUG org.apache.http.wire --  >> "Content-Length: 48[\r][\n]"
19:46:28.283 [main] DEBUG org.apache.http.wire --  >> "Host: altashop-api.fly.dev[\r][\n]"
19:46:28.283 [main] DEBUG org.apache.http.wire --  >> "Connection: Keep-Alive[\r][\n]"
19:46:28.283 [main] DEBUG org.apache.http.wire --  >> "User-Agent: Apache-HttpClient/4.5.13 (Java/19.0.2)[\r][\n]"
19:46:28.283 [main] DEBUG org.apache.http.wire --  >> "Accept-Encoding: gzip,deflate[\r][\n]"
19:46:28.283 [main] DEBUG org.apache.http.wire --  >> "[\r][\n]"
19:46:28.283 [main] DEBUG org.apache.http.headers -- >> POST /api/auth/login HTTP/1.1
19:46:28.283 [main] DEBUG org.apache.http.headers -- >> Accept: */*
19:46:28.283 [main] DEBUG org.apache.http.headers -- >> Content-Type: application/json
19:46:28.283 [main] DEBUG org.apache.http.headers -- >> Content-Length: 48
19:46:28.283 [main] DEBUG org.apache.http.headers -- >> Host: altashop-api.fly.dev
19:46:28.283 [main] DEBUG org.apache.http.headers -- >> Connection: Keep-Alive
19:46:28.283 [main] DEBUG org.apache.http.headers -- >> User-Agent: Apache-HttpClient/4.5.13 (Java/19.0.2)
19:46:28.283 [main] DEBUG org.apache.http.headers -- >> Accept-Encoding: gzip,deflate
19:46:28.283 [main] DEBUG org.apache.http.wire --  >> "{"password":"123123","email":"someone@mail.com"}"
19:46:28.306 [main] DEBUG org.apache.http.wire --  << "HTTP/1.1 200 OK[\r][\n]"
19:46:28.306 [main] DEBUG org.apache.http.wire --  << "content-type: application/json[\r][\n]"
19:46:28.306 [main] DEBUG org.apache.http.wire --  << "date: Wed, 03 May 2023 12:46:56 GMT[\r][\n]"
19:46:28.307 [main] DEBUG org.apache.http.wire --  << "content-encoding: gzip[\r][\n]"
19:46:28.307 [main] DEBUG org.apache.http.wire --  << "transfer-encoding: chunked[\r][\n]"
19:46:28.307 [main] DEBUG org.apache.http.wire --  << "server: Fly/199ec4d3 (2023-04-25)[\r][\n]"
19:46:28.307 [main] DEBUG org.apache.http.wire --  << "via: 1.1 fly.io[\r][\n]"
19:46:28.307 [main] DEBUG org.apache.http.wire --  << "fly-request-id: 01GZGTDJ3W7GMGHFAA6WNT5QSA-sin[\r][\n]"
19:46:28.307 [main] DEBUG org.apache.http.wire --  << "[\r][\n]"
19:46:28.307 [main] DEBUG org.apache.http.impl.conn.DefaultClientConnection -- Receiving response: HTTP/1.1 200 OK
19:46:28.307 [main] DEBUG org.apache.http.headers -- << HTTP/1.1 200 OK
19:46:28.307 [main] DEBUG org.apache.http.headers -- << content-type: application/json
19:46:28.307 [main] DEBUG org.apache.http.headers -- << date: Wed, 03 May 2023 12:46:56 GMT
19:46:28.307 [main] DEBUG org.apache.http.headers -- << content-encoding: gzip
19:46:28.307 [main] DEBUG org.apache.http.headers -- << transfer-encoding: chunked
19:46:28.307 [main] DEBUG org.apache.http.headers -- << server: Fly/199ec4d3 (2023-04-25)
19:46:28.307 [main] DEBUG org.apache.http.headers -- << via: 1.1 fly.io
19:46:28.307 [main] DEBUG org.apache.http.headers -- << fly-request-id: 01GZGTDJ3W7GMGHFAA6WNT5QSA-sin
19:46:28.307 [main] DEBUG org.apache.http.impl.client.DefaultHttpClient -- Connection can be kept alive indefinitely
19:46:28.307 [main] DEBUG io.restassured.internal.RestAssuredHttpBuilder -- Parsing response as: application/json
19:46:28.307 [main] DEBUG org.apache.http.wire --  << "B1[\r][\n]"
19:46:28.307 [main] DEBUG org.apache.http.wire --  << "[0x1f][0x8b][0x8][0x0][0x0][0x0][0x0][0x0][0x4][0xff][0xab]VJI,IT[0xb2]RJ[0xad][0xf4][0xca]HrO[0xce][0xf4][0xcf][0xf4][0xf2][0xc][0xad][0xf2]4[0xf4][0xcb][0xf4],[0xf6][0xcc][0xb]2Mv[0xf6]4[0xf3][0xcc].[0x88][0x8]s[0xf6][0xb2][0xd4]K[0xad][0xf4]rO[0x9][0xaf](N[0xca]u+[0x89][\n]"
19:46:28.307 [main] DEBUG org.apache.http.wire --  << "[0x6]ID[0x15]$[0xe7][0xf9][0x19]@[0xf8]N[0xbe][0x91][0x11]0[0xb6]g[0xb1]gvXIdxN[0xb1]gV~f[0xb2][0x91]eIT[0xb8]eiT[0xa8][0x13]X[0xcc]'[0xd7][0xaf],)[0xd8][0xcb]R/[0xc9][0xbd] [0xca][0xcf]%[0xdd],[0xd2][0xa3][0xc4];'[0xc4][0xad][0xdc]<[0xbe][0xb2][0xb4]2[0xcf]8[0xd8][0xd1][0xd3]97[0xad],[0xc5]3[0xcc][0xb0]2[0xc2]<[0xd7][0xd3][0xbb]([0xa4]\[0xa9][0x96][0xb][0x0]H[0xcf][0xad]/[0xad][0x0][0x0][0x0]"
19:46:28.307 [main] DEBUG org.apache.http.wire --  << "[\r][\n]"
19:46:28.308 [main] DEBUG org.apache.http.wire --  << "0[\r][\n]"
19:46:28.308 [main] DEBUG org.apache.http.wire --  << "[\r][\n]"
19:46:28.308 [main] DEBUG io.restassured.internal.RestAssuredHttpBuilder -- Parsed data to instance of: class org.apache.http.conn.EofSensorInputStream
19:46:28.309 [main] DEBUG org.apache.http.impl.conn.BasicClientConnectionManager -- Releasing connection org.apache.http.impl.conn.ManagedClientConnectionImpl@ff1a5a0
19:46:28.309 [main] DEBUG org.apache.http.impl.conn.BasicClientConnectionManager -- Connection can be kept alive indefinitely
19:46:28.319 [main] DEBUG net.thucydides.core.steps.StepInterceptor -- STEP DONE: user success login with valid account
  &amp#27;[32mAnd &amp#27;[0m&amp#27;[32muser success login with valid account&amp#27;[0m                &amp#27;[90m# starter.stepdefinitions.UserSteps.userSuccessLoginWithValidAccount()&amp#27;[0m
19:46:28.322 [main] DEBUG net.thucydides.core.steps.StepInterceptor -- STARTING STEP: UserSteps.userInputTokenInAuthorization - user input token in authorization
19:46:28.323 [main] DEBUG net.thucydides.core.steps.StepInterceptor -- STARTING STEP: Orders.userInputTokenInAuthorization - user set endpoint for order
19:46:28.323 [main] DEBUG net.thucydides.core.steps.StepInterceptor -- STEP DONE: user set endpoint for order
19:46:28.332 [main] DEBUG org.apache.http.impl.conn.BasicClientConnectionManager -- Get connection for route {s}->https://altashop-api.fly.dev:443
19:46:28.332 [main] DEBUG org.apache.http.impl.conn.DefaultClientConnectionOperator -- Connecting to altashop-api.fly.dev:443
19:46:28.376 [main] DEBUG org.apache.http.client.protocol.RequestAddCookies -- CookieSpec selected: ignoreCookies
19:46:28.376 [main] DEBUG org.apache.http.client.protocol.RequestAuthCache -- Auth cache not set in the context
19:46:28.376 [main] DEBUG org.apache.http.client.protocol.RequestProxyAuthentication -- Proxy auth state: UNCHALLENGED
19:46:28.376 [main] DEBUG org.apache.http.impl.client.DefaultHttpClient -- Attempt 1 to execute request
19:46:28.377 [main] DEBUG org.apache.http.impl.conn.DefaultClientConnection -- Sending request: POST /api/orders HTTP/1.1
19:46:28.378 [main] DEBUG org.apache.http.wire --  >> "POST /api/orders HTTP/1.1[\r][\n]"
19:46:28.378 [main] DEBUG org.apache.http.wire --  >> "Authorization: Bearer eyJhbGciOiJIUzI1NiIsInR5cCI6IkpXVCJ9.eyJGdWxsbmFtZSI6IkZpcnN0bmFtZSBMYXN0bmFtZSIsIkVtYWlsIjoic29tZW9uZUBtYWlsLmNvbSJ9.bGpZNDg6YHtKlTFw7_yuyn3SAICmfvdIV1yX7mIKrTw[\r][\n]"
19:46:28.378 [main] DEBUG org.apache.http.wire --  >> "Accept: */*[\r][\n]"
19:46:28.378 [main] DEBUG org.apache.http.wire --  >> "Content-Type: text/plain; charset=ISO-8859-1[\r][\n]"
19:46:28.378 [main] DEBUG org.apache.http.wire --  >> "Content-Length: 31[\r][\n]"
19:46:28.378 [main] DEBUG org.apache.http.wire --  >> "Host: altashop-api.fly.dev[\r][\n]"
19:46:28.378 [main] DEBUG org.apache.http.wire --  >> "Connection: Keep-Alive[\r][\n]"
19:46:28.378 [main] DEBUG org.apache.http.wire --  >> "User-Agent: Apache-HttpClient/4.5.13 (Java/19.0.2)[\r][\n]"
19:46:28.378 [main] DEBUG org.apache.http.wire --  >> "Accept-Encoding: gzip,deflate[\r][\n]"
19:46:28.378 [main] DEBUG org.apache.http.wire --  >> "[\r][\n]"
19:46:28.378 [main] DEBUG org.apache.http.headers -- >> POST /api/orders HTTP/1.1
19:46:28.378 [main] DEBUG org.apache.http.headers -- >> Authorization: Bearer eyJhbGciOiJIUzI1NiIsInR5cCI6IkpXVCJ9.eyJGdWxsbmFtZSI6IkZpcnN0bmFtZSBMYXN0bmFtZSIsIkVtYWlsIjoic29tZW9uZUBtYWlsLmNvbSJ9.bGpZNDg6YHtKlTFw7_yuyn3SAICmfvdIV1yX7mIKrTw
19:46:28.378 [main] DEBUG org.apache.http.headers -- >> Accept: */*
19:46:28.378 [main] DEBUG org.apache.http.headers -- >> Content-Type: text/plain; charset=ISO-8859-1
19:46:28.378 [main] DEBUG org.apache.http.headers -- >> Content-Length: 31
19:46:28.378 [main] DEBUG org.apache.http.headers -- >> Host: altashop-api.fly.dev
19:46:28.378 [main] DEBUG org.apache.http.headers -- >> Connection: Keep-Alive
19:46:28.378 [main] DEBUG org.apache.http.headers -- >> User-Agent: Apache-HttpClient/4.5.13 (Java/19.0.2)
19:46:28.378 [main] DEBUG org.apache.http.headers -- >> Accept-Encoding: gzip,deflate
19:46:28.378 [main] DEBUG org.apache.http.wire --  >> "[{"quantity":3,"product_id":1}]"
19:46:28.403 [main] DEBUG org.apache.http.wire --  << "HTTP/1.1 200 OK[\r][\n]"
19:46:28.403 [main] DEBUG org.apache.http.wire --  << "content-type: application/json[\r][\n]"
19:46:28.403 [main] DEBUG org.apache.http.wire --  << "date: Wed, 03 May 2023 12:46:56 GMT[\r][\n]"
19:46:28.403 [main] DEBUG org.apache.http.wire --  << "content-encoding: gzip[\r][\n]"
19:46:28.403 [main] DEBUG org.apache.http.wire --  << "transfer-encoding: chunked[\r][\n]"
19:46:28.403 [main] DEBUG org.apache.http.wire --  << "server: Fly/199ec4d3 (2023-04-25)[\r][\n]"
19:46:28.403 [main] DEBUG org.apache.http.wire --  << "via: 1.1 fly.io[\r][\n]"
19:46:28.403 [main] DEBUG org.apache.http.wire --  << "fly-request-id: 01GZGTDJ6V90MAMEXWYSRFPRV1-sin[\r][\n]"
19:46:28.403 [main] DEBUG org.apache.http.wire --  << "[\r][\n]"
19:46:28.403 [main] DEBUG org.apache.http.impl.conn.DefaultClientConnection -- Receiving response: HTTP/1.1 200 OK
19:46:28.403 [main] DEBUG org.apache.http.headers -- << HTTP/1.1 200 OK
19:46:28.403 [main] DEBUG org.apache.http.headers -- << content-type: application/json
19:46:28.403 [main] DEBUG org.apache.http.headers -- << date: Wed, 03 May 2023 12:46:56 GMT
19:46:28.403 [main] DEBUG org.apache.http.headers -- << content-encoding: gzip
19:46:28.403 [main] DEBUG org.apache.http.headers -- << transfer-encoding: chunked
19:46:28.403 [main] DEBUG org.apache.http.headers -- << server: Fly/199ec4d3 (2023-04-25)
19:46:28.403 [main] DEBUG org.apache.http.headers -- << via: 1.1 fly.io
19:46:28.403 [main] DEBUG org.apache.http.headers -- << fly-request-id: 01GZGTDJ6V90MAMEXWYSRFPRV1-sin
19:46:28.403 [main] DEBUG org.apache.http.impl.client.DefaultHttpClient -- Connection can be kept alive indefinitely
19:46:28.403 [main] DEBUG io.restassured.internal.RestAssuredHttpBuilder -- Parsing response as: application/json
19:46:28.403 [main] DEBUG org.apache.http.wire --  << "9D[\r][\n]"
19:46:28.404 [main] DEBUG org.apache.http.wire --  << "[0x1f][0x8b][0x8][0x0][0x0][0x0][0x0][0x0][0x4][0xff][0xab]VJI,IT[0xb2][0x8a][0xae]V[0xf2]tQ[0xb2]24007[0xd0]Q[\n]"
19:46:28.404 [main] DEBUG org.apache.http.wire --  << "-N-R[0xb2][0x82][0x8][0x99][0x1b][0x1b][0x9a][0xe9]([0xb9][0x95][0xe6][0xe4][0xe4]%[0xe6][0xa6]*Y)[0xb9]e[0x16][0x15][0x97][0x80][0xd8][\n]"
19:46:28.404 [main] DEBUG org.apache.http.wire --  << ">[0x89][0x10][0x86][0x92][0x8e][0x92]knbf[0x8e][0x92][0x95]Rq~nj~^[0xaa][0x3][0x88][0xab][0x97][0x9c][0x9f][0xab][0xa4][0xa3][0x14][0x90]X\\[0x9e]_[0x94][0xa2]d[0xa5]dhdlhd[0xac]T[0xab][0xa3][0x14]P[0x94][0x9f]R[0x9a]\[0xa2]d[0x95]W[0x9a][0x93][0xa3][0xa3][0x14]X[0x9a][0x98]W[0x92]YR[0xa9]de\[0x1b][[0xcb][0x5][0x0]?[0xb9])F[0x96][0x0][0x0][0x0]"
19:46:28.404 [main] DEBUG org.apache.http.wire --  << "[\r][\n]"
19:46:28.404 [main] DEBUG org.apache.http.wire --  << "0[\r][\n]"
19:46:28.404 [main] DEBUG org.apache.http.wire --  << "[\r][\n]"
19:46:28.404 [main] DEBUG io.restassured.internal.RestAssuredHttpBuilder -- Parsed data to instance of: class org.apache.http.conn.EofSensorInputStream
19:46:28.405 [main] DEBUG org.apache.http.impl.conn.BasicClientConnectionManager -- Releasing connection org.apache.http.impl.conn.ManagedClientConnectionImpl@37816ea6
19:46:28.405 [main] DEBUG org.apache.http.impl.conn.BasicClientConnectionManager -- Connection can be kept alive indefinitely
19:46:28.405 [main] DEBUG net.thucydides.core.steps.StepInterceptor -- STEP DONE: user input token in authorization
  &amp#27;[32mWhen &amp#27;[0m&amp#27;[32muser input token in authorization&amp#27;[0m                   &amp#27;[90m# starter.stepdefinitions.UserSteps.userInputTokenInAuthorization()&amp#27;[0m
19:46:28.408 [main] DEBUG net.thucydides.core.steps.StepInterceptor -- STARTING STEP: UserSteps.userSendRequestToEndpointKategori - user send request to endpoint kategori
19:46:28.410 [main] DEBUG net.thucydides.core.steps.StepInterceptor -- STARTING STEP: ProdukKategori.userSendRequestToEndpointKategori - user set endpoint for kategori
19:46:28.410 [main] DEBUG net.thucydides.core.steps.StepInterceptor -- STEP DONE: user set endpoint for kategori
19:46:28.418 [main] DEBUG org.apache.http.impl.conn.BasicClientConnectionManager -- Get connection for route {s}->https://altashop-api.fly.dev:443
19:46:28.418 [main] DEBUG org.apache.http.impl.conn.DefaultClientConnectionOperator -- Connecting to altashop-api.fly.dev:443
19:46:28.461 [main] DEBUG org.apache.http.client.protocol.RequestAddCookies -- CookieSpec selected: ignoreCookies
19:46:28.461 [main] DEBUG org.apache.http.client.protocol.RequestAuthCache -- Auth cache not set in the context
19:46:28.461 [main] DEBUG org.apache.http.client.protocol.RequestProxyAuthentication -- Proxy auth state: UNCHALLENGED
19:46:28.461 [main] DEBUG org.apache.http.impl.client.DefaultHttpClient -- Attempt 1 to execute request
19:46:28.461 [main] DEBUG org.apache.http.impl.conn.DefaultClientConnection -- Sending request: POST /api/categories HTTP/1.1
19:46:28.462 [main] DEBUG org.apache.http.wire --  >> "POST /api/categories HTTP/1.1[\r][\n]"
19:46:28.462 [main] DEBUG org.apache.http.wire --  >> "Authorization: Bearer eyJhbGciOiJIUzI1NiIsInR5cCI6IkpXVCJ9.eyJGdWxsbmFtZSI6IkZpcnN0bmFtZSBMYXN0bmFtZSIsIkVtYWlsIjoic29tZW9uZUBtYWlsLmNvbSJ9.bGpZNDg6YHtKlTFw7_yuyn3SAICmfvdIV1yX7mIKrTw[\r][\n]"
19:46:28.462 [main] DEBUG org.apache.http.wire --  >> "Accept: */*[\r][\n]"
19:46:28.462 [main] DEBUG org.apache.http.wire --  >> "Content-Type: text/plain; charset=ISO-8859-1[\r][\n]"
19:46:28.462 [main] DEBUG org.apache.http.wire --  >> "Content-Length: 61[\r][\n]"
19:46:28.462 [main] DEBUG org.apache.http.wire --  >> "Host: altashop-api.fly.dev[\r][\n]"
19:46:28.462 [main] DEBUG org.apache.http.wire --  >> "Connection: Keep-Alive[\r][\n]"
19:46:28.462 [main] DEBUG org.apache.http.wire --  >> "User-Agent: Apache-HttpClient/4.5.13 (Java/19.0.2)[\r][\n]"
19:46:28.462 [main] DEBUG org.apache.http.wire --  >> "Accept-Encoding: gzip,deflate[\r][\n]"
19:46:28.462 [main] DEBUG org.apache.http.wire --  >> "[\r][\n]"
19:46:28.462 [main] DEBUG org.apache.http.headers -- >> POST /api/categories HTTP/1.1
19:46:28.462 [main] DEBUG org.apache.http.headers -- >> Authorization: Bearer eyJhbGciOiJIUzI1NiIsInR5cCI6IkpXVCJ9.eyJGdWxsbmFtZSI6IkZpcnN0bmFtZSBMYXN0bmFtZSIsIkVtYWlsIjoic29tZW9uZUBtYWlsLmNvbSJ9.bGpZNDg6YHtKlTFw7_yuyn3SAICmfvdIV1yX7mIKrTw
19:46:28.462 [main] DEBUG org.apache.http.headers -- >> Accept: */*
19:46:28.462 [main] DEBUG org.apache.http.headers -- >> Content-Type: text/plain; charset=ISO-8859-1
19:46:28.462 [main] DEBUG org.apache.http.headers -- >> Content-Length: 61
19:46:28.462 [main] DEBUG org.apache.http.headers -- >> Host: altashop-api.fly.dev
19:46:28.462 [main] DEBUG org.apache.http.headers -- >> Connection: Keep-Alive
19:46:28.462 [main] DEBUG org.apache.http.headers -- >> User-Agent: Apache-HttpClient/4.5.13 (Java/19.0.2)
19:46:28.462 [main] DEBUG org.apache.http.headers -- >> Accept-Encoding: gzip,deflate
19:46:28.462 [main] DEBUG org.apache.http.wire --  >> "{"name":"Akbar Rizky Fahrurozy","description":"mini project"}"
19:46:28.485 [main] DEBUG org.apache.http.wire --  << "HTTP/1.1 200 OK[\r][\n]"
19:46:28.486 [main] DEBUG org.apache.http.wire --  << "content-type: application/json[\r][\n]"
19:46:28.486 [main] DEBUG org.apache.http.wire --  << "date: Wed, 03 May 2023 12:46:56 GMT[\r][\n]"
19:46:28.486 [main] DEBUG org.apache.http.wire --  << "content-encoding: gzip[\r][\n]"
19:46:28.486 [main] DEBUG org.apache.http.wire --  << "transfer-encoding: chunked[\r][\n]"
19:46:28.486 [main] DEBUG org.apache.http.wire --  << "server: Fly/199ec4d3 (2023-04-25)[\r][\n]"
19:46:28.486 [main] DEBUG org.apache.http.wire --  << "via: 1.1 fly.io[\r][\n]"
19:46:28.486 [main] DEBUG org.apache.http.wire --  << "fly-request-id: 01GZGTDJ9EG1X84XAEDH0N0KKJ-sin[\r][\n]"
19:46:28.486 [main] DEBUG org.apache.http.wire --  << "[\r][\n]"
19:46:28.486 [main] DEBUG org.apache.http.impl.conn.DefaultClientConnection -- Receiving response: HTTP/1.1 200 OK
19:46:28.486 [main] DEBUG org.apache.http.headers -- << HTTP/1.1 200 OK
19:46:28.486 [main] DEBUG org.apache.http.headers -- << content-type: application/json
19:46:28.486 [main] DEBUG org.apache.http.headers -- << date: Wed, 03 May 2023 12:46:56 GMT
19:46:28.486 [main] DEBUG org.apache.http.headers -- << content-encoding: gzip
19:46:28.486 [main] DEBUG org.apache.http.headers -- << transfer-encoding: chunked
19:46:28.486 [main] DEBUG org.apache.http.headers -- << server: Fly/199ec4d3 (2023-04-25)
19:46:28.486 [main] DEBUG org.apache.http.headers -- << via: 1.1 fly.io
19:46:28.486 [main] DEBUG org.apache.http.headers -- << fly-request-id: 01GZGTDJ9EG1X84XAEDH0N0KKJ-sin
19:46:28.486 [main] DEBUG org.apache.http.impl.client.DefaultHttpClient -- Connection can be kept alive indefinitely
19:46:28.486 [main] DEBUG io.restassured.internal.RestAssuredHttpBuilder -- Parsing response as: application/json
19:46:28.486 [main] DEBUG org.apache.http.wire --  << "66[\r][\n]"
19:46:28.486 [main] DEBUG org.apache.http.wire --  << "[0x1f][0x8b][0x8][0x0][0x0][0x0][0x0][0x0][0x4][0xff][0xab]VJI,IT[0xb2][0xaa]V[0xf2]tQ[0xb2]2421[0xb3][0xd4]Q[0xf2]K[0xcc]MU[0xb2]Rr[0xcc]NJ,R[0x8][0xca][0xac][0xca][0xae]TpK[0xcc](*-[0xca][0xaf][0xaa]T[0xd2]QrI-N.[0xca],([0xc9][0xcc][0xcf]S[0xb2]R[0xca][0xcd][0xcc][0xcb]T(([0xca][0xcf]JM.Q[0xaa][0xad][0xe5][0x2][0x0]][0x6][0xf4]ZR[0x0][0x0][0x0]"
19:46:28.486 [main] DEBUG org.apache.http.wire --  << "[\r][\n]"
19:46:28.486 [main] DEBUG org.apache.http.wire --  << "0[\r][\n]"
19:46:28.486 [main] DEBUG org.apache.http.wire --  << "[\r][\n]"
19:46:28.486 [main] DEBUG io.restassured.internal.RestAssuredHttpBuilder -- Parsed data to instance of: class org.apache.http.conn.EofSensorInputStream
19:46:28.487 [main] DEBUG org.apache.http.impl.conn.BasicClientConnectionManager -- Releasing connection org.apache.http.impl.conn.ManagedClientConnectionImpl@52a2e2fb
19:46:28.487 [main] DEBUG org.apache.http.impl.conn.BasicClientConnectionManager -- Connection can be kept alive indefinitely
19:46:28.487 [main] DEBUG net.thucydides.core.steps.StepInterceptor -- STEP DONE: user send request to endpoint kategori
  &amp#27;[32mAnd &amp#27;[0m&amp#27;[32muser send request to endpoint kategori&amp#27;[0m               &amp#27;[90m# starter.stepdefinitions.UserSteps.userSendRequestToEndpointKategori()&amp#27;[0m
19:46:28.491 [main] DEBUG net.thucydides.core.steps.StepInterceptor -- STARTING STEP: UserSteps.userSeeStatusCode - user see status code 200
19:46:28.492 [main] DEBUG net.thucydides.core.steps.StepInterceptor -- STEP DONE: user see status code 200
  &amp#27;[32mThen &amp#27;[0m&amp#27;[32muser see status code 200&amp#27;[0m                            &amp#27;[90m# starter.stepdefinitions.UserSteps.userSeeStatusCode()&amp#27;[0m
19:46:28.494 [main] DEBUG net.thucydides.core.steps.StepInterceptor -- STARTING STEP: UserSteps.userSeeNewKategoriResponse - user see new kategori response
19:46:28.495 [main] DEBUG net.thucydides.core.steps.StepInterceptor -- STEP DONE: user see new kategori response
  &amp#27;[32mAnd &amp#27;[0m&amp#27;[32muser see new kategori response&amp#27;[0m                       &amp#27;[90m# starter.stepdefinitions.UserSteps.userSeeNewKategoriResponse()&amp#27;[0m
19:46:28.498 [main] INFO  -- 
  _____   ___   ___   _____     ___     _     ___   ___   ___   ___  
 |_   _| | __| / __| |_   _|   | _ \   /_\   / __| / __| | __| |   \ 
   | |   | _|  \__ \   | |     |  _/  / _ \  \__ \ \__ \ | _|  | |) |
   |_|   |___| |___/   |_|     |_|   /_/ \_\ |___/ |___/ |___| |___/ 

POST - As a user I want to create a new kategori
----------------------------------------------------------------------
]]></system-out>
  </testcase>
  <testcase name="GET - As a user I want to get all categories" classname="As user i want to see categories and add new categories" time="0.169">
    <system-out><![CDATA[
@ProdukKategori
Scenario: GET - As a user I want to get all categories &amp#27;[90m# src/test/resources/features/produkkategori.feature:12&amp#27;[0m
19:46:28.502 [main] DEBUG io.cucumber.core.plugin.SerenityReporter -- Running feature from file:///C:/Users/Admin/IdeaProjects/miniproject-api/src/test/resources/features/produkkategori.feature
19:46:28.504 [main] INFO  -- 
  _____   ___   ___   _____     ___   _____     _     ___   _____   ___   ___  
 |_   _| | __| / __| |_   _|   / __| |_   _|   /_\   | _ \ |_   _| | __| |   \ 
   | |   | _|  \__ \   | |     \__ \   | |    / _ \  |   /   | |   | _|  | |) |
   |_|   |___| |___/   |_|     |___/   |_|   /_/ \_\ |_|_\   |_|   |___| |___/ 

GET - As a user I want to get all categories(as-user-i-want-to-see-categories-and-add-new-categories;get---as-a-user-i-want-to-get-all-categories)
--------------------------------------------------------------------------------
19:46:28.521 [main] DEBUG net.thucydides.core.steps.StepInterceptor -- STARTING STEP: UserSteps.userSetEndpointForKategori - user set endpoint for kategori
19:46:28.521 [main] DEBUG net.thucydides.core.steps.StepInterceptor -- STEP DONE: user set endpoint for kategori
  &amp#27;[32mGiven &amp#27;[0m&amp#27;[32muser set endpoint for kategori&amp#27;[0m                 &amp#27;[90m# starter.stepdefinitions.UserSteps.userSetEndpointForKategori()&amp#27;[0m
19:46:28.525 [main] DEBUG net.thucydides.core.steps.StepInterceptor -- STARTING STEP: UserSteps.userSendRequestKategori - user send request kategori
19:46:28.527 [main] DEBUG net.thucydides.core.steps.StepInterceptor -- STARTING STEP: ProdukKategori.userSendRequestKategori - user set endpoint for kategori
19:46:28.527 [main] DEBUG net.thucydides.core.steps.StepInterceptor -- STEP DONE: user set endpoint for kategori
19:46:28.536 [main] DEBUG org.apache.http.impl.conn.BasicClientConnectionManager -- Get connection for route {s}->https://altashop-api.fly.dev:443
19:46:28.536 [main] DEBUG org.apache.http.impl.conn.DefaultClientConnectionOperator -- Connecting to altashop-api.fly.dev:443
19:46:28.583 [main] DEBUG org.apache.http.client.protocol.RequestAddCookies -- CookieSpec selected: ignoreCookies
19:46:28.583 [main] DEBUG org.apache.http.client.protocol.RequestAuthCache -- Auth cache not set in the context
19:46:28.583 [main] DEBUG org.apache.http.client.protocol.RequestProxyAuthentication -- Proxy auth state: UNCHALLENGED
19:46:28.583 [main] DEBUG org.apache.http.impl.client.DefaultHttpClient -- Attempt 1 to execute request
19:46:28.583 [main] DEBUG org.apache.http.impl.conn.DefaultClientConnection -- Sending request: GET /api/categories HTTP/1.1
19:46:28.583 [main] DEBUG org.apache.http.wire --  >> "GET /api/categories HTTP/1.1[\r][\n]"
19:46:28.583 [main] DEBUG org.apache.http.wire --  >> "Authorization: Bearer eyJhbGciOiJIUzI1NiIsInR5cCI6IkpXVCJ9.eyJGdWxsbmFtZSI6IkZpcnN0bmFtZSBMYXN0bmFtZSIsIkVtYWlsIjoic29tZW9uZUBtYWlsLmNvbSJ9.bGpZNDg6YHtKlTFw7_yuyn3SAICmfvdIV1yX7mIKrTw[\r][\n]"
19:46:28.583 [main] DEBUG org.apache.http.wire --  >> "Accept: */*[\r][\n]"
19:46:28.583 [main] DEBUG org.apache.http.wire --  >> "Host: altashop-api.fly.dev[\r][\n]"
19:46:28.583 [main] DEBUG org.apache.http.wire --  >> "Connection: Keep-Alive[\r][\n]"
19:46:28.583 [main] DEBUG org.apache.http.wire --  >> "User-Agent: Apache-HttpClient/4.5.13 (Java/19.0.2)[\r][\n]"
19:46:28.583 [main] DEBUG org.apache.http.wire --  >> "Accept-Encoding: gzip,deflate[\r][\n]"
19:46:28.583 [main] DEBUG org.apache.http.wire --  >> "[\r][\n]"
19:46:28.583 [main] DEBUG org.apache.http.headers -- >> GET /api/categories HTTP/1.1
19:46:28.583 [main] DEBUG org.apache.http.headers -- >> Authorization: Bearer eyJhbGciOiJIUzI1NiIsInR5cCI6IkpXVCJ9.eyJGdWxsbmFtZSI6IkZpcnN0bmFtZSBMYXN0bmFtZSIsIkVtYWlsIjoic29tZW9uZUBtYWlsLmNvbSJ9.bGpZNDg6YHtKlTFw7_yuyn3SAICmfvdIV1yX7mIKrTw
19:46:28.583 [main] DEBUG org.apache.http.headers -- >> Accept: */*
19:46:28.583 [main] DEBUG org.apache.http.headers -- >> Host: altashop-api.fly.dev
19:46:28.583 [main] DEBUG org.apache.http.headers -- >> Connection: Keep-Alive
19:46:28.583 [main] DEBUG org.apache.http.headers -- >> User-Agent: Apache-HttpClient/4.5.13 (Java/19.0.2)
19:46:28.583 [main] DEBUG org.apache.http.headers -- >> Accept-Encoding: gzip,deflate
19:46:28.611 [main] DEBUG org.apache.http.wire --  << "HTTP/1.1 200 OK[\r][\n]"
19:46:28.611 [main] DEBUG org.apache.http.wire --  << "content-type: application/json[\r][\n]"
19:46:28.611 [main] DEBUG org.apache.http.wire --  << "date: Wed, 03 May 2023 12:46:56 GMT[\r][\n]"
19:46:28.611 [main] DEBUG org.apache.http.wire --  << "transfer-encoding: chunked[\r][\n]"
19:46:28.611 [main] DEBUG org.apache.http.wire --  << "content-encoding: gzip[\r][\n]"
19:46:28.611 [main] DEBUG org.apache.http.wire --  << "server: Fly/199ec4d3 (2023-04-25)[\r][\n]"
19:46:28.611 [main] DEBUG org.apache.http.wire --  << "via: 1.1 fly.io[\r][\n]"
19:46:28.611 [main] DEBUG org.apache.http.wire --  << "fly-request-id: 01GZGTDJD97KPJQ7E9XAVCYMJN-sin[\r][\n]"
19:46:28.611 [main] DEBUG org.apache.http.wire --  << "[\r][\n]"
19:46:28.611 [main] DEBUG org.apache.http.impl.conn.DefaultClientConnection -- Receiving response: HTTP/1.1 200 OK
19:46:28.611 [main] DEBUG org.apache.http.headers -- << HTTP/1.1 200 OK
19:46:28.611 [main] DEBUG org.apache.http.headers -- << content-type: application/json
19:46:28.611 [main] DEBUG org.apache.http.headers -- << date: Wed, 03 May 2023 12:46:56 GMT
19:46:28.611 [main] DEBUG org.apache.http.headers -- << transfer-encoding: chunked
19:46:28.611 [main] DEBUG org.apache.http.headers -- << content-encoding: gzip
19:46:28.611 [main] DEBUG org.apache.http.headers -- << server: Fly/199ec4d3 (2023-04-25)
19:46:28.611 [main] DEBUG org.apache.http.headers -- << via: 1.1 fly.io
19:46:28.611 [main] DEBUG org.apache.http.headers -- << fly-request-id: 01GZGTDJD97KPJQ7E9XAVCYMJN-sin
19:46:28.611 [main] DEBUG org.apache.http.impl.client.DefaultHttpClient -- Connection can be kept alive indefinitely
19:46:28.612 [main] DEBUG io.restassured.internal.RestAssuredHttpBuilder -- Parsing response as: application/json
19:46:28.612 [main] DEBUG org.apache.http.wire --  << "BA[\r][\n]"
19:46:28.612 [main] DEBUG org.apache.http.wire --  << "[0x1f][0x8b][0x8][0x0][0x0][0x0][0x0][0x0][0x4][0xff][0xaa]VJI,IT[0xb2][0x8a][0xae]V[0xf2]tQ[0xb2]24460[0xd3]Q[0xf2]K[0xcc]MU[0xb2]RJO[0xcc][0xcd][0xcc]KW[0xd2]QrI-N.[0xca],([0xc9][0xcc][0xcf]S[0xb2]RJ[0xcb]/R[0x80]H)[0x14][0x94][0x16][0x15][0xe4][0x17][0xa7][0x16]+[0xd5][0xea] [0xc]0[0x87][0x1b]P[0x9e]X[0x92][0x9c][0x91][0x99][0x97][0xae][0xe0][0xe6][0xe9][0xe3][0x8b]a[0xe]\6?/[0xa7][0x12][0xc5][0x4][0xb][0xb8][0x9][0x10]{0[0xb4][0x12]p[0x82][0xa1][0x1][0xa5][0x6][0x18]Sj[0x80][0x9][0xa5][0x6][0x98]Rj[0x0][0xa5][0xf1]h[0x88][0x88]G2c[0x81][0xd2]h42[0xa4]0[0xc][0x8c][0x8c](5[0x80][0xd2]t`Di:0[0xa2]4[0x1d][0x18]Q[0x9a][0xe][0x8c](M[0x7]F[0x14][0xa7][0x3]K2[0xa3][0x11][0x0][0x0][0x0][0xff][0xff]"
19:46:28.612 [main] DEBUG org.apache.http.wire --  << "[\r][\n]"
19:46:28.612 [main] DEBUG org.apache.http.wire --  << "36C[\r][\n]"
19:46:28.612 [main] DEBUG org.apache.http.wire --  << "[0x82][0x95]i[0xc6][0x94][0x96][0x7][0xc6][0x88][0x94][0x18][0x90]Z[0x94]Y[0x90][0x91]Z[0x94][0x98][0xa3][0xe0][0x8e][0xbd]|[0xf4][0xcd]/-N[0xd5]Q[0xf0]N[0xad]L[0xca]O,J[0xd1]Q[0xf0]HML)[0xc8][0xc8][0xcf]KUp[\r]qF.[0xe8][0x8c])M[0x9f][0xc6][0x94][0xa6]OcD[0xfa][0xa4][0xaa][0xc7](M[0xb5][0xc6][0x94]&:cJ[0xd3][0x8c][0x9][0xa5]i[0xc6][0x4][0x91]f[0xf2][0xf2]q[0x94][0xa0]y[0xf9]%[\n]"
19:46:28.612 [main] DEBUG org.apache.http.wire --  << "[0x4][0xea]2[0x13]J[0xd3][0x88][0x9]"[0x8d]$[0xe5][0xe7]g[0x93]Z[0x97][0x9a] [0xa2][0xd2][0xd0][0xc8][0xd8][0xc4][0x94]d[0xfd][0x94][0x96]?&[0x88][0xa4][0xe0][0x9d][0x98]TZ[0x92]_P[0x8c][0xe1][0x86][0xa2][0xc4][0xbc][0x94][0xfc]\[0xe4]f[\n]"
19:46:28.612 [main] DEBUG org.apache.http.wire --  << "R[0xee]7A[0x94]?[0xe1][0x89]E%[0xf9]E%9[0xa9][0x18]&8[0x96]([0xe4][0x95][0xe6][0x16][0x96]&[0xe6]*$[0x16][0x17][0xa4][0x16]e[0xe6][0x17][0xa5][0x16]+[0x14][0xe4][0x17][0x15][0xe5]+[0xe4][0xe6][0xe7][0xa4][0x16][0x97]d&[0xa6]*[0x14][0xa7][0xa6] xz[0xc8]Y[0xd9][0x94][0xd2][0xe4]b[0x8a]H.8[0x12][0xb][0x81][0x84]bJiB1E[0x94][0x5]d[0xba][0x0][0x91]T[0xc8]4[0x80][0xd2][0xb4]b[0x8a][0x88]j2]@i[0xb1]aFi:0[0xa3]4[0x1a][0xcd][0x10][0xf9][0x9d][0xbc]00[0xa3]4[0x1a][0xcd]([0x8d]F3J[0xa3][0xd1][0x9c][0xd2]X0[0xa7]47[0x9a]#[0xa2]1/[0x1f][0xda]][0xc2](t`[0xc5]?[0xd6]~[0x94]9[0xa5][0xf1]h[0x8e][0xc8][0xcf]^[0x95]y[0x15][0x18][0xb6][0x7]g[0x96]([0xe4][0xa5]&[0xa7][0x16][0x17]g[0x96]$[0x96]d&[0x95][0x16]+[0xe4][0xe5][0xe7])[0xa4][0x96]([0xe4][0xe7][0xe6]e[0x16][0xa3][0x14]o[0xe6][0x94][0xa6][0x9]sJ[0xd3][0x84]9[0xa2][0x1a] /Y[0x9b]S[0x9c][0xa8](-[0x1b],(M[0x95][0x16][0x94][0xa6]J[0xb]J[0xd3][0x94][0x5]"M[0x91][0x17][0xb][0x16][0x94]&$[0xb]J[0x13][0x92][0x5][0xa5][0x9][0xc9][0x82][0xd2][0x84]dAiB[0xb2][0xa4]4!YR[0x9a][0x90],[0x11][0xc5][0x1b]y[0xe9][0xc0][0x92][0xd2][0x94]hIiJ[0xb4][0xa4]4%ZR[0x9a][0x12]-)M[0x89][0x96][0x94][0xa6]DK[\n]"
19:46:28.612 [main] DEBUG org.apache.http.wire --  << "S[0xa2][0x89][0x1][0x85])[0xd1][0xc4][0x80][0xc2][0x94]hb[0x80]H[0x89][0x14]t[0xb3]L[0xc][0x10][0xe9][0x91]"c(L[0x95]&[0x6][0x14][0xa6]J[0x13][0xa4][0xf1][s3[0x85][0xdc]\[0x85][0xe0][0x8c][0xd4][0x9c][0x1c][0x8c][0xca]?$#[0xb3]X![0xb3]X!17[0xb7]4/[0x13]4[0xb2][0xb][0xee][0x88][0x86][0x87][0x1b])[0x84]$[0xe6]e#[0x8f][0xe8][0x9a][0x18]P[0x98]NM[0xc](L[0xa7]&[0x6][0x94][0xa6]SCD*q[0xcb]s[0xc2][0x8][\r][0xa4][0x9e][0x9c][0x89]!"%[0x90]U[0xb4][0x99][0x18]R[0x9a][0x6][0xc])M[0x3][0x86][0x14][0x96]L&[0x94][0x8e][0xfd][0x9a][0x18]R[0x1a][0xe3][0x86](1[0x9e][0x8a][0xd9][0xe5][0x87][0xf6][0x86]A[0x9d]t[0xcc]I[0x8][0x13][0xa4]aS[0xb7][0xc4][0xe2][0xc][0xd0][0xc4][0x5][0xfa]4[0x6]T<1)'[0x15]9[0xfa])[0x1d]/5A[0x1a]/M+*[0xcd],[0xc1]HlP[0x97][0x83][0xe6]E[0xb0][0xcc][0x9f][0x98] [\r][0x97]b[0xd7][0xef]V[0x94]Z[0x9c][0xa1][0x0][0x91]C[0xc]s[0x98] [0x8d]Q[0xba]a[0xb5][0x17][0x97]>[0xa4][0xac][0x81]U[0x1f]r[0xe8]P:[0xe0]hbLi[0xda]6[0xa6]4mS:[0xb4]hbLi[0xda][0xa6]tl[0xd2][0x84][0xd2][0xb1]I[0x13][0xa4][0xb1]I[0xf2][0xca]8JG%M[0x90]F%[0xc9]t[0x1][0xa5][0x9][0xc9][0x84][0xd2][0x84][0x84]40I[0xa6][0x17](MH&([0x85]$[0xe9]s[0xb5]&[0x94][0x8e]Z[0x9a]P:jiB[0xe9][0xa8][0xa5][0x89])[0xa5][0xd5]5[0xa5][0xc3][0x9e]&[0xa6][0x94][0xa6]DSJS[0xa2])[0xa5][\r]4J[0xc7]MML)M[0x89][0x94][0x8e][0x9b][0x9a][0x98]Q[0xda][0x91][0xa0]t[0xe0][0xd5][0x84][0xd2][0x81]W[0x13]3J[0x1b][0x8e][0x94][0x8e][0xdc][0x9a]P:rkbFiJ[0xa4]t[0xe8][0xd7][0xc4][0x8c][0xd2][0x94]H[0xe9][0xd8][0xb1][0x9][0xa5]c[0xc7]&Hc[0xc7][0xe4]U,[0x94][0xe][0x1d][0x9b]P:[0xdc]kB[0xe9]`[0xab][0x9][0xa5]C[0x9d]&[0x16]F:J[0x0][0x0][0x0][0x0][0xff][0xff]"
19:46:28.612 [main] DEBUG org.apache.http.wire --  << "[\r][\n]"
19:46:28.612 [main] DEBUG org.apache.http.wire --  << "160[\r][\n]"
19:46:28.612 [main] DEBUG org.apache.http.wire --  << "[0xa2]d[0x1d][0x93][0x9][0xa5]#[0x95]&[0x94][0x8e][0x13][0x9a]P:JgB[0xe9][0x18][0x99][0x9][0xa5]#T[0xa6][0x94][0x8e][0xf][0x99]"[0x8d][0xcb][0x90][0x95][0x17]L[0x91][0xc6]C[0xc8]4[0x80][0xc2][0x2][0xc5][0x14]i[0xec][0x81]<[0x17]P:[0x1e]`Jio[0xdc][0x94][0xd2][0x95]X[0xa6][0x94][0xae][0x83]2E[0xea]U[0x93][0x17][0x88][0x94][0xae][0x1]2[0xa5]t[0xb1][0x8e])[0xa5]}gSJ[0xbb][0xbe][0xa6][0x94]v<M)[0xed]x[0x9a]R[0xda][0xf1]4[0xa5][0xb4][0xe3]iJi[0xc7][0xd3][0xd4][0x84][0xc2]V[0x9a])[0xd2][0x8a][0x1a][0xf2][0xa6][0x86]M[0x91][0xba][0xae][0xe4][0x9a][0x80]h[0xa7])`[0xc]P[0xe1][0x9b][0x96]6EZM[0xa3]G[0xa2]V[0xa4][0xde]&[0xa6]N[0xa4]Q&SJ{[0x95][0xa6]H[0xbd]JL[0x9b][0x14]P[0xac]Bt[0x1f][0x9][0xa9][0xa4]4[0xde])[0xed]'[0x9a]R[0xda]O4[0xa5][0xb4][0x9f]hJi?[0xd1][0x94][0xd2]~[0xa2])[0xa5][0xfd]DSJ[0xfb][0x89][0xa6][0x94][0xf6][0x13]M)[0xed]'[0x9a]R[0xda]O4[0xa5][0xb4][0x9f]hJi?[0xd1][0x94][0xd2]~[0xa2])[0xa5][0xfd]DSJ[0xfb][0x89][0xa6]H[0xfd]D[0xa7][0xc4][0x92][0xc4][0xf4][0xfc]"[0x85][0xf0][0xfc][0xec]R[0x8c][0xd2][0xd4]9573'1O[0xa1]85#[0xb1]D!'[0xb5]*[0xb1]D!)[0xb5](=[0xb3]*[0x13][0xb9] [0xa2][0xb4][0xd7]hJi[0xaf][0xd1][0x94][0xd2]^[0xa3])[0xd2][0x82]#[0xf2][0xda]h[0x94]v;M)]edJ[0xe9]*#SJ;[0xbe][0xa6][0xe6][0x94]v7(]edJi[0xd7][0xdb][0x94][0xd2][0xae][0xb7])[0xa5][0xcb][0x94]Lq,S[0x2][0x0][0x0][0x0][0xff][0xff]"
19:46:28.612 [main] DEBUG org.apache.http.wire --  << "[\r][\n]"
19:46:28.612 [main] DEBUG org.apache.http.wire --  << "165[\r][\n]"
19:46:28.612 [main] DEBUG org.apache.http.wire --  << ""z[0x13][0x93])[0xa5][0x9d]SJW[0x19][0x99]R:z`J[0xe9]"!3J[0x97]f[0x98]Q[0xda][0xe9]3C[0x9a][\n]"
19:46:28.612 [main] DEBUG org.apache.http.wire --  << "%[0xab]@13[0xa2]03[0x99]Q[0xda]k4[0xa3][0xb4][0xd3]g[0x86][0xb4]C[0x83][0xbc]0[0xa0]t[0xc6][0xd5][0x8c][0xd2][0xf9]N3J[0xbb][0x9d]f[0x94]v;[0xcd]([0xed][0xf4][0x99]Q[0xda][0xe9]3[0xa3]t[0xb2][0xd0][0xc][0xa9][0xf3]D^:[0xa0]t[0xa2][0xcc][0x8c][0xf0]D[0x19]R{[0xc6][0x8c][0xd2][0xde][0x8e][0x19][0xa5]}[\r]3J[[0xfa]f[0x94][0xb6][0xf4][0xcd](mg[0x9b][0x11]ng#[0x7]9[0xa5]mb3[0xc2]mbd[0xeb](m[0xb1][0x9a]Q[0xda]b5#[0xdc]bEq/[0x85][0xf3][0xb4]f[0x84][[0x97]([0xd6]Q8[0xbb]oF[0xb8]%[0x88]l[0x1d][0xa5][0xad]63J[0x17]V[0x9b]Q[0xba][0xac][0xd9][0x8c]p[0x8b][0x5][0xc9][0xc3][0xe6][0x86][0x14]N[0xf8][0x9a][0x13][0x1e][0x97]G[0xb1][0x8e][0xc2][0xd4]cNxQ[0x1e][0xb2]uH[0xab][0xb9][0xc8]*[0xee][0xcd][0x9][0xf]W#[Gi[0xf5]d[0x8e]4,[0x88][0xc3][0xbd][0xc8][0xd6][0x11][0xae]J[0xf0]/[0x92]3[0xa7][0xb4]v1[0xa7]t,[0xcd][0x9c][0xd2][0xb1]4s[0xa4][0xfa][0x8d][\n]"
19:46:28.612 [main] DEBUG org.apache.http.wire --  << "[0xe3][0x7][0xe6][0x94][0x8e][0xac][0x99]S:[0xb2]fNi}kNi}kN[0xe9][0xc8][0x9a]9[0xc5]#k[0x94]N[0xd9][0x9a]R[0xba]/[0xc2][0x94][0xd2]9_S[0xa4]}[0x11])[0xa9]EE[0x95][0x89][0x18]#Z`a[0xa4][0xec]l[0x8a][0xb4][0x13][0xc2][0xc9]1[0xd8][0xd5]%[0x8]C[0xb]X[0xd8][0xd5][0xcd]1[0xd4]'[0xc4]%[0x8]E+b"[0x2]G[0xb9][0x81][0xbf]$0%g[0xf][0x4][0x0][0x0][0x0][0xff][0xff]"
19:46:28.612 [main] DEBUG org.apache.http.wire --  << "[\r][\n]"
19:46:28.612 [main] DEBUG org.apache.http.wire --  << "1DE[\r][\n]"
19:46:28.612 [main] DEBUG org.apache.http.wire --  << "B^[0xdd]nf@[0xe1][0xb8][0xbe][0x19][0xa5]3[0xcc]f[0x94][0xae][0xaf]7C:[0xef][0x4][0x1c][0xd0][0xc4][0x87][0xbf][0x19][0xa5][0xb5][0xa8][0x19][0xd2]jw[0x92][0xed]FT[0xa9]$k[0xa5]p[0xc9][0x9c][0x19][0xd2][0xfa]rR[0xed]6B[0xec]y!Y+[0x85]m[0x16]3#[0xc4]t[0x15]Y[0xd9][0xc5][0xc]ia<y[0x6]P:[0xb8]gFxp[0xf][0xa9]|0[0xa3]t[0xa3][0x99][0x19][0xe1][0x2][0x15][0xc5]:D[0x92]$/x[0x90][0x8a]B[0x1c][0x6][0xa0]XG[0xe1][0xf8][0x94]9[0xe1][0xf5]5H[0xd6][0x99]S[0xba][0x98][0xc6][0x9c]pY[0x89]b[0x1d][0x85]e[0xbb]9[0xe1]}C[0xc8][0xd6]!ei[0x1c]A[0x8f][0xbf]*1G[0xca][0xd8]8[0xc]@[0xb6][0x8e][0xd2][0xac]hNxx[0x14][0xc5]:J[0x3][0x93][0xf0]`*[0xb2]u[0x94][0x8e][0x1a][0x9a][0x13]^[0xac][0x82]b[0x1d][0xa5][0x19][0x81][0xf0][0x10]![0xb2]u[0x94][0x8e][0x7][0x9a][0x13][0x1e][0xf]D[0xb6][0x8e][0xd2][0xf5][0xc][0xe6]H[0xeb][0x19]p[0xa4]L[0x2]I[0x9b][0xd2][0xc1]?sJ[0x87][0xb2][0xcc]1[0x86][0xb2]|[0x12][0xd3]31[0xda][0x89][0x4][0xbc]A[0xe9][0xb4][0xb1]9[0xe1]!2[0xe4]x[0xa3]t[0x84][0xcb][0x9c][0xf0][0x8][0x17][0x8a]u[0x14]V>[0xe6]$[\r]P[0x99][0x13][0x1e]_"[0x10][0x1b][0x84]g[0x1a][0x91]}G[0xb8][0xde]'d[0x1d][0xc1][0x86]:[0x8a]u[0x94][0x96][0x97][0x84]'[0xe0][0x90][0xad][0xa3][0xb4][0xe3]gN[0xb8][0xa1][0x83]b[0x1d][0xa5]I[0x85][0xa4]v[0x8a]9[0xa5][0xfb][0xc4]-Hj[0xa7]XP[0xda]N[0xb1] [0xa9][0x9d]bAi[0xff][0xcb][0x82][0xa4]v[0x8a][0x5][0xa5]].[0xb][0x92][0x6].-(]=lA[0xd2][0xc0][0xa5][0x5][0xa5][0xad]0[0xb][0x92]Za[0x16][0x94][0xb6][0xc2],Hj[0x85]YP[0xba][0xc][0xd9][0x82][0xa4]V[0x98][0x5][0xa5][0xa3][0xc0][0x16]$[0x8d][0x2][P[0xda][0xe8][0xb3] [0xa9][0xd1]gA[0xe9][0xbc][0xb0][0x5]I[0x8d]>[0xb]J[0x1b]}[0x16]$5[0xfa],([0x1d]R[0xb7] iH[0xdd][0x82][0xd2]6[0xa6][0x5][0xe1]6&R[0x5]dA[0xe9][0x0][0xbc][0x5][0xe1][0x1]x[0x14][0xeb]([0xec][0x1f]X[0x10][0x1e][0xdd]F[0xb6][0x8e][0xd2][0x81]d[0xb][0xc2][0x3][0xc9]([0xd6]Q[0xd8]V[0xb1] [0xa9]YkAi[0xb3][0xd6][0x82]P[0xb3][0x16][0x0][0x0][0x0][0xff][0xff]"
19:46:28.612 [main] DEBUG org.apache.http.wire --  << "[\r][\n]"
19:46:28.612 [main] DEBUG org.apache.http.wire --  << "15C[\r][\n]"
19:46:28.612 [main] DEBUG org.apache.http.wire --  << "[0xb2]RB[0xf6][0x1d][0xa5][0xab][0xfa],Hj[0xd6]ZP[0xda][0xac][0xb5] [0xa9]YkAi[0xb3][0xd6][0x82][0xf0]Z5[0xe4][0xc0][0xa4]t][0x99][0x5][0xe1]f-[0xfe]f[0xb8][0x5][0xe1]i^d[0xf7][0x12]n[0xd6][0x12][0xb0][0x8e][0xa4][0xf1];[0xb][0xc2][0xcd]ZB[0xd6]Q[0x9a][0x15])[0x9d][0x8f][0xb0][0xa0][0xb4][0xad]mI[0xb8][0xad][0x8d]?[0xc],[0x9]/[0xfc]C[0x8a]aK[0xc2]mmB[0xd6]Q[0xd8][0x97][0xb1][0xa4]t[0x2][0xc6][0x92]p[0x7][0x0][0xd9][0xc3]H[0xb3]-d[\r][0xc6]X[0x12][0xee][0x0][0xa0]XG[0xb0][0xdb]K |[0x9]w[0x0]P[0xac][0xa3]p[0xd9][0x8a]%[0xe1][0xe][0x0][0xb2]u[0x94][0x1e][0xd1]nI[0xb8][0x3][0x80]b[0x1d][0x85][0xf3]F[0x96][0x84];[0x0][0xc8][0xd6]Q[0xba]|[0xd4][0x92]p[0x7][0x0][0xc5]:J[0x93][\n]"
19:46:28.612 [main] DEBUG org.apache.http.wire --  << "[0xe1][0xe][0x0][0x8a]u[0x94]&[0x15]J;[0x0][0x96]$u[0x0],)[0xed][0x0]X[0x92][0xd4][0x1][0xb0][0xa4][0xb4][0x3]`IR[0x7][0xc0][0x12][0xa9][0x3]@[0x85][0xf5]$[0x96][0x84][0xbb][0x3][0x4][0x8a][0x1d][0xc2]C[0xce][0xc8]i[0x89]pw[0x80][0x90]u[0x4]+nd[0xeb][0x8]w[0x7][0x8]XGx[0xb1][0xb][0x8a]u[0x94]fL[0xc2][0xc3][0xef]([0xd6]Q[0x9a]1IZ[0x8]j[0x89][0xd4][0x1d][0xa0]F[0xca]CZ[0xd5]I[0x15][0xe3]([\r]{J[0xfb]/[0x96]$[0xf5]_,)[0xed][0xbf]X[0x92][0xd4][0xb1][0xa4][0xb4][0xff]bIR[0xff][0xc5][0x92][0xd2][0xfe][0x8b]%[0xe1][0xfe][0xb]rN[0xa0]tX[0xde][0x92][0xd2][0xfe][0x8b]%I[0xfd][0x17]KJ[0xfb]/[0x96][0x84]O[0xec]@[0x4][0x8f][0x91][0x1][0x85]][0x5]#[0x3][0xfc]][0x5][0x0][0x0][0x0][0x0][0xff][0xff]"
19:46:28.612 [main] DEBUG org.apache.http.wire --  << "[\r][\n]"
19:46:28.613 [main] DEBUG org.apache.http.wire --  << "34E[\r][\n]"
19:46:28.613 [main] DEBUG org.apache.http.wire --  << "B[0x1d][0x9]02[0xa0][0xb0][0xab]`d@[0xf8]tT[0x14][0xdf]QV[0xc][0x1a][0x19][0x10]>v[0x14][0xd9]:[0xc2][0xc3][0xf2]x[0xeb][0x14]#[0x3][0xc2]'[0x8f][0xa2]XGYS[0xd6][0xc8][0x80][0xf0]![0x9f][0xc8][0xd6][0x11][0x1e][0x96]'[0xe0];[\n]"
19:46:28.613 [main] DEBUG org.apache.http.wire --  << "[0xcf][0x10]12 [0xdc]U@q/e[0xbd]J#[0x3][0xc2][0x7][0x81][0xa2]XG[0xd9][0x0][0xa5][0x91][0x1][0xe1][0xae][0x2][0xb2]u[0x14]n+32 [0xbc][0xad][0xc][0xc5]:[0x82][0x8d]+[0x2][0x91]Ox[0xf][0x19][0xb2]u[0x14][0x9e][0x12]bd@[0xe1])!F[0x6][0x14]v[0x15][0x8c][0xc]H[0xe9]*[0x18][0x19]P[0xd8]U02 [0xdc]U [0x10]A[0x14][0x1e]%id@[0xe1][0xfe]4#[0x3][0xa4][0xfe][0xb]9[0xc3]*F[0x6][0x84];[0x1c][0x4][0xc2][0x80][0xc2]][0x9]F[0x6][0x14]vb[0x8c][0xc]([0xdc]T`d@[0xe1].[0x0]#[0x3][\n]"
19:46:28.613 [main] DEBUG org.apache.http.wire --  << ";FF[0x6][0x14].[0xe2]72[0xa0]p[0xee][0xc5][0xc8][0x80]p_[0x89]@:[0xc0]X[0xaa]D[0xda]2%#[0x3][0xc2][0xd3]1[0x84]\@im[0x82]t8[0x5][0x8e][0xcc][0x84]\[0xde]"[0xf5][0xb8]p[0xa8]&[0xe0]^[0xc2]'?[0xa0]XGimB[0xf8][0x90][0x5]d[0xeb]([0xdc][0x19]gd@[0xe1][0x92]g#[0x3][0xc2]},[0x14][0xf7]R[0xda][0xb0][0xa3][0xb0][0x8f]ed@[0xb8][0x8f]E =[0x10][0x9e]#"`[0x0][0xe1][0xad][0x80][0x84][0xc][0xa0]l[0xa5][0xbd][0x91][0x1][0x85][0x1d]?#[0x3][0xc2][0x1d]?B^ 8p[0x81][0x9c]j([0x9c]w22 <[0xef][0x84]d[0x9d]![0x85]K[0xb4][0x8c][0xc])[0xed][0xb][0x1a][0x92][0xd4][0x17]4$<[0xe7][0x82]?6[0xc][0x9][0xf7][0x5][0x9][0x18]@i[0xf7][0xd0][0x90]p[0xf7][0x90][0x90][0xb][0x8]&(B[0x6][0x10][0xec]S!'[0x11][0xc2][0x13]A[0x4][0xac][0xa3][0xb4][0xcb]iHi[0x97][0xd3][0x90]p[0x97][0x93][0x90][0x17]([0xdb][0xaf]cdHxy[0x1a]![0x17] [0xe2][0xcc]1[0x19]t[0xd9][~Q&[0x96][0xeb]4J[0xf2][0x15]R[0xf3]2[0x12][0xf3][0x92]S[0x15][0x12][0xb][\n]"
19:46:28.613 [main] DEBUG org.apache.http.wire --  << "R[0x13][0x8b]@L[0xe4][0xd8]D[0xea][0xe]Sf[0xe][0xa2][0xf2][0xa7][0xcc][0x1c][0xc4][0xe0][0xe]e[0xe6] [0x9a]Z[0x14][0x99][0x83][0xd4][0xa7][0xcc][0x1c][0xca][0xce]-62[0xa4]th[0xc0][0x10]ih 5'5[0xb9][0xa4](?/3[0x19][0xfb][0x5],H[0xf2]X[0xee]042$[0xbc][0x1e][0x90]@[0xea]%|Y[0x7]r[0x1a][0xa5]t[0xdc][0xc0][0x90][0xd2]q[0x3]CJ[0xc7][\r][0xc][0x9][0x8f][0x1b][0x10][0x8]1[0xa4][0xd3]EK[0xb0][0xe4]s[0x94][0xe0][0xa2]R[0xd2][0xa7][0xb4][0xeb]o[0x88][0xd4][0xf5]w+-[0xca][0xcb],)-[0xc2][0xbc][0xa1][0x17].[0xa3][0xe0][0x95]Z[0x90]X[0x94][0x88][0xec][0x13][0xa4][0xc9]J[0xb8]2[0x8c]N[0x1b]\[0x6][0x9b][0x1][0x88]r[0x1a][0xae][0x8c]4[0x3][0x10]u+[0x99][0x6] [0xca]i2[\r]@t[0x1b][0xc8]4[0x0]Q2[0x93]i[0x0][0xa2]H&[0xd3][0x0]D[0x82]$[0xcf][0x0][0xa4][0xd1][0xb]2[\r][0xa0][0xb4][0xf4]E[0x1a][0xbd] [0xd3][0x5][0x94][0xa6][0x3][\n]"
19:46:28.613 [main] DEBUG org.apache.http.wire --  << "[0xf7]H[0x19][0x19]"[0x8d]^[0x10]*A[0x90]f~)[0xaa][0xf4]([0x1d][0x80]0$<[0x0]A[0xa0][0xd8][0xa4]p[0x92][0xd7][0xc8][0x90][0x94]I^#C[0xc2][0x93][0xbc][0xc8][0xc5][0x1b][0xd2][0x8][0x6][0xe6]![0xc5][0x4]<F[0xd2][0xd8][0x83][0xa1][0x5][0xa2][0x18][0xc3]1[0x12][0xa4][0x8f][0xe2]0Db[0xc5][0xa1]<[0x1]E9[0xa2][0x88][0xc2][0xa1][0x1c]E5[0xa2]<"F5[0xa2][0xf0]!F5[0xa2][0xa4][0xc1][0xa1][0xda][0x8][0xd9])[0x94][0xe]G[0x18]"[0xcd]C[0x97][0xa4][0x16]c[0xcb]V[0x10]aT[[0x11][0x95][0x12][0xe]G[0x12][0x88]{[0xa4][0xb3]@ [0xc6]cTi[0x10]aT[[0x9]F[0x12]![[0x11][0xf1][0x6]1[0x1e][0xc3]V[0x94][0xa0]%[0x18][0x13][0xf8][0xad]3B[0x9a][0xc3]&l[0x9d][0x11][0xd2]u[0xa1]d[0x85][0xa9][0x11][0xd2][0xc0][0x7]%E[0x9e][0x11][0xd2][0xf8][0x7]e[0xe6] [0xb2] e[0xe6] [0xa2][0x9d]2s[0x10][0xb1][0xef][0x8][0x0][0x0][0x0][0xff][0xff]"
19:46:28.613 [main] DEBUG org.apache.http.wire --  << "[\r][\n]"
19:46:28.613 [main] DEBUG org.apache.http.wire --  << "E6[\r][\n]"
19:46:28.613 [main] DEBUG org.apache.http.wire --  << "[0xa2][0xa0][0xbf]iDxO[0x1d][0xa1]t[0x81]HX[0x1][0x89]9[0xf9]>[0x89]9[0x98]'[0xd9][0x10]0[0x2]i[0xa5]/[0xd9]F [0xc6]![0xc9]6[0x2][0xd1]&[0xa1](D[0x91][0xc6][0x8f](_Wed[0x84]t[0xf0][0xb]e[0xce][0xa2]R[0x2]F[0xda][0xa6]H[0x99]{[0xa8][0x94][0x80][0x91].][0xa1][0xcc]=[0x88]t[0xc][0xbd][0xb2][0x14][0xa3]<[0x85][0x8a][0xa3]^ejd[0x84]4~F[0x91][0xb][0x90][0x86][0xd1](3[0x87]J[0x9][0x19]i[0xc9][0xb7]_~^AQ~Zf[0x89][0x82]Qzb^fU"h[0xd9][0x91][0x82]ob^bzjnj[0x1e][0xe6][0xed][0xab]I[0x89]y[0xd9][0xa9]EH5[0x90][0x11][0xd2][0xc8][0x96]kJi2A[0x13]2[0xf3]JR[0x8b][\n]"
19:46:28.613 [main] DEBUG org.apache.http.wire --  << "[0x8a]RK[0xd0][0x8c]A4@[0x9c][0xf3]s[0xb]JKR[0x8b][0x14]<[0x12][0x8b]R[0xca][0x13][0xb1]tf[0xb][0x12][0xc1][0xa6] ;[0x3]i[0x0])([0xb5][0xb8]$[0xb1][0xb4](1[0xaf][0x4][0xcb][0xb0]KfQjZfz[0x6][0xb2][0xed][0x0][0x0][0x0][0x0][0xff][0xff]"
19:46:28.613 [main] DEBUG org.apache.http.wire --  << "[\r][\n]"
19:46:28.613 [main] DEBUG org.apache.http.wire --  << "8C[\r][\n]"
19:46:28.613 [main] DEBUG org.apache.http.wire --  << "242"[0xbc][0xd1][0x93]@Y[0x87]4lDD5Jx[0xa1]8![0xeb][0x10][0xd5][\r]1[0xd6]![0xc2][0x96][0xbc]Z[0x1b]i[0xa5]9[0x11][0xd6]Q:[0x8e]d[0x84]4[0x8e]D[0x8c]u[0x88]F7[0xb9]u[0x4][0xa5][0xeb]?[0x8c][0x90][0xd6][0x10][0xe1]b[0xa4][0x1][0x1b][0xf2][0xe2][0x3]i[0xc0][0x86][0x18][0xeb][0x10][0x1]D[0xa6]u[0x88]:[0x86][0x18][0xeb][0x10]5[0x0][0x99][0xd6]![0x92]+[0x11][0xd6]![\r]Z[0x90]g[0x1d][0xd2]Ztb[0xac][0xa3][0xb0]Wa[0x84][0xb4][0xb7][0x95][0x18][0xeb][0x10][0x19][0x9d]L[0xdf]!b[0x83][0x18][0xeb][0x10][0xb5]%y[0xd6]![0xad][0x9c]([0x1][0x0][0x0][0x0][0xff][0xff]"
19:46:28.613 [main] DEBUG org.apache.http.wire --  << "[\r][\n]"
19:46:28.615 [main] DEBUG org.apache.http.wire --  << "310[\r][\n]"
19:46:28.615 [main] DEBUG org.apache.http.wire --  << "[0xc2][0xde]SC.[0xb4][0x91][0x6]@[0xc8][0xb4][0xe][0x11][0x1b][0xc4]X[0x87]H[0xc7]dZ[0x87][0x88][\r]b[0xac]C[0xa4]c2[0xad]C[0xc4][0x6][0x11][0xd6]![\r]s[0x90]g[0x1d][0xd2]B[\r]b[0xac][0xa3][0xb4]TA[0xba]$[0x82][0x18][0xeb][0x10][0xe9][0x98]L[0xdf]!b[0x83][0x8][0xeb]([0x1d][0xb2]0"<d[0x81][0x9c][0x11][0x90]V;x[0xe6][0xa5][0xe5][0x17][0xe5]B[0x9a]Q![0xa9][0xc9][0x19]y[0xf9]9[0xf9][0xe9][0x95][\n]"
19:46:28.615 [main] DEBUG org.apache.http.wire --  << "[0x89]y)[\n]"
19:46:28.615 [main] DEBUG org.apache.http.wire --  << "[0xc1][0xa9]Ee[0x99][0xc9]X[0xa6]%[0x12][0x8b]A[0xd3]L[0xf9][0xb9][0xa8]M*[0xa4][0xa3]H[0x3][0x8a][0xf2][0xd3]R[0x8b][0x8b]3[0xf3][0xf3][0x12]s[0x14]B[0x8a][0x12]3[0xf3]2[0xf3][0xd2][0x15]bJ[\r][0xc][0x8c][0xcc][0x14][0x9c][0xf3][0x13][0x93]3[0xb0]][0x9d][0x9b][0x9a][0x9c][0x91][0x98][0x97][0x99][0x8c][0xe2]RD<x[0xe6][0x16][0xe4][0x17][0x95][0x80]][0xe6]Z[0x1]bb[0xb4][0xac]S[0x93][0xf3][0xf3][0xf2]s3[0x8b]KPL@[0xa4]j[0xb7][0xfc][0xfc][0x14][0x85][0x80][0xa2][0xfc][0x94][0xd2]dP[0xc3][0x13]CZfFjQnb[0x1e][0x92]vc[0xc2]k[0xe6][0xf1][0xb7][0x9d][0x8c][0x91][0xc6]0[0x8]'[0x4]c[0xa4][0x81][0x6][0xb2][0xd2][0x9d]1[0xd2]B[0xb]b[0xac]C[0x4]/[0x99][0xd6][0x91][0x92][0xcc][0x8d][0x91][0xba][0xe8][0xe4]Y[0x87][0xb4]0[0x84][0x8][0xdf]![0xf5][0xa1][0xc9][0xb4][0xe]Q[0xe8][0x10]c[0x1d][0xa2][0xb8]&[0xd3]:Dl[0x10]c[0x1d]"a[0x93]g[0x1d]R[0x8f][0x93][0x8][0xeb](]]a[0x8c][0xd4][0x11]$[0xc6]:[\n]"
19:46:28.615 [main] DEBUG org.apache.http.wire --  << "+Oc[0xa4][0x8e]"1[0xd6]![0xd2]1[0x99][0x81][0x89][0x88][\r]"[0xac]#[0xbc]S[0x98]@[0xa9][0x82][0xd4][0x83]$[0xc6]:D:&[0xcf]wH=Hb[0xac]C[0xa4]c2[0xad]C[0xc4][0x6][0x11][0xd6][0x11][0xde]WL 0[0x91]z[0x90][0x86]F[0xc6]&[0xa6][0x98][0x15]C~[0x91][0x2][0xc4]'[0xd8][0x16]N[0x18]#u ![0xaa]H6[0x0][0xd1][0xae]$[0xd3][0x0]J#[0x18]i![0x2][0x99].@[0x14]~[0xc4]D[0x19]"[0x82][0xc9][0xb4][0xe][0x91][0xdd][0xc8]3[0x0]i[0x19][0x4][0x11][0xee]E[0xea][0x1][0x93]i[0x1d]"[0x86][0x89][0xb1][0x8e][0xd2][0xc2][0xf]io[0x3]1[0xd6]Q[0x1a][0x1b]H[0x1b][0x19][0x88][0xb0][0xe][0xa9][0x7]L^`"[0xed]Z [0xc6]:J[0xf3][0x6][0xd2][0x16][0x5]b[0xac]C[0x14]~T[0x18][0xb8]7F[0x9d][0xdf][0xc7]6[0x17][0x89][0xdc]ZE[0xeb][0xf]c[0x94]C [0xf7][0xa3][0xa8]GLx[0x80][0xa5]t[0x94]P/[0xde][0x3][0xb][0xd6][0xea]T+y[0x82][0x7].[0x8d])[0xed]A[0x1b]#[0xad][0x1d][0x0][0x9b]M[0xd0]BJ#[0xf]c[0xa9]@:F[0xa0][0x10][0xa8][0x1d][0x90][0xd6][\n]"
19:46:28.615 [main] DEBUG org.apache.http.wire --  << "[0x80][0x9c][0x8c][0xa5]?[0x84][0x12][0xa2][0x94][0xe6]%[0xa4][0xc5][0x6][0x8e][0xd9]I[0x89]E[\n]"
19:46:28.615 [main] DEBUG org.apache.http.wire --  << "A[0x99]U[0xd9][0x95][\n]"
19:46:28.615 [main] DEBUG org.apache.http.wire --  << "n[0x89][0x19]E[0xa5]E[0xf9]U[0x95][0x18][0xce][0xcf][0xcd][0xcc][0xcb]T(([0xca][0xcf]JMF[0xee][0xf8][0x18]#[0xed],[0xa7][0xd0] D"[0x81][0xe4]W[0x92][0x83][0x90][0xa4][0xae][0xbe]1[0xc6][0xb2][0x6][0xd2][0xed]C[0x94][0x9f]DD[0x19][0xc6][0xe][0xc][0xd2][0xed]CD:[0x11][0xf6]at[0xf6]I[0xb6][0x8f][0xa4][0xde][0xbe]1Ro[0x9f][0xb2][0x84][0x80][0xb4]B[0x1][0x92][0x10]0[0xd2]"[0x81][0xac][0x84]4D[0x80][0xc3][0x0][0xe4][0xac][0x84][0xb4][0xc7]! [0xb5](1)[0xbf]$1O![0xa8]471[0x3][0xc3]^[0xc7][0x9c][0xc4][0x12][0x85][0x94][0xc4]<[0x85][0x2][0xb8][0xc2]"[0x90]B[0x85][0x92][0xc4][0xbc][0xf4]t[0xe4][0xd5][0x87]&H+[0x10]p[0xb8][0x1][0xbf]'L[0x90]F[0x4]r[0x13][0xb3][0x13][0xf3][0x12][0xf3]0[0x9c][0x3][0x13]G[0x94][0x9c]&H[0xc3][0x0][0xe4]Y[0x8b]4[0x83]K[0xa6][0x1][0x88][0x16][0x1a][0xe][0x3][0x90][0x2][0xdf][0x4]s?[0x0][0x0][0x0][0x0][0xff][0xff]"
19:46:28.615 [main] DEBUG org.apache.http.wire --  << "[\r][\n]"
19:46:28.615 [main] DEBUG org.apache.http.wire --  << "12C[\r][\n]"
19:46:28.615 [main] DEBUG org.apache.http.wire --  << "B/[0xaa][0x9][0x4][0x13]R1)??[0x9b]d[0xed][0x88][0x6][0x93][0xa2][0x83][0xb2][0x8a]*[0xc9][0xfa][0x11][0x15][0x7]9mz[0x13][0xa4][0xee]cH~Rbrr>[0x86][0xb][\n]"
19:46:28.615 [main] DEBUG org.apache.http.wire --  << "2[0xf2]K[0xf2][0xd3][0x8b][0x12][0xb]2P[0x6][0xc2]L[0x8][0x9f][0x1a]K [0xe8][0x90][0xf6][0xfa][0xbb][0xea][0xfa][0xa4]&[0x16][0x81][0x86][0xcf]0[0xac]/[0xcf][0xcc]K[0xc9]/WH[0xce]IM[0xcc]Cs[0x0][0xe2][0xce][0x93][0x80][0xc4][0xe4][0xec][0xc4][0xf4]T[0x5]}[0x5][0xb7][0xa2]T[0xd0]D[0xa4][0x82]KjNfYj[0x11][0x96]z[0xa4][0xb4]839[0x13]e[0xf4][0xcb][0x84][0xc2][0xb]H[0x8c]L[0x90][0xee]t[0xa5]d6[0xda][0x4]i[0xbe][0x15]G[0xe2]%[0x10][0xa6][0x84]{[0xdc][0xc8][0xa9][0x1f][0xa9][0xbf]K[0xa6]u$e6[0xa4][0xe](y[0xd6]Q[0xba][0x10][0xdd][0x84][0xd2][0xfe][0x9f][0x89][0x9][0xba][0x87]I.0[0x90][0xb6][0xd5][0x13][0xae]DML[0xd0];[0x80]$[0xdb]GR[0xf][0xd0][0x4][0xa3][0x7]H[0xba]}[0x88][0x12][0x8d][0x8][0xff]a[0x1c][0xd9]K[0xba]}[0x88][0x18]![0xc6]>D[0x13][0x6][0x92][0x4]I[0xb7][0xf][0x11]#D[0xd8]Gi'[0xd0][0x4][0xa9][0x13][0x8]q0F[0x1]I[0xa0]D@Z[0xfc]M[0xa6][0x1][0x88]*[0x86]L[0x3][0x10][0xcd]T2[\r]@D1[0x99][0x6] :[0xab][0x14]5[\r]M[0x90][0xba][0xa9][0x14][0x1a][0x84]HE[0xe4][0x18][0x14][[0xcb][0x5][0x0][0x0][0x0][0xff][0xff]"
19:46:28.615 [main] DEBUG org.apache.http.wire --  << "[\r][\n]"
19:46:28.615 [main] DEBUG org.apache.http.wire --  << "A[\r][\n]"
19:46:28.615 [main] DEBUG org.apache.http.wire --  << "[0x3][0x0][0xd5][0xc7][0xc1]K&[0xb3][0x0][0x0]"
19:46:28.615 [main] DEBUG org.apache.http.wire --  << "[\r][\n]"
19:46:28.615 [main] DEBUG org.apache.http.wire --  << "0[\r][\n]"
19:46:28.615 [main] DEBUG org.apache.http.wire --  << "[\r][\n]"
19:46:28.615 [main] DEBUG io.restassured.internal.RestAssuredHttpBuilder -- Parsed data to instance of: class org.apache.http.conn.EofSensorInputStream
19:46:28.616 [main] DEBUG org.apache.http.impl.conn.BasicClientConnectionManager -- Releasing connection org.apache.http.impl.conn.ManagedClientConnectionImpl@4281a26f
19:46:28.616 [main] DEBUG org.apache.http.impl.conn.BasicClientConnectionManager -- Connection can be kept alive indefinitely
19:46:28.626 [main] DEBUG net.thucydides.core.steps.StepInterceptor -- STEP DONE: user send request kategori
  &amp#27;[32mWhen &amp#27;[0m&amp#27;[32muser send request kategori&amp#27;[0m                      &amp#27;[90m# starter.stepdefinitions.UserSteps.userSendRequestKategori()&amp#27;[0m
19:46:28.630 [main] DEBUG net.thucydides.core.steps.StepInterceptor -- STARTING STEP: UserSteps.userSeeStatusCode - user see status code 200
19:46:28.630 [main] DEBUG net.thucydides.core.steps.StepInterceptor -- STEP DONE: user see status code 200
  &amp#27;[32mThen &amp#27;[0m&amp#27;[32muser see status code 200&amp#27;[0m                        &amp#27;[90m# starter.stepdefinitions.UserSteps.userSeeStatusCode()&amp#27;[0m
19:46:28.633 [main] DEBUG net.thucydides.core.steps.StepInterceptor -- STARTING STEP: UserSteps.userSeeAllKategori - user see all kategori
19:46:28.664 [main] DEBUG net.thucydides.core.steps.StepInterceptor -- STEP DONE: user see all kategori
  &amp#27;[32mAnd &amp#27;[0m&amp#27;[32muser see all kategori&amp#27;[0m                            &amp#27;[90m# starter.stepdefinitions.UserSteps.userSeeAllKategori()&amp#27;[0m
19:46:28.666 [main] INFO  -- 
  _____   ___   ___   _____     ___     _     ___   ___   ___   ___  
 |_   _| | __| / __| |_   _|   | _ \   /_\   / __| / __| | __| |   \ 
   | |   | _|  \__ \   | |     |  _/  / _ \  \__ \ \__ \ | _|  | |) |
   |_|   |___| |___/   |_|     |_|   /_/ \_\ |___/ |___/ |___| |___/ 

GET - As a user I want to get all categories
----------------------------------------------------------------------
]]></system-out>
  </testcase>
  <testcase name="POST - As a user I success to create account with valid data" classname="As user i want to create account So that i can login and see home page" time="0.328">
    <system-out><![CDATA[19:46:28.669 [main] DEBUG io.cucumber.core.plugin.SerenityReporter -- Running feature from file:///C:/Users/Admin/IdeaProjects/miniproject-api/src/test/resources/features/register.feature
19:46:28.671 [main] DEBUG net.thucydides.core.steps.StepEventBus -- Test suite started for story net.thucydides.core.model.Story@c1050949
19:46:28.672 [main] INFO  -- Test Suite Started: As user i want to create account So that i can login and see home page

@Register
Scenario: POST - As a user I success to create account with valid data &amp#27;[90m# src/test/resources/features/register.feature:4&amp#27;[0m
19:46:28.675 [main] DEBUG io.cucumber.core.plugin.SerenityReporter -- Running feature from file:///C:/Users/Admin/IdeaProjects/miniproject-api/src/test/resources/features/register.feature
19:46:28.676 [main] INFO  -- 
  _____   ___   ___   _____     ___   _____     _     ___   _____   ___   ___  
 |_   _| | __| / __| |_   _|   / __| |_   _|   /_\   | _ \ |_   _| | __| |   \ 
   | |   | _|  \__ \   | |     \__ \   | |    / _ \  |   /   | |   | _|  | |) |
   |_|   |___| |___/   |_|     |___/   |_|   /_/ \_\ |_|_\   |_|   |___| |___/ 

POST - As a user I success to create account with valid data(as-user-i-want-to-create-account-so-that-i-can-login-and-see-home-page;post---as-a-user-i-success-to-create-account-with-valid-data)
--------------------------------------------------------------------------------
19:46:28.721 [main] DEBUG net.thucydides.core.steps.StepInterceptor -- STARTING STEP: UserSteps.userSetEndpointForRegister - user set endpoint for register
19:46:28.722 [main] DEBUG net.thucydides.core.steps.StepInterceptor -- STEP DONE: user set endpoint for register
  &amp#27;[32mGiven &amp#27;[0m&amp#27;[32muser set endpoint for register&amp#27;[0m                                 &amp#27;[90m# starter.stepdefinitions.UserSteps.userSetEndpointForRegister()&amp#27;[0m
19:46:28.728 [main] DEBUG net.thucydides.core.steps.StepInterceptor -- STARTING STEP: UserSteps.userSendCreateAccountWithValidData - user send create account with valid data
19:46:28.903 [main] DEBUG net.thucydides.core.steps.StepInterceptor -- STARTING STEP: Authentication_Register_Post.userSendCreateAccountWithValidData - user set endpoint for register
19:46:28.903 [main] DEBUG net.thucydides.core.steps.StepInterceptor -- STEP DONE: user set endpoint for register
19:46:28.914 [main] DEBUG org.apache.http.impl.conn.BasicClientConnectionManager -- Get connection for route {s}->https://altashop-api.fly.dev:443
19:46:28.914 [main] DEBUG org.apache.http.impl.conn.DefaultClientConnectionOperator -- Connecting to altashop-api.fly.dev:443
19:46:28.962 [main] DEBUG org.apache.http.client.protocol.RequestAddCookies -- CookieSpec selected: ignoreCookies
19:46:28.963 [main] DEBUG org.apache.http.client.protocol.RequestAuthCache -- Auth cache not set in the context
19:46:28.963 [main] DEBUG org.apache.http.client.protocol.RequestTargetAuthentication -- Target auth state: UNCHALLENGED
19:46:28.963 [main] DEBUG org.apache.http.client.protocol.RequestProxyAuthentication -- Proxy auth state: UNCHALLENGED
19:46:28.963 [main] DEBUG org.apache.http.impl.client.DefaultHttpClient -- Attempt 1 to execute request
19:46:28.963 [main] DEBUG org.apache.http.impl.conn.DefaultClientConnection -- Sending request: POST /api/auth/register HTTP/1.1
19:46:28.963 [main] DEBUG org.apache.http.wire --  >> "POST /api/auth/register HTTP/1.1[\r][\n]"
19:46:28.963 [main] DEBUG org.apache.http.wire --  >> "Accept: */*[\r][\n]"
19:46:28.963 [main] DEBUG org.apache.http.wire --  >> "Content-Type: application/json[\r][\n]"
19:46:28.963 [main] DEBUG org.apache.http.wire --  >> "Content-Length: 104[\r][\n]"
19:46:28.963 [main] DEBUG org.apache.http.wire --  >> "Host: altashop-api.fly.dev[\r][\n]"
19:46:28.963 [main] DEBUG org.apache.http.wire --  >> "Connection: Keep-Alive[\r][\n]"
19:46:28.963 [main] DEBUG org.apache.http.wire --  >> "User-Agent: Apache-HttpClient/4.5.13 (Java/19.0.2)[\r][\n]"
19:46:28.963 [main] DEBUG org.apache.http.wire --  >> "Accept-Encoding: gzip,deflate[\r][\n]"
19:46:28.963 [main] DEBUG org.apache.http.wire --  >> "[\r][\n]"
19:46:28.963 [main] DEBUG org.apache.http.headers -- >> POST /api/auth/register HTTP/1.1
19:46:28.963 [main] DEBUG org.apache.http.headers -- >> Accept: */*
19:46:28.963 [main] DEBUG org.apache.http.headers -- >> Content-Type: application/json
19:46:28.963 [main] DEBUG org.apache.http.headers -- >> Content-Length: 104
19:46:28.963 [main] DEBUG org.apache.http.headers -- >> Host: altashop-api.fly.dev
19:46:28.963 [main] DEBUG org.apache.http.headers -- >> Connection: Keep-Alive
19:46:28.963 [main] DEBUG org.apache.http.headers -- >> User-Agent: Apache-HttpClient/4.5.13 (Java/19.0.2)
19:46:28.963 [main] DEBUG org.apache.http.headers -- >> Accept-Encoding: gzip,deflate
19:46:28.963 [main] DEBUG org.apache.http.wire --  >> "{"password":"akbarrizkyfahrurozy","fullname":"Akbar Rizky Fahrurozy","email":"shandra.crooks@gmail.com"}"
19:46:28.986 [main] DEBUG org.apache.http.wire --  << "HTTP/1.1 200 OK[\r][\n]"
19:46:28.986 [main] DEBUG org.apache.http.wire --  << "content-type: application/json[\r][\n]"
19:46:28.986 [main] DEBUG org.apache.http.wire --  << "date: Wed, 03 May 2023 12:46:57 GMT[\r][\n]"
19:46:28.986 [main] DEBUG org.apache.http.wire --  << "content-encoding: gzip[\r][\n]"
19:46:28.986 [main] DEBUG org.apache.http.wire --  << "transfer-encoding: chunked[\r][\n]"
19:46:28.986 [main] DEBUG org.apache.http.wire --  << "server: Fly/199ec4d3 (2023-04-25)[\r][\n]"
19:46:28.986 [main] DEBUG org.apache.http.wire --  << "via: 1.1 fly.io[\r][\n]"
19:46:28.986 [main] DEBUG org.apache.http.wire --  << "fly-request-id: 01GZGTDJS31Y4B3Y2J0AYFJ61W-sin[\r][\n]"
19:46:28.986 [main] DEBUG org.apache.http.wire --  << "[\r][\n]"
19:46:28.986 [main] DEBUG org.apache.http.impl.conn.DefaultClientConnection -- Receiving response: HTTP/1.1 200 OK
19:46:28.986 [main] DEBUG org.apache.http.headers -- << HTTP/1.1 200 OK
19:46:28.986 [main] DEBUG org.apache.http.headers -- << content-type: application/json
19:46:28.986 [main] DEBUG org.apache.http.headers -- << date: Wed, 03 May 2023 12:46:57 GMT
19:46:28.986 [main] DEBUG org.apache.http.headers -- << content-encoding: gzip
19:46:28.986 [main] DEBUG org.apache.http.headers -- << transfer-encoding: chunked
19:46:28.986 [main] DEBUG org.apache.http.headers -- << server: Fly/199ec4d3 (2023-04-25)
19:46:28.986 [main] DEBUG org.apache.http.headers -- << via: 1.1 fly.io
19:46:28.986 [main] DEBUG org.apache.http.headers -- << fly-request-id: 01GZGTDJS31Y4B3Y2J0AYFJ61W-sin
19:46:28.987 [main] DEBUG org.apache.http.impl.client.DefaultHttpClient -- Connection can be kept alive indefinitely
19:46:28.988 [main] DEBUG io.restassured.internal.RestAssuredHttpBuilder -- Parsing response as: application/json
19:46:28.988 [main] DEBUG org.apache.http.wire --  << "84[\r][\n]"
19:46:28.988 [main] DEBUG org.apache.http.wire --  << "[0x1f][0x8b][0x8][0x0][0x0][0x0][0x0][0x0][0x4][0xff][0xab]VJI,IT[0xb2][0xaa]V[0xf2]tQ[0xb2]24354[0xd7]Qr+[0xcd][0xc9][0xc9]K[0xcc]MU[0xb2]Rr[0xcc]NJ,R[0x8][0xca][0xac][0xca][0xae]TpK[0xcc](*-[0xca][0xaf][0xaa]T[0xd2]Qr[0xcd]M[0xcc][0xcc]Q[0xb2]R*[0xce]H[0xcc]K)J[0xd4]K.[0xca][0xcf][0xcf].vH[0x7][0x9][0xeb]%[0xe7][0xe7]*[0xe9]([0x5]$[0x16][0x17][0x97][0xe7][0x17][0xa5](Y)%[0x82]L)[0x2][0x19][0x92][0x6]7[0xa3][0xb6][0x96][0xb][0x0][0xf5][0x89]cJ}[0x0][0x0][0x0]"
19:46:28.988 [main] DEBUG org.apache.http.wire --  << "[\r][\n]"
19:46:28.988 [main] DEBUG org.apache.http.wire --  << "0[\r][\n]"
19:46:28.988 [main] DEBUG org.apache.http.wire --  << "[\r][\n]"
19:46:28.988 [main] DEBUG io.restassured.internal.RestAssuredHttpBuilder -- Parsed data to instance of: class org.apache.http.conn.EofSensorInputStream
19:46:28.989 [main] DEBUG org.apache.http.impl.conn.BasicClientConnectionManager -- Releasing connection org.apache.http.impl.conn.ManagedClientConnectionImpl@6e591c03
19:46:28.989 [main] DEBUG org.apache.http.impl.conn.BasicClientConnectionManager -- Connection can be kept alive indefinitely
19:46:28.990 [main] DEBUG net.thucydides.core.steps.StepInterceptor -- STEP DONE: user send create account with valid data
  &amp#27;[32mWhen &amp#27;[0m&amp#27;[32muser send create account with valid data&amp#27;[0m                        &amp#27;[90m# starter.stepdefinitions.UserSteps.userSendCreateAccountWithValidData()&amp#27;[0m
19:46:28.993 [main] DEBUG net.thucydides.core.steps.StepInterceptor -- STARTING STEP: UserSteps.userSeeStatusCodeAfterSendRegister - user see status code 200 after send register
19:46:28.994 [main] DEBUG net.thucydides.core.steps.StepInterceptor -- STEP DONE: user see status code 200 after send register
  &amp#27;[32mThen &amp#27;[0m&amp#27;[32muser see status code 200 after send register&amp#27;[0m                    &amp#27;[90m# starter.stepdefinitions.UserSteps.userSeeStatusCodeAfterSendRegister()&amp#27;[0m
19:46:28.996 [main] DEBUG net.thucydides.core.steps.StepInterceptor -- STARTING STEP: UserSteps.userSeeNewDetailAccount - user see new detail account
19:46:28.998 [main] DEBUG net.thucydides.core.steps.StepInterceptor -- STEP DONE: user see new detail account
  &amp#27;[32mAnd &amp#27;[0m&amp#27;[32muser see new detail account&amp#27;[0m                                      &amp#27;[90m# starter.stepdefinitions.UserSteps.userSeeNewDetailAccount()&amp#27;[0m
19:46:29.000 [main] INFO  -- 
  _____   ___   ___   _____     ___     _     ___   ___   ___   ___  
 |_   _| | __| / __| |_   _|   | _ \   /_\   / __| / __| | __| |   \ 
   | |   | _|  \__ \   | |     |  _/  / _ \  \__ \ \__ \ | _|  | |) |
   |_|   |___| |___/   |_|     |_|   /_/ \_\ |___/ |___/ |___| |___/ 

POST - As a user I success to create account with valid data
----------------------------------------------------------------------
]]></system-out>
  </testcase>
  <testcase name="POST - As a user I failed to create account with empty password" classname="As user i want to create account So that i can login and see home page" time="0.145">
    <system-out><![CDATA[
@Register @register-invalid
Scenario: POST - As a user I failed to create account with empty password &amp#27;[90m# src/test/resources/features/register.feature:11&amp#27;[0m
19:46:29.003 [main] DEBUG io.cucumber.core.plugin.SerenityReporter -- Running feature from file:///C:/Users/Admin/IdeaProjects/miniproject-api/src/test/resources/features/register.feature
19:46:29.005 [main] INFO  -- 
  _____   ___   ___   _____     ___   _____     _     ___   _____   ___   ___  
 |_   _| | __| / __| |_   _|   / __| |_   _|   /_\   | _ \ |_   _| | __| |   \ 
   | |   | _|  \__ \   | |     \__ \   | |    / _ \  |   /   | |   | _|  | |) |
   |_|   |___| |___/   |_|     |___/   |_|   /_/ \_\ |_|_\   |_|   |___| |___/ 

POST - As a user I failed to create account with empty password(as-user-i-want-to-create-account-so-that-i-can-login-and-see-home-page;post---as-a-user-i-failed-to-create-account-with-empty-password)
--------------------------------------------------------------------------------
19:46:29.021 [main] DEBUG net.thucydides.core.steps.StepInterceptor -- STARTING STEP: UserSteps.userSetEndpointForRegister - user set endpoint for register
19:46:29.021 [main] DEBUG net.thucydides.core.steps.StepInterceptor -- STEP DONE: user set endpoint for register
  &amp#27;[32mGiven &amp#27;[0m&amp#27;[32muser set endpoint for register&amp#27;[0m                                    &amp#27;[90m# starter.stepdefinitions.UserSteps.userSetEndpointForRegister()&amp#27;[0m
19:46:29.024 [main] DEBUG net.thucydides.core.steps.StepInterceptor -- STARTING STEP: UserSteps.userSendPOSTHTTPRequestWithEmptyPasswordDataRegister - user send POST HTTP request with empty password data register
19:46:29.036 [Finalizer] DEBUG org.apache.http.impl.conn.DefaultClientConnection -- Connection 0.0.0.0:58044<->149.248.193.56:443 closed
19:46:29.036 [Finalizer] DEBUG org.apache.http.impl.conn.DefaultClientConnection -- Connection 0.0.0.0:58043<->149.248.193.56:443 closed
19:46:29.036 [Finalizer] DEBUG org.apache.http.impl.conn.DefaultClientConnection -- Connection 0.0.0.0:58040<->149.248.193.56:443 closed
19:46:29.038 [Finalizer] DEBUG org.apache.http.impl.conn.DefaultClientConnection -- Connection 0.0.0.0:58047<->149.248.193.56:443 closed
19:46:29.038 [Finalizer] DEBUG org.apache.http.impl.conn.DefaultClientConnection -- Connection 0.0.0.0:58046<->149.248.193.56:443 closed
19:46:29.038 [Finalizer] DEBUG org.apache.http.impl.conn.DefaultClientConnection -- Connection 0.0.0.0:58045<->149.248.193.56:443 closed
19:46:29.053 [main] DEBUG net.thucydides.core.steps.StepInterceptor -- STARTING STEP: Authentication_Register_Post.userSendPOSTHTTPRequestWithEmptyPasswordDataRegister - user set endpoint for register
19:46:29.053 [main] DEBUG net.thucydides.core.steps.StepInterceptor -- STEP DONE: user set endpoint for register
19:46:29.072 [main] DEBUG org.apache.http.impl.conn.BasicClientConnectionManager -- Get connection for route {s}->https://altashop-api.fly.dev:443
19:46:29.072 [main] DEBUG org.apache.http.impl.conn.DefaultClientConnectionOperator -- Connecting to altashop-api.fly.dev:443
19:46:29.116 [main] DEBUG org.apache.http.client.protocol.RequestAddCookies -- CookieSpec selected: ignoreCookies
19:46:29.116 [main] DEBUG org.apache.http.client.protocol.RequestAuthCache -- Auth cache not set in the context
19:46:29.116 [main] DEBUG org.apache.http.client.protocol.RequestTargetAuthentication -- Target auth state: UNCHALLENGED
19:46:29.116 [main] DEBUG org.apache.http.client.protocol.RequestProxyAuthentication -- Proxy auth state: UNCHALLENGED
19:46:29.116 [main] DEBUG org.apache.http.impl.client.DefaultHttpClient -- Attempt 1 to execute request
19:46:29.116 [main] DEBUG org.apache.http.impl.conn.DefaultClientConnection -- Sending request: POST /api/auth/register HTTP/1.1
19:46:29.116 [main] DEBUG org.apache.http.wire --  >> "POST /api/auth/register HTTP/1.1[\r][\n]"
19:46:29.116 [main] DEBUG org.apache.http.wire --  >> "Accept: */*[\r][\n]"
19:46:29.116 [main] DEBUG org.apache.http.wire --  >> "Content-Type: application/json[\r][\n]"
19:46:29.116 [main] DEBUG org.apache.http.wire --  >> "Content-Length: 83[\r][\n]"
19:46:29.116 [main] DEBUG org.apache.http.wire --  >> "Host: altashop-api.fly.dev[\r][\n]"
19:46:29.116 [main] DEBUG org.apache.http.wire --  >> "Connection: Keep-Alive[\r][\n]"
19:46:29.116 [main] DEBUG org.apache.http.wire --  >> "User-Agent: Apache-HttpClient/4.5.13 (Java/19.0.2)[\r][\n]"
19:46:29.116 [main] DEBUG org.apache.http.wire --  >> "Accept-Encoding: gzip,deflate[\r][\n]"
19:46:29.116 [main] DEBUG org.apache.http.wire --  >> "[\r][\n]"
19:46:29.116 [main] DEBUG org.apache.http.headers -- >> POST /api/auth/register HTTP/1.1
19:46:29.116 [main] DEBUG org.apache.http.headers -- >> Accept: */*
19:46:29.116 [main] DEBUG org.apache.http.headers -- >> Content-Type: application/json
19:46:29.116 [main] DEBUG org.apache.http.headers -- >> Content-Length: 83
19:46:29.116 [main] DEBUG org.apache.http.headers -- >> Host: altashop-api.fly.dev
19:46:29.116 [main] DEBUG org.apache.http.headers -- >> Connection: Keep-Alive
19:46:29.116 [main] DEBUG org.apache.http.headers -- >> User-Agent: Apache-HttpClient/4.5.13 (Java/19.0.2)
19:46:29.116 [main] DEBUG org.apache.http.headers -- >> Accept-Encoding: gzip,deflate
19:46:29.116 [main] DEBUG org.apache.http.wire --  >> "{"password":"","fullname":"Akbar Rizky Fahrurozy","email":"una.reichert@yahoo.com"}"
19:46:29.137 [main] DEBUG org.apache.http.wire --  << "HTTP/1.1 400 Bad Request[\r][\n]"
19:46:29.137 [main] DEBUG org.apache.http.wire --  << "content-type: application/json[\r][\n]"
19:46:29.137 [main] DEBUG org.apache.http.wire --  << "date: Wed, 03 May 2023 12:46:57 GMT[\r][\n]"
19:46:29.137 [main] DEBUG org.apache.http.wire --  << "content-encoding: gzip[\r][\n]"
19:46:29.137 [main] DEBUG org.apache.http.wire --  << "transfer-encoding: chunked[\r][\n]"
19:46:29.137 [main] DEBUG org.apache.http.wire --  << "server: Fly/199ec4d3 (2023-04-25)[\r][\n]"
19:46:29.137 [main] DEBUG org.apache.http.wire --  << "via: 1.1 fly.io[\r][\n]"
19:46:29.137 [main] DEBUG org.apache.http.wire --  << "fly-request-id: 01GZGTDJXWSMHJ4KR2WEGGCKKZ-sin[\r][\n]"
19:46:29.137 [main] DEBUG org.apache.http.wire --  << "[\r][\n]"
19:46:29.138 [main] DEBUG org.apache.http.impl.conn.DefaultClientConnection -- Receiving response: HTTP/1.1 400 Bad Request
19:46:29.138 [main] DEBUG org.apache.http.headers -- << HTTP/1.1 400 Bad Request
19:46:29.138 [main] DEBUG org.apache.http.headers -- << content-type: application/json
19:46:29.138 [main] DEBUG org.apache.http.headers -- << date: Wed, 03 May 2023 12:46:57 GMT
19:46:29.138 [main] DEBUG org.apache.http.headers -- << content-encoding: gzip
19:46:29.138 [main] DEBUG org.apache.http.headers -- << transfer-encoding: chunked
19:46:29.138 [main] DEBUG org.apache.http.headers -- << server: Fly/199ec4d3 (2023-04-25)
19:46:29.138 [main] DEBUG org.apache.http.headers -- << via: 1.1 fly.io
19:46:29.138 [main] DEBUG org.apache.http.headers -- << fly-request-id: 01GZGTDJXWSMHJ4KR2WEGGCKKZ-sin
19:46:29.138 [main] DEBUG org.apache.http.impl.client.DefaultHttpClient -- Connection can be kept alive indefinitely
19:46:29.138 [main] DEBUG io.restassured.internal.RestAssuredHttpBuilder -- Parsing response as: application/json
19:46:29.138 [main] DEBUG org.apache.http.wire --  << "35[\r][\n]"
19:46:29.138 [main] DEBUG org.apache.http.wire --  << "[0x1f][0x8b][0x8][0x0][0x0][0x0][0x0][0x0][0x4][0xff][0xab]VJ-*[0xca]/R[0xb2]R*H,..[0xcf]/JQ[0xc8],V(J-,[0xcd],JMQ[0xaa][0xe5][0x2][0x0][0xb9][0x8f][0xe5][0xe0]![0x0][0x0][0x0]"
19:46:29.138 [main] DEBUG org.apache.http.wire --  << "[\r][\n]"
19:46:29.138 [main] DEBUG org.apache.http.wire --  << "0[\r][\n]"
19:46:29.138 [main] DEBUG org.apache.http.wire --  << "[\r][\n]"
19:46:29.138 [main] DEBUG io.restassured.internal.RestAssuredHttpBuilder -- Parsed data to instance of: class org.apache.http.conn.EofSensorInputStream
19:46:29.139 [main] DEBUG org.apache.http.impl.conn.BasicClientConnectionManager -- Releasing connection org.apache.http.impl.conn.ManagedClientConnectionImpl@6c90063f
19:46:29.139 [main] DEBUG org.apache.http.impl.conn.BasicClientConnectionManager -- Connection can be kept alive indefinitely
19:46:29.139 [main] DEBUG net.thucydides.core.steps.StepInterceptor -- STEP DONE: user send POST HTTP request with empty password data register
  &amp#27;[32mWhen &amp#27;[0m&amp#27;[32muser send POST HTTP request with empty password data register&amp#27;[0m      &amp#27;[90m# starter.stepdefinitions.UserSteps.userSendPOSTHTTPRequestWithEmptyPasswordDataRegister()&amp#27;[0m
19:46:29.142 [main] DEBUG net.thucydides.core.steps.StepInterceptor -- STARTING STEP: UserSteps.userSeeStatusCodeAndFailToCreateAccount - user see status code 400 and fail to create account
19:46:29.142 [main] DEBUG net.thucydides.core.steps.StepInterceptor -- STEP DONE: user see status code 400 and fail to create account
  &amp#27;[32mThen &amp#27;[0m&amp#27;[32muser see status code 400 and fail to create account&amp#27;[0m                &amp#27;[90m# starter.stepdefinitions.UserSteps.userSeeStatusCodeAndFailToCreateAccount()&amp#27;[0m
19:46:29.144 [main] INFO  -- 
  _____   ___   ___   _____     ___     _     ___   ___   ___   ___  
 |_   _| | __| / __| |_   _|   | _ \   /_\   / __| / __| | __| |   \ 
   | |   | _|  \__ \   | |     |  _/  / _ \  \__ \ \__ \ | _|  | |) |
   |_|   |___| |___/   |_|     |_|   /_/ \_\ |___/ |___/ |___| |___/ 

POST - As a user I failed to create account with empty password
----------------------------------------------------------------------
]]></system-out>
  </testcase>
</testsuite>